{"uid":"4f8d3f5eec99fff9","name":"checkGoogleLogoIsDisplayed","fullName":"Google_Test.checkGoogleLogoIsDisplayed","historyId":"46b6a9b94884151aa82d3d26359dec4c","time":{"start":1656182170427,"stop":1656182198433,"duration":28006},"status":"failed","statusMessage":"Identify unique element failed \"zero elements found matching this locator \"By.xpath: //img[@alt='Google']\".\".","statusTrace":"java.lang.AssertionError: Identify unique element failed \"zero elements found matching this locator \"By.xpath: //img[@alt='Google']\".\".\n\tat org.testng.Assert.fail(Assert.java:110)\n\tat com.shaft.gui.element.WebDriverElementActions.failAction(WebDriverElementActions.java:1488)\n\tat com.shaft.gui.element.WebDriverElementActions.failAction(WebDriverElementActions.java:1317)\n\tat com.shaft.gui.element.WebDriverElementActions.identifyUniqueElement(WebDriverElementActions.java:1559)\n\tat com.shaft.gui.element.WebDriverElementActions.identifyUniqueElementIgnoringVisibility(WebDriverElementActions.java:1337)\n\tat com.shaft.gui.element.WebDriverElementActions.isElementDisplayed(WebDriverElementActions.java:838)\n\tat com.shaft.gui.element.ElementActions.isElementDisplayed(ElementActions.java:419)\n\tat pages.Google_Page.isGoogleLogoDisplayed(Google_Page.java:80)\n\tat Google_Test.checkGoogleLogoIsDisplayed(Google_Test.java:79)\n\tat java.base/jdk.internal.reflect.NativeMethodAccessorImpl.invoke0(Native Method)\n\tat java.base/jdk.internal.reflect.NativeMethodAccessorImpl.invoke(NativeMethodAccessorImpl.java:77)\n\tat java.base/jdk.internal.reflect.DelegatingMethodAccessorImpl.invoke(DelegatingMethodAccessorImpl.java:43)\n\tat java.base/java.lang.reflect.Method.invoke(Method.java:568)\n\tat org.testng.internal.invokers.MethodInvocationHelper.invokeMethod(MethodInvocationHelper.java:139)\n\tat org.testng.internal.invokers.TestInvoker.invokeMethod(TestInvoker.java:677)\n\tat org.testng.internal.invokers.TestInvoker.invokeTestMethod(TestInvoker.java:221)\n\tat org.testng.internal.invokers.MethodRunner.runInSequence(MethodRunner.java:50)\n\tat org.testng.internal.invokers.TestInvoker$MethodInvocationAgent.invoke(TestInvoker.java:962)\n\tat org.testng.internal.invokers.TestInvoker.invokeTestMethods(TestInvoker.java:194)\n\tat org.testng.internal.invokers.TestMethodWorker.invokeTestMethods(TestMethodWorker.java:148)\n\tat org.testng.internal.invokers.TestMethodWorker.run(TestMethodWorker.java:128)\n\tat java.base/java.util.ArrayList.forEach(ArrayList.java:1511)\n\tat org.testng.TestRunner.privateRun(TestRunner.java:806)\n\tat org.testng.TestRunner.run(TestRunner.java:601)\n\tat org.testng.SuiteRunner.runTest(SuiteRunner.java:433)\n\tat org.testng.SuiteRunner.runSequentially(SuiteRunner.java:427)\n\tat org.testng.SuiteRunner.privateRun(SuiteRunner.java:387)\n\tat org.testng.SuiteRunner.run(SuiteRunner.java:330)\n\tat org.testng.SuiteRunnerWorker.runSuite(SuiteRunnerWorker.java:52)\n\tat org.testng.SuiteRunnerWorker.run(SuiteRunnerWorker.java:95)\n\tat org.testng.TestNG.runSuitesSequentially(TestNG.java:1256)\n\tat org.testng.TestNG.runSuitesLocally(TestNG.java:1176)\n\tat org.testng.TestNG.runSuites(TestNG.java:1099)\n\tat org.testng.TestNG.run(TestNG.java:1067)\n\tat org.apache.maven.surefire.testng.TestNGExecutor.run(TestNGExecutor.java:151)\n\tat org.apache.maven.surefire.testng.TestNGDirectoryTestSuite.executeSingleClass(TestNGDirectoryTestSuite.java:111)\n\tat org.apache.maven.surefire.testng.TestNGDirectoryTestSuite.execute(TestNGDirectoryTestSuite.java:98)\n\tat org.apache.maven.surefire.testng.TestNGProvider.invoke(TestNGProvider.java:155)\n\tat org.apache.maven.surefire.booter.ForkedBooter.runSuitesInProcess(ForkedBooter.java:456)\n\tat org.apache.maven.surefire.booter.ForkedBooter.execute(ForkedBooter.java:169)\n\tat org.apache.maven.surefire.booter.ForkedBooter.run(ForkedBooter.java:595)\n\tat org.apache.maven.surefire.booter.ForkedBooter.main(ForkedBooter.java:581)\n","flaky":false,"newFailed":false,"newBroken":false,"newPassed":false,"retriesCount":0,"retriesStatusChange":false,"beforeStages":[{"name":"setupActivities","time":{"start":1656182161747,"stop":1656182162519,"duration":772},"description":"","status":"passed","steps":[{"name":"Folder \"extent-reports\" was not found, it may have already been deleted.","time":{"start":1656182161872,"stop":1656182161873,"duration":1},"status":"passed","steps":[],"attachments":[],"parameters":[{"name":"logText","value":"Folder \"extent-reports\" was not found, it may have already been deleted."}],"attachmentsCount":0,"shouldDisplayMessage":false,"hasContent":true,"stepsCount":0}],"attachments":[{"uid":"e0e8ceb24e651bed","name":"SHAFT Links - Important","source":"e0e8ceb24e651bed.uri","type":"text/uri-list","size":334},{"uid":"aef7de0707432357","name":"Properties - ExecutionPlatform","source":"aef7de0707432357.properties","type":"text/plain","size":419},{"uid":"65479ad70113530","name":"Properties - cucumber","source":"65479ad70113530.properties","type":"text/plain","size":1316},{"uid":"bd8e1e00e0548ecb","name":"Properties - tinkey","source":"bd8e1e00e0548ecb.properties","type":"text/plain","size":1579},{"uid":"432efc37627853ea","name":"Properties - Reporting","source":"432efc37627853ea.properties","type":"text/plain","size":614},{"uid":"749c79ff8e37b8af","name":"Properties - MobileCapabilities","source":"749c79ff8e37b8af.properties","type":"text/plain","size":470},{"uid":"58196cbbbee36c12","name":"Properties - healenium","source":"58196cbbbee36c12.properties","type":"text/plain","size":115},{"uid":"eecfb068d84643ce","name":"Properties - VisualValidations","source":"eecfb068d84643ce.properties","type":"text/plain","size":711},{"uid":"62eedaa6fb726eb3","name":"Properties - JiraXRay","source":"62eedaa6fb726eb3.properties","type":"text/plain","size":793},{"uid":"c75c059429994d87","name":"Properties - browserStack","source":"c75c059429994d87.properties","type":"text/plain","size":1606},{"uid":"acc2aca615bc5f02","name":"Properties - pattern","source":"acc2aca615bc5f02.properties","type":"text/plain","size":566},{"uid":"c5fbcf0fde2d04f2","name":"Properties - path","source":"c5fbcf0fde2d04f2.properties","type":"text/plain","size":687},{"uid":"351b42494816b644","name":"Properties - testNG","source":"351b42494816b644.properties","type":"text/plain","size":492},{"uid":"b011b292c3770cbb","name":"Properties - PlatformFlags","source":"b011b292c3770cbb.properties","type":"text/plain","size":765},{"uid":"ee133508bb95f49","name":"Properties - Timeouts","source":"ee133508bb95f49.properties","type":"text/plain","size":722},{"uid":"2f4dc2288816a6e6","name":"Properties - project","source":"2f4dc2288816a6e6.properties","type":"text/plain","size":370},{"uid":"ff841d61166e96a9","name":"Properties - video","source":"ff841d61166e96a9.properties","type":"text/plain","size":763}],"parameters":[],"attachmentsCount":17,"shouldDisplayMessage":false,"hasContent":true,"stepsCount":1},{"name":"getTestData","time":{"start":1656182162697,"stop":1656182162701,"duration":4},"description":"","status":"passed","steps":[{"name":"Loaded Test Data: \"src/test/resources/testDataFiles/google_testData/google.json\".","time":{"start":1656182162700,"stop":1656182162701,"duration":1},"status":"passed","steps":[],"attachments":[{"uid":"29b76c6962006841","name":"Test Data - JSON","source":"29b76c6962006841.json","type":"text/json","size":147}],"parameters":[{"name":"logText","value":"Loaded Test Data: \"src/test/resources/testDataFiles/google_testData/google.json\"."},{"name":"attachments","value":"[[Test Data, JSON, java.io.FileInputStream@1894fa9f]]"}],"attachmentsCount":1,"shouldDisplayMessage":false,"hasContent":true,"stepsCount":0}],"attachments":[],"parameters":[],"attachmentsCount":1,"shouldDisplayMessage":false,"hasContent":true,"stepsCount":1},{"name":"setUp_BeforeMethods","time":{"start":1656182169633,"stop":1656182170421,"duration":788},"description":"","status":"passed","steps":[{"name":"Attempting to run remotely on: \"Linux-64 | GoogleChrome | http://localhost:4444/wd/hub\", Headless Execution.","time":{"start":1656182169634,"stop":1656182169635,"duration":1},"status":"passed","steps":[],"attachments":[],"parameters":[{"name":"logText","value":"Attempting to run remotely on: \"Linux-64 | GoogleChrome | http://localhost:4444/wd/hub\", Headless Execution."}],"attachmentsCount":0,"shouldDisplayMessage":false,"hasContent":true,"stepsCount":0},{"name":"Successfully Opened \"GoogleChrome\".","time":{"start":1656182170295,"stop":1656182170295,"duration":0},"status":"passed","steps":[],"attachments":[],"parameters":[{"name":"logText","value":"Successfully Opened \"GoogleChrome\"."}],"attachmentsCount":0,"shouldDisplayMessage":false,"hasContent":true,"stepsCount":0}],"attachments":[],"parameters":[],"attachmentsCount":0,"shouldDisplayMessage":false,"hasContent":true,"stepsCount":2}],"testStage":{"status":"failed","statusMessage":"Identify unique element failed \"zero elements found matching this locator \"By.xpath: //img[@alt='Google']\".\".","statusTrace":"java.lang.AssertionError: Identify unique element failed \"zero elements found matching this locator \"By.xpath: //img[@alt='Google']\".\".\n\tat org.testng.Assert.fail(Assert.java:110)\n\tat com.shaft.gui.element.WebDriverElementActions.failAction(WebDriverElementActions.java:1488)\n\tat com.shaft.gui.element.WebDriverElementActions.failAction(WebDriverElementActions.java:1317)\n\tat com.shaft.gui.element.WebDriverElementActions.identifyUniqueElement(WebDriverElementActions.java:1559)\n\tat com.shaft.gui.element.WebDriverElementActions.identifyUniqueElementIgnoringVisibility(WebDriverElementActions.java:1337)\n\tat com.shaft.gui.element.WebDriverElementActions.isElementDisplayed(WebDriverElementActions.java:838)\n\tat com.shaft.gui.element.ElementActions.isElementDisplayed(ElementActions.java:419)\n\tat pages.Google_Page.isGoogleLogoDisplayed(Google_Page.java:80)\n\tat Google_Test.checkGoogleLogoIsDisplayed(Google_Test.java:79)\n\tat java.base/jdk.internal.reflect.NativeMethodAccessorImpl.invoke0(Native Method)\n\tat java.base/jdk.internal.reflect.NativeMethodAccessorImpl.invoke(NativeMethodAccessorImpl.java:77)\n\tat java.base/jdk.internal.reflect.DelegatingMethodAccessorImpl.invoke(DelegatingMethodAccessorImpl.java:43)\n\tat java.base/java.lang.reflect.Method.invoke(Method.java:568)\n\tat org.testng.internal.invokers.MethodInvocationHelper.invokeMethod(MethodInvocationHelper.java:139)\n\tat org.testng.internal.invokers.TestInvoker.invokeMethod(TestInvoker.java:677)\n\tat org.testng.internal.invokers.TestInvoker.invokeTestMethod(TestInvoker.java:221)\n\tat org.testng.internal.invokers.MethodRunner.runInSequence(MethodRunner.java:50)\n\tat org.testng.internal.invokers.TestInvoker$MethodInvocationAgent.invoke(TestInvoker.java:962)\n\tat org.testng.internal.invokers.TestInvoker.invokeTestMethods(TestInvoker.java:194)\n\tat org.testng.internal.invokers.TestMethodWorker.invokeTestMethods(TestMethodWorker.java:148)\n\tat org.testng.internal.invokers.TestMethodWorker.run(TestMethodWorker.java:128)\n\tat java.base/java.util.ArrayList.forEach(ArrayList.java:1511)\n\tat org.testng.TestRunner.privateRun(TestRunner.java:806)\n\tat org.testng.TestRunner.run(TestRunner.java:601)\n\tat org.testng.SuiteRunner.runTest(SuiteRunner.java:433)\n\tat org.testng.SuiteRunner.runSequentially(SuiteRunner.java:427)\n\tat org.testng.SuiteRunner.privateRun(SuiteRunner.java:387)\n\tat org.testng.SuiteRunner.run(SuiteRunner.java:330)\n\tat org.testng.SuiteRunnerWorker.runSuite(SuiteRunnerWorker.java:52)\n\tat org.testng.SuiteRunnerWorker.run(SuiteRunnerWorker.java:95)\n\tat org.testng.TestNG.runSuitesSequentially(TestNG.java:1256)\n\tat org.testng.TestNG.runSuitesLocally(TestNG.java:1176)\n\tat org.testng.TestNG.runSuites(TestNG.java:1099)\n\tat org.testng.TestNG.run(TestNG.java:1067)\n\tat org.apache.maven.surefire.testng.TestNGExecutor.run(TestNGExecutor.java:151)\n\tat org.apache.maven.surefire.testng.TestNGDirectoryTestSuite.executeSingleClass(TestNGDirectoryTestSuite.java:111)\n\tat org.apache.maven.surefire.testng.TestNGDirectoryTestSuite.execute(TestNGDirectoryTestSuite.java:98)\n\tat org.apache.maven.surefire.testng.TestNGProvider.invoke(TestNGProvider.java:155)\n\tat org.apache.maven.surefire.booter.ForkedBooter.runSuitesInProcess(ForkedBooter.java:456)\n\tat org.apache.maven.surefire.booter.ForkedBooter.execute(ForkedBooter.java:169)\n\tat org.apache.maven.surefire.booter.ForkedBooter.run(ForkedBooter.java:595)\n\tat org.apache.maven.surefire.booter.ForkedBooter.main(ForkedBooter.java:581)\n","steps":[{"name":"Navigate to Home Page","time":{"start":1656182170427,"stop":1656182171851,"duration":1424},"status":"passed","steps":[{"name":"Navigate to url \"https://www.google.com/\".","time":{"start":1656182171851,"stop":1656182171851,"duration":0},"status":"passed","steps":[],"attachments":[],"parameters":[{"name":"logText","value":"Navigate to url \"https://www.google.com/\"."},{"name":"attachments","value":"[[]]"}],"attachmentsCount":0,"shouldDisplayMessage":false,"hasContent":true,"stepsCount":0}],"attachments":[],"parameters":[],"attachmentsCount":0,"shouldDisplayMessage":false,"hasContent":true,"stepsCount":1},{"name":"Check logo is displayed?","time":{"start":1656182172135,"stop":1656182198428,"duration":26293},"status":"failed","statusMessage":"Identify unique element failed \"zero elements found matching this locator \"By.xpath: //img[@alt='Google']\".\".","statusTrace":"java.lang.AssertionError: Identify unique element failed \"zero elements found matching this locator \"By.xpath: //img[@alt='Google']\".\".\n\tat org.testng.Assert.fail(Assert.java:110)\n\tat com.shaft.gui.element.WebDriverElementActions.failAction(WebDriverElementActions.java:1488)\n\tat com.shaft.gui.element.WebDriverElementActions.failAction(WebDriverElementActions.java:1317)\n\tat com.shaft.gui.element.WebDriverElementActions.identifyUniqueElement(WebDriverElementActions.java:1559)\n\tat com.shaft.gui.element.WebDriverElementActions.identifyUniqueElementIgnoringVisibility(WebDriverElementActions.java:1337)\n\tat com.shaft.gui.element.WebDriverElementActions.isElementDisplayed(WebDriverElementActions.java:838)\n\tat com.shaft.gui.element.ElementActions.isElementDisplayed(ElementActions.java:419)\n\tat pages.Google_Page.isGoogleLogoDisplayed(Google_Page.java:80)\n\tat Google_Test.checkGoogleLogoIsDisplayed(Google_Test.java:79)\n\tat java.base/jdk.internal.reflect.NativeMethodAccessorImpl.invoke0(Native Method)\n\tat java.base/jdk.internal.reflect.NativeMethodAccessorImpl.invoke(NativeMethodAccessorImpl.java:77)\n\tat java.base/jdk.internal.reflect.DelegatingMethodAccessorImpl.invoke(DelegatingMethodAccessorImpl.java:43)\n\tat java.base/java.lang.reflect.Method.invoke(Method.java:568)\n\tat org.testng.internal.invokers.MethodInvocationHelper.invokeMethod(MethodInvocationHelper.java:139)\n\tat org.testng.internal.invokers.TestInvoker.invokeMethod(TestInvoker.java:677)\n\tat org.testng.internal.invokers.TestInvoker.invokeTestMethod(TestInvoker.java:221)\n\tat org.testng.internal.invokers.MethodRunner.runInSequence(MethodRunner.java:50)\n\tat org.testng.internal.invokers.TestInvoker$MethodInvocationAgent.invoke(TestInvoker.java:962)\n\tat org.testng.internal.invokers.TestInvoker.invokeTestMethods(TestInvoker.java:194)\n\tat org.testng.internal.invokers.TestMethodWorker.invokeTestMethods(TestMethodWorker.java:148)\n\tat org.testng.internal.invokers.TestMethodWorker.run(TestMethodWorker.java:128)\n\tat java.base/java.util.ArrayList.forEach(ArrayList.java:1511)\n\tat org.testng.TestRunner.privateRun(TestRunner.java:806)\n\tat org.testng.TestRunner.run(TestRunner.java:601)\n\tat org.testng.SuiteRunner.runTest(SuiteRunner.java:433)\n\tat org.testng.SuiteRunner.runSequentially(SuiteRunner.java:427)\n\tat org.testng.SuiteRunner.privateRun(SuiteRunner.java:387)\n\tat org.testng.SuiteRunner.run(SuiteRunner.java:330)\n\tat org.testng.SuiteRunnerWorker.runSuite(SuiteRunnerWorker.java:52)\n\tat org.testng.SuiteRunnerWorker.run(SuiteRunnerWorker.java:95)\n\tat org.testng.TestNG.runSuitesSequentially(TestNG.java:1256)\n\tat org.testng.TestNG.runSuitesLocally(TestNG.java:1176)\n\tat org.testng.TestNG.runSuites(TestNG.java:1099)\n\tat org.testng.TestNG.run(TestNG.java:1067)\n\tat org.apache.maven.surefire.testng.TestNGExecutor.run(TestNGExecutor.java:151)\n\tat org.apache.maven.surefire.testng.TestNGDirectoryTestSuite.executeSingleClass(TestNGDirectoryTestSuite.java:111)\n\tat org.apache.maven.surefire.testng.TestNGDirectoryTestSuite.execute(TestNGDirectoryTestSuite.java:98)\n\tat org.apache.maven.surefire.testng.TestNGProvider.invoke(TestNGProvider.java:155)\n\tat org.apache.maven.surefire.booter.ForkedBooter.runSuitesInProcess(ForkedBooter.java:456)\n\tat org.apache.maven.surefire.booter.ForkedBooter.execute(ForkedBooter.java:169)\n\tat org.apache.maven.surefire.booter.ForkedBooter.run(ForkedBooter.java:595)\n\tat org.apache.maven.surefire.booter.ForkedBooter.main(ForkedBooter.java:581)\n","steps":[{"name":"Identify unique element failed \"zero elements found matching this locator \"By.xpath: //img[@alt='Google']\".\".","time":{"start":1656182198398,"stop":1656182198424,"duration":26},"status":"passed","steps":[],"attachments":[{"uid":"5a9e273a12b4a4a4","name":"Screenshot - 1656182197978_checkGoogleLogoIsDisplayed_Identify unique element_failed","source":"5a9e273a12b4a4a4.png","type":"image/png","size":220025}],"parameters":[{"name":"logText","value":"Identify unique element failed \"zero elements found matching this locator \"By.xpath: //img[@alt='Google']\".\"."},{"name":"attachments","value":"[[Screenshot, 1656182197978_checkGoogleLogoIsDisplayed_Identify unique element_failed, java.io.ByteArrayInputStream@3df7e309]]"}],"attachmentsCount":1,"shouldDisplayMessage":false,"hasContent":true,"stepsCount":0}],"attachments":[],"parameters":[{"name":"logoName","value":"googleLogo"}],"attachmentsCount":1,"shouldDisplayMessage":true,"hasContent":true,"stepsCount":1}],"attachments":[{"uid":"95ffed4852096384","name":"SHAFT Engine Logs - Current Method log: checkGoogleLogoIsDisplayed","source":"95ffed4852096384.txt","type":"text/plain","size":10612}],"parameters":[],"attachmentsCount":2,"shouldDisplayMessage":false,"hasContent":true,"stepsCount":4},"afterStages":[{"name":"teardownActivities","time":{"start":1656182388656,"stop":1656182390073,"duration":1417},"description":"","status":"passed","steps":[{"name":"Successfully Closed All Drivers.","time":{"start":1656182389614,"stop":1656182389615,"duration":1},"status":"passed","steps":[],"attachments":[],"parameters":[{"name":"logText","value":"Successfully Closed All Drivers."}],"attachmentsCount":0,"shouldDisplayMessage":false,"hasContent":true,"stepsCount":0},{"name":"Issue Summary: Total Issues = 2, New issues for Failed Tests = 1, Open issues for Passed Tests = 1, Open issues for Failed Tests = 0. Kindly check the attached Issue details.","time":{"start":1656182389621,"stop":1656182389621,"duration":0},"status":"passed","steps":[],"attachments":[{"uid":"6da99cf9c41e6e3f","name":"SHAFT Engine Logs - Issues log CSV: 20220625-183949","source":"6da99cf9c41e6e3f.csv","type":"text/csv","size":225}],"parameters":[{"name":"logText","value":"Issue Summary: Total Issues = 2, New issues for Failed Tests = 1, Open issues for Passed Tests = 1, Open issues for Failed Tests = 0. Kindly check the attached Issue details."},{"name":"attachments","value":"[[SHAFT Engine Logs, Issues log CSV: 20220625-183949, java.io.ByteArrayInputStream@696e9e14]]"}],"attachmentsCount":1,"shouldDisplayMessage":false,"hasContent":true,"stepsCount":0}],"attachments":[{"uid":"3213a5f1dae142e3","name":"SHAFT Engine Logs - Execution log: 20220625-183949","source":"3213a5f1dae142e3.txt","type":"text/plain","size":24761},{"uid":"4e461fd1bbfcd0a2","name":"HTML - Extent Emailable Execution Report","source":"4e461fd1bbfcd0a2.html","type":"text/html","size":895040}],"parameters":[],"attachmentsCount":3,"shouldDisplayMessage":false,"hasContent":true,"stepsCount":2}],"labels":[{"name":"package","value":"Google_Test"},{"name":"testClass","value":"Google_Test"},{"name":"testMethod","value":"checkGoogleLogoIsDisplayed"},{"name":"parentSuite","value":"Suite"},{"name":"suite","value":"Test"},{"name":"subSuite","value":"Google_Test"},{"name":"host","value":"fv-az284-586"},{"name":"thread","value":"3356@fv-az284-586.main(1)"},{"name":"framework","value":"testng"},{"name":"language","value":"java"},{"name":"severity","value":"critical"},{"name":"resultFormat","value":"allure2"}],"parameters":[],"links":[{"name":"Tc_002","url":"https:///Tc_002","type":"tms"},{"name":"https://www.google.com/ncr","url":"https://www.google.com/ncr","type":"custom"}],"hidden":false,"retry":false,"extra":{"severity":"critical","retries":[],"categories":[{"name":"Product defects","matchedStatuses":[],"flaky":false}],"history":{"statistic":{"failed":2,"broken":0,"skipped":0,"passed":0,"unknown":0,"total":2},"items":[{"uid":"cd4aefdb2d9583d5","reportUrl":"https://ismail-elshafeiy.github.io/TestAutomation_Tasks_using_SHAFT_ENGINE/allure/1//#testresult/cd4aefdb2d9583d5","status":"failed","statusDetails":"Identify unique element failed \"zero elements found matching this locator \"By.xpath: //img[@alt='Google']\".\".","time":{"start":1656179515601,"stop":1656179543989,"duration":28388}}]},"tags":[]},"source":"4f8d3f5eec99fff9.json","parameterValues":[]}