{"uid":"db23163e960a0db0","name":"searchForSecondResultAndOpen","fullName":"Google_Test.searchForSecondResultAndOpen","historyId":"5fe2bb35b3f1c9b52ccb249fe1875279","time":{"start":1656355630735,"stop":1656355630736,"duration":1},"status":"skipped","statusMessage":"Driver Factory Action \"createNewRemoteDriverInstance\" failed. With the following test data \"Unhandled Error.\".","statusTrace":"java.lang.AssertionError: Driver Factory Action \"createNewRemoteDriverInstance\" failed. With the following test data \"Unhandled Error.\".\n\tat org.testng.Assert.fail(Assert.java:98)\n\tat com.shaft.driver.DriverFactoryHelper.failAction(DriverFactoryHelper.java:305)\n\tat com.shaft.driver.DriverFactoryHelper.createNewRemoteDriverInstance(DriverFactoryHelper.java:654)\n\tat com.shaft.driver.DriverFactoryHelper.getDriver(DriverFactoryHelper.java:823)\n\tat com.shaft.driver.DriverFactoryHelper.getDriver(DriverFactoryHelper.java:139)\n\tat com.shaft.driver.DriverFactory.getDriver(DriverFactory.java:30)\n\tat Google_Test.setUp_BeforeMethods(Google_Test.java:38)\n\tat java.base/jdk.internal.reflect.NativeMethodAccessorImpl.invoke0(Native Method)\n\tat java.base/jdk.internal.reflect.NativeMethodAccessorImpl.invoke(NativeMethodAccessorImpl.java:77)\n\tat java.base/jdk.internal.reflect.DelegatingMethodAccessorImpl.invoke(DelegatingMethodAccessorImpl.java:43)\n\tat java.base/java.lang.reflect.Method.invoke(Method.java:568)\n\tat org.testng.internal.invokers.MethodInvocationHelper.invokeMethod(MethodInvocationHelper.java:139)\n\tat org.testng.internal.invokers.MethodInvocationHelper.invokeMethodConsideringTimeout(MethodInvocationHelper.java:69)\n\tat org.testng.internal.invokers.ConfigInvoker.invokeConfigurationMethod(ConfigInvoker.java:361)\n\tat org.testng.internal.invokers.ConfigInvoker.invokeConfigurations(ConfigInvoker.java:296)\n\tat org.testng.internal.invokers.TestInvoker.runConfigMethods(TestInvoker.java:816)\n\tat org.testng.internal.invokers.TestInvoker.invokeMethod(TestInvoker.java:590)\n\tat org.testng.internal.invokers.TestInvoker.invokeTestMethod(TestInvoker.java:221)\n\tat org.testng.internal.invokers.MethodRunner.runInSequence(MethodRunner.java:50)\n\tat org.testng.internal.invokers.TestInvoker$MethodInvocationAgent.invoke(TestInvoker.java:962)\n\tat org.testng.internal.invokers.TestInvoker.invokeTestMethods(TestInvoker.java:194)\n\tat org.testng.internal.invokers.TestMethodWorker.invokeTestMethods(TestMethodWorker.java:148)\n\tat org.testng.internal.invokers.TestMethodWorker.run(TestMethodWorker.java:128)\n\tat java.base/java.util.ArrayList.forEach(ArrayList.java:1511)\n\tat org.testng.TestRunner.privateRun(TestRunner.java:806)\n\tat org.testng.TestRunner.run(TestRunner.java:601)\n\tat org.testng.SuiteRunner.runTest(SuiteRunner.java:433)\n\tat org.testng.SuiteRunner.runSequentially(SuiteRunner.java:427)\n\tat org.testng.SuiteRunner.privateRun(SuiteRunner.java:387)\n\tat org.testng.SuiteRunner.run(SuiteRunner.java:330)\n\tat org.testng.SuiteRunnerWorker.runSuite(SuiteRunnerWorker.java:52)\n\tat org.testng.SuiteRunnerWorker.run(SuiteRunnerWorker.java:95)\n\tat org.testng.TestNG.runSuitesSequentially(TestNG.java:1256)\n\tat org.testng.TestNG.runSuitesLocally(TestNG.java:1176)\n\tat org.testng.TestNG.runSuites(TestNG.java:1099)\n\tat org.testng.TestNG.run(TestNG.java:1067)\n\tat org.apache.maven.surefire.testng.TestNGExecutor.run(TestNGExecutor.java:151)\n\tat org.apache.maven.surefire.testng.TestNGDirectoryTestSuite.executeSingleClass(TestNGDirectoryTestSuite.java:111)\n\tat org.apache.maven.surefire.testng.TestNGDirectoryTestSuite.execute(TestNGDirectoryTestSuite.java:98)\n\tat org.apache.maven.surefire.testng.TestNGProvider.invoke(TestNGProvider.java:155)\n\tat org.apache.maven.surefire.booter.ForkedBooter.runSuitesInProcess(ForkedBooter.java:456)\n\tat org.apache.maven.surefire.booter.ForkedBooter.execute(ForkedBooter.java:169)\n\tat org.apache.maven.surefire.booter.ForkedBooter.run(ForkedBooter.java:595)\n\tat org.apache.maven.surefire.booter.ForkedBooter.main(ForkedBooter.java:581)\nCaused by: org.openqa.selenium.SessionNotCreatedException: Could not start a new session. Possible causes are invalid address of the remote server or browser start-up failure.\n\tat org.openqa.selenium.remote.RemoteWebDriver.execute(RemoteWebDriver.java:587)\n\tat org.openqa.selenium.remote.RemoteWebDriver.startSession(RemoteWebDriver.java:264)\n\tat org.openqa.selenium.remote.RemoteWebDriver.<init>(RemoteWebDriver.java:179)\n\tat org.openqa.selenium.remote.RemoteWebDriver.<init>(RemoteWebDriver.java:161)\n\tat com.shaft.driver.DriverFactoryHelper.setValueToRemoteDriverInstance(DriverFactoryHelper.java:674)\n\tat com.shaft.driver.DriverFactoryHelper.createNewRemoteDriverInstance(DriverFactoryHelper.java:640)\n\t... 41 more\nCaused by: org.openqa.selenium.TimeoutException: java.util.concurrent.TimeoutException\nBuild info: version: '4.3.0', revision: 'a4995e2c09*'\nSystem info: host: 'fv-az275-297', ip: '10.1.0.103', os.name: 'Linux', os.arch: 'amd64', os.version: '5.13.0-1031-azure', java.version: '17.0.3'\nDriver info: driver.version: RemoteWebDriver\n\tat org.openqa.selenium.remote.http.netty.NettyHttpHandler.makeCall(NettyHttpHandler.java:65)\n\tat org.openqa.selenium.remote.http.AddSeleniumUserAgent.lambda$apply$0(AddSeleniumUserAgent.java:42)\n\tat org.openqa.selenium.remote.http.Filter.lambda$andFinally$1(Filter.java:56)\n\tat org.openqa.selenium.remote.http.netty.NettyHttpHandler.execute(NettyHttpHandler.java:49)\n\tat org.openqa.selenium.remote.http.AddSeleniumUserAgent.lambda$apply$0(AddSeleniumUserAgent.java:42)\n\tat org.openqa.selenium.remote.http.Filter.lambda$andFinally$1(Filter.java:56)\n\tat org.openqa.selenium.remote.http.netty.NettyClient.execute(NettyClient.java:98)\n\tat org.openqa.selenium.remote.tracing.TracedHttpClient.execute(TracedHttpClient.java:55)\n\tat org.openqa.selenium.remote.ProtocolHandshake.createSession(ProtocolHandshake.java:120)\n\tat org.openqa.selenium.remote.ProtocolHandshake.createSession(ProtocolHandshake.java:102)\n\tat org.openqa.selenium.remote.ProtocolHandshake.createSession(ProtocolHandshake.java:67)\n\tat org.openqa.selenium.remote.HttpCommandExecutor.execute(HttpCommandExecutor.java:156)\n\tat org.openqa.selenium.remote.TracedCommandExecutor.execute(TracedCommandExecutor.java:51)\n\tat org.openqa.selenium.remote.RemoteWebDriver.execute(RemoteWebDriver.java:569)\n\t... 46 more\nCaused by: java.util.concurrent.TimeoutException\n\tat java.base/java.util.concurrent.CompletableFuture.timedGet(CompletableFuture.java:1960)\n\tat java.base/java.util.concurrent.CompletableFuture.get(CompletableFuture.java:2095)\n\tat org.asynchttpclient.netty.NettyResponseFuture.get(NettyResponseFuture.java:206)\n\tat org.openqa.selenium.remote.http.netty.NettyHttpHandler.makeCall(NettyHttpHandler.java:59)\n\t... 59 more\n","flaky":false,"newFailed":false,"newBroken":false,"newPassed":false,"retriesCount":0,"retriesStatusChange":false,"beforeStages":[{"name":"setupActivities","time":{"start":1656355430636,"stop":1656355431457,"duration":821},"description":"","status":"passed","steps":[{"name":"Folder \"extent-reports\" was not found, it may have already been deleted.","time":{"start":1656355430761,"stop":1656355430766,"duration":5},"status":"passed","steps":[],"attachments":[],"parameters":[{"name":"logText","value":"Folder \"extent-reports\" was not found, it may have already been deleted."}],"stepsCount":0,"attachmentsCount":0,"shouldDisplayMessage":false,"hasContent":true}],"attachments":[{"uid":"11814010a287f410","name":"SHAFT Links - Important","source":"11814010a287f410.uri","type":"text/uri-list","size":334},{"uid":"fbd4a492d9a29c4","name":"Properties - ExecutionPlatform","source":"fbd4a492d9a29c4.properties","type":"text/plain","size":419},{"uid":"921b4a966fd73f86","name":"Properties - cucumber","source":"921b4a966fd73f86.properties","type":"text/plain","size":1316},{"uid":"574813c3cf016a1f","name":"Properties - tinkey","source":"574813c3cf016a1f.properties","type":"text/plain","size":1579},{"uid":"dd990499ea338276","name":"Properties - Reporting","source":"dd990499ea338276.properties","type":"text/plain","size":614},{"uid":"2ef9a536715a6ce5","name":"Properties - MobileCapabilities","source":"2ef9a536715a6ce5.properties","type":"text/plain","size":470},{"uid":"e293406b69f4283d","name":"Properties - healenium","source":"e293406b69f4283d.properties","type":"text/plain","size":115},{"uid":"b7d536a54584063e","name":"Properties - VisualValidations","source":"b7d536a54584063e.properties","type":"text/plain","size":711},{"uid":"baef66a3b49cbe7e","name":"Properties - JiraXRay","source":"baef66a3b49cbe7e.properties","type":"text/plain","size":793},{"uid":"db795dd041e1252","name":"Properties - browserStack","source":"db795dd041e1252.properties","type":"text/plain","size":1606},{"uid":"35b29020b81b3178","name":"Properties - pattern","source":"35b29020b81b3178.properties","type":"text/plain","size":566},{"uid":"ebcec11e4cda6c96","name":"Properties - path","source":"ebcec11e4cda6c96.properties","type":"text/plain","size":687},{"uid":"768ea3452f215dc7","name":"Properties - testNG","source":"768ea3452f215dc7.properties","type":"text/plain","size":492},{"uid":"30150778e2d32640","name":"Properties - PlatformFlags","source":"30150778e2d32640.properties","type":"text/plain","size":765},{"uid":"f57d1fbae51c9694","name":"Properties - Timeouts","source":"f57d1fbae51c9694.properties","type":"text/plain","size":722},{"uid":"968b9ecc9246fa00","name":"Properties - project","source":"968b9ecc9246fa00.properties","type":"text/plain","size":370},{"uid":"73a1c3273d6cd62","name":"Properties - video","source":"73a1c3273d6cd62.properties","type":"text/plain","size":763}],"parameters":[],"stepsCount":1,"attachmentsCount":17,"shouldDisplayMessage":false,"hasContent":true},{"name":"getTestData","time":{"start":1656355431624,"stop":1656355431629,"duration":5},"description":"","status":"passed","steps":[{"name":"Loaded Test Data: \"src/test/resources/testDataFiles/google_testData/google.json\".","time":{"start":1656355431627,"stop":1656355431629,"duration":2},"status":"passed","steps":[],"attachments":[{"uid":"f4a036379a0f80fe","name":"Test Data - JSON","source":"f4a036379a0f80fe.json","type":"text/json","size":147}],"parameters":[{"name":"logText","value":"Loaded Test Data: \"src/test/resources/testDataFiles/google_testData/google.json\"."},{"name":"attachments","value":"[[Test Data, JSON, java.io.FileInputStream@7a572ea0]]"}],"stepsCount":0,"attachmentsCount":1,"shouldDisplayMessage":false,"hasContent":true}],"attachments":[],"parameters":[],"stepsCount":1,"attachmentsCount":1,"shouldDisplayMessage":false,"hasContent":true},{"name":"setUp_BeforeMethods","time":{"start":1656355630732,"stop":1656355630732,"duration":0},"description":"","status":"broken","steps":[],"attachments":[],"parameters":[],"stepsCount":0,"attachmentsCount":0,"shouldDisplayMessage":false,"hasContent":false}],"testStage":{"status":"skipped","statusMessage":"Driver Factory Action \"createNewRemoteDriverInstance\" failed. With the following test data \"Unhandled Error.\".","statusTrace":"java.lang.AssertionError: Driver Factory Action \"createNewRemoteDriverInstance\" failed. With the following test data \"Unhandled Error.\".\n\tat org.testng.Assert.fail(Assert.java:98)\n\tat com.shaft.driver.DriverFactoryHelper.failAction(DriverFactoryHelper.java:305)\n\tat com.shaft.driver.DriverFactoryHelper.createNewRemoteDriverInstance(DriverFactoryHelper.java:654)\n\tat com.shaft.driver.DriverFactoryHelper.getDriver(DriverFactoryHelper.java:823)\n\tat com.shaft.driver.DriverFactoryHelper.getDriver(DriverFactoryHelper.java:139)\n\tat com.shaft.driver.DriverFactory.getDriver(DriverFactory.java:30)\n\tat Google_Test.setUp_BeforeMethods(Google_Test.java:38)\n\tat java.base/jdk.internal.reflect.NativeMethodAccessorImpl.invoke0(Native Method)\n\tat java.base/jdk.internal.reflect.NativeMethodAccessorImpl.invoke(NativeMethodAccessorImpl.java:77)\n\tat java.base/jdk.internal.reflect.DelegatingMethodAccessorImpl.invoke(DelegatingMethodAccessorImpl.java:43)\n\tat java.base/java.lang.reflect.Method.invoke(Method.java:568)\n\tat org.testng.internal.invokers.MethodInvocationHelper.invokeMethod(MethodInvocationHelper.java:139)\n\tat org.testng.internal.invokers.MethodInvocationHelper.invokeMethodConsideringTimeout(MethodInvocationHelper.java:69)\n\tat org.testng.internal.invokers.ConfigInvoker.invokeConfigurationMethod(ConfigInvoker.java:361)\n\tat org.testng.internal.invokers.ConfigInvoker.invokeConfigurations(ConfigInvoker.java:296)\n\tat org.testng.internal.invokers.TestInvoker.runConfigMethods(TestInvoker.java:816)\n\tat org.testng.internal.invokers.TestInvoker.invokeMethod(TestInvoker.java:590)\n\tat org.testng.internal.invokers.TestInvoker.invokeTestMethod(TestInvoker.java:221)\n\tat org.testng.internal.invokers.MethodRunner.runInSequence(MethodRunner.java:50)\n\tat org.testng.internal.invokers.TestInvoker$MethodInvocationAgent.invoke(TestInvoker.java:962)\n\tat org.testng.internal.invokers.TestInvoker.invokeTestMethods(TestInvoker.java:194)\n\tat org.testng.internal.invokers.TestMethodWorker.invokeTestMethods(TestMethodWorker.java:148)\n\tat org.testng.internal.invokers.TestMethodWorker.run(TestMethodWorker.java:128)\n\tat java.base/java.util.ArrayList.forEach(ArrayList.java:1511)\n\tat org.testng.TestRunner.privateRun(TestRunner.java:806)\n\tat org.testng.TestRunner.run(TestRunner.java:601)\n\tat org.testng.SuiteRunner.runTest(SuiteRunner.java:433)\n\tat org.testng.SuiteRunner.runSequentially(SuiteRunner.java:427)\n\tat org.testng.SuiteRunner.privateRun(SuiteRunner.java:387)\n\tat org.testng.SuiteRunner.run(SuiteRunner.java:330)\n\tat org.testng.SuiteRunnerWorker.runSuite(SuiteRunnerWorker.java:52)\n\tat org.testng.SuiteRunnerWorker.run(SuiteRunnerWorker.java:95)\n\tat org.testng.TestNG.runSuitesSequentially(TestNG.java:1256)\n\tat org.testng.TestNG.runSuitesLocally(TestNG.java:1176)\n\tat org.testng.TestNG.runSuites(TestNG.java:1099)\n\tat org.testng.TestNG.run(TestNG.java:1067)\n\tat org.apache.maven.surefire.testng.TestNGExecutor.run(TestNGExecutor.java:151)\n\tat org.apache.maven.surefire.testng.TestNGDirectoryTestSuite.executeSingleClass(TestNGDirectoryTestSuite.java:111)\n\tat org.apache.maven.surefire.testng.TestNGDirectoryTestSuite.execute(TestNGDirectoryTestSuite.java:98)\n\tat org.apache.maven.surefire.testng.TestNGProvider.invoke(TestNGProvider.java:155)\n\tat org.apache.maven.surefire.booter.ForkedBooter.runSuitesInProcess(ForkedBooter.java:456)\n\tat org.apache.maven.surefire.booter.ForkedBooter.execute(ForkedBooter.java:169)\n\tat org.apache.maven.surefire.booter.ForkedBooter.run(ForkedBooter.java:595)\n\tat org.apache.maven.surefire.booter.ForkedBooter.main(ForkedBooter.java:581)\nCaused by: org.openqa.selenium.SessionNotCreatedException: Could not start a new session. Possible causes are invalid address of the remote server or browser start-up failure.\n\tat org.openqa.selenium.remote.RemoteWebDriver.execute(RemoteWebDriver.java:587)\n\tat org.openqa.selenium.remote.RemoteWebDriver.startSession(RemoteWebDriver.java:264)\n\tat org.openqa.selenium.remote.RemoteWebDriver.<init>(RemoteWebDriver.java:179)\n\tat org.openqa.selenium.remote.RemoteWebDriver.<init>(RemoteWebDriver.java:161)\n\tat com.shaft.driver.DriverFactoryHelper.setValueToRemoteDriverInstance(DriverFactoryHelper.java:674)\n\tat com.shaft.driver.DriverFactoryHelper.createNewRemoteDriverInstance(DriverFactoryHelper.java:640)\n\t... 41 more\nCaused by: org.openqa.selenium.TimeoutException: java.util.concurrent.TimeoutException\nBuild info: version: '4.3.0', revision: 'a4995e2c09*'\nSystem info: host: 'fv-az275-297', ip: '10.1.0.103', os.name: 'Linux', os.arch: 'amd64', os.version: '5.13.0-1031-azure', java.version: '17.0.3'\nDriver info: driver.version: RemoteWebDriver\n\tat org.openqa.selenium.remote.http.netty.NettyHttpHandler.makeCall(NettyHttpHandler.java:65)\n\tat org.openqa.selenium.remote.http.AddSeleniumUserAgent.lambda$apply$0(AddSeleniumUserAgent.java:42)\n\tat org.openqa.selenium.remote.http.Filter.lambda$andFinally$1(Filter.java:56)\n\tat org.openqa.selenium.remote.http.netty.NettyHttpHandler.execute(NettyHttpHandler.java:49)\n\tat org.openqa.selenium.remote.http.AddSeleniumUserAgent.lambda$apply$0(AddSeleniumUserAgent.java:42)\n\tat org.openqa.selenium.remote.http.Filter.lambda$andFinally$1(Filter.java:56)\n\tat org.openqa.selenium.remote.http.netty.NettyClient.execute(NettyClient.java:98)\n\tat org.openqa.selenium.remote.tracing.TracedHttpClient.execute(TracedHttpClient.java:55)\n\tat org.openqa.selenium.remote.ProtocolHandshake.createSession(ProtocolHandshake.java:120)\n\tat org.openqa.selenium.remote.ProtocolHandshake.createSession(ProtocolHandshake.java:102)\n\tat org.openqa.selenium.remote.ProtocolHandshake.createSession(ProtocolHandshake.java:67)\n\tat org.openqa.selenium.remote.HttpCommandExecutor.execute(HttpCommandExecutor.java:156)\n\tat org.openqa.selenium.remote.TracedCommandExecutor.execute(TracedCommandExecutor.java:51)\n\tat org.openqa.selenium.remote.RemoteWebDriver.execute(RemoteWebDriver.java:569)\n\t... 46 more\nCaused by: java.util.concurrent.TimeoutException\n\tat java.base/java.util.concurrent.CompletableFuture.timedGet(CompletableFuture.java:1960)\n\tat java.base/java.util.concurrent.CompletableFuture.get(CompletableFuture.java:2095)\n\tat org.asynchttpclient.netty.NettyResponseFuture.get(NettyResponseFuture.java:206)\n\tat org.openqa.selenium.remote.http.netty.NettyHttpHandler.makeCall(NettyHttpHandler.java:59)\n\t... 59 more\n","steps":[],"attachments":[{"uid":"b7dc1303c8ebe4a","name":"SHAFT Engine Logs - Current Method log: searchForSecondResultAndOpen","source":"b7dc1303c8ebe4a.txt","type":"text/plain","size":411}],"parameters":[],"stepsCount":0,"attachmentsCount":1,"shouldDisplayMessage":true,"hasContent":true},"afterStages":[{"name":"teardownActivities","time":{"start":1656355630765,"stop":1656355632005,"duration":1240},"description":"","status":"passed","steps":[{"name":"Successfully Closed All Drivers.","time":{"start":1656355631655,"stop":1656355631655,"duration":0},"status":"passed","steps":[],"attachments":[],"parameters":[{"name":"logText","value":"Successfully Closed All Drivers."}],"stepsCount":0,"attachmentsCount":0,"shouldDisplayMessage":false,"hasContent":true},{"name":"Issue Summary: Total Issues = 1, New issues for Failed Tests = 0, Open issues for Passed Tests = 1, Open issues for Failed Tests = 0. Kindly check the attached Issue details.","time":{"start":1656355631658,"stop":1656355631659,"duration":1},"status":"passed","steps":[],"attachments":[{"uid":"6cbe9e8e8274fd8a","name":"SHAFT Engine Logs - Issues log CSV: 20220627-184711","source":"6cbe9e8e8274fd8a.csv","type":"text/csv","size":110}],"parameters":[{"name":"logText","value":"Issue Summary: Total Issues = 1, New issues for Failed Tests = 0, Open issues for Passed Tests = 1, Open issues for Failed Tests = 0. Kindly check the attached Issue details."},{"name":"attachments","value":"[[SHAFT Engine Logs, Issues log CSV: 20220627-184711, java.io.ByteArrayInputStream@524a96f5]]"}],"stepsCount":0,"attachmentsCount":1,"shouldDisplayMessage":false,"hasContent":true}],"attachments":[{"uid":"d3c1a95391f74e4b","name":"SHAFT Engine Logs - Execution log: 20220627-184711","source":"d3c1a95391f74e4b.txt","type":"text/plain","size":14863},{"uid":"eab89386c23f2d88","name":"HTML - Extent Emailable Execution Report","source":"eab89386c23f2d88.html","type":"text/html","size":563302}],"parameters":[],"stepsCount":2,"attachmentsCount":3,"shouldDisplayMessage":false,"hasContent":true}],"labels":[{"name":"package","value":"Google_Test"},{"name":"testClass","value":"Google_Test"},{"name":"testMethod","value":"searchForSecondResultAndOpen"},{"name":"parentSuite","value":"Suite"},{"name":"suite","value":"Test"},{"name":"subSuite","value":"Google_Test"},{"name":"host","value":"fv-az275-297"},{"name":"thread","value":"3543@fv-az275-297.main(1)"},{"name":"framework","value":"testng"},{"name":"language","value":"java"},{"name":"severity","value":"critical"},{"name":"resultFormat","value":"allure2"}],"parameters":[],"links":[{"name":"Bug_005","url":"","type":"issue"},{"name":"Tc_005","url":"https:///Tc_005","type":"tms"},{"name":"https://www.google.com/ncr","url":"https://www.google.com/ncr","type":"custom"}],"hidden":false,"retry":false,"extra":{"severity":"critical","retries":[],"categories":[],"history":{"statistic":{"failed":0,"broken":0,"skipped":10,"passed":0,"unknown":0,"total":10},"items":[{"uid":"42b5f5c8f565e3e2","reportUrl":"https://ismail-elshafeiy.github.io/TestAutomation_Tasks_using_SHAFT_ENGINE/allure/9//#testresult/42b5f5c8f565e3e2","status":"skipped","statusDetails":"Driver Factory Action \"createNewRemoteDriverInstance\" failed. With the following test data \"Unhandled Error.\".","time":{"start":1656335274828,"stop":1656335274839,"duration":11}},{"uid":"bcc1627f5666080b","reportUrl":"https://ismail-elshafeiy.github.io/TestAutomation_Tasks_using_SHAFT_ENGINE/allure/8//#testresult/bcc1627f5666080b","status":"skipped","statusDetails":"Driver Factory Action \"createNewRemoteDriverInstance\" failed. With the following test data \"Unhandled Error.\".","time":{"start":1656312412787,"stop":1656312412792,"duration":5}},{"uid":"ce6d7dd3928af8f","reportUrl":"https://ismail-elshafeiy.github.io/TestAutomation_Tasks_using_SHAFT_ENGINE/allure/7//#testresult/ce6d7dd3928af8f","status":"skipped","statusDetails":"Driver Factory Action \"createNewRemoteDriverInstance\" failed. With the following test data \"Unhandled Error.\".","time":{"start":1656297444753,"stop":1656297444755,"duration":2}},{"uid":"d98beb961362baca","reportUrl":"https://ismail-elshafeiy.github.io/TestAutomation_Tasks_using_SHAFT_ENGINE/allure/6//#testresult/d98beb961362baca","status":"skipped","statusDetails":"Driver Factory Action \"createNewRemoteDriverInstance\" failed. With the following test data \"Unhandled Error.\".","time":{"start":1656268730176,"stop":1656268730178,"duration":2}},{"uid":"576cf8c362a8ce30","reportUrl":"https://ismail-elshafeiy.github.io/TestAutomation_Tasks_using_SHAFT_ENGINE/allure/5//#testresult/576cf8c362a8ce30","status":"skipped","statusDetails":"Driver Factory Action \"createNewRemoteDriverInstance\" failed. With the following test data \"Unhandled Error.\".","time":{"start":1656248007468,"stop":1656248007469,"duration":1}},{"uid":"93d67eb8ca8081bc","reportUrl":"https://ismail-elshafeiy.github.io/TestAutomation_Tasks_using_SHAFT_ENGINE/allure/4//#testresult/93d67eb8ca8081bc","status":"skipped","statusDetails":"Driver Factory Action \"createNewRemoteDriverInstance\" failed. With the following test data \"Unhandled Error.\".","time":{"start":1656225578156,"stop":1656225578159,"duration":3}},{"uid":"938223d6b46188f0","reportUrl":"https://ismail-elshafeiy.github.io/TestAutomation_Tasks_using_SHAFT_ENGINE/allure/3//#testresult/938223d6b46188f0","status":"skipped","statusDetails":"Driver Factory Action \"createNewRemoteDriverInstance\" failed. With the following test data \"Unhandled Error.\".","time":{"start":1656211493538,"stop":1656211493539,"duration":1}},{"uid":"6a9f53c02b20a456","reportUrl":"https://ismail-elshafeiy.github.io/TestAutomation_Tasks_using_SHAFT_ENGINE/allure/2//#testresult/6a9f53c02b20a456","status":"skipped","statusDetails":"Driver Factory Action \"createNewRemoteDriverInstance\" failed. With the following test data \"Unhandled Error.\".","time":{"start":1656182388625,"stop":1656182388626,"duration":1}},{"uid":"fb24c27fed62efed","reportUrl":"https://ismail-elshafeiy.github.io/TestAutomation_Tasks_using_SHAFT_ENGINE/allure/1//#testresult/fb24c27fed62efed","status":"skipped","statusDetails":"Driver Factory Action \"createNewRemoteDriverInstance\" failed. With the following test data \"Unhandled Error.\".","time":{"start":1656179735531,"stop":1656179735532,"duration":1}}]},"tags":[]},"source":"db23163e960a0db0.json","parameterValues":[]}