{"uid":"852d66627729f5fd","name":"searchForFourthResult","fullName":"Google_Test.searchForFourthResult","historyId":"430711a57f7f82a800764fc243f92fdc","time":{"start":1656913213279,"stop":1656913224657,"duration":11378},"description":"- Open Mozilla Firefox\n- Navigate to [https://www.google.com/]\n- Search for [TestNG]\n- Assert that the text of the fourth result is [TestNG Tutorial]\n- Close Mozilla Firefox\n","descriptionHtml":"<ul>\n<li>Open Mozilla Firefox</li>\n<li>Navigate to [https://www.google.com/]</li>\n<li>Search for [TestNG]</li>\n<li>Assert that the text of the fourth result is [TestNG Tutorial]</li>\n<li>Close Mozilla Firefox</li>\n</ul>\n","status":"broken","statusMessage":"Cannot invoke \"com.aventstack.extentreports.ExtentTest.fail(java.lang.Throwable)\" because \"com.shaft.tools.io.ReportManagerHelper.extentTest\" is null","statusTrace":"java.lang.NullPointerException: Cannot invoke \"com.aventstack.extentreports.ExtentTest.fail(java.lang.Throwable)\" because \"com.shaft.tools.io.ReportManagerHelper.extentTest\" is null\n\tat com.shaft.tools.io.ReportManagerHelper.extentReportsFail(ReportManagerHelper.java:469)\n\tat com.shaft.tools.listeners.InvokedMethodListener.updateIssuesLog(InvokedMethodListener.java:170)\n\tat com.shaft.tools.listeners.InvokedMethodListener.afterInvocation(InvokedMethodListener.java:143)\n\tat org.testng.internal.invokers.InvokedMethodListenerInvoker.invokeListener(InvokedMethodListenerInvoker.java:59)\n\tat org.testng.internal.invokers.BaseInvoker.runInvokedMethodListeners(BaseInvoker.java:67)\n\tat org.testng.internal.invokers.TestInvoker.invokeMethod(TestInvoker.java:729)\n\tat org.testng.internal.invokers.TestInvoker.invokeTestMethod(TestInvoker.java:221)\n\tat org.testng.internal.invokers.MethodRunner.runInSequence(MethodRunner.java:50)\n\tat org.testng.internal.invokers.TestInvoker$MethodInvocationAgent.invoke(TestInvoker.java:962)\n\tat org.testng.internal.invokers.TestInvoker.invokeTestMethods(TestInvoker.java:194)\n\tat org.testng.internal.invokers.TestMethodWorker.invokeTestMethods(TestMethodWorker.java:148)\n\tat org.testng.internal.invokers.TestMethodWorker.run(TestMethodWorker.java:128)\n\tat java.base/java.util.concurrent.ThreadPoolExecutor.runWorker(ThreadPoolExecutor.java:1136)\n\tat java.base/java.util.concurrent.ThreadPoolExecutor$Worker.run(ThreadPoolExecutor.java:635)\n\tat java.base/java.lang.Thread.run(Thread.java:833)\n","flaky":false,"newFailed":false,"newBroken":true,"newPassed":false,"retriesCount":0,"retriesStatusChange":false,"beforeStages":[{"name":"setupActivities","time":{"start":1656913207447,"stop":1656913208332,"duration":885},"description":"","status":"passed","steps":[{"name":"Folder \"extent-reports\" was not found, it may have already been deleted.","time":{"start":1656913207603,"stop":1656913207608,"duration":5},"status":"passed","steps":[],"attachments":[],"parameters":[{"name":"logText","value":"Folder \"extent-reports\" was not found, it may have already been deleted."}],"shouldDisplayMessage":false,"hasContent":true,"stepsCount":0,"attachmentsCount":0}],"attachments":[{"uid":"dc9b8b3df0d5d905","name":"SHAFT Links - Important","source":"dc9b8b3df0d5d905.uri","type":"text/uri-list","size":334},{"uid":"b0a8a8aecc3cb90c","name":"Properties - ExecutionPlatform","source":"b0a8a8aecc3cb90c.properties","type":"text/plain","size":574},{"uid":"384acfcd3500e5b5","name":"Properties - cucumber","source":"384acfcd3500e5b5.properties","type":"text/plain","size":1316},{"uid":"1a21fd5c0b059dd2","name":"Properties - tinkey","source":"1a21fd5c0b059dd2.properties","type":"text/plain","size":1579},{"uid":"6c39ccd0a4b15fcb","name":"Properties - Reporting","source":"6c39ccd0a4b15fcb.properties","type":"text/plain","size":616},{"uid":"1b4c1b4e9474156f","name":"Properties - MobileCapabilities","source":"1b4c1b4e9474156f.properties","type":"text/plain","size":470},{"uid":"85577f501ef3c924","name":"Properties - healenium","source":"85577f501ef3c924.properties","type":"text/plain","size":115},{"uid":"8df2523f71f73644","name":"Properties - VisualValidations","source":"8df2523f71f73644.properties","type":"text/plain","size":711},{"uid":"530dbc405269dc48","name":"Properties - JiraXRay","source":"530dbc405269dc48.properties","type":"text/plain","size":793},{"uid":"4b9230d9006de8d7","name":"Properties - browserStack","source":"4b9230d9006de8d7.properties","type":"text/plain","size":1606},{"uid":"dc48de8cdafbe447","name":"Properties - pattern","source":"dc48de8cdafbe447.properties","type":"text/plain","size":566},{"uid":"f49fd97026e8cc77","name":"Properties - path","source":"f49fd97026e8cc77.properties","type":"text/plain","size":687},{"uid":"2cf512205549a0ab","name":"Properties - testNG","source":"2cf512205549a0ab.properties","type":"text/plain","size":495},{"uid":"12249a71519fc3fb","name":"Properties - PlatformFlags","source":"12249a71519fc3fb.properties","type":"text/plain","size":765},{"uid":"2fa75aa2cc19fa1c","name":"Properties - Timeouts","source":"2fa75aa2cc19fa1c.properties","type":"text/plain","size":722},{"uid":"86ad386c77ad2851","name":"Properties - project","source":"86ad386c77ad2851.properties","type":"text/plain","size":299},{"uid":"73e9dd94a3f28f92","name":"Properties - video","source":"73e9dd94a3f28f92.properties","type":"text/plain","size":763}],"parameters":[],"shouldDisplayMessage":false,"hasContent":true,"stepsCount":1,"attachmentsCount":17},{"name":"setUp_BeforeMethods","time":{"start":1656913208418,"stop":1656913213267,"duration":4849},"description":"","status":"passed","steps":[{"name":"Loaded Test Data: \"src/test/resources/testDataFiles/google_testData/google.json\".","time":{"start":1656913208421,"stop":1656913208422,"duration":1},"status":"passed","steps":[],"attachments":[{"uid":"3e5ee13d307cd091","name":"Test Data - JSON","source":"3e5ee13d307cd091.json","type":"text/json","size":543}],"parameters":[{"name":"logText","value":"Loaded Test Data: \"src/test/resources/testDataFiles/google_testData/google.json\"."},{"name":"attachments","value":"[[Test Data, JSON, java.io.FileInputStream@519e26de]]"}],"shouldDisplayMessage":false,"hasContent":true,"stepsCount":0,"attachmentsCount":1},{"name":"Attempting to run remotely on: \"Linux-64 | GoogleChrome | http://localhost:4444/wd/hub\", Headless Execution.","time":{"start":1656913211469,"stop":1656913211469,"duration":0},"status":"passed","steps":[],"attachments":[],"parameters":[{"name":"logText","value":"Attempting to run remotely on: \"Linux-64 | GoogleChrome | http://localhost:4444/wd/hub\", Headless Execution."}],"shouldDisplayMessage":false,"hasContent":true,"stepsCount":0,"attachmentsCount":0},{"name":"Successfully Opened \"GoogleChrome\".","time":{"start":1656913213100,"stop":1656913213113,"duration":13},"status":"passed","steps":[],"attachments":[],"parameters":[{"name":"logText","value":"Successfully Opened \"GoogleChrome\"."}],"shouldDisplayMessage":false,"hasContent":true,"stepsCount":0,"attachmentsCount":0}],"attachments":[],"parameters":[],"shouldDisplayMessage":false,"hasContent":true,"stepsCount":3,"attachmentsCount":1}],"testStage":{"description":"- Open Mozilla Firefox\n- Navigate to [https://www.google.com/]\n- Search for [TestNG]\n- Assert that the text of the fourth result is [TestNG Tutorial]\n- Close Mozilla Firefox\n","status":"broken","statusMessage":"Cannot invoke \"com.aventstack.extentreports.ExtentTest.fail(java.lang.Throwable)\" because \"com.shaft.tools.io.ReportManagerHelper.extentTest\" is null","statusTrace":"java.lang.NullPointerException: Cannot invoke \"com.aventstack.extentreports.ExtentTest.fail(java.lang.Throwable)\" because \"com.shaft.tools.io.ReportManagerHelper.extentTest\" is null\n\tat com.shaft.tools.io.ReportManagerHelper.extentReportsFail(ReportManagerHelper.java:469)\n\tat com.shaft.tools.listeners.InvokedMethodListener.updateIssuesLog(InvokedMethodListener.java:170)\n\tat com.shaft.tools.listeners.InvokedMethodListener.afterInvocation(InvokedMethodListener.java:143)\n\tat org.testng.internal.invokers.InvokedMethodListenerInvoker.invokeListener(InvokedMethodListenerInvoker.java:59)\n\tat org.testng.internal.invokers.BaseInvoker.runInvokedMethodListeners(BaseInvoker.java:67)\n\tat org.testng.internal.invokers.TestInvoker.invokeMethod(TestInvoker.java:729)\n\tat org.testng.internal.invokers.TestInvoker.invokeTestMethod(TestInvoker.java:221)\n\tat org.testng.internal.invokers.MethodRunner.runInSequence(MethodRunner.java:50)\n\tat org.testng.internal.invokers.TestInvoker$MethodInvocationAgent.invoke(TestInvoker.java:962)\n\tat org.testng.internal.invokers.TestInvoker.invokeTestMethods(TestInvoker.java:194)\n\tat org.testng.internal.invokers.TestMethodWorker.invokeTestMethods(TestMethodWorker.java:148)\n\tat org.testng.internal.invokers.TestMethodWorker.run(TestMethodWorker.java:128)\n\tat java.base/java.util.concurrent.ThreadPoolExecutor.runWorker(ThreadPoolExecutor.java:1136)\n\tat java.base/java.util.concurrent.ThreadPoolExecutor$Worker.run(ThreadPoolExecutor.java:635)\n\tat java.base/java.lang.Thread.run(Thread.java:833)\n","steps":[{"name":"Navigate to Home Page","time":{"start":1656913214898,"stop":1656913220119,"duration":5221},"status":"passed","steps":[{"name":"Navigate to url \"https://www.google.com/ncr\".","time":{"start":1656913220119,"stop":1656913220119,"duration":0},"status":"passed","steps":[],"attachments":[],"parameters":[{"name":"logText","value":"Navigate to url \"https://www.google.com/ncr\"."},{"name":"attachments","value":"[[]]"}],"shouldDisplayMessage":false,"hasContent":true,"stepsCount":0,"attachmentsCount":0}],"attachments":[],"parameters":[],"shouldDisplayMessage":false,"hasContent":true,"stepsCount":1,"attachmentsCount":0},{"name":"Type failed \"Expected to type: \"TestNG\", but ended up with: \"Selenium WebDriver\"\".","time":{"start":1656913224652,"stop":1656913224653,"duration":1},"status":"passed","steps":[],"attachments":[{"uid":"73f2e7cec72f7d91","name":"Screenshot - 1656913224318_searchForFourthResult_Type_failed","source":"73f2e7cec72f7d91.png","type":"image/png","size":110471}],"parameters":[{"name":"logText","value":"Type failed \"Expected to type: \"TestNG\", but ended up with: \"Selenium WebDriver\"\"."},{"name":"attachments","value":"[[Screenshot, 1656913224318_searchForFourthResult_Type_failed, java.io.ByteArrayInputStream@96aa385]]"}],"shouldDisplayMessage":false,"hasContent":true,"stepsCount":0,"attachmentsCount":1}],"attachments":[{"uid":"beea75abb44589e0","name":"SHAFT Engine Logs - Current Method log: searchForFourthResult","source":"beea75abb44589e0.txt","type":"text/plain","size":2641}],"parameters":[],"shouldDisplayMessage":true,"hasContent":true,"stepsCount":3,"attachmentsCount":2},"afterStages":[{"name":"teardownActivities","time":{"start":1656913249890,"stop":1656913250953,"duration":1063},"description":"","status":"passed","steps":[{"name":"Successfully Closed All Drivers.","time":{"start":1656913250441,"stop":1656913250441,"duration":0},"status":"passed","steps":[],"attachments":[],"parameters":[{"name":"logText","value":"Successfully Closed All Drivers."}],"shouldDisplayMessage":false,"hasContent":true,"stepsCount":0,"attachmentsCount":0},{"name":"Issue Summary: Total Issues = 4, New issues for Failed Tests = 3, Open issues for Passed Tests = 0, Open issues for Failed Tests = 1. Kindly check the attached Issue details.","time":{"start":1656913250446,"stop":1656913250447,"duration":1},"status":"passed","steps":[],"attachments":[{"uid":"247942103a2025f","name":"SHAFT Engine Logs - Issues log CSV: 20220704-054050","source":"247942103a2025f.csv","type":"text/csv","size":428}],"parameters":[{"name":"logText","value":"Issue Summary: Total Issues = 4, New issues for Failed Tests = 3, Open issues for Passed Tests = 0, Open issues for Failed Tests = 1. Kindly check the attached Issue details."},{"name":"attachments","value":"[[SHAFT Engine Logs, Issues log CSV: 20220704-054050, java.io.ByteArrayInputStream@559991f5]]"}],"shouldDisplayMessage":false,"hasContent":true,"stepsCount":0,"attachmentsCount":1}],"attachments":[{"uid":"e685019db570ebcb","name":"Selenium WebDriver Logs - browser","source":"e685019db570ebcb.txt","type":"text/plain","size":855},{"uid":"db67a6e03868b9e0","name":"SHAFT Engine Logs - Execution log: 20220704-054050","source":"db67a6e03868b9e0.txt","type":"text/plain","size":28564},{"uid":"ae9fd9623147ee08","name":"HTML - Extent Emailable Execution Report","source":"ae9fd9623147ee08.html","type":"text/html","size":109205}],"parameters":[],"shouldDisplayMessage":false,"hasContent":true,"stepsCount":2,"attachmentsCount":4}],"labels":[{"name":"package","value":"Google_Test"},{"name":"testClass","value":"Google_Test"},{"name":"testMethod","value":"searchForFourthResult"},{"name":"parentSuite","value":"Suite"},{"name":"suite","value":"Test"},{"name":"subSuite","value":"Google_Test"},{"name":"host","value":"fv-az241-72"},{"name":"thread","value":"5204@fv-az241-72.TestNG-test=Test-4(21)"},{"name":"framework","value":"testng"},{"name":"language","value":"java"},{"name":"severity","value":"critical"},{"name":"resultFormat","value":"allure2"}],"parameters":[],"links":[{"name":"Tc_004","url":"https:///Tc_004","type":"tms"},{"name":"https://www.google.com/ncr","url":"https://www.google.com/ncr","type":"custom"}],"hidden":false,"retry":false,"extra":{"severity":"critical","retries":[],"categories":[{"name":"Test defects","matchedStatuses":[],"flaky":false}],"history":{"statistic":{"failed":1,"broken":1,"skipped":37,"passed":0,"unknown":0,"total":39},"items":[{"uid":"db5fe70326725957","reportUrl":"https://ismail-elshafeiy.github.io/TestAutomation_Tasks_using_SHAFT_ENGINE/allure/38//#testresult/db5fe70326725957","status":"failed","statusDetails":"Type failed \"Expected to type: \"TestNG\", but ended up with: \"Selenium WebDriver\"\".","time":{"start":1656909733498,"stop":1656909740889,"duration":7391}},{"uid":"dfe100b3e41771ca","reportUrl":"https://ismail-elshafeiy.github.io/TestAutomation_Tasks_using_SHAFT_ENGINE/allure/37//#testresult/dfe100b3e41771ca","status":"skipped","statusDetails":"Driver Factory Action \"createNewRemoteDriverInstance\" failed. With the following test data \"Unhandled Error.\".","time":{"start":1656902872597,"stop":1656902872600,"duration":3}},{"uid":"2ae4da2dc12483e0","reportUrl":"https://ismail-elshafeiy.github.io/TestAutomation_Tasks_using_SHAFT_ENGINE/allure/36//#testresult/2ae4da2dc12483e0","status":"skipped","statusDetails":"Driver Factory Action \"createNewRemoteDriverInstance\" failed. With the following test data \"Unhandled Error.\".","time":{"start":1656873448809,"stop":1656873448810,"duration":1}},{"uid":"ff1ca534c4c240f9","reportUrl":"https://ismail-elshafeiy.github.io/TestAutomation_Tasks_using_SHAFT_ENGINE/allure/35//#testresult/ff1ca534c4c240f9","status":"skipped","statusDetails":"Driver Factory Action \"createNewRemoteDriverInstance\" failed. With the following test data \"Unhandled Error.\".","time":{"start":1656852790108,"stop":1656852790110,"duration":2}},{"uid":"6784cb4712365f30","reportUrl":"https://ismail-elshafeiy.github.io/TestAutomation_Tasks_using_SHAFT_ENGINE/allure/34//#testresult/6784cb4712365f30","status":"skipped","statusDetails":"Driver Factory Action \"createNewRemoteDriverInstance\" failed. With the following test data \"Unhandled Error.\".","time":{"start":1656830389489,"stop":1656830389490,"duration":1}},{"uid":"2a07c8f6cf2f4fdc","reportUrl":"https://ismail-elshafeiy.github.io/TestAutomation_Tasks_using_SHAFT_ENGINE/allure/33//#testresult/2a07c8f6cf2f4fdc","status":"skipped","statusDetails":"Driver Factory Action \"createNewRemoteDriverInstance\" failed. With the following test data \"Unhandled Error.\".","time":{"start":1656816096290,"stop":1656816096292,"duration":2}},{"uid":"c3b953334b3bd223","reportUrl":"https://ismail-elshafeiy.github.io/TestAutomation_Tasks_using_SHAFT_ENGINE/allure/32//#testresult/c3b953334b3bd223","status":"skipped","statusDetails":"Driver Factory Action \"createNewRemoteDriverInstance\" failed. With the following test data \"Unhandled Error.\".","time":{"start":1656790767724,"stop":1656790767726,"duration":2}},{"uid":"f85b747cec34eeae","reportUrl":"https://ismail-elshafeiy.github.io/TestAutomation_Tasks_using_SHAFT_ENGINE/allure/31//#testresult/f85b747cec34eeae","status":"skipped","statusDetails":"Driver Factory Action \"createNewRemoteDriverInstance\" failed. With the following test data \"Unhandled Error.\".","time":{"start":1656787107752,"stop":1656787107753,"duration":1}},{"uid":"184c378f4f3ecdb3","reportUrl":"https://ismail-elshafeiy.github.io/TestAutomation_Tasks_using_SHAFT_ENGINE/allure/30//#testresult/184c378f4f3ecdb3","status":"skipped","statusDetails":"Driver Factory Action \"createNewRemoteDriverInstance\" failed. With the following test data \"Unhandled Error.\".","time":{"start":1656782546463,"stop":1656782546465,"duration":2}},{"uid":"980c2ec04a452fde","reportUrl":"https://ismail-elshafeiy.github.io/TestAutomation_Tasks_using_SHAFT_ENGINE/allure/29//#testresult/980c2ec04a452fde","status":"skipped","statusDetails":"Driver Factory Action \"createNewRemoteDriverInstance\" failed. With the following test data \"Unhandled Error.\".","time":{"start":1656766407167,"stop":1656766407172,"duration":5}},{"uid":"37417256cc19cffb","reportUrl":"https://ismail-elshafeiy.github.io/TestAutomation_Tasks_using_SHAFT_ENGINE/allure/28//#testresult/37417256cc19cffb","status":"skipped","statusDetails":"Driver Factory Action \"createNewRemoteDriverInstance\" failed. With the following test data \"Unhandled Error.\".","time":{"start":1656743954288,"stop":1656743954297,"duration":9}},{"uid":"5cc5b5831a8f94e2","reportUrl":"https://ismail-elshafeiy.github.io/TestAutomation_Tasks_using_SHAFT_ENGINE/allure/27//#testresult/5cc5b5831a8f94e2","status":"skipped","statusDetails":"Driver Factory Action \"createNewRemoteDriverInstance\" failed. With the following test data \"Unhandled Error.\".","time":{"start":1656729557797,"stop":1656729557801,"duration":4}},{"uid":"cda2572fd81a97d1","reportUrl":"https://ismail-elshafeiy.github.io/TestAutomation_Tasks_using_SHAFT_ENGINE/allure/26//#testresult/cda2572fd81a97d1","status":"skipped","statusDetails":"Driver Factory Action \"createNewRemoteDriverInstance\" failed. With the following test data \"Unhandled Error.\".","time":{"start":1656700916410,"stop":1656700916415,"duration":5}},{"uid":"7963762fb0a543aa","reportUrl":"https://ismail-elshafeiy.github.io/TestAutomation_Tasks_using_SHAFT_ENGINE/allure/25//#testresult/7963762fb0a543aa","status":"skipped","statusDetails":"Driver Factory Action \"createNewRemoteDriverInstance\" failed. With the following test data \"Unhandled Error.\".","time":{"start":1656680691273,"stop":1656680691280,"duration":7}},{"uid":"f08a903d0c5cfdf5","reportUrl":"https://ismail-elshafeiy.github.io/TestAutomation_Tasks_using_SHAFT_ENGINE/allure/24//#testresult/f08a903d0c5cfdf5","status":"skipped","statusDetails":"Driver Factory Action \"createNewRemoteDriverInstance\" failed. With the following test data \"Unhandled Error.\".","time":{"start":1656657769167,"stop":1656657769171,"duration":4}},{"uid":"fc9580c22a579298","reportUrl":"https://ismail-elshafeiy.github.io/TestAutomation_Tasks_using_SHAFT_ENGINE/allure/23//#testresult/fc9580c22a579298","status":"skipped","statusDetails":"Driver Factory Action \"createNewRemoteDriverInstance\" failed. With the following test data \"Unhandled Error.\".","time":{"start":1656643991017,"stop":1656643991033,"duration":16}},{"uid":"55bc6d2e1166cc16","reportUrl":"https://ismail-elshafeiy.github.io/TestAutomation_Tasks_using_SHAFT_ENGINE/allure/22//#testresult/55bc6d2e1166cc16","status":"skipped","statusDetails":"Driver Factory Action \"createNewRemoteDriverInstance\" failed. With the following test data \"Unhandled Error.\".","time":{"start":1656614786532,"stop":1656614786537,"duration":5}},{"uid":"d20676e9ea3df12","reportUrl":"https://ismail-elshafeiy.github.io/TestAutomation_Tasks_using_SHAFT_ENGINE/allure/21//#testresult/d20676e9ea3df12","status":"skipped","statusDetails":"Driver Factory Action \"createNewRemoteDriverInstance\" failed. With the following test data \"Unhandled Error.\".","time":{"start":1656594255557,"stop":1656594255561,"duration":4}},{"uid":"ad1aa9245709459b","reportUrl":"https://ismail-elshafeiy.github.io/TestAutomation_Tasks_using_SHAFT_ENGINE/allure/20//#testresult/ad1aa9245709459b","status":"skipped","statusDetails":"Driver Factory Action \"createNewRemoteDriverInstance\" failed. With the following test data \"Unhandled Error.\".","time":{"start":1656571541854,"stop":1656571541859,"duration":5}},{"uid":"b0ff3d1b3087c39a","reportUrl":"https://ismail-elshafeiy.github.io/TestAutomation_Tasks_using_SHAFT_ENGINE/allure/19//#testresult/b0ff3d1b3087c39a","status":"skipped","statusDetails":"Driver Factory Action \"createNewRemoteDriverInstance\" failed. With the following test data \"Unhandled Error.\".","time":{"start":1656556759460,"stop":1656556759465,"duration":5}}]},"tags":[]},"source":"852d66627729f5fd.json","parameterValues":[]}