{"uid":"f2e3ed75e2eaac6b","name":"searchForSecondResultAndOpen","fullName":"Google_Test.searchForSecondResultAndOpen","historyId":"5fe2bb35b3f1c9b52ccb249fe1875279","time":{"start":1656902872612,"stop":1656902872614,"duration":2},"description":"- Open Google Chrome\n- Navigate to [https://www.google.com/ncr]\n- Search for [Cucumber IO]\n- Navigate to the second results page\n- Assert that the link of the second result contains [https://www.linkedin.com]\n","descriptionHtml":"<ul>\n<li>Open Google Chrome</li>\n<li>Navigate to [https://www.google.com/ncr]</li>\n<li>Search for [Cucumber IO]</li>\n<li>Navigate to the second results page</li>\n<li>Assert that the link of the second result contains [https://www.linkedin.com]</li>\n</ul>\n","status":"skipped","statusMessage":"Driver Factory Action \"createNewRemoteDriverInstance\" failed. With the following test data \"Unhandled Error.\".","statusTrace":"java.lang.AssertionError: Driver Factory Action \"createNewRemoteDriverInstance\" failed. With the following test data \"Unhandled Error.\".\n\tat org.testng.Assert.fail(Assert.java:98)\n\tat com.shaft.driver.DriverFactoryHelper.failAction(DriverFactoryHelper.java:305)\n\tat com.shaft.driver.DriverFactoryHelper.createNewRemoteDriverInstance(DriverFactoryHelper.java:654)\n\tat com.shaft.driver.DriverFactoryHelper.getDriver(DriverFactoryHelper.java:823)\n\tat com.shaft.driver.DriverFactoryHelper.getDriver(DriverFactoryHelper.java:160)\n\tat com.shaft.driver.DriverFactory.getDriver(DriverFactory.java:44)\n\tat Google_Test.setUp_FireFox(Google_Test.java:33)\n\tat java.base/jdk.internal.reflect.NativeMethodAccessorImpl.invoke0(Native Method)\n\tat java.base/jdk.internal.reflect.NativeMethodAccessorImpl.invoke(NativeMethodAccessorImpl.java:77)\n\tat java.base/jdk.internal.reflect.DelegatingMethodAccessorImpl.invoke(DelegatingMethodAccessorImpl.java:43)\n\tat java.base/java.lang.reflect.Method.invoke(Method.java:568)\n\tat org.testng.internal.invokers.MethodInvocationHelper.invokeMethod(MethodInvocationHelper.java:139)\n\tat org.testng.internal.invokers.MethodInvocationHelper.invokeMethodConsideringTimeout(MethodInvocationHelper.java:69)\n\tat org.testng.internal.invokers.ConfigInvoker.invokeConfigurationMethod(ConfigInvoker.java:361)\n\tat org.testng.internal.invokers.ConfigInvoker.invokeConfigurations(ConfigInvoker.java:296)\n\tat org.testng.internal.invokers.TestInvoker.runConfigMethods(TestInvoker.java:816)\n\tat org.testng.internal.invokers.TestInvoker.invokeMethod(TestInvoker.java:590)\n\tat org.testng.internal.invokers.TestInvoker.invokeTestMethod(TestInvoker.java:221)\n\tat org.testng.internal.invokers.MethodRunner.runInSequence(MethodRunner.java:50)\n\tat org.testng.internal.invokers.TestInvoker$MethodInvocationAgent.invoke(TestInvoker.java:962)\n\tat org.testng.internal.invokers.TestInvoker.invokeTestMethods(TestInvoker.java:194)\n\tat org.testng.internal.invokers.TestMethodWorker.invokeTestMethods(TestMethodWorker.java:148)\n\tat org.testng.internal.invokers.TestMethodWorker.run(TestMethodWorker.java:128)\n\tat java.base/java.util.ArrayList.forEach(ArrayList.java:1511)\n\tat org.testng.TestRunner.privateRun(TestRunner.java:806)\n\tat org.testng.TestRunner.run(TestRunner.java:601)\n\tat org.testng.SuiteRunner.runTest(SuiteRunner.java:433)\n\tat org.testng.SuiteRunner.runSequentially(SuiteRunner.java:427)\n\tat org.testng.SuiteRunner.privateRun(SuiteRunner.java:387)\n\tat org.testng.SuiteRunner.run(SuiteRunner.java:330)\n\tat org.testng.SuiteRunnerWorker.runSuite(SuiteRunnerWorker.java:52)\n\tat org.testng.SuiteRunnerWorker.run(SuiteRunnerWorker.java:95)\n\tat org.testng.TestNG.runSuitesSequentially(TestNG.java:1256)\n\tat org.testng.TestNG.runSuitesLocally(TestNG.java:1176)\n\tat org.testng.TestNG.runSuites(TestNG.java:1099)\n\tat org.testng.TestNG.run(TestNG.java:1067)\n\tat org.apache.maven.surefire.testng.TestNGExecutor.run(TestNGExecutor.java:151)\n\tat org.apache.maven.surefire.testng.TestNGDirectoryTestSuite.executeSingleClass(TestNGDirectoryTestSuite.java:111)\n\tat org.apache.maven.surefire.testng.TestNGDirectoryTestSuite.execute(TestNGDirectoryTestSuite.java:98)\n\tat org.apache.maven.surefire.testng.TestNGProvider.invoke(TestNGProvider.java:155)\n\tat org.apache.maven.surefire.booter.ForkedBooter.runSuitesInProcess(ForkedBooter.java:456)\n\tat org.apache.maven.surefire.booter.ForkedBooter.execute(ForkedBooter.java:169)\n\tat org.apache.maven.surefire.booter.ForkedBooter.run(ForkedBooter.java:595)\n\tat org.apache.maven.surefire.booter.ForkedBooter.main(ForkedBooter.java:581)\nCaused by: org.openqa.selenium.SessionNotCreatedException: Could not start a new session. Possible causes are invalid address of the remote server or browser start-up failure.\n\tat org.openqa.selenium.remote.RemoteWebDriver.execute(RemoteWebDriver.java:587)\n\tat org.openqa.selenium.remote.RemoteWebDriver.startSession(RemoteWebDriver.java:264)\n\tat org.openqa.selenium.remote.RemoteWebDriver.<init>(RemoteWebDriver.java:179)\n\tat org.openqa.selenium.remote.RemoteWebDriver.<init>(RemoteWebDriver.java:161)\n\tat com.shaft.driver.DriverFactoryHelper.setValueToRemoteDriverInstance(DriverFactoryHelper.java:666)\n\tat com.shaft.driver.DriverFactoryHelper.createNewRemoteDriverInstance(DriverFactoryHelper.java:640)\n\t... 41 more\nCaused by: org.openqa.selenium.TimeoutException: java.util.concurrent.TimeoutException\nBuild info: version: '4.3.0', revision: 'a4995e2c09*'\nSystem info: host: 'fv-az77-165', ip: '10.1.0.117', os.name: 'Linux', os.arch: 'amd64', os.version: '5.13.0-1031-azure', java.version: '17.0.3'\nDriver info: driver.version: RemoteWebDriver\n\tat org.openqa.selenium.remote.http.netty.NettyHttpHandler.makeCall(NettyHttpHandler.java:65)\n\tat org.openqa.selenium.remote.http.AddSeleniumUserAgent.lambda$apply$0(AddSeleniumUserAgent.java:42)\n\tat org.openqa.selenium.remote.http.Filter.lambda$andFinally$1(Filter.java:56)\n\tat org.openqa.selenium.remote.http.netty.NettyHttpHandler.execute(NettyHttpHandler.java:49)\n\tat org.openqa.selenium.remote.http.AddSeleniumUserAgent.lambda$apply$0(AddSeleniumUserAgent.java:42)\n\tat org.openqa.selenium.remote.http.Filter.lambda$andFinally$1(Filter.java:56)\n\tat org.openqa.selenium.remote.http.netty.NettyClient.execute(NettyClient.java:98)\n\tat org.openqa.selenium.remote.tracing.TracedHttpClient.execute(TracedHttpClient.java:55)\n\tat org.openqa.selenium.remote.ProtocolHandshake.createSession(ProtocolHandshake.java:120)\n\tat org.openqa.selenium.remote.ProtocolHandshake.createSession(ProtocolHandshake.java:102)\n\tat org.openqa.selenium.remote.ProtocolHandshake.createSession(ProtocolHandshake.java:67)\n\tat org.openqa.selenium.remote.HttpCommandExecutor.execute(HttpCommandExecutor.java:156)\n\tat org.openqa.selenium.remote.TracedCommandExecutor.execute(TracedCommandExecutor.java:51)\n\tat org.openqa.selenium.remote.RemoteWebDriver.execute(RemoteWebDriver.java:569)\n\t... 46 more\nCaused by: java.util.concurrent.TimeoutException\n\tat java.base/java.util.concurrent.CompletableFuture.timedGet(CompletableFuture.java:1960)\n\tat java.base/java.util.concurrent.CompletableFuture.get(CompletableFuture.java:2095)\n\tat org.asynchttpclient.netty.NettyResponseFuture.get(NettyResponseFuture.java:206)\n\tat org.openqa.selenium.remote.http.netty.NettyHttpHandler.makeCall(NettyHttpHandler.java:59)\n\t... 59 more\n","flaky":false,"newFailed":false,"newBroken":false,"newPassed":false,"retriesCount":0,"retriesStatusChange":false,"beforeStages":[{"name":"setupActivities","time":{"start":1656902671602,"stop":1656902672682,"duration":1080},"description":"","status":"passed","steps":[{"name":"Folder \"extent-reports\" was not found, it may have already been deleted.","time":{"start":1656902671786,"stop":1656902671789,"duration":3},"status":"passed","steps":[],"attachments":[],"parameters":[{"name":"logText","value":"Folder \"extent-reports\" was not found, it may have already been deleted."}],"stepsCount":0,"attachmentsCount":0,"shouldDisplayMessage":false,"hasContent":true}],"attachments":[{"uid":"4e511ead939a327d","name":"SHAFT Links - Important","source":"4e511ead939a327d.uri","type":"text/uri-list","size":334},{"uid":"15c88c2d374a0142","name":"Properties - ExecutionPlatform","source":"15c88c2d374a0142.properties","type":"text/plain","size":419},{"uid":"83bd3239b752e29d","name":"Properties - cucumber","source":"83bd3239b752e29d.properties","type":"text/plain","size":1316},{"uid":"4b0f425980f52915","name":"Properties - tinkey","source":"4b0f425980f52915.properties","type":"text/plain","size":1579},{"uid":"584ac1bfadc88d31","name":"Properties - Reporting","source":"584ac1bfadc88d31.properties","type":"text/plain","size":614},{"uid":"71fa9974553b93eb","name":"Properties - MobileCapabilities","source":"71fa9974553b93eb.properties","type":"text/plain","size":470},{"uid":"4c0c032494d54b75","name":"Properties - healenium","source":"4c0c032494d54b75.properties","type":"text/plain","size":115},{"uid":"5968a2b6cbfdf49e","name":"Properties - VisualValidations","source":"5968a2b6cbfdf49e.properties","type":"text/plain","size":711},{"uid":"f9c3cae263e2d0ba","name":"Properties - JiraXRay","source":"f9c3cae263e2d0ba.properties","type":"text/plain","size":793},{"uid":"20d0ed76c301eb7a","name":"Properties - browserStack","source":"20d0ed76c301eb7a.properties","type":"text/plain","size":1606},{"uid":"64eeed1f0f302576","name":"Properties - pattern","source":"64eeed1f0f302576.properties","type":"text/plain","size":566},{"uid":"c9829f53432fdc4e","name":"Properties - path","source":"c9829f53432fdc4e.properties","type":"text/plain","size":687},{"uid":"635a2a21f6ff82a0","name":"Properties - testNG","source":"635a2a21f6ff82a0.properties","type":"text/plain","size":492},{"uid":"96f1feb26c783848","name":"Properties - PlatformFlags","source":"96f1feb26c783848.properties","type":"text/plain","size":765},{"uid":"68eba0ac41722fad","name":"Properties - Timeouts","source":"68eba0ac41722fad.properties","type":"text/plain","size":722},{"uid":"860e7b8c89875117","name":"Properties - project","source":"860e7b8c89875117.properties","type":"text/plain","size":299},{"uid":"8629a7c45a4b99bd","name":"Properties - video","source":"8629a7c45a4b99bd.properties","type":"text/plain","size":763}],"parameters":[],"stepsCount":1,"attachmentsCount":17,"shouldDisplayMessage":false,"hasContent":true},{"name":"serTestData","time":{"start":1656902672758,"stop":1656902672762,"duration":4},"description":"","status":"passed","steps":[{"name":"Loaded Test Data: \"src/test/resources/testDataFiles/google_testData/google.json\".","time":{"start":1656902672761,"stop":1656902672762,"duration":1},"status":"passed","steps":[],"attachments":[{"uid":"12a5371d2abd4e04","name":"Test Data - JSON","source":"12a5371d2abd4e04.json","type":"text/json","size":543}],"parameters":[{"name":"logText","value":"Loaded Test Data: \"src/test/resources/testDataFiles/google_testData/google.json\"."},{"name":"attachments","value":"[[Test Data, JSON, java.io.FileInputStream@7a66c35a]]"}],"stepsCount":0,"attachmentsCount":1,"shouldDisplayMessage":false,"hasContent":true}],"attachments":[],"parameters":[],"stepsCount":1,"attachmentsCount":1,"shouldDisplayMessage":false,"hasContent":true},{"name":"setUp_BeforeMethods","time":{"start":1656902872606,"stop":1656902872606,"duration":0},"description":"","status":"broken","steps":[],"attachments":[],"parameters":[],"stepsCount":0,"attachmentsCount":0,"shouldDisplayMessage":false,"hasContent":false}],"testStage":{"description":"- Open Google Chrome\n- Navigate to [https://www.google.com/ncr]\n- Search for [Cucumber IO]\n- Navigate to the second results page\n- Assert that the link of the second result contains [https://www.linkedin.com]\n","status":"skipped","statusMessage":"Driver Factory Action \"createNewRemoteDriverInstance\" failed. With the following test data \"Unhandled Error.\".","statusTrace":"java.lang.AssertionError: Driver Factory Action \"createNewRemoteDriverInstance\" failed. With the following test data \"Unhandled Error.\".\n\tat org.testng.Assert.fail(Assert.java:98)\n\tat com.shaft.driver.DriverFactoryHelper.failAction(DriverFactoryHelper.java:305)\n\tat com.shaft.driver.DriverFactoryHelper.createNewRemoteDriverInstance(DriverFactoryHelper.java:654)\n\tat com.shaft.driver.DriverFactoryHelper.getDriver(DriverFactoryHelper.java:823)\n\tat com.shaft.driver.DriverFactoryHelper.getDriver(DriverFactoryHelper.java:160)\n\tat com.shaft.driver.DriverFactory.getDriver(DriverFactory.java:44)\n\tat Google_Test.setUp_FireFox(Google_Test.java:33)\n\tat java.base/jdk.internal.reflect.NativeMethodAccessorImpl.invoke0(Native Method)\n\tat java.base/jdk.internal.reflect.NativeMethodAccessorImpl.invoke(NativeMethodAccessorImpl.java:77)\n\tat java.base/jdk.internal.reflect.DelegatingMethodAccessorImpl.invoke(DelegatingMethodAccessorImpl.java:43)\n\tat java.base/java.lang.reflect.Method.invoke(Method.java:568)\n\tat org.testng.internal.invokers.MethodInvocationHelper.invokeMethod(MethodInvocationHelper.java:139)\n\tat org.testng.internal.invokers.MethodInvocationHelper.invokeMethodConsideringTimeout(MethodInvocationHelper.java:69)\n\tat org.testng.internal.invokers.ConfigInvoker.invokeConfigurationMethod(ConfigInvoker.java:361)\n\tat org.testng.internal.invokers.ConfigInvoker.invokeConfigurations(ConfigInvoker.java:296)\n\tat org.testng.internal.invokers.TestInvoker.runConfigMethods(TestInvoker.java:816)\n\tat org.testng.internal.invokers.TestInvoker.invokeMethod(TestInvoker.java:590)\n\tat org.testng.internal.invokers.TestInvoker.invokeTestMethod(TestInvoker.java:221)\n\tat org.testng.internal.invokers.MethodRunner.runInSequence(MethodRunner.java:50)\n\tat org.testng.internal.invokers.TestInvoker$MethodInvocationAgent.invoke(TestInvoker.java:962)\n\tat org.testng.internal.invokers.TestInvoker.invokeTestMethods(TestInvoker.java:194)\n\tat org.testng.internal.invokers.TestMethodWorker.invokeTestMethods(TestMethodWorker.java:148)\n\tat org.testng.internal.invokers.TestMethodWorker.run(TestMethodWorker.java:128)\n\tat java.base/java.util.ArrayList.forEach(ArrayList.java:1511)\n\tat org.testng.TestRunner.privateRun(TestRunner.java:806)\n\tat org.testng.TestRunner.run(TestRunner.java:601)\n\tat org.testng.SuiteRunner.runTest(SuiteRunner.java:433)\n\tat org.testng.SuiteRunner.runSequentially(SuiteRunner.java:427)\n\tat org.testng.SuiteRunner.privateRun(SuiteRunner.java:387)\n\tat org.testng.SuiteRunner.run(SuiteRunner.java:330)\n\tat org.testng.SuiteRunnerWorker.runSuite(SuiteRunnerWorker.java:52)\n\tat org.testng.SuiteRunnerWorker.run(SuiteRunnerWorker.java:95)\n\tat org.testng.TestNG.runSuitesSequentially(TestNG.java:1256)\n\tat org.testng.TestNG.runSuitesLocally(TestNG.java:1176)\n\tat org.testng.TestNG.runSuites(TestNG.java:1099)\n\tat org.testng.TestNG.run(TestNG.java:1067)\n\tat org.apache.maven.surefire.testng.TestNGExecutor.run(TestNGExecutor.java:151)\n\tat org.apache.maven.surefire.testng.TestNGDirectoryTestSuite.executeSingleClass(TestNGDirectoryTestSuite.java:111)\n\tat org.apache.maven.surefire.testng.TestNGDirectoryTestSuite.execute(TestNGDirectoryTestSuite.java:98)\n\tat org.apache.maven.surefire.testng.TestNGProvider.invoke(TestNGProvider.java:155)\n\tat org.apache.maven.surefire.booter.ForkedBooter.runSuitesInProcess(ForkedBooter.java:456)\n\tat org.apache.maven.surefire.booter.ForkedBooter.execute(ForkedBooter.java:169)\n\tat org.apache.maven.surefire.booter.ForkedBooter.run(ForkedBooter.java:595)\n\tat org.apache.maven.surefire.booter.ForkedBooter.main(ForkedBooter.java:581)\nCaused by: org.openqa.selenium.SessionNotCreatedException: Could not start a new session. Possible causes are invalid address of the remote server or browser start-up failure.\n\tat org.openqa.selenium.remote.RemoteWebDriver.execute(RemoteWebDriver.java:587)\n\tat org.openqa.selenium.remote.RemoteWebDriver.startSession(RemoteWebDriver.java:264)\n\tat org.openqa.selenium.remote.RemoteWebDriver.<init>(RemoteWebDriver.java:179)\n\tat org.openqa.selenium.remote.RemoteWebDriver.<init>(RemoteWebDriver.java:161)\n\tat com.shaft.driver.DriverFactoryHelper.setValueToRemoteDriverInstance(DriverFactoryHelper.java:666)\n\tat com.shaft.driver.DriverFactoryHelper.createNewRemoteDriverInstance(DriverFactoryHelper.java:640)\n\t... 41 more\nCaused by: org.openqa.selenium.TimeoutException: java.util.concurrent.TimeoutException\nBuild info: version: '4.3.0', revision: 'a4995e2c09*'\nSystem info: host: 'fv-az77-165', ip: '10.1.0.117', os.name: 'Linux', os.arch: 'amd64', os.version: '5.13.0-1031-azure', java.version: '17.0.3'\nDriver info: driver.version: RemoteWebDriver\n\tat org.openqa.selenium.remote.http.netty.NettyHttpHandler.makeCall(NettyHttpHandler.java:65)\n\tat org.openqa.selenium.remote.http.AddSeleniumUserAgent.lambda$apply$0(AddSeleniumUserAgent.java:42)\n\tat org.openqa.selenium.remote.http.Filter.lambda$andFinally$1(Filter.java:56)\n\tat org.openqa.selenium.remote.http.netty.NettyHttpHandler.execute(NettyHttpHandler.java:49)\n\tat org.openqa.selenium.remote.http.AddSeleniumUserAgent.lambda$apply$0(AddSeleniumUserAgent.java:42)\n\tat org.openqa.selenium.remote.http.Filter.lambda$andFinally$1(Filter.java:56)\n\tat org.openqa.selenium.remote.http.netty.NettyClient.execute(NettyClient.java:98)\n\tat org.openqa.selenium.remote.tracing.TracedHttpClient.execute(TracedHttpClient.java:55)\n\tat org.openqa.selenium.remote.ProtocolHandshake.createSession(ProtocolHandshake.java:120)\n\tat org.openqa.selenium.remote.ProtocolHandshake.createSession(ProtocolHandshake.java:102)\n\tat org.openqa.selenium.remote.ProtocolHandshake.createSession(ProtocolHandshake.java:67)\n\tat org.openqa.selenium.remote.HttpCommandExecutor.execute(HttpCommandExecutor.java:156)\n\tat org.openqa.selenium.remote.TracedCommandExecutor.execute(TracedCommandExecutor.java:51)\n\tat org.openqa.selenium.remote.RemoteWebDriver.execute(RemoteWebDriver.java:569)\n\t... 46 more\nCaused by: java.util.concurrent.TimeoutException\n\tat java.base/java.util.concurrent.CompletableFuture.timedGet(CompletableFuture.java:1960)\n\tat java.base/java.util.concurrent.CompletableFuture.get(CompletableFuture.java:2095)\n\tat org.asynchttpclient.netty.NettyResponseFuture.get(NettyResponseFuture.java:206)\n\tat org.openqa.selenium.remote.http.netty.NettyHttpHandler.makeCall(NettyHttpHandler.java:59)\n\t... 59 more\n","steps":[],"attachments":[{"uid":"c595f70a4497631","name":"SHAFT Engine Logs - Current Method log: searchForSecondResultAndOpen","source":"c595f70a4497631.txt","type":"text/plain","size":411}],"parameters":[],"stepsCount":0,"attachmentsCount":1,"shouldDisplayMessage":true,"hasContent":true},"afterStages":[{"name":"tearDown","time":{"start":1656902872616,"stop":1656902872616,"duration":0},"description":"","status":"broken","steps":[],"attachments":[],"parameters":[],"stepsCount":0,"attachmentsCount":0,"shouldDisplayMessage":false,"hasContent":false},{"name":"teardownActivities","time":{"start":1656902872624,"stop":1656902873245,"duration":621},"description":"","status":"passed","steps":[{"name":"Successfully Closed All Drivers.","time":{"start":1656902872624,"stop":1656902872625,"duration":1},"status":"passed","steps":[],"attachments":[],"parameters":[{"name":"logText","value":"Successfully Closed All Drivers."}],"stepsCount":0,"attachmentsCount":0,"shouldDisplayMessage":false,"hasContent":true},{"name":"Issue Summary: Total Issues = 1, New issues for Failed Tests = 1, Open issues for Passed Tests = 0, Open issues for Failed Tests = 0. Kindly check the attached Issue details.","time":{"start":1656902872628,"stop":1656902872629,"duration":1},"status":"passed","steps":[],"attachments":[{"uid":"b1d116884fbda38a","name":"SHAFT Engine Logs - Issues log CSV: 20220704-024752","source":"b1d116884fbda38a.csv","type":"text/csv","size":111}],"parameters":[{"name":"logText","value":"Issue Summary: Total Issues = 1, New issues for Failed Tests = 1, Open issues for Passed Tests = 0, Open issues for Failed Tests = 0. Kindly check the attached Issue details."},{"name":"attachments","value":"[[SHAFT Engine Logs, Issues log CSV: 20220704-024752, java.io.ByteArrayInputStream@3094111c]]"}],"stepsCount":0,"attachmentsCount":1,"shouldDisplayMessage":false,"hasContent":true}],"attachments":[{"uid":"8bbcfadb1dc056b4","name":"SHAFT Engine Logs - Execution log: 20220704-024752","source":"8bbcfadb1dc056b4.txt","type":"text/plain","size":14892},{"uid":"1e94325911612628","name":"HTML - Extent Emailable Execution Report","source":"1e94325911612628.html","type":"text/html","size":651185}],"parameters":[],"stepsCount":2,"attachmentsCount":3,"shouldDisplayMessage":false,"hasContent":true}],"labels":[{"name":"package","value":"Google_Test"},{"name":"testClass","value":"Google_Test"},{"name":"testMethod","value":"searchForSecondResultAndOpen"},{"name":"parentSuite","value":"Suite"},{"name":"suite","value":"Test"},{"name":"subSuite","value":"Google_Test"},{"name":"host","value":"fv-az77-165"},{"name":"thread","value":"3351@fv-az77-165.main(1)"},{"name":"framework","value":"testng"},{"name":"language","value":"java"},{"name":"severity","value":"critical"},{"name":"resultFormat","value":"allure2"}],"parameters":[],"links":[{"name":"Bug_005","url":"","type":"issue"},{"name":"Tc_005","url":"https:///Tc_005","type":"tms"},{"name":"https://www.google.com/ncr","url":"https://www.google.com/ncr","type":"custom"}],"hidden":false,"retry":false,"extra":{"severity":"critical","retries":[],"categories":[],"history":{"statistic":{"failed":0,"broken":0,"skipped":37,"passed":0,"unknown":0,"total":37},"items":[{"uid":"946278110173952c","reportUrl":"https://ismail-elshafeiy.github.io/TestAutomation_Tasks_using_SHAFT_ENGINE/allure/36//#testresult/946278110173952c","status":"skipped","statusDetails":"Driver Factory Action \"createNewRemoteDriverInstance\" failed. With the following test data \"Unhandled Error.\".","time":{"start":1656873448819,"stop":1656873448820,"duration":1}},{"uid":"2bd9f6089207a7dc","reportUrl":"https://ismail-elshafeiy.github.io/TestAutomation_Tasks_using_SHAFT_ENGINE/allure/35//#testresult/2bd9f6089207a7dc","status":"skipped","statusDetails":"Driver Factory Action \"createNewRemoteDriverInstance\" failed. With the following test data \"Unhandled Error.\".","time":{"start":1656852790121,"stop":1656852790123,"duration":2}},{"uid":"b50dea56f6fe2733","reportUrl":"https://ismail-elshafeiy.github.io/TestAutomation_Tasks_using_SHAFT_ENGINE/allure/34//#testresult/b50dea56f6fe2733","status":"skipped","statusDetails":"Driver Factory Action \"createNewRemoteDriverInstance\" failed. With the following test data \"Unhandled Error.\".","time":{"start":1656830389498,"stop":1656830389499,"duration":1}},{"uid":"f36c34707bce4d8c","reportUrl":"https://ismail-elshafeiy.github.io/TestAutomation_Tasks_using_SHAFT_ENGINE/allure/33//#testresult/f36c34707bce4d8c","status":"skipped","statusDetails":"Driver Factory Action \"createNewRemoteDriverInstance\" failed. With the following test data \"Unhandled Error.\".","time":{"start":1656816096305,"stop":1656816096308,"duration":3}},{"uid":"1897ffe8776ebd25","reportUrl":"https://ismail-elshafeiy.github.io/TestAutomation_Tasks_using_SHAFT_ENGINE/allure/32//#testresult/1897ffe8776ebd25","status":"skipped","statusDetails":"Driver Factory Action \"createNewRemoteDriverInstance\" failed. With the following test data \"Unhandled Error.\".","time":{"start":1656790767732,"stop":1656790767734,"duration":2}},{"uid":"3c86eef0d55e8031","reportUrl":"https://ismail-elshafeiy.github.io/TestAutomation_Tasks_using_SHAFT_ENGINE/allure/31//#testresult/3c86eef0d55e8031","status":"skipped","statusDetails":"Driver Factory Action \"createNewRemoteDriverInstance\" failed. With the following test data \"Unhandled Error.\".","time":{"start":1656787107758,"stop":1656787107760,"duration":2}},{"uid":"8c2a3ed8dd6a6624","reportUrl":"https://ismail-elshafeiy.github.io/TestAutomation_Tasks_using_SHAFT_ENGINE/allure/30//#testresult/8c2a3ed8dd6a6624","status":"skipped","statusDetails":"Driver Factory Action \"createNewRemoteDriverInstance\" failed. With the following test data \"Unhandled Error.\".","time":{"start":1656782546469,"stop":1656782546470,"duration":1}},{"uid":"45b4fa6a180010e9","reportUrl":"https://ismail-elshafeiy.github.io/TestAutomation_Tasks_using_SHAFT_ENGINE/allure/29//#testresult/45b4fa6a180010e9","status":"skipped","statusDetails":"Driver Factory Action \"createNewRemoteDriverInstance\" failed. With the following test data \"Unhandled Error.\".","time":{"start":1656766407182,"stop":1656766407183,"duration":1}},{"uid":"e122165e203390d7","reportUrl":"https://ismail-elshafeiy.github.io/TestAutomation_Tasks_using_SHAFT_ENGINE/allure/28//#testresult/e122165e203390d7","status":"skipped","statusDetails":"Driver Factory Action \"createNewRemoteDriverInstance\" failed. With the following test data \"Unhandled Error.\".","time":{"start":1656743954306,"stop":1656743954309,"duration":3}},{"uid":"cf9ef8cdf903eace","reportUrl":"https://ismail-elshafeiy.github.io/TestAutomation_Tasks_using_SHAFT_ENGINE/allure/27//#testresult/cf9ef8cdf903eace","status":"skipped","statusDetails":"Driver Factory Action \"createNewRemoteDriverInstance\" failed. With the following test data \"Unhandled Error.\".","time":{"start":1656729557830,"stop":1656729557834,"duration":4}},{"uid":"7141be5c7a2b5f2e","reportUrl":"https://ismail-elshafeiy.github.io/TestAutomation_Tasks_using_SHAFT_ENGINE/allure/26//#testresult/7141be5c7a2b5f2e","status":"skipped","statusDetails":"Driver Factory Action \"createNewRemoteDriverInstance\" failed. With the following test data \"Unhandled Error.\".","time":{"start":1656700916432,"stop":1656700916434,"duration":2}},{"uid":"fde0fe39d59211dd","reportUrl":"https://ismail-elshafeiy.github.io/TestAutomation_Tasks_using_SHAFT_ENGINE/allure/25//#testresult/fde0fe39d59211dd","status":"skipped","statusDetails":"Driver Factory Action \"createNewRemoteDriverInstance\" failed. With the following test data \"Unhandled Error.\".","time":{"start":1656680691288,"stop":1656680691291,"duration":3}},{"uid":"b1c264e42960fc1d","reportUrl":"https://ismail-elshafeiy.github.io/TestAutomation_Tasks_using_SHAFT_ENGINE/allure/24//#testresult/b1c264e42960fc1d","status":"skipped","statusDetails":"Driver Factory Action \"createNewRemoteDriverInstance\" failed. With the following test data \"Unhandled Error.\".","time":{"start":1656657769176,"stop":1656657769178,"duration":2}},{"uid":"ccd141eee11df14b","reportUrl":"https://ismail-elshafeiy.github.io/TestAutomation_Tasks_using_SHAFT_ENGINE/allure/23//#testresult/ccd141eee11df14b","status":"skipped","statusDetails":"Driver Factory Action \"createNewRemoteDriverInstance\" failed. With the following test data \"Unhandled Error.\".","time":{"start":1656643991043,"stop":1656643991045,"duration":2}},{"uid":"25330b5a1512e469","reportUrl":"https://ismail-elshafeiy.github.io/TestAutomation_Tasks_using_SHAFT_ENGINE/allure/22//#testresult/25330b5a1512e469","status":"skipped","statusDetails":"Driver Factory Action \"createNewRemoteDriverInstance\" failed. With the following test data \"Unhandled Error.\".","time":{"start":1656614786552,"stop":1656614786557,"duration":5}},{"uid":"3d4934cbd66b4e98","reportUrl":"https://ismail-elshafeiy.github.io/TestAutomation_Tasks_using_SHAFT_ENGINE/allure/21//#testresult/3d4934cbd66b4e98","status":"skipped","statusDetails":"Driver Factory Action \"createNewRemoteDriverInstance\" failed. With the following test data \"Unhandled Error.\".","time":{"start":1656594255566,"stop":1656594255568,"duration":2}},{"uid":"fcee407a36ad2ce6","reportUrl":"https://ismail-elshafeiy.github.io/TestAutomation_Tasks_using_SHAFT_ENGINE/allure/20//#testresult/fcee407a36ad2ce6","status":"skipped","statusDetails":"Driver Factory Action \"createNewRemoteDriverInstance\" failed. With the following test data \"Unhandled Error.\".","time":{"start":1656571541866,"stop":1656571541868,"duration":2}},{"uid":"dbc09b39485d2e97","reportUrl":"https://ismail-elshafeiy.github.io/TestAutomation_Tasks_using_SHAFT_ENGINE/allure/19//#testresult/dbc09b39485d2e97","status":"skipped","statusDetails":"Driver Factory Action \"createNewRemoteDriverInstance\" failed. With the following test data \"Unhandled Error.\".","time":{"start":1656556759474,"stop":1656556759477,"duration":3}},{"uid":"b40ddab138f25ab1","reportUrl":"https://ismail-elshafeiy.github.io/TestAutomation_Tasks_using_SHAFT_ENGINE/allure/18//#testresult/b40ddab138f25ab1","status":"skipped","statusDetails":"Driver Factory Action \"createNewRemoteDriverInstance\" failed. With the following test data \"Unhandled Error.\".","time":{"start":1656528416385,"stop":1656528416387,"duration":2}},{"uid":"564c5d4b3e6a30e2","reportUrl":"https://ismail-elshafeiy.github.io/TestAutomation_Tasks_using_SHAFT_ENGINE/allure/17//#testresult/564c5d4b3e6a30e2","status":"skipped","statusDetails":"Driver Factory Action \"createNewRemoteDriverInstance\" failed. With the following test data \"Unhandled Error.\".","time":{"start":1656507914689,"stop":1656507914693,"duration":4}}]},"tags":[]},"source":"f2e3ed75e2eaac6b.json","parameterValues":[]}