{"uid":"b1c264e42960fc1d","name":"searchForSecondResultAndOpen","fullName":"Google_Test.searchForSecondResultAndOpen","historyId":"5fe2bb35b3f1c9b52ccb249fe1875279","time":{"start":1656657769176,"stop":1656657769178,"duration":2},"status":"skipped","statusMessage":"Driver Factory Action \"createNewRemoteDriverInstance\" failed. With the following test data \"Unhandled Error.\".","statusTrace":"java.lang.AssertionError: Driver Factory Action \"createNewRemoteDriverInstance\" failed. With the following test data \"Unhandled Error.\".\n\tat org.testng.Assert.fail(Assert.java:98)\n\tat com.shaft.driver.DriverFactoryHelper.failAction(DriverFactoryHelper.java:305)\n\tat com.shaft.driver.DriverFactoryHelper.createNewRemoteDriverInstance(DriverFactoryHelper.java:654)\n\tat com.shaft.driver.DriverFactoryHelper.getDriver(DriverFactoryHelper.java:823)\n\tat com.shaft.driver.DriverFactoryHelper.getDriver(DriverFactoryHelper.java:139)\n\tat com.shaft.driver.DriverFactory.getDriver(DriverFactory.java:30)\n\tat Google_Test.setUp_BeforeMethods(Google_Test.java:38)\n\tat java.base/jdk.internal.reflect.NativeMethodAccessorImpl.invoke0(Native Method)\n\tat java.base/jdk.internal.reflect.NativeMethodAccessorImpl.invoke(NativeMethodAccessorImpl.java:77)\n\tat java.base/jdk.internal.reflect.DelegatingMethodAccessorImpl.invoke(DelegatingMethodAccessorImpl.java:43)\n\tat java.base/java.lang.reflect.Method.invoke(Method.java:568)\n\tat org.testng.internal.invokers.MethodInvocationHelper.invokeMethod(MethodInvocationHelper.java:139)\n\tat org.testng.internal.invokers.MethodInvocationHelper.invokeMethodConsideringTimeout(MethodInvocationHelper.java:69)\n\tat org.testng.internal.invokers.ConfigInvoker.invokeConfigurationMethod(ConfigInvoker.java:361)\n\tat org.testng.internal.invokers.ConfigInvoker.invokeConfigurations(ConfigInvoker.java:296)\n\tat org.testng.internal.invokers.TestInvoker.runConfigMethods(TestInvoker.java:816)\n\tat org.testng.internal.invokers.TestInvoker.invokeMethod(TestInvoker.java:590)\n\tat org.testng.internal.invokers.TestInvoker.invokeTestMethod(TestInvoker.java:221)\n\tat org.testng.internal.invokers.MethodRunner.runInSequence(MethodRunner.java:50)\n\tat org.testng.internal.invokers.TestInvoker$MethodInvocationAgent.invoke(TestInvoker.java:962)\n\tat org.testng.internal.invokers.TestInvoker.invokeTestMethods(TestInvoker.java:194)\n\tat org.testng.internal.invokers.TestMethodWorker.invokeTestMethods(TestMethodWorker.java:148)\n\tat org.testng.internal.invokers.TestMethodWorker.run(TestMethodWorker.java:128)\n\tat java.base/java.util.ArrayList.forEach(ArrayList.java:1511)\n\tat org.testng.TestRunner.privateRun(TestRunner.java:806)\n\tat org.testng.TestRunner.run(TestRunner.java:601)\n\tat org.testng.SuiteRunner.runTest(SuiteRunner.java:433)\n\tat org.testng.SuiteRunner.runSequentially(SuiteRunner.java:427)\n\tat org.testng.SuiteRunner.privateRun(SuiteRunner.java:387)\n\tat org.testng.SuiteRunner.run(SuiteRunner.java:330)\n\tat org.testng.SuiteRunnerWorker.runSuite(SuiteRunnerWorker.java:52)\n\tat org.testng.SuiteRunnerWorker.run(SuiteRunnerWorker.java:95)\n\tat org.testng.TestNG.runSuitesSequentially(TestNG.java:1256)\n\tat org.testng.TestNG.runSuitesLocally(TestNG.java:1176)\n\tat org.testng.TestNG.runSuites(TestNG.java:1099)\n\tat org.testng.TestNG.run(TestNG.java:1067)\n\tat org.apache.maven.surefire.testng.TestNGExecutor.run(TestNGExecutor.java:151)\n\tat org.apache.maven.surefire.testng.TestNGDirectoryTestSuite.executeSingleClass(TestNGDirectoryTestSuite.java:111)\n\tat org.apache.maven.surefire.testng.TestNGDirectoryTestSuite.execute(TestNGDirectoryTestSuite.java:98)\n\tat org.apache.maven.surefire.testng.TestNGProvider.invoke(TestNGProvider.java:155)\n\tat org.apache.maven.surefire.booter.ForkedBooter.runSuitesInProcess(ForkedBooter.java:456)\n\tat org.apache.maven.surefire.booter.ForkedBooter.execute(ForkedBooter.java:169)\n\tat org.apache.maven.surefire.booter.ForkedBooter.run(ForkedBooter.java:595)\n\tat org.apache.maven.surefire.booter.ForkedBooter.main(ForkedBooter.java:581)\nCaused by: org.openqa.selenium.SessionNotCreatedException: Could not start a new session. Possible causes are invalid address of the remote server or browser start-up failure.\n\tat org.openqa.selenium.remote.RemoteWebDriver.execute(RemoteWebDriver.java:587)\n\tat org.openqa.selenium.remote.RemoteWebDriver.startSession(RemoteWebDriver.java:264)\n\tat org.openqa.selenium.remote.RemoteWebDriver.<init>(RemoteWebDriver.java:179)\n\tat org.openqa.selenium.remote.RemoteWebDriver.<init>(RemoteWebDriver.java:161)\n\tat com.shaft.driver.DriverFactoryHelper.setValueToRemoteDriverInstance(DriverFactoryHelper.java:674)\n\tat com.shaft.driver.DriverFactoryHelper.createNewRemoteDriverInstance(DriverFactoryHelper.java:640)\n\t... 41 more\nCaused by: org.openqa.selenium.TimeoutException: java.util.concurrent.TimeoutException\nBuild info: version: '4.3.0', revision: 'a4995e2c09*'\nSystem info: host: 'fv-az163-25', ip: '10.1.1.25', os.name: 'Linux', os.arch: 'amd64', os.version: '5.13.0-1031-azure', java.version: '17.0.3'\nDriver info: driver.version: RemoteWebDriver\n\tat org.openqa.selenium.remote.http.netty.NettyHttpHandler.makeCall(NettyHttpHandler.java:65)\n\tat org.openqa.selenium.remote.http.AddSeleniumUserAgent.lambda$apply$0(AddSeleniumUserAgent.java:42)\n\tat org.openqa.selenium.remote.http.Filter.lambda$andFinally$1(Filter.java:56)\n\tat org.openqa.selenium.remote.http.netty.NettyHttpHandler.execute(NettyHttpHandler.java:49)\n\tat org.openqa.selenium.remote.http.AddSeleniumUserAgent.lambda$apply$0(AddSeleniumUserAgent.java:42)\n\tat org.openqa.selenium.remote.http.Filter.lambda$andFinally$1(Filter.java:56)\n\tat org.openqa.selenium.remote.http.netty.NettyClient.execute(NettyClient.java:98)\n\tat org.openqa.selenium.remote.tracing.TracedHttpClient.execute(TracedHttpClient.java:55)\n\tat org.openqa.selenium.remote.ProtocolHandshake.createSession(ProtocolHandshake.java:120)\n\tat org.openqa.selenium.remote.ProtocolHandshake.createSession(ProtocolHandshake.java:102)\n\tat org.openqa.selenium.remote.ProtocolHandshake.createSession(ProtocolHandshake.java:67)\n\tat org.openqa.selenium.remote.HttpCommandExecutor.execute(HttpCommandExecutor.java:156)\n\tat org.openqa.selenium.remote.TracedCommandExecutor.execute(TracedCommandExecutor.java:51)\n\tat org.openqa.selenium.remote.RemoteWebDriver.execute(RemoteWebDriver.java:569)\n\t... 46 more\nCaused by: java.util.concurrent.TimeoutException\n\tat java.base/java.util.concurrent.CompletableFuture.timedGet(CompletableFuture.java:1960)\n\tat java.base/java.util.concurrent.CompletableFuture.get(CompletableFuture.java:2095)\n\tat org.asynchttpclient.netty.NettyResponseFuture.get(NettyResponseFuture.java:206)\n\tat org.openqa.selenium.remote.http.netty.NettyHttpHandler.makeCall(NettyHttpHandler.java:59)\n\t... 59 more\n","flaky":false,"newFailed":false,"newBroken":false,"newPassed":false,"retriesCount":0,"retriesStatusChange":false,"beforeStages":[{"name":"setupActivities","time":{"start":1656657568515,"stop":1656657569391,"duration":876},"description":"","status":"passed","steps":[{"name":"Folder \"extent-reports\" was not found, it may have already been deleted.","time":{"start":1656657568665,"stop":1656657568669,"duration":4},"status":"passed","steps":[],"attachments":[],"parameters":[{"name":"logText","value":"Folder \"extent-reports\" was not found, it may have already been deleted."}],"stepsCount":0,"attachmentsCount":0,"shouldDisplayMessage":false,"hasContent":true}],"attachments":[{"uid":"4c96fe3ddcba9aab","name":"SHAFT Links - Important","source":"4c96fe3ddcba9aab.uri","type":"text/uri-list","size":334},{"uid":"57ba25ae52f056a8","name":"Properties - ExecutionPlatform","source":"57ba25ae52f056a8.properties","type":"text/plain","size":419},{"uid":"29cdeba1f8fb5963","name":"Properties - cucumber","source":"29cdeba1f8fb5963.properties","type":"text/plain","size":1316},{"uid":"9baa1fed0614db57","name":"Properties - tinkey","source":"9baa1fed0614db57.properties","type":"text/plain","size":1579},{"uid":"feaee2493341f8db","name":"Properties - Reporting","source":"feaee2493341f8db.properties","type":"text/plain","size":614},{"uid":"4b2c1b9218d67c6c","name":"Properties - MobileCapabilities","source":"4b2c1b9218d67c6c.properties","type":"text/plain","size":470},{"uid":"134494140ca21df4","name":"Properties - healenium","source":"134494140ca21df4.properties","type":"text/plain","size":115},{"uid":"935403727008eb56","name":"Properties - VisualValidations","source":"935403727008eb56.properties","type":"text/plain","size":711},{"uid":"1f13edd308759b41","name":"Properties - JiraXRay","source":"1f13edd308759b41.properties","type":"text/plain","size":793},{"uid":"12aba3bf685f7b04","name":"Properties - browserStack","source":"12aba3bf685f7b04.properties","type":"text/plain","size":1606},{"uid":"e97b94fe0f9e0373","name":"Properties - pattern","source":"e97b94fe0f9e0373.properties","type":"text/plain","size":566},{"uid":"12fec139dd43256a","name":"Properties - path","source":"12fec139dd43256a.properties","type":"text/plain","size":687},{"uid":"19c243f9748a8b41","name":"Properties - testNG","source":"19c243f9748a8b41.properties","type":"text/plain","size":492},{"uid":"d6373d40c2ec3156","name":"Properties - PlatformFlags","source":"d6373d40c2ec3156.properties","type":"text/plain","size":765},{"uid":"9364c1f58a8e9e47","name":"Properties - Timeouts","source":"9364c1f58a8e9e47.properties","type":"text/plain","size":722},{"uid":"89d36018c8887d43","name":"Properties - project","source":"89d36018c8887d43.properties","type":"text/plain","size":370},{"uid":"9a76dad3b0323934","name":"Properties - video","source":"9a76dad3b0323934.properties","type":"text/plain","size":763}],"parameters":[],"stepsCount":1,"attachmentsCount":17,"shouldDisplayMessage":false,"hasContent":true},{"name":"getTestData","time":{"start":1656657569560,"stop":1656657569564,"duration":4},"description":"","status":"passed","steps":[{"name":"Loaded Test Data: \"src/test/resources/testDataFiles/google_testData/google.json\".","time":{"start":1656657569563,"stop":1656657569564,"duration":1},"status":"passed","steps":[],"attachments":[{"uid":"6bdda9b664ee5212","name":"Test Data - JSON","source":"6bdda9b664ee5212.json","type":"text/json","size":147}],"parameters":[{"name":"logText","value":"Loaded Test Data: \"src/test/resources/testDataFiles/google_testData/google.json\"."},{"name":"attachments","value":"[[Test Data, JSON, java.io.FileInputStream@59b492ec]]"}],"stepsCount":0,"attachmentsCount":1,"shouldDisplayMessage":false,"hasContent":true}],"attachments":[],"parameters":[],"stepsCount":1,"attachmentsCount":1,"shouldDisplayMessage":false,"hasContent":true},{"name":"setUp_BeforeMethods","time":{"start":1656657769174,"stop":1656657769174,"duration":0},"description":"","status":"broken","steps":[],"attachments":[],"parameters":[],"stepsCount":0,"attachmentsCount":0,"shouldDisplayMessage":false,"hasContent":false}],"testStage":{"status":"skipped","statusMessage":"Driver Factory Action \"createNewRemoteDriverInstance\" failed. With the following test data \"Unhandled Error.\".","statusTrace":"java.lang.AssertionError: Driver Factory Action \"createNewRemoteDriverInstance\" failed. With the following test data \"Unhandled Error.\".\n\tat org.testng.Assert.fail(Assert.java:98)\n\tat com.shaft.driver.DriverFactoryHelper.failAction(DriverFactoryHelper.java:305)\n\tat com.shaft.driver.DriverFactoryHelper.createNewRemoteDriverInstance(DriverFactoryHelper.java:654)\n\tat com.shaft.driver.DriverFactoryHelper.getDriver(DriverFactoryHelper.java:823)\n\tat com.shaft.driver.DriverFactoryHelper.getDriver(DriverFactoryHelper.java:139)\n\tat com.shaft.driver.DriverFactory.getDriver(DriverFactory.java:30)\n\tat Google_Test.setUp_BeforeMethods(Google_Test.java:38)\n\tat java.base/jdk.internal.reflect.NativeMethodAccessorImpl.invoke0(Native Method)\n\tat java.base/jdk.internal.reflect.NativeMethodAccessorImpl.invoke(NativeMethodAccessorImpl.java:77)\n\tat java.base/jdk.internal.reflect.DelegatingMethodAccessorImpl.invoke(DelegatingMethodAccessorImpl.java:43)\n\tat java.base/java.lang.reflect.Method.invoke(Method.java:568)\n\tat org.testng.internal.invokers.MethodInvocationHelper.invokeMethod(MethodInvocationHelper.java:139)\n\tat org.testng.internal.invokers.MethodInvocationHelper.invokeMethodConsideringTimeout(MethodInvocationHelper.java:69)\n\tat org.testng.internal.invokers.ConfigInvoker.invokeConfigurationMethod(ConfigInvoker.java:361)\n\tat org.testng.internal.invokers.ConfigInvoker.invokeConfigurations(ConfigInvoker.java:296)\n\tat org.testng.internal.invokers.TestInvoker.runConfigMethods(TestInvoker.java:816)\n\tat org.testng.internal.invokers.TestInvoker.invokeMethod(TestInvoker.java:590)\n\tat org.testng.internal.invokers.TestInvoker.invokeTestMethod(TestInvoker.java:221)\n\tat org.testng.internal.invokers.MethodRunner.runInSequence(MethodRunner.java:50)\n\tat org.testng.internal.invokers.TestInvoker$MethodInvocationAgent.invoke(TestInvoker.java:962)\n\tat org.testng.internal.invokers.TestInvoker.invokeTestMethods(TestInvoker.java:194)\n\tat org.testng.internal.invokers.TestMethodWorker.invokeTestMethods(TestMethodWorker.java:148)\n\tat org.testng.internal.invokers.TestMethodWorker.run(TestMethodWorker.java:128)\n\tat java.base/java.util.ArrayList.forEach(ArrayList.java:1511)\n\tat org.testng.TestRunner.privateRun(TestRunner.java:806)\n\tat org.testng.TestRunner.run(TestRunner.java:601)\n\tat org.testng.SuiteRunner.runTest(SuiteRunner.java:433)\n\tat org.testng.SuiteRunner.runSequentially(SuiteRunner.java:427)\n\tat org.testng.SuiteRunner.privateRun(SuiteRunner.java:387)\n\tat org.testng.SuiteRunner.run(SuiteRunner.java:330)\n\tat org.testng.SuiteRunnerWorker.runSuite(SuiteRunnerWorker.java:52)\n\tat org.testng.SuiteRunnerWorker.run(SuiteRunnerWorker.java:95)\n\tat org.testng.TestNG.runSuitesSequentially(TestNG.java:1256)\n\tat org.testng.TestNG.runSuitesLocally(TestNG.java:1176)\n\tat org.testng.TestNG.runSuites(TestNG.java:1099)\n\tat org.testng.TestNG.run(TestNG.java:1067)\n\tat org.apache.maven.surefire.testng.TestNGExecutor.run(TestNGExecutor.java:151)\n\tat org.apache.maven.surefire.testng.TestNGDirectoryTestSuite.executeSingleClass(TestNGDirectoryTestSuite.java:111)\n\tat org.apache.maven.surefire.testng.TestNGDirectoryTestSuite.execute(TestNGDirectoryTestSuite.java:98)\n\tat org.apache.maven.surefire.testng.TestNGProvider.invoke(TestNGProvider.java:155)\n\tat org.apache.maven.surefire.booter.ForkedBooter.runSuitesInProcess(ForkedBooter.java:456)\n\tat org.apache.maven.surefire.booter.ForkedBooter.execute(ForkedBooter.java:169)\n\tat org.apache.maven.surefire.booter.ForkedBooter.run(ForkedBooter.java:595)\n\tat org.apache.maven.surefire.booter.ForkedBooter.main(ForkedBooter.java:581)\nCaused by: org.openqa.selenium.SessionNotCreatedException: Could not start a new session. Possible causes are invalid address of the remote server or browser start-up failure.\n\tat org.openqa.selenium.remote.RemoteWebDriver.execute(RemoteWebDriver.java:587)\n\tat org.openqa.selenium.remote.RemoteWebDriver.startSession(RemoteWebDriver.java:264)\n\tat org.openqa.selenium.remote.RemoteWebDriver.<init>(RemoteWebDriver.java:179)\n\tat org.openqa.selenium.remote.RemoteWebDriver.<init>(RemoteWebDriver.java:161)\n\tat com.shaft.driver.DriverFactoryHelper.setValueToRemoteDriverInstance(DriverFactoryHelper.java:674)\n\tat com.shaft.driver.DriverFactoryHelper.createNewRemoteDriverInstance(DriverFactoryHelper.java:640)\n\t... 41 more\nCaused by: org.openqa.selenium.TimeoutException: java.util.concurrent.TimeoutException\nBuild info: version: '4.3.0', revision: 'a4995e2c09*'\nSystem info: host: 'fv-az163-25', ip: '10.1.1.25', os.name: 'Linux', os.arch: 'amd64', os.version: '5.13.0-1031-azure', java.version: '17.0.3'\nDriver info: driver.version: RemoteWebDriver\n\tat org.openqa.selenium.remote.http.netty.NettyHttpHandler.makeCall(NettyHttpHandler.java:65)\n\tat org.openqa.selenium.remote.http.AddSeleniumUserAgent.lambda$apply$0(AddSeleniumUserAgent.java:42)\n\tat org.openqa.selenium.remote.http.Filter.lambda$andFinally$1(Filter.java:56)\n\tat org.openqa.selenium.remote.http.netty.NettyHttpHandler.execute(NettyHttpHandler.java:49)\n\tat org.openqa.selenium.remote.http.AddSeleniumUserAgent.lambda$apply$0(AddSeleniumUserAgent.java:42)\n\tat org.openqa.selenium.remote.http.Filter.lambda$andFinally$1(Filter.java:56)\n\tat org.openqa.selenium.remote.http.netty.NettyClient.execute(NettyClient.java:98)\n\tat org.openqa.selenium.remote.tracing.TracedHttpClient.execute(TracedHttpClient.java:55)\n\tat org.openqa.selenium.remote.ProtocolHandshake.createSession(ProtocolHandshake.java:120)\n\tat org.openqa.selenium.remote.ProtocolHandshake.createSession(ProtocolHandshake.java:102)\n\tat org.openqa.selenium.remote.ProtocolHandshake.createSession(ProtocolHandshake.java:67)\n\tat org.openqa.selenium.remote.HttpCommandExecutor.execute(HttpCommandExecutor.java:156)\n\tat org.openqa.selenium.remote.TracedCommandExecutor.execute(TracedCommandExecutor.java:51)\n\tat org.openqa.selenium.remote.RemoteWebDriver.execute(RemoteWebDriver.java:569)\n\t... 46 more\nCaused by: java.util.concurrent.TimeoutException\n\tat java.base/java.util.concurrent.CompletableFuture.timedGet(CompletableFuture.java:1960)\n\tat java.base/java.util.concurrent.CompletableFuture.get(CompletableFuture.java:2095)\n\tat org.asynchttpclient.netty.NettyResponseFuture.get(NettyResponseFuture.java:206)\n\tat org.openqa.selenium.remote.http.netty.NettyHttpHandler.makeCall(NettyHttpHandler.java:59)\n\t... 59 more\n","steps":[],"attachments":[{"uid":"3584678b8cc49b41","name":"SHAFT Engine Logs - Current Method log: searchForSecondResultAndOpen","source":"3584678b8cc49b41.txt","type":"text/plain","size":411}],"parameters":[],"stepsCount":0,"attachmentsCount":1,"shouldDisplayMessage":true,"hasContent":true},"afterStages":[{"name":"teardownActivities","time":{"start":1656657769207,"stop":1656657770552,"duration":1345},"description":"","status":"passed","steps":[{"name":"Successfully Closed All Drivers.","time":{"start":1656657770208,"stop":1656657770208,"duration":0},"status":"passed","steps":[],"attachments":[],"parameters":[{"name":"logText","value":"Successfully Closed All Drivers."}],"stepsCount":0,"attachmentsCount":0,"shouldDisplayMessage":false,"hasContent":true},{"name":"Issue Summary: Total Issues = 1, New issues for Failed Tests = 0, Open issues for Passed Tests = 1, Open issues for Failed Tests = 0. Kindly check the attached Issue details.","time":{"start":1656657770212,"stop":1656657770212,"duration":0},"status":"passed","steps":[],"attachments":[{"uid":"f589c2c07c18efda","name":"SHAFT Engine Logs - Issues log CSV: 20220701-064250","source":"f589c2c07c18efda.csv","type":"text/csv","size":110}],"parameters":[{"name":"logText","value":"Issue Summary: Total Issues = 1, New issues for Failed Tests = 0, Open issues for Passed Tests = 1, Open issues for Failed Tests = 0. Kindly check the attached Issue details."},{"name":"attachments","value":"[[SHAFT Engine Logs, Issues log CSV: 20220701-064250, java.io.ByteArrayInputStream@1e072d67]]"}],"stepsCount":0,"attachmentsCount":1,"shouldDisplayMessage":false,"hasContent":true}],"attachments":[{"uid":"1846714f2786004f","name":"SHAFT Engine Logs - Execution log: 20220701-064250","source":"1846714f2786004f.txt","type":"text/plain","size":14863},{"uid":"ff8bd94a53e8a33e","name":"HTML - Extent Emailable Execution Report","source":"ff8bd94a53e8a33e.html","type":"text/html","size":547066}],"parameters":[],"stepsCount":2,"attachmentsCount":3,"shouldDisplayMessage":false,"hasContent":true}],"labels":[{"name":"package","value":"Google_Test"},{"name":"testClass","value":"Google_Test"},{"name":"testMethod","value":"searchForSecondResultAndOpen"},{"name":"parentSuite","value":"Suite"},{"name":"suite","value":"Test"},{"name":"subSuite","value":"Google_Test"},{"name":"host","value":"fv-az163-25"},{"name":"thread","value":"3517@fv-az163-25.main(1)"},{"name":"framework","value":"testng"},{"name":"language","value":"java"},{"name":"severity","value":"critical"},{"name":"resultFormat","value":"allure2"}],"parameters":[],"links":[{"name":"Bug_005","url":"","type":"issue"},{"name":"Tc_005","url":"https:///Tc_005","type":"tms"},{"name":"https://www.google.com/ncr","url":"https://www.google.com/ncr","type":"custom"}],"hidden":false,"retry":false,"extra":{"severity":"critical","retries":[],"categories":[],"history":{"statistic":{"failed":0,"broken":0,"skipped":24,"passed":0,"unknown":0,"total":24},"items":[{"uid":"ccd141eee11df14b","reportUrl":"https://ismail-elshafeiy.github.io/TestAutomation_Tasks_using_SHAFT_ENGINE/allure/23//#testresult/ccd141eee11df14b","status":"skipped","statusDetails":"Driver Factory Action \"createNewRemoteDriverInstance\" failed. With the following test data \"Unhandled Error.\".","time":{"start":1656643991043,"stop":1656643991045,"duration":2}},{"uid":"25330b5a1512e469","reportUrl":"https://ismail-elshafeiy.github.io/TestAutomation_Tasks_using_SHAFT_ENGINE/allure/22//#testresult/25330b5a1512e469","status":"skipped","statusDetails":"Driver Factory Action \"createNewRemoteDriverInstance\" failed. With the following test data \"Unhandled Error.\".","time":{"start":1656614786552,"stop":1656614786557,"duration":5}},{"uid":"3d4934cbd66b4e98","reportUrl":"https://ismail-elshafeiy.github.io/TestAutomation_Tasks_using_SHAFT_ENGINE/allure/21//#testresult/3d4934cbd66b4e98","status":"skipped","statusDetails":"Driver Factory Action \"createNewRemoteDriverInstance\" failed. With the following test data \"Unhandled Error.\".","time":{"start":1656594255566,"stop":1656594255568,"duration":2}},{"uid":"fcee407a36ad2ce6","reportUrl":"https://ismail-elshafeiy.github.io/TestAutomation_Tasks_using_SHAFT_ENGINE/allure/20//#testresult/fcee407a36ad2ce6","status":"skipped","statusDetails":"Driver Factory Action \"createNewRemoteDriverInstance\" failed. With the following test data \"Unhandled Error.\".","time":{"start":1656571541866,"stop":1656571541868,"duration":2}},{"uid":"dbc09b39485d2e97","reportUrl":"https://ismail-elshafeiy.github.io/TestAutomation_Tasks_using_SHAFT_ENGINE/allure/19//#testresult/dbc09b39485d2e97","status":"skipped","statusDetails":"Driver Factory Action \"createNewRemoteDriverInstance\" failed. With the following test data \"Unhandled Error.\".","time":{"start":1656556759474,"stop":1656556759477,"duration":3}},{"uid":"b40ddab138f25ab1","reportUrl":"https://ismail-elshafeiy.github.io/TestAutomation_Tasks_using_SHAFT_ENGINE/allure/18//#testresult/b40ddab138f25ab1","status":"skipped","statusDetails":"Driver Factory Action \"createNewRemoteDriverInstance\" failed. With the following test data \"Unhandled Error.\".","time":{"start":1656528416385,"stop":1656528416387,"duration":2}},{"uid":"564c5d4b3e6a30e2","reportUrl":"https://ismail-elshafeiy.github.io/TestAutomation_Tasks_using_SHAFT_ENGINE/allure/17//#testresult/564c5d4b3e6a30e2","status":"skipped","statusDetails":"Driver Factory Action \"createNewRemoteDriverInstance\" failed. With the following test data \"Unhandled Error.\".","time":{"start":1656507914689,"stop":1656507914693,"duration":4}},{"uid":"ae55320a1763e200","reportUrl":"https://ismail-elshafeiy.github.io/TestAutomation_Tasks_using_SHAFT_ENGINE/allure/16//#testresult/ae55320a1763e200","status":"skipped","statusDetails":"Driver Factory Action \"createNewRemoteDriverInstance\" failed. With the following test data \"Unhandled Error.\".","time":{"start":1656484944359,"stop":1656484944361,"duration":2}},{"uid":"b307c4290d9b75b6","reportUrl":"https://ismail-elshafeiy.github.io/TestAutomation_Tasks_using_SHAFT_ENGINE/allure/15//#testresult/b307c4290d9b75b6","status":"skipped","statusDetails":"Driver Factory Action \"createNewRemoteDriverInstance\" failed. With the following test data \"Unhandled Error.\".","time":{"start":1656470607107,"stop":1656470607110,"duration":3}},{"uid":"768391f5f8c4880f","reportUrl":"https://ismail-elshafeiy.github.io/TestAutomation_Tasks_using_SHAFT_ENGINE/allure/14//#testresult/768391f5f8c4880f","status":"skipped","statusDetails":"Driver Factory Action \"createNewRemoteDriverInstance\" failed. With the following test data \"Unhandled Error.\".","time":{"start":1656442080269,"stop":1656442080272,"duration":3}},{"uid":"3ade666b008dd8a1","reportUrl":"https://ismail-elshafeiy.github.io/TestAutomation_Tasks_using_SHAFT_ENGINE/allure/13//#testresult/3ade666b008dd8a1","status":"skipped","statusDetails":"Driver Factory Action \"createNewRemoteDriverInstance\" failed. With the following test data \"Unhandled Error.\".","time":{"start":1656421515732,"stop":1656421515735,"duration":3}},{"uid":"1fa8fcdf03e50d96","reportUrl":"https://ismail-elshafeiy.github.io/TestAutomation_Tasks_using_SHAFT_ENGINE/allure/12//#testresult/1fa8fcdf03e50d96","status":"skipped","statusDetails":"Driver Factory Action \"createNewRemoteDriverInstance\" failed. With the following test data \"Unhandled Error.\".","time":{"start":1656398563970,"stop":1656398563972,"duration":2}},{"uid":"1dc3c532b15124be","reportUrl":"https://ismail-elshafeiy.github.io/TestAutomation_Tasks_using_SHAFT_ENGINE/allure/11//#testresult/1dc3c532b15124be","status":"skipped","statusDetails":"Driver Factory Action \"createNewRemoteDriverInstance\" failed. With the following test data \"Unhandled Error.\".","time":{"start":1656384307459,"stop":1656384307461,"duration":2}},{"uid":"db23163e960a0db0","reportUrl":"https://ismail-elshafeiy.github.io/TestAutomation_Tasks_using_SHAFT_ENGINE/allure/10//#testresult/db23163e960a0db0","status":"skipped","statusDetails":"Driver Factory Action \"createNewRemoteDriverInstance\" failed. With the following test data \"Unhandled Error.\".","time":{"start":1656355630735,"stop":1656355630736,"duration":1}},{"uid":"42b5f5c8f565e3e2","reportUrl":"https://ismail-elshafeiy.github.io/TestAutomation_Tasks_using_SHAFT_ENGINE/allure/9//#testresult/42b5f5c8f565e3e2","status":"skipped","statusDetails":"Driver Factory Action \"createNewRemoteDriverInstance\" failed. With the following test data \"Unhandled Error.\".","time":{"start":1656335274828,"stop":1656335274839,"duration":11}},{"uid":"bcc1627f5666080b","reportUrl":"https://ismail-elshafeiy.github.io/TestAutomation_Tasks_using_SHAFT_ENGINE/allure/8//#testresult/bcc1627f5666080b","status":"skipped","statusDetails":"Driver Factory Action \"createNewRemoteDriverInstance\" failed. With the following test data \"Unhandled Error.\".","time":{"start":1656312412787,"stop":1656312412792,"duration":5}},{"uid":"ce6d7dd3928af8f","reportUrl":"https://ismail-elshafeiy.github.io/TestAutomation_Tasks_using_SHAFT_ENGINE/allure/7//#testresult/ce6d7dd3928af8f","status":"skipped","statusDetails":"Driver Factory Action \"createNewRemoteDriverInstance\" failed. With the following test data \"Unhandled Error.\".","time":{"start":1656297444753,"stop":1656297444755,"duration":2}},{"uid":"d98beb961362baca","reportUrl":"https://ismail-elshafeiy.github.io/TestAutomation_Tasks_using_SHAFT_ENGINE/allure/6//#testresult/d98beb961362baca","status":"skipped","statusDetails":"Driver Factory Action \"createNewRemoteDriverInstance\" failed. With the following test data \"Unhandled Error.\".","time":{"start":1656268730176,"stop":1656268730178,"duration":2}},{"uid":"576cf8c362a8ce30","reportUrl":"https://ismail-elshafeiy.github.io/TestAutomation_Tasks_using_SHAFT_ENGINE/allure/5//#testresult/576cf8c362a8ce30","status":"skipped","statusDetails":"Driver Factory Action \"createNewRemoteDriverInstance\" failed. With the following test data \"Unhandled Error.\".","time":{"start":1656248007468,"stop":1656248007469,"duration":1}},{"uid":"93d67eb8ca8081bc","reportUrl":"https://ismail-elshafeiy.github.io/TestAutomation_Tasks_using_SHAFT_ENGINE/allure/4//#testresult/93d67eb8ca8081bc","status":"skipped","statusDetails":"Driver Factory Action \"createNewRemoteDriverInstance\" failed. With the following test data \"Unhandled Error.\".","time":{"start":1656225578156,"stop":1656225578159,"duration":3}}]},"tags":[]},"source":"b1c264e42960fc1d.json","parameterValues":[]}