{"uid":"cd4aefdb2d9583d5","name":"checkGoogleLogoIsDisplayed","fullName":"Google_Test.checkGoogleLogoIsDisplayed","historyId":"46b6a9b94884151aa82d3d26359dec4c","time":{"start":1656179515601,"stop":1656179543989,"duration":28388},"status":"failed","statusMessage":"Identify unique element failed \"zero elements found matching this locator \"By.xpath: //img[@alt='Google']\".\".","statusTrace":"java.lang.AssertionError: Identify unique element failed \"zero elements found matching this locator \"By.xpath: //img[@alt='Google']\".\".\n\tat org.testng.Assert.fail(Assert.java:110)\n\tat com.shaft.gui.element.WebDriverElementActions.failAction(WebDriverElementActions.java:1488)\n\tat com.shaft.gui.element.WebDriverElementActions.failAction(WebDriverElementActions.java:1317)\n\tat com.shaft.gui.element.WebDriverElementActions.identifyUniqueElement(WebDriverElementActions.java:1559)\n\tat com.shaft.gui.element.WebDriverElementActions.identifyUniqueElementIgnoringVisibility(WebDriverElementActions.java:1337)\n\tat com.shaft.gui.element.WebDriverElementActions.isElementDisplayed(WebDriverElementActions.java:838)\n\tat com.shaft.gui.element.ElementActions.isElementDisplayed(ElementActions.java:419)\n\tat pages.Google_Page.isGoogleLogoDisplayed(Google_Page.java:80)\n\tat Google_Test.checkGoogleLogoIsDisplayed(Google_Test.java:79)\n\tat java.base/jdk.internal.reflect.NativeMethodAccessorImpl.invoke0(Native Method)\n\tat java.base/jdk.internal.reflect.NativeMethodAccessorImpl.invoke(NativeMethodAccessorImpl.java:77)\n\tat java.base/jdk.internal.reflect.DelegatingMethodAccessorImpl.invoke(DelegatingMethodAccessorImpl.java:43)\n\tat java.base/java.lang.reflect.Method.invoke(Method.java:568)\n\tat org.testng.internal.invokers.MethodInvocationHelper.invokeMethod(MethodInvocationHelper.java:139)\n\tat org.testng.internal.invokers.TestInvoker.invokeMethod(TestInvoker.java:677)\n\tat org.testng.internal.invokers.TestInvoker.invokeTestMethod(TestInvoker.java:221)\n\tat org.testng.internal.invokers.MethodRunner.runInSequence(MethodRunner.java:50)\n\tat org.testng.internal.invokers.TestInvoker$MethodInvocationAgent.invoke(TestInvoker.java:962)\n\tat org.testng.internal.invokers.TestInvoker.invokeTestMethods(TestInvoker.java:194)\n\tat org.testng.internal.invokers.TestMethodWorker.invokeTestMethods(TestMethodWorker.java:148)\n\tat org.testng.internal.invokers.TestMethodWorker.run(TestMethodWorker.java:128)\n\tat java.base/java.util.ArrayList.forEach(ArrayList.java:1511)\n\tat org.testng.TestRunner.privateRun(TestRunner.java:806)\n\tat org.testng.TestRunner.run(TestRunner.java:601)\n\tat org.testng.SuiteRunner.runTest(SuiteRunner.java:433)\n\tat org.testng.SuiteRunner.runSequentially(SuiteRunner.java:427)\n\tat org.testng.SuiteRunner.privateRun(SuiteRunner.java:387)\n\tat org.testng.SuiteRunner.run(SuiteRunner.java:330)\n\tat org.testng.SuiteRunnerWorker.runSuite(SuiteRunnerWorker.java:52)\n\tat org.testng.SuiteRunnerWorker.run(SuiteRunnerWorker.java:95)\n\tat org.testng.TestNG.runSuitesSequentially(TestNG.java:1256)\n\tat org.testng.TestNG.runSuitesLocally(TestNG.java:1176)\n\tat org.testng.TestNG.runSuites(TestNG.java:1099)\n\tat org.testng.TestNG.run(TestNG.java:1067)\n\tat org.apache.maven.surefire.testng.TestNGExecutor.run(TestNGExecutor.java:151)\n\tat org.apache.maven.surefire.testng.TestNGDirectoryTestSuite.executeSingleClass(TestNGDirectoryTestSuite.java:111)\n\tat org.apache.maven.surefire.testng.TestNGDirectoryTestSuite.execute(TestNGDirectoryTestSuite.java:98)\n\tat org.apache.maven.surefire.testng.TestNGProvider.invoke(TestNGProvider.java:155)\n\tat org.apache.maven.surefire.booter.ForkedBooter.runSuitesInProcess(ForkedBooter.java:456)\n\tat org.apache.maven.surefire.booter.ForkedBooter.execute(ForkedBooter.java:169)\n\tat org.apache.maven.surefire.booter.ForkedBooter.run(ForkedBooter.java:595)\n\tat org.apache.maven.surefire.booter.ForkedBooter.main(ForkedBooter.java:581)\n","flaky":false,"newFailed":false,"newBroken":false,"newPassed":false,"retriesCount":0,"retriesStatusChange":false,"beforeStages":[{"name":"setupActivities","time":{"start":1656179505668,"stop":1656179506574,"duration":906},"description":"","status":"passed","steps":[{"name":"Folder \"extent-reports\" was not found, it may have already been deleted.","time":{"start":1656179505806,"stop":1656179505808,"duration":2},"status":"passed","steps":[],"attachments":[],"parameters":[{"name":"logText","value":"Folder \"extent-reports\" was not found, it may have already been deleted."}],"stepsCount":0,"attachmentsCount":0,"shouldDisplayMessage":false,"hasContent":true}],"attachments":[{"uid":"3c198790be6adec9","name":"SHAFT Links - Important","source":"3c198790be6adec9.uri","type":"text/uri-list","size":334},{"uid":"5f0b66ddc8c134c7","name":"Properties - ExecutionPlatform","source":"5f0b66ddc8c134c7.properties","type":"text/plain","size":419},{"uid":"848a43d69b150487","name":"Properties - cucumber","source":"848a43d69b150487.properties","type":"text/plain","size":1316},{"uid":"daa94ac7d97446d2","name":"Properties - tinkey","source":"daa94ac7d97446d2.properties","type":"text/plain","size":1579},{"uid":"ebd4ac7768c85d7e","name":"Properties - Reporting","source":"ebd4ac7768c85d7e.properties","type":"text/plain","size":614},{"uid":"a064fb5e3cfd1d9","name":"Properties - MobileCapabilities","source":"a064fb5e3cfd1d9.properties","type":"text/plain","size":470},{"uid":"c7554e414c49578","name":"Properties - healenium","source":"c7554e414c49578.properties","type":"text/plain","size":115},{"uid":"c7871d074e9564b7","name":"Properties - VisualValidations","source":"c7871d074e9564b7.properties","type":"text/plain","size":711},{"uid":"a888666bd28727a8","name":"Properties - JiraXRay","source":"a888666bd28727a8.properties","type":"text/plain","size":793},{"uid":"b77c8c2cecaee2f9","name":"Properties - browserStack","source":"b77c8c2cecaee2f9.properties","type":"text/plain","size":1606},{"uid":"909fb803d80d8f3e","name":"Properties - pattern","source":"909fb803d80d8f3e.properties","type":"text/plain","size":566},{"uid":"e8004ae7849a9153","name":"Properties - path","source":"e8004ae7849a9153.properties","type":"text/plain","size":687},{"uid":"efc3cd6f57c246d3","name":"Properties - testNG","source":"efc3cd6f57c246d3.properties","type":"text/plain","size":492},{"uid":"3900b3767539d3c2","name":"Properties - PlatformFlags","source":"3900b3767539d3c2.properties","type":"text/plain","size":765},{"uid":"b7c8ee6e6359ba8e","name":"Properties - Timeouts","source":"b7c8ee6e6359ba8e.properties","type":"text/plain","size":722},{"uid":"969905bc2117962a","name":"Properties - project","source":"969905bc2117962a.properties","type":"text/plain","size":370},{"uid":"f543155c3150c6d7","name":"Properties - video","source":"f543155c3150c6d7.properties","type":"text/plain","size":763}],"parameters":[],"stepsCount":1,"attachmentsCount":17,"shouldDisplayMessage":false,"hasContent":true},{"name":"getTestData","time":{"start":1656179506742,"stop":1656179506748,"duration":6},"description":"","status":"passed","steps":[{"name":"Loaded Test Data: \"src/test/resources/testDataFiles/google_testData/google.json\".","time":{"start":1656179506745,"stop":1656179506747,"duration":2},"status":"passed","steps":[],"attachments":[{"uid":"c3dfb53fde837a2a","name":"Test Data - JSON","source":"c3dfb53fde837a2a.json","type":"text/json","size":147}],"parameters":[{"name":"logText","value":"Loaded Test Data: \"src/test/resources/testDataFiles/google_testData/google.json\"."},{"name":"attachments","value":"[[Test Data, JSON, java.io.FileInputStream@11826398]]"}],"stepsCount":0,"attachmentsCount":1,"shouldDisplayMessage":false,"hasContent":true}],"attachments":[],"parameters":[],"stepsCount":1,"attachmentsCount":1,"shouldDisplayMessage":false,"hasContent":true},{"name":"setUp_BeforeMethods","time":{"start":1656179514579,"stop":1656179515595,"duration":1016},"description":"","status":"passed","steps":[{"name":"Attempting to run remotely on: \"Linux-64 | GoogleChrome | http://localhost:4444/wd/hub\", Headless Execution.","time":{"start":1656179514581,"stop":1656179514582,"duration":1},"status":"passed","steps":[],"attachments":[],"parameters":[{"name":"logText","value":"Attempting to run remotely on: \"Linux-64 | GoogleChrome | http://localhost:4444/wd/hub\", Headless Execution."}],"stepsCount":0,"attachmentsCount":0,"shouldDisplayMessage":false,"hasContent":true},{"name":"Successfully Opened \"GoogleChrome\".","time":{"start":1656179515450,"stop":1656179515451,"duration":1},"status":"passed","steps":[],"attachments":[],"parameters":[{"name":"logText","value":"Successfully Opened \"GoogleChrome\"."}],"stepsCount":0,"attachmentsCount":0,"shouldDisplayMessage":false,"hasContent":true}],"attachments":[],"parameters":[],"stepsCount":2,"attachmentsCount":0,"shouldDisplayMessage":false,"hasContent":true}],"testStage":{"status":"failed","statusMessage":"Identify unique element failed \"zero elements found matching this locator \"By.xpath: //img[@alt='Google']\".\".","statusTrace":"java.lang.AssertionError: Identify unique element failed \"zero elements found matching this locator \"By.xpath: //img[@alt='Google']\".\".\n\tat org.testng.Assert.fail(Assert.java:110)\n\tat com.shaft.gui.element.WebDriverElementActions.failAction(WebDriverElementActions.java:1488)\n\tat com.shaft.gui.element.WebDriverElementActions.failAction(WebDriverElementActions.java:1317)\n\tat com.shaft.gui.element.WebDriverElementActions.identifyUniqueElement(WebDriverElementActions.java:1559)\n\tat com.shaft.gui.element.WebDriverElementActions.identifyUniqueElementIgnoringVisibility(WebDriverElementActions.java:1337)\n\tat com.shaft.gui.element.WebDriverElementActions.isElementDisplayed(WebDriverElementActions.java:838)\n\tat com.shaft.gui.element.ElementActions.isElementDisplayed(ElementActions.java:419)\n\tat pages.Google_Page.isGoogleLogoDisplayed(Google_Page.java:80)\n\tat Google_Test.checkGoogleLogoIsDisplayed(Google_Test.java:79)\n\tat java.base/jdk.internal.reflect.NativeMethodAccessorImpl.invoke0(Native Method)\n\tat java.base/jdk.internal.reflect.NativeMethodAccessorImpl.invoke(NativeMethodAccessorImpl.java:77)\n\tat java.base/jdk.internal.reflect.DelegatingMethodAccessorImpl.invoke(DelegatingMethodAccessorImpl.java:43)\n\tat java.base/java.lang.reflect.Method.invoke(Method.java:568)\n\tat org.testng.internal.invokers.MethodInvocationHelper.invokeMethod(MethodInvocationHelper.java:139)\n\tat org.testng.internal.invokers.TestInvoker.invokeMethod(TestInvoker.java:677)\n\tat org.testng.internal.invokers.TestInvoker.invokeTestMethod(TestInvoker.java:221)\n\tat org.testng.internal.invokers.MethodRunner.runInSequence(MethodRunner.java:50)\n\tat org.testng.internal.invokers.TestInvoker$MethodInvocationAgent.invoke(TestInvoker.java:962)\n\tat org.testng.internal.invokers.TestInvoker.invokeTestMethods(TestInvoker.java:194)\n\tat org.testng.internal.invokers.TestMethodWorker.invokeTestMethods(TestMethodWorker.java:148)\n\tat org.testng.internal.invokers.TestMethodWorker.run(TestMethodWorker.java:128)\n\tat java.base/java.util.ArrayList.forEach(ArrayList.java:1511)\n\tat org.testng.TestRunner.privateRun(TestRunner.java:806)\n\tat org.testng.TestRunner.run(TestRunner.java:601)\n\tat org.testng.SuiteRunner.runTest(SuiteRunner.java:433)\n\tat org.testng.SuiteRunner.runSequentially(SuiteRunner.java:427)\n\tat org.testng.SuiteRunner.privateRun(SuiteRunner.java:387)\n\tat org.testng.SuiteRunner.run(SuiteRunner.java:330)\n\tat org.testng.SuiteRunnerWorker.runSuite(SuiteRunnerWorker.java:52)\n\tat org.testng.SuiteRunnerWorker.run(SuiteRunnerWorker.java:95)\n\tat org.testng.TestNG.runSuitesSequentially(TestNG.java:1256)\n\tat org.testng.TestNG.runSuitesLocally(TestNG.java:1176)\n\tat org.testng.TestNG.runSuites(TestNG.java:1099)\n\tat org.testng.TestNG.run(TestNG.java:1067)\n\tat org.apache.maven.surefire.testng.TestNGExecutor.run(TestNGExecutor.java:151)\n\tat org.apache.maven.surefire.testng.TestNGDirectoryTestSuite.executeSingleClass(TestNGDirectoryTestSuite.java:111)\n\tat org.apache.maven.surefire.testng.TestNGDirectoryTestSuite.execute(TestNGDirectoryTestSuite.java:98)\n\tat org.apache.maven.surefire.testng.TestNGProvider.invoke(TestNGProvider.java:155)\n\tat org.apache.maven.surefire.booter.ForkedBooter.runSuitesInProcess(ForkedBooter.java:456)\n\tat org.apache.maven.surefire.booter.ForkedBooter.execute(ForkedBooter.java:169)\n\tat org.apache.maven.surefire.booter.ForkedBooter.run(ForkedBooter.java:595)\n\tat org.apache.maven.surefire.booter.ForkedBooter.main(ForkedBooter.java:581)\n","steps":[{"name":"Navigate to Home Page","time":{"start":1656179515602,"stop":1656179517207,"duration":1605},"status":"passed","steps":[{"name":"Navigate to url \"https://www.google.com/\".","time":{"start":1656179517206,"stop":1656179517207,"duration":1},"status":"passed","steps":[],"attachments":[],"parameters":[{"name":"logText","value":"Navigate to url \"https://www.google.com/\"."},{"name":"attachments","value":"[[]]"}],"stepsCount":0,"attachmentsCount":0,"shouldDisplayMessage":false,"hasContent":true}],"attachments":[],"parameters":[],"stepsCount":1,"attachmentsCount":0,"shouldDisplayMessage":false,"hasContent":true},{"name":"Check logo is displayed?","time":{"start":1656179517537,"stop":1656179543981,"duration":26444},"status":"failed","statusMessage":"Identify unique element failed \"zero elements found matching this locator \"By.xpath: //img[@alt='Google']\".\".","statusTrace":"java.lang.AssertionError: Identify unique element failed \"zero elements found matching this locator \"By.xpath: //img[@alt='Google']\".\".\n\tat org.testng.Assert.fail(Assert.java:110)\n\tat com.shaft.gui.element.WebDriverElementActions.failAction(WebDriverElementActions.java:1488)\n\tat com.shaft.gui.element.WebDriverElementActions.failAction(WebDriverElementActions.java:1317)\n\tat com.shaft.gui.element.WebDriverElementActions.identifyUniqueElement(WebDriverElementActions.java:1559)\n\tat com.shaft.gui.element.WebDriverElementActions.identifyUniqueElementIgnoringVisibility(WebDriverElementActions.java:1337)\n\tat com.shaft.gui.element.WebDriverElementActions.isElementDisplayed(WebDriverElementActions.java:838)\n\tat com.shaft.gui.element.ElementActions.isElementDisplayed(ElementActions.java:419)\n\tat pages.Google_Page.isGoogleLogoDisplayed(Google_Page.java:80)\n\tat Google_Test.checkGoogleLogoIsDisplayed(Google_Test.java:79)\n\tat java.base/jdk.internal.reflect.NativeMethodAccessorImpl.invoke0(Native Method)\n\tat java.base/jdk.internal.reflect.NativeMethodAccessorImpl.invoke(NativeMethodAccessorImpl.java:77)\n\tat java.base/jdk.internal.reflect.DelegatingMethodAccessorImpl.invoke(DelegatingMethodAccessorImpl.java:43)\n\tat java.base/java.lang.reflect.Method.invoke(Method.java:568)\n\tat org.testng.internal.invokers.MethodInvocationHelper.invokeMethod(MethodInvocationHelper.java:139)\n\tat org.testng.internal.invokers.TestInvoker.invokeMethod(TestInvoker.java:677)\n\tat org.testng.internal.invokers.TestInvoker.invokeTestMethod(TestInvoker.java:221)\n\tat org.testng.internal.invokers.MethodRunner.runInSequence(MethodRunner.java:50)\n\tat org.testng.internal.invokers.TestInvoker$MethodInvocationAgent.invoke(TestInvoker.java:962)\n\tat org.testng.internal.invokers.TestInvoker.invokeTestMethods(TestInvoker.java:194)\n\tat org.testng.internal.invokers.TestMethodWorker.invokeTestMethods(TestMethodWorker.java:148)\n\tat org.testng.internal.invokers.TestMethodWorker.run(TestMethodWorker.java:128)\n\tat java.base/java.util.ArrayList.forEach(ArrayList.java:1511)\n\tat org.testng.TestRunner.privateRun(TestRunner.java:806)\n\tat org.testng.TestRunner.run(TestRunner.java:601)\n\tat org.testng.SuiteRunner.runTest(SuiteRunner.java:433)\n\tat org.testng.SuiteRunner.runSequentially(SuiteRunner.java:427)\n\tat org.testng.SuiteRunner.privateRun(SuiteRunner.java:387)\n\tat org.testng.SuiteRunner.run(SuiteRunner.java:330)\n\tat org.testng.SuiteRunnerWorker.runSuite(SuiteRunnerWorker.java:52)\n\tat org.testng.SuiteRunnerWorker.run(SuiteRunnerWorker.java:95)\n\tat org.testng.TestNG.runSuitesSequentially(TestNG.java:1256)\n\tat org.testng.TestNG.runSuitesLocally(TestNG.java:1176)\n\tat org.testng.TestNG.runSuites(TestNG.java:1099)\n\tat org.testng.TestNG.run(TestNG.java:1067)\n\tat org.apache.maven.surefire.testng.TestNGExecutor.run(TestNGExecutor.java:151)\n\tat org.apache.maven.surefire.testng.TestNGDirectoryTestSuite.executeSingleClass(TestNGDirectoryTestSuite.java:111)\n\tat org.apache.maven.surefire.testng.TestNGDirectoryTestSuite.execute(TestNGDirectoryTestSuite.java:98)\n\tat org.apache.maven.surefire.testng.TestNGProvider.invoke(TestNGProvider.java:155)\n\tat org.apache.maven.surefire.booter.ForkedBooter.runSuitesInProcess(ForkedBooter.java:456)\n\tat org.apache.maven.surefire.booter.ForkedBooter.execute(ForkedBooter.java:169)\n\tat org.apache.maven.surefire.booter.ForkedBooter.run(ForkedBooter.java:595)\n\tat org.apache.maven.surefire.booter.ForkedBooter.main(ForkedBooter.java:581)\n","steps":[{"name":"Identify unique element failed \"zero elements found matching this locator \"By.xpath: //img[@alt='Google']\".\".","time":{"start":1656179543946,"stop":1656179543977,"duration":31},"status":"passed","steps":[],"attachments":[{"uid":"34411449b16e3470","name":"Screenshot - 1656179543522_checkGoogleLogoIsDisplayed_Identify unique element_failed","source":"34411449b16e3470.png","type":"image/png","size":220025}],"parameters":[{"name":"logText","value":"Identify unique element failed \"zero elements found matching this locator \"By.xpath: //img[@alt='Google']\".\"."},{"name":"attachments","value":"[[Screenshot, 1656179543522_checkGoogleLogoIsDisplayed_Identify unique element_failed, java.io.ByteArrayInputStream@7a085d02]]"}],"stepsCount":0,"attachmentsCount":1,"shouldDisplayMessage":false,"hasContent":true}],"attachments":[],"parameters":[{"name":"logoName","value":"googleLogo"}],"stepsCount":1,"attachmentsCount":1,"shouldDisplayMessage":true,"hasContent":true}],"attachments":[{"uid":"d1310511760fe977","name":"SHAFT Engine Logs - Current Method log: checkGoogleLogoIsDisplayed","source":"d1310511760fe977.txt","type":"text/plain","size":10611}],"parameters":[],"stepsCount":4,"attachmentsCount":2,"shouldDisplayMessage":false,"hasContent":true},"afterStages":[{"name":"teardownActivities","time":{"start":1656179735555,"stop":1656179737064,"duration":1509},"description":"","status":"passed","steps":[{"name":"Successfully Closed All Drivers.","time":{"start":1656179736616,"stop":1656179736618,"duration":2},"status":"passed","steps":[],"attachments":[],"parameters":[{"name":"logText","value":"Successfully Closed All Drivers."}],"stepsCount":0,"attachmentsCount":0,"shouldDisplayMessage":false,"hasContent":true},{"name":"Issue Summary: Total Issues = 2, New issues for Failed Tests = 1, Open issues for Passed Tests = 1, Open issues for Failed Tests = 0. Kindly check the attached Issue details.","time":{"start":1656179736626,"stop":1656179736627,"duration":1},"status":"passed","steps":[],"attachments":[{"uid":"76b21da1af82379b","name":"SHAFT Engine Logs - Issues log CSV: 20220625-175536","source":"76b21da1af82379b.csv","type":"text/csv","size":225}],"parameters":[{"name":"logText","value":"Issue Summary: Total Issues = 2, New issues for Failed Tests = 1, Open issues for Passed Tests = 1, Open issues for Failed Tests = 0. Kindly check the attached Issue details."},{"name":"attachments","value":"[[SHAFT Engine Logs, Issues log CSV: 20220625-175536, java.io.ByteArrayInputStream@4cee91b]]"}],"stepsCount":0,"attachmentsCount":1,"shouldDisplayMessage":false,"hasContent":true}],"attachments":[{"uid":"cf3f88eeac049f29","name":"SHAFT Engine Logs - Execution log: 20220625-175536","source":"cf3f88eeac049f29.txt","type":"text/plain","size":24760},{"uid":"f088ab8b7a323b81","name":"HTML - Extent Emailable Execution Report","source":"f088ab8b7a323b81.html","type":"text/html","size":892592}],"parameters":[],"stepsCount":2,"attachmentsCount":3,"shouldDisplayMessage":false,"hasContent":true}],"labels":[{"name":"package","value":"Google_Test"},{"name":"testClass","value":"Google_Test"},{"name":"testMethod","value":"checkGoogleLogoIsDisplayed"},{"name":"parentSuite","value":"Suite"},{"name":"suite","value":"Test"},{"name":"subSuite","value":"Google_Test"},{"name":"host","value":"fv-az213-287"},{"name":"thread","value":"3417@fv-az213-287.main(1)"},{"name":"framework","value":"testng"},{"name":"language","value":"java"},{"name":"severity","value":"critical"},{"name":"resultFormat","value":"allure2"}],"parameters":[],"links":[{"name":"Tc_002","url":"https:///Tc_002","type":"tms"},{"name":"https://www.google.com/ncr","url":"https://www.google.com/ncr","type":"custom"}],"hidden":false,"retry":false,"extra":{"severity":"critical","retries":[],"categories":[{"name":"Product defects","matchedStatuses":[],"flaky":false}],"tags":[]},"source":"cd4aefdb2d9583d5.json","parameterValues":[]}