{"uid":"c3b953334b3bd223","name":"searchForFourthResult","fullName":"Google_Test.searchForFourthResult","historyId":"430711a57f7f82a800764fc243f92fdc","time":{"start":1656790767724,"stop":1656790767726,"duration":2},"description":"- Open Mozilla Firefox\n- Navigate to [https://www.google.com/]\n- Search for [TestNG]\n- Assert that the text of the fourth result is [TestNG Tutorial]\n- Close Mozilla Firefox\n","descriptionHtml":"<ul>\n<li>Open Mozilla Firefox</li>\n<li>Navigate to [https://www.google.com/]</li>\n<li>Search for [TestNG]</li>\n<li>Assert that the text of the fourth result is [TestNG Tutorial]</li>\n<li>Close Mozilla Firefox</li>\n</ul>\n","status":"skipped","statusMessage":"Driver Factory Action \"createNewRemoteDriverInstance\" failed. With the following test data \"Unhandled Error.\".","statusTrace":"java.lang.AssertionError: Driver Factory Action \"createNewRemoteDriverInstance\" failed. With the following test data \"Unhandled Error.\".\n\tat org.testng.Assert.fail(Assert.java:98)\n\tat com.shaft.driver.DriverFactoryHelper.failAction(DriverFactoryHelper.java:305)\n\tat com.shaft.driver.DriverFactoryHelper.createNewRemoteDriverInstance(DriverFactoryHelper.java:654)\n\tat com.shaft.driver.DriverFactoryHelper.getDriver(DriverFactoryHelper.java:823)\n\tat com.shaft.driver.DriverFactoryHelper.getDriver(DriverFactoryHelper.java:160)\n\tat com.shaft.driver.DriverFactory.getDriver(DriverFactory.java:44)\n\tat Google_Test.setUp_FireFox(Google_Test.java:33)\n\tat java.base/jdk.internal.reflect.NativeMethodAccessorImpl.invoke0(Native Method)\n\tat java.base/jdk.internal.reflect.NativeMethodAccessorImpl.invoke(NativeMethodAccessorImpl.java:77)\n\tat java.base/jdk.internal.reflect.DelegatingMethodAccessorImpl.invoke(DelegatingMethodAccessorImpl.java:43)\n\tat java.base/java.lang.reflect.Method.invoke(Method.java:568)\n\tat org.testng.internal.invokers.MethodInvocationHelper.invokeMethod(MethodInvocationHelper.java:139)\n\tat org.testng.internal.invokers.MethodInvocationHelper.invokeMethodConsideringTimeout(MethodInvocationHelper.java:69)\n\tat org.testng.internal.invokers.ConfigInvoker.invokeConfigurationMethod(ConfigInvoker.java:361)\n\tat org.testng.internal.invokers.ConfigInvoker.invokeConfigurations(ConfigInvoker.java:296)\n\tat org.testng.internal.invokers.TestInvoker.runConfigMethods(TestInvoker.java:816)\n\tat org.testng.internal.invokers.TestInvoker.invokeMethod(TestInvoker.java:590)\n\tat org.testng.internal.invokers.TestInvoker.invokeTestMethod(TestInvoker.java:221)\n\tat org.testng.internal.invokers.MethodRunner.runInSequence(MethodRunner.java:50)\n\tat org.testng.internal.invokers.TestInvoker$MethodInvocationAgent.invoke(TestInvoker.java:962)\n\tat org.testng.internal.invokers.TestInvoker.invokeTestMethods(TestInvoker.java:194)\n\tat org.testng.internal.invokers.TestMethodWorker.invokeTestMethods(TestMethodWorker.java:148)\n\tat org.testng.internal.invokers.TestMethodWorker.run(TestMethodWorker.java:128)\n\tat java.base/java.util.ArrayList.forEach(ArrayList.java:1511)\n\tat org.testng.TestRunner.privateRun(TestRunner.java:806)\n\tat org.testng.TestRunner.run(TestRunner.java:601)\n\tat org.testng.SuiteRunner.runTest(SuiteRunner.java:433)\n\tat org.testng.SuiteRunner.runSequentially(SuiteRunner.java:427)\n\tat org.testng.SuiteRunner.privateRun(SuiteRunner.java:387)\n\tat org.testng.SuiteRunner.run(SuiteRunner.java:330)\n\tat org.testng.SuiteRunnerWorker.runSuite(SuiteRunnerWorker.java:52)\n\tat org.testng.SuiteRunnerWorker.run(SuiteRunnerWorker.java:95)\n\tat org.testng.TestNG.runSuitesSequentially(TestNG.java:1256)\n\tat org.testng.TestNG.runSuitesLocally(TestNG.java:1176)\n\tat org.testng.TestNG.runSuites(TestNG.java:1099)\n\tat org.testng.TestNG.run(TestNG.java:1067)\n\tat org.apache.maven.surefire.testng.TestNGExecutor.run(TestNGExecutor.java:151)\n\tat org.apache.maven.surefire.testng.TestNGDirectoryTestSuite.executeSingleClass(TestNGDirectoryTestSuite.java:111)\n\tat org.apache.maven.surefire.testng.TestNGDirectoryTestSuite.execute(TestNGDirectoryTestSuite.java:98)\n\tat org.apache.maven.surefire.testng.TestNGProvider.invoke(TestNGProvider.java:155)\n\tat org.apache.maven.surefire.booter.ForkedBooter.runSuitesInProcess(ForkedBooter.java:456)\n\tat org.apache.maven.surefire.booter.ForkedBooter.execute(ForkedBooter.java:169)\n\tat org.apache.maven.surefire.booter.ForkedBooter.run(ForkedBooter.java:595)\n\tat org.apache.maven.surefire.booter.ForkedBooter.main(ForkedBooter.java:581)\nCaused by: org.openqa.selenium.SessionNotCreatedException: Could not start a new session. Possible causes are invalid address of the remote server or browser start-up failure.\n\tat org.openqa.selenium.remote.RemoteWebDriver.execute(RemoteWebDriver.java:587)\n\tat org.openqa.selenium.remote.RemoteWebDriver.startSession(RemoteWebDriver.java:264)\n\tat org.openqa.selenium.remote.RemoteWebDriver.<init>(RemoteWebDriver.java:179)\n\tat org.openqa.selenium.remote.RemoteWebDriver.<init>(RemoteWebDriver.java:161)\n\tat com.shaft.driver.DriverFactoryHelper.setValueToRemoteDriverInstance(DriverFactoryHelper.java:666)\n\tat com.shaft.driver.DriverFactoryHelper.createNewRemoteDriverInstance(DriverFactoryHelper.java:640)\n\t... 41 more\nCaused by: org.openqa.selenium.TimeoutException: java.util.concurrent.TimeoutException\nBuild info: version: '4.3.0', revision: 'a4995e2c09*'\nSystem info: host: 'fv-az502-359', ip: '10.1.0.49', os.name: 'Linux', os.arch: 'amd64', os.version: '5.13.0-1031-azure', java.version: '17.0.3'\nDriver info: driver.version: RemoteWebDriver\n\tat org.openqa.selenium.remote.http.netty.NettyHttpHandler.makeCall(NettyHttpHandler.java:65)\n\tat org.openqa.selenium.remote.http.AddSeleniumUserAgent.lambda$apply$0(AddSeleniumUserAgent.java:42)\n\tat org.openqa.selenium.remote.http.Filter.lambda$andFinally$1(Filter.java:56)\n\tat org.openqa.selenium.remote.http.netty.NettyHttpHandler.execute(NettyHttpHandler.java:49)\n\tat org.openqa.selenium.remote.http.AddSeleniumUserAgent.lambda$apply$0(AddSeleniumUserAgent.java:42)\n\tat org.openqa.selenium.remote.http.Filter.lambda$andFinally$1(Filter.java:56)\n\tat org.openqa.selenium.remote.http.netty.NettyClient.execute(NettyClient.java:98)\n\tat org.openqa.selenium.remote.tracing.TracedHttpClient.execute(TracedHttpClient.java:55)\n\tat org.openqa.selenium.remote.ProtocolHandshake.createSession(ProtocolHandshake.java:120)\n\tat org.openqa.selenium.remote.ProtocolHandshake.createSession(ProtocolHandshake.java:102)\n\tat org.openqa.selenium.remote.ProtocolHandshake.createSession(ProtocolHandshake.java:67)\n\tat org.openqa.selenium.remote.HttpCommandExecutor.execute(HttpCommandExecutor.java:156)\n\tat org.openqa.selenium.remote.TracedCommandExecutor.execute(TracedCommandExecutor.java:51)\n\tat org.openqa.selenium.remote.RemoteWebDriver.execute(RemoteWebDriver.java:569)\n\t... 46 more\nCaused by: java.util.concurrent.TimeoutException\n\tat java.base/java.util.concurrent.CompletableFuture.timedGet(CompletableFuture.java:1960)\n\tat java.base/java.util.concurrent.CompletableFuture.get(CompletableFuture.java:2095)\n\tat org.asynchttpclient.netty.NettyResponseFuture.get(NettyResponseFuture.java:206)\n\tat org.openqa.selenium.remote.http.netty.NettyHttpHandler.makeCall(NettyHttpHandler.java:59)\n\t... 59 more\n","flaky":false,"newFailed":false,"newBroken":false,"newPassed":false,"retriesCount":0,"retriesStatusChange":false,"beforeStages":[{"name":"setupActivities","time":{"start":1656790568241,"stop":1656790569140,"duration":899},"description":"","status":"passed","steps":[{"name":"Folder \"extent-reports\" was not found, it may have already been deleted.","time":{"start":1656790568372,"stop":1656790568376,"duration":4},"status":"passed","steps":[],"attachments":[],"parameters":[{"name":"logText","value":"Folder \"extent-reports\" was not found, it may have already been deleted."}],"stepsCount":0,"attachmentsCount":0,"shouldDisplayMessage":false,"hasContent":true}],"attachments":[{"uid":"22c70be16b5a5156","name":"SHAFT Links - Important","source":"22c70be16b5a5156.uri","type":"text/uri-list","size":334},{"uid":"16d3e722c9413c8","name":"Properties - ExecutionPlatform","source":"16d3e722c9413c8.properties","type":"text/plain","size":419},{"uid":"28d4819d712c032a","name":"Properties - cucumber","source":"28d4819d712c032a.properties","type":"text/plain","size":1316},{"uid":"ef8f08c1ba26bec2","name":"Properties - tinkey","source":"ef8f08c1ba26bec2.properties","type":"text/plain","size":1579},{"uid":"2897d5eff9e8fb32","name":"Properties - Reporting","source":"2897d5eff9e8fb32.properties","type":"text/plain","size":614},{"uid":"7a2b167e2812191b","name":"Properties - MobileCapabilities","source":"7a2b167e2812191b.properties","type":"text/plain","size":470},{"uid":"a4771f213a464673","name":"Properties - healenium","source":"a4771f213a464673.properties","type":"text/plain","size":115},{"uid":"8622f69650227ef0","name":"Properties - VisualValidations","source":"8622f69650227ef0.properties","type":"text/plain","size":711},{"uid":"47db39af96381da9","name":"Properties - JiraXRay","source":"47db39af96381da9.properties","type":"text/plain","size":793},{"uid":"b7c1aea5e0e47e37","name":"Properties - browserStack","source":"b7c1aea5e0e47e37.properties","type":"text/plain","size":1606},{"uid":"358299bace4954cb","name":"Properties - pattern","source":"358299bace4954cb.properties","type":"text/plain","size":566},{"uid":"2b7d223fc2981625","name":"Properties - path","source":"2b7d223fc2981625.properties","type":"text/plain","size":687},{"uid":"a6f3b7a5767cd380","name":"Properties - testNG","source":"a6f3b7a5767cd380.properties","type":"text/plain","size":492},{"uid":"ed9f789f6e63bf2","name":"Properties - PlatformFlags","source":"ed9f789f6e63bf2.properties","type":"text/plain","size":765},{"uid":"4cf5d7cf559406bb","name":"Properties - Timeouts","source":"4cf5d7cf559406bb.properties","type":"text/plain","size":722},{"uid":"72bba061db8c4737","name":"Properties - project","source":"72bba061db8c4737.properties","type":"text/plain","size":299},{"uid":"b3bc5a833ad9e758","name":"Properties - video","source":"b3bc5a833ad9e758.properties","type":"text/plain","size":763}],"parameters":[],"stepsCount":1,"attachmentsCount":17,"shouldDisplayMessage":false,"hasContent":true},{"name":"serTestData","time":{"start":1656790569186,"stop":1656790569191,"duration":5},"description":"","status":"passed","steps":[{"name":"Loaded Test Data: \"src/test/resources/testDataFiles/google_testData/google.json\".","time":{"start":1656790569189,"stop":1656790569191,"duration":2},"status":"passed","steps":[],"attachments":[{"uid":"ce986466efc589ce","name":"Test Data - JSON","source":"ce986466efc589ce.json","type":"text/json","size":543}],"parameters":[{"name":"logText","value":"Loaded Test Data: \"src/test/resources/testDataFiles/google_testData/google.json\"."},{"name":"attachments","value":"[[Test Data, JSON, java.io.FileInputStream@682e422c]]"}],"stepsCount":0,"attachmentsCount":1,"shouldDisplayMessage":false,"hasContent":true}],"attachments":[],"parameters":[],"stepsCount":1,"attachmentsCount":1,"shouldDisplayMessage":false,"hasContent":true},{"name":"setUp_FireFox","time":{"start":1656790587677,"stop":1656790767717,"duration":180040},"description":"","status":"failed","statusMessage":"Driver Factory Action \"createNewRemoteDriverInstance\" failed. With the following test data \"Unhandled Error.\".","statusTrace":"java.lang.AssertionError: Driver Factory Action \"createNewRemoteDriverInstance\" failed. With the following test data \"Unhandled Error.\".\n\tat org.testng.Assert.fail(Assert.java:98)\n\tat com.shaft.driver.DriverFactoryHelper.failAction(DriverFactoryHelper.java:305)\n\tat com.shaft.driver.DriverFactoryHelper.createNewRemoteDriverInstance(DriverFactoryHelper.java:654)\n\tat com.shaft.driver.DriverFactoryHelper.getDriver(DriverFactoryHelper.java:823)\n\tat com.shaft.driver.DriverFactoryHelper.getDriver(DriverFactoryHelper.java:160)\n\tat com.shaft.driver.DriverFactory.getDriver(DriverFactory.java:44)\n\tat Google_Test.setUp_FireFox(Google_Test.java:33)\n\tat java.base/jdk.internal.reflect.NativeMethodAccessorImpl.invoke0(Native Method)\n\tat java.base/jdk.internal.reflect.NativeMethodAccessorImpl.invoke(NativeMethodAccessorImpl.java:77)\n\tat java.base/jdk.internal.reflect.DelegatingMethodAccessorImpl.invoke(DelegatingMethodAccessorImpl.java:43)\n\tat java.base/java.lang.reflect.Method.invoke(Method.java:568)\n\tat org.testng.internal.invokers.MethodInvocationHelper.invokeMethod(MethodInvocationHelper.java:139)\n\tat org.testng.internal.invokers.MethodInvocationHelper.invokeMethodConsideringTimeout(MethodInvocationHelper.java:69)\n\tat org.testng.internal.invokers.ConfigInvoker.invokeConfigurationMethod(ConfigInvoker.java:361)\n\tat org.testng.internal.invokers.ConfigInvoker.invokeConfigurations(ConfigInvoker.java:296)\n\tat org.testng.internal.invokers.TestInvoker.runConfigMethods(TestInvoker.java:816)\n\tat org.testng.internal.invokers.TestInvoker.invokeMethod(TestInvoker.java:590)\n\tat org.testng.internal.invokers.TestInvoker.invokeTestMethod(TestInvoker.java:221)\n\tat org.testng.internal.invokers.MethodRunner.runInSequence(MethodRunner.java:50)\n\tat org.testng.internal.invokers.TestInvoker$MethodInvocationAgent.invoke(TestInvoker.java:962)\n\tat org.testng.internal.invokers.TestInvoker.invokeTestMethods(TestInvoker.java:194)\n\tat org.testng.internal.invokers.TestMethodWorker.invokeTestMethods(TestMethodWorker.java:148)\n\tat org.testng.internal.invokers.TestMethodWorker.run(TestMethodWorker.java:128)\n\tat java.base/java.util.ArrayList.forEach(ArrayList.java:1511)\n\tat org.testng.TestRunner.privateRun(TestRunner.java:806)\n\tat org.testng.TestRunner.run(TestRunner.java:601)\n\tat org.testng.SuiteRunner.runTest(SuiteRunner.java:433)\n\tat org.testng.SuiteRunner.runSequentially(SuiteRunner.java:427)\n\tat org.testng.SuiteRunner.privateRun(SuiteRunner.java:387)\n\tat org.testng.SuiteRunner.run(SuiteRunner.java:330)\n\tat org.testng.SuiteRunnerWorker.runSuite(SuiteRunnerWorker.java:52)\n\tat org.testng.SuiteRunnerWorker.run(SuiteRunnerWorker.java:95)\n\tat org.testng.TestNG.runSuitesSequentially(TestNG.java:1256)\n\tat org.testng.TestNG.runSuitesLocally(TestNG.java:1176)\n\tat org.testng.TestNG.runSuites(TestNG.java:1099)\n\tat org.testng.TestNG.run(TestNG.java:1067)\n\tat org.apache.maven.surefire.testng.TestNGExecutor.run(TestNGExecutor.java:151)\n\tat org.apache.maven.surefire.testng.TestNGDirectoryTestSuite.executeSingleClass(TestNGDirectoryTestSuite.java:111)\n\tat org.apache.maven.surefire.testng.TestNGDirectoryTestSuite.execute(TestNGDirectoryTestSuite.java:98)\n\tat org.apache.maven.surefire.testng.TestNGProvider.invoke(TestNGProvider.java:155)\n\tat org.apache.maven.surefire.booter.ForkedBooter.runSuitesInProcess(ForkedBooter.java:456)\n\tat org.apache.maven.surefire.booter.ForkedBooter.execute(ForkedBooter.java:169)\n\tat org.apache.maven.surefire.booter.ForkedBooter.run(ForkedBooter.java:595)\n\tat org.apache.maven.surefire.booter.ForkedBooter.main(ForkedBooter.java:581)\nCaused by: org.openqa.selenium.SessionNotCreatedException: Could not start a new session. Possible causes are invalid address of the remote server or browser start-up failure.\n\tat org.openqa.selenium.remote.RemoteWebDriver.execute(RemoteWebDriver.java:587)\n\tat org.openqa.selenium.remote.RemoteWebDriver.startSession(RemoteWebDriver.java:264)\n\tat org.openqa.selenium.remote.RemoteWebDriver.<init>(RemoteWebDriver.java:179)\n\tat org.openqa.selenium.remote.RemoteWebDriver.<init>(RemoteWebDriver.java:161)\n\tat com.shaft.driver.DriverFactoryHelper.setValueToRemoteDriverInstance(DriverFactoryHelper.java:666)\n\tat com.shaft.driver.DriverFactoryHelper.createNewRemoteDriverInstance(DriverFactoryHelper.java:640)\n\t... 41 more\nCaused by: org.openqa.selenium.TimeoutException: java.util.concurrent.TimeoutException\nBuild info: version: '4.3.0', revision: 'a4995e2c09*'\nSystem info: host: 'fv-az502-359', ip: '10.1.0.49', os.name: 'Linux', os.arch: 'amd64', os.version: '5.13.0-1031-azure', java.version: '17.0.3'\nDriver info: driver.version: RemoteWebDriver\n\tat org.openqa.selenium.remote.http.netty.NettyHttpHandler.makeCall(NettyHttpHandler.java:65)\n\tat org.openqa.selenium.remote.http.AddSeleniumUserAgent.lambda$apply$0(AddSeleniumUserAgent.java:42)\n\tat org.openqa.selenium.remote.http.Filter.lambda$andFinally$1(Filter.java:56)\n\tat org.openqa.selenium.remote.http.netty.NettyHttpHandler.execute(NettyHttpHandler.java:49)\n\tat org.openqa.selenium.remote.http.AddSeleniumUserAgent.lambda$apply$0(AddSeleniumUserAgent.java:42)\n\tat org.openqa.selenium.remote.http.Filter.lambda$andFinally$1(Filter.java:56)\n\tat org.openqa.selenium.remote.http.netty.NettyClient.execute(NettyClient.java:98)\n\tat org.openqa.selenium.remote.tracing.TracedHttpClient.execute(TracedHttpClient.java:55)\n\tat org.openqa.selenium.remote.ProtocolHandshake.createSession(ProtocolHandshake.java:120)\n\tat org.openqa.selenium.remote.ProtocolHandshake.createSession(ProtocolHandshake.java:102)\n\tat org.openqa.selenium.remote.ProtocolHandshake.createSession(ProtocolHandshake.java:67)\n\tat org.openqa.selenium.remote.HttpCommandExecutor.execute(HttpCommandExecutor.java:156)\n\tat org.openqa.selenium.remote.TracedCommandExecutor.execute(TracedCommandExecutor.java:51)\n\tat org.openqa.selenium.remote.RemoteWebDriver.execute(RemoteWebDriver.java:569)\n\t... 46 more\nCaused by: java.util.concurrent.TimeoutException\n\tat java.base/java.util.concurrent.CompletableFuture.timedGet(CompletableFuture.java:1960)\n\tat java.base/java.util.concurrent.CompletableFuture.get(CompletableFuture.java:2095)\n\tat org.asynchttpclient.netty.NettyResponseFuture.get(NettyResponseFuture.java:206)\n\tat org.openqa.selenium.remote.http.netty.NettyHttpHandler.makeCall(NettyHttpHandler.java:59)\n\t... 59 more\n","steps":[{"name":"Attempting to run remotely on: \"Linux-64 | MozillaFirefox | http://localhost:4444/wd/hub\", Headless Execution.","time":{"start":1656790587696,"stop":1656790587696,"duration":0},"status":"passed","steps":[],"attachments":[],"parameters":[{"name":"logText","value":"Attempting to run remotely on: \"Linux-64 | MozillaFirefox | http://localhost:4444/wd/hub\", Headless Execution."}],"stepsCount":0,"attachmentsCount":0,"shouldDisplayMessage":false,"hasContent":true},{"name":"An Exception Occured with this Message: Could not start a new session. Possible causes are invalid address of the remote server or browser start-up failure..","time":{"start":1656790767714,"stop":1656790767714,"duration":0},"status":"passed","steps":[],"attachments":[{"uid":"6b109609ece43670","name":"Exception Stack Trace - org.openqa.selenium.SessionNotCreatedException","source":"6b109609ece43670.txt","type":"text/plain","size":13673}],"parameters":[{"name":"logText","value":"An Exception Occured with this Message: Could not start a new session. Possible causes are invalid address of the remote server or browser start-up failure.."},{"name":"attachments","value":"[[Exception Stack Trace, org.openqa.selenium.SessionNotCreatedException, org.openqa.selenium.SessionNotCreatedException:\nCould not start a new session. Possible causes are invalid address of the remote server or browser start-up failure.\norg.openqa.selenium.remote.RemoteWebDriver.execute(RemoteWebDriver.java:587)\norg.openqa.selenium.remote.RemoteWebDriver.startSession(RemoteWebDriver.java:264)\norg.openqa.selenium.remote.RemoteWebDriver.<init>(RemoteWebDriver.java:179)\norg.openqa.selenium.remote.RemoteWebDriver.<init>(RemoteWebDriver.java:161)\ncom.shaft.driver.DriverFactoryHelper.setValueToRemoteDriverInstance(DriverFactoryHelper.java:666)\ncom.shaft.driver.DriverFactoryHelper.createNewRemoteDriverInstance(DriverFactoryHelper.java:640)\ncom.shaft.driver.DriverFactoryHelper.getDriver(DriverFactoryHelper.java:823)\ncom.shaft.driver.DriverFactoryHelper.getDriver(DriverFactoryHelper.java:160)\ncom.shaft.driver.DriverFactory.getDriver(DriverFactory.java:44)\nGoogle_Test.setUp_FireFox(Google_Test.java:33)\njava.base/jdk.internal.reflect.NativeMethodAccessorImpl.invoke0(Native Method)\njava.base/jdk.internal.reflect.NativeMethodAccessorImpl.invoke(NativeMethodAccessorImpl.java:77)\njava.base/jdk.internal.reflect.DelegatingMethodAccessorImpl.invoke(DelegatingMethodAccessorImpl.java:43)\njava.base/java.lang.reflect.Method.invoke(Method.java:568)\norg.testng.internal.invokers.MethodInvocationHelper.invokeMethod(MethodInvocationHelper.java:139)\norg.testng.internal.invokers.MethodInvocationHelper.invokeMethodConsideringTimeout(MethodInvocationHelper.java:69)\norg.testng.internal.invokers.ConfigInvoker.invokeConfigurationMethod(ConfigInvoker.java:361)\norg.testng.internal.invokers.ConfigInvoker.invokeConfigurations(ConfigInvoker.java:296)\norg.testng.internal.invokers.TestInvoker.runConfigMethods(TestInvoker.java:816)\norg.testng.internal.invokers.TestInvoker.invokeMethod(TestInvoker.java:590)\norg.testng.internal.invokers.TestInvoker.invokeTestMethod(TestInvoker.java:221)\norg.testng.internal.invokers.MethodRunner.runInSequence(MethodRunner.java:50)\norg.testng.internal.invokers.TestInvoker$MethodInvocationAgent.invoke(TestInvoker.java:962)\norg.testng.internal.invokers.TestInvoker.invokeTestMethods(TestInvoker.java:194)\norg.testng.internal.invokers.TestMethodWorker.invokeTestMethods(TestMethodWorker.java:148)\norg.testng.internal.invokers.TestMethodWorker.run(TestMethodWorker.java:128)\njava.base/java.util.ArrayList.forEach(ArrayList.java:1511)\norg.testng.TestRunner.privateRun(TestRunner.java:806)\norg.testng.TestRunner.run(TestRunner.java:601)\norg.testng.SuiteRunner.runTest(SuiteRunner.java:433)\norg.testng.SuiteRunner.runSequentially(SuiteRunner.java:427)\norg.testng.SuiteRunner.privateRun(SuiteRunner.java:387)\norg.testng.SuiteRunner.run(SuiteRunner.java:330)\norg.testng.SuiteRunnerWorker.runSuite(SuiteRunnerWorker.java:52)\norg.testng.SuiteRunnerWorker.run(SuiteRunnerWorker.java:95)\norg.testng.TestNG.runSuitesSequentially(TestNG.java:1256)\norg.testng.TestNG.runSuitesLocally(TestNG.java:1176)\norg.testng.TestNG.runSuites(TestNG.java:1099)\norg.testng.TestNG.run(TestNG.java:1067)\norg.apache.maven.surefire.testng.TestNGExecutor.run(TestNGExecutor.java:151)\norg.apache.maven.surefire.testng.TestNGDirectoryTestSuite.executeSingleClass(TestNGDirectoryTestSuite.java:111)\norg.apache.maven.surefire.testng.TestNGDirectoryTestSuite.execute(TestNGDirectoryTestSuite.java:98)\norg.apache.maven.surefire.testng.TestNGProvider.invoke(TestNGProvider.java:155)\norg.apache.maven.surefire.booter.ForkedBooter.runSuitesInProcess(ForkedBooter.java:456)\norg.apache.maven.surefire.booter.ForkedBooter.execute(ForkedBooter.java:169)\norg.apache.maven.surefire.booter.ForkedBooter.run(ForkedBooter.java:595)\norg.apache.maven.surefire.booter.ForkedBooter.main(ForkedBooter.java:581)\n\nCaused by: org.openqa.selenium.TimeoutException:\njava.util.concurrent.TimeoutException\nBuild info: version: '4.3.0', revision: 'a4995e2c09*'\nSystem info: host: 'fv-az502-359', ip: '10.1.0.49', os.name: 'Linux', os.arch: 'amd64', os.version: '5.13.0-1031-azure', java.version: '17.0.3'\nDriver info: driver.version: RemoteWebDriver\norg.openqa.selenium.remote.http.netty.NettyHttpHandler.makeCall(NettyHttpHandler.java:65)\norg.openqa.selenium.remote.http.AddSeleniumUserAgent.lambda$apply$0(AddSeleniumUserAgent.java:42)\norg.openqa.selenium.remote.http.Filter.lambda$andFinally$1(Filter.java:56)\norg.openqa.selenium.remote.http.netty.NettyHttpHandler.execute(NettyHttpHandler.java:49)\norg.openqa.selenium.remote.http.AddSeleniumUserAgent.lambda$apply$0(AddSeleniumUserAgent.java:42)\norg.openqa.selenium.remote.http.Filter.lambda$andFinally$1(Filter.java:56)\norg.openqa.selenium.remote.http.netty.NettyClient.execute(NettyClient.java:98)\norg.openqa.selenium.remote.tracing.TracedHttpClient.execute(TracedHttpClient.java:55)\norg.openqa.selenium.remote.ProtocolHandshake.createSession(ProtocolHandshake.java:120)\norg.openqa.selenium.remote.ProtocolHandshake.createSession(ProtocolHandshake.java:102)\norg.openqa.selenium.remote.ProtocolHandshake.createSession(ProtocolHandshake.java:67)\norg.openqa.selenium.remote.HttpCommandExecutor.execute(HttpCommandExecutor.java:156)\norg.openqa.selenium.remote.TracedCommandExecutor.execute(TracedCommandExecutor.java:51)\norg.openqa.selenium.remote.RemoteWebDriver.execute(RemoteWebDriver.java:569)\norg.openqa.selenium.remote.RemoteWebDriver.startSession(RemoteWebDriver.java:264)\norg.openqa.selenium.remote.RemoteWebDriver.<init>(RemoteWebDriver.java:179)\norg.openqa.selenium.remote.RemoteWebDriver.<init>(RemoteWebDriver.java:161)\ncom.shaft.driver.DriverFactoryHelper.setValueToRemoteDriverInstance(DriverFactoryHelper.java:666)\ncom.shaft.driver.DriverFactoryHelper.createNewRemoteDriverInstance(DriverFactoryHelper.java:640)\ncom.shaft.driver.DriverFactoryHelper.getDriver(DriverFactoryHelper.java:823)\ncom.shaft.driver.DriverFactoryHelper.getDriver(DriverFactoryHelper.java:160)\ncom.shaft.driver.DriverFactory.getDriver(DriverFactory.java:44)\nGoogle_Test.setUp_FireFox(Google_Test.java:33)\njava.base/jdk.internal.reflect.NativeMethodAccessorImpl.invoke0(Native Method)\njava.base/jdk.internal.reflect.NativeMethodAccessorImpl.invoke(NativeMethodAccessorImpl.java:77)\njava.base/jdk.internal.reflect.DelegatingMethodAccessorImpl.invoke(DelegatingMethodAccessorImpl.java:43)\njava.base/java.lang.reflect.Method.invoke(Method.java:568)\norg.testng.internal.invokers.MethodInvocationHelper.invokeMethod(MethodInvocationHelper.java:139)\norg.testng.internal.invokers.MethodInvocationHelper.invokeMethodConsideringTimeout(MethodInvocationHelper.java:69)\norg.testng.internal.invokers.ConfigInvoker.invokeConfigurationMethod(ConfigInvoker.java:361)\norg.testng.internal.invokers.ConfigInvoker.invokeConfigurations(ConfigInvoker.java:296)\norg.testng.internal.invokers.TestInvoker.runConfigMethods(TestInvoker.java:816)\norg.testng.internal.invokers.TestInvoker.invokeMethod(TestInvoker.java:590)\norg.testng.internal.invokers.TestInvoker.invokeTestMethod(TestInvoker.java:221)\norg.testng.internal.invokers.MethodRunner.runInSequence(MethodRunner.java:50)\norg.testng.internal.invokers.TestInvoker$MethodInvocationAgent.invoke(TestInvoker.java:962)\norg.testng.internal.invokers.TestInvoker.invokeTestMethods(TestInvoker.java:194)\norg.testng.internal.invokers.TestMethodWorker.invokeTestMethods(TestMethodWorker.java:148)\norg.testng.internal.invokers.TestMethodWorker.run(TestMethodWorker.java:128)\njava.base/java.util.ArrayList.forEach(ArrayList.java:1511)\norg.testng.TestRunner.privateRun(TestRunner.java:806)\norg.testng.TestRunner.run(TestRunner.java:601)\norg.testng.SuiteRunner.runTest(SuiteRunner.java:433)\norg.testng.SuiteRunner.runSequentially(SuiteRunner.java:427)\norg.testng.SuiteRunner.privateRun(SuiteRunner.java:387)\norg.testng.SuiteRunner.run(SuiteRunner.java:330)\norg.testng.SuiteRunnerWorker.runSuite(SuiteRunnerWorker.java:52)\norg.testng.SuiteRunnerWorker.run(SuiteRunnerWorker.java:95)\norg.testng.TestNG.runSuitesSequentially(TestNG.java:1256)\norg.testng.TestNG.runSuitesLocally(TestNG.java:1176)\norg.testng.TestNG.runSuites(TestNG.java:1099)\norg.testng.TestNG.run(TestNG.java:1067)\norg.apache.maven.surefire.testng.TestNGExecutor.run(TestNGExecutor.java:151)\norg.apache.maven.surefire.testng.TestNGDirectoryTestSuite.executeSingleClass(TestNGDirectoryTestSuite.java:111)\norg.apache.maven.surefire.testng.TestNGDirectoryTestSuite.execute(TestNGDirectoryTestSuite.java:98)\norg.apache.maven.surefire.testng.TestNGProvider.invoke(TestNGProvider.java:155)\norg.apache.maven.surefire.booter.ForkedBooter.runSuitesInProcess(ForkedBooter.java:456)\norg.apache.maven.surefire.booter.ForkedBooter.execute(ForkedBooter.java:169)\norg.apache.maven.surefire.booter.ForkedBooter.run(ForkedBooter.java:595)\norg.apache.maven.surefire.booter.ForkedBooter.main(ForkedBooter.java:581)\n\nCaused by: java.util.concurrent.TimeoutException:\nnull\njava.base/java.util.concurrent.CompletableFuture.timedGet(CompletableFuture.java:1960)\njava.base/java.util.concurrent.CompletableFuture.get(CompletableFuture.java:2095)\norg.asynchttpclient.netty.NettyResponseFuture.get(NettyResponseFuture.java:206)\norg.openqa.selenium.remote.http.netty.NettyHttpHandler.makeCall(NettyHttpHandler.java:59)\norg.openqa.selenium.remote.http.AddSeleniumUserAgent.lambda$apply$0(AddSeleniumUserAgent.java:42)\norg.openqa.selenium.remote.http.Filter.lambda$andFinally$1(Filter.java:56)\norg.openqa.selenium.remote.http.netty.NettyHttpHandler.execute(NettyHttpHandler.java:49)\norg.openqa.selenium.remote.http.AddSeleniumUserAgent.lambda$apply$0(AddSeleniumUserAgent.java:42)\norg.openqa.selenium.remote.http.Filter.lambda$andFinally$1(Filter.java:56)\norg.openqa.selenium.remote.http.netty.NettyClient.execute(NettyClient.java:98)\norg.openqa.selenium.remote.tracing.TracedHttpClient.execute(TracedHttpClient.java:55)\norg.openqa.selenium.remote.ProtocolHandshake.createSession(ProtocolHandshake.java:120)\norg.openqa.selenium.remote.ProtocolHandshake.createSession(ProtocolHandshake.java:102)\norg.openqa.selenium.remote.ProtocolHandshake.createSession(ProtocolHandshake.java:67)\norg.openqa.selenium.remote.HttpCommandExecutor.execute(HttpCommandExecutor.java:156)\norg.openqa.selenium.remote.TracedCommandExecutor.execute(TracedCommandExecutor.java:51)\norg.openqa.selenium.remote.RemoteWebDriver.execute(RemoteWebDriver.java:569)\norg.openqa.selenium.remote.RemoteWebDriver.startSession(RemoteWebDriver.java:264)\norg.openqa.selenium.remote.RemoteWebDriver.<init>(RemoteWebDriver.java:179)\norg.openqa.selenium.remote.RemoteWebDriver.<init>(RemoteWebDriver.java:161)\ncom.shaft.driver.DriverFactoryHelper.setValueToRemoteDriverInstance(DriverFactoryHelper.java:666)\ncom.shaft.driver.DriverFactoryHelper.createNewRemoteDriverInstance(DriverFactoryHelper.java:640)\ncom.shaft.driver.DriverFactoryHelper.getDriver(DriverFactoryHelper.java:823)\ncom.shaft.driver.DriverFactoryHelper.getDriver(DriverFactoryHelper.java:160)\ncom.shaft.driver.DriverFactory.getDriver(DriverFactory.java:44)\nGoogle_Test.setUp_FireFox(Google_Test.java:33)\njava.base/jdk.internal.reflect.NativeMethodAccessorImpl.invoke0(Native Method)\njava.base/jdk.internal.reflect.NativeMethodAccessorImpl.invoke(NativeMethodAccessorImpl.java:77)\njava.base/jdk.internal.reflect.DelegatingMethodAccessorImpl.invoke(DelegatingMethodAccessorImpl.java:43)\njava.base/java.lang.reflect.Method.invoke(Method.java:568)\norg.testng.internal.invokers.MethodInvocationHelper.invokeMethod(MethodInvocationHelper.java:139)\norg.testng.internal.invokers.MethodInvocationHelper.invokeMethodConsideringTimeout(MethodInvocationHelper.java:69)\norg.testng.internal.invokers.ConfigInvoker.invokeConfigurationMethod(ConfigInvoker.java:361)\norg.testng.internal.invokers.ConfigInvoker.invokeConfigurations(ConfigInvoker.java:296)\norg.testng.internal.invokers.TestInvoker.runConfigMethods(TestInvoker.java:816)\norg.testng.internal.invokers.TestInvoker.invokeMethod(TestInvoker.java:590)\norg.testng.internal.invokers.TestInvoker.invokeTestMethod(TestInvoker.java:221)\norg.testng.internal.invokers.MethodRunner.runInSequence(MethodRunner.java:50)\norg.testng.internal.invokers.TestInvoker$MethodInvocationAgent.invoke(TestInvoker.java:962)\norg.testng.internal.invokers.TestInvoker.invokeTestMethods(TestInvoker.java:194)\norg.testng.internal.invokers.TestMethodWorker.invokeTestMethods(TestMethodWorker.java:148)\norg.testng.internal.invokers.TestMethodWorker.run(TestMethodWorker.java:128)\njava.base/java.util.ArrayList.forEach(ArrayList.java:1511)\norg.testng.TestRunner.privateRun(TestRunner.java:806)\norg.testng.TestRunner.run(TestRunner.java:601)\norg.testng.SuiteRunner.runTest(SuiteRunner.java:433)\norg.testng.SuiteRunner.runSequentially(SuiteRunner.java:427)\norg.testng.SuiteRunner.privateRun(SuiteRunner.java:387)\norg.testng.SuiteRunner.run(SuiteRunner.java:330)\norg.testng.SuiteRunnerWorker.runSuite(SuiteRunnerWorker.java:52)\norg.testng.SuiteRunnerWorker.run(SuiteRunnerWorker.java:95)\norg.testng.TestNG.runSuitesSequentially(TestNG.java:1256)\norg.testng.TestNG.runSuitesLocally(TestNG.java:1176)\norg.testng.TestNG.runSuites(TestNG.java:1099)\norg.testng.TestNG.run(TestNG.java:1067)\norg.apache.maven.surefire.testng.TestNGExecutor.run(TestNGExecutor.java:151)\norg.apache.maven.surefire.testng.TestNGDirectoryTestSuite.executeSingleClass(TestNGDirectoryTestSuite.java:111)\norg.apache.maven.surefire.testng.TestNGDirectoryTestSuite.execute(TestNGDirectoryTestSuite.java:98)\norg.apache.maven.surefire.testng.TestNGProvider.invoke(TestNGProvider.java:155)\norg.apache.maven.surefire.booter.ForkedBooter.runSuitesInProcess(ForkedBooter.java:456)\norg.apache.maven.surefire.booter.ForkedBooter.execute(ForkedBooter.java:169)\norg.apache.maven.surefire.booter.ForkedBooter.run(ForkedBooter.java:595)\norg.apache.maven.surefire.booter.ForkedBooter.main(ForkedBooter.java:581)\n]]"}],"stepsCount":0,"attachmentsCount":1,"shouldDisplayMessage":false,"hasContent":true},{"name":"Failed to run remotely on: \"Linux-64\", \"MozillaFirefox\", \"http://localhost:4444/wd/hub\".","time":{"start":1656790767715,"stop":1656790767715,"duration":0},"status":"passed","steps":[],"attachments":[],"parameters":[{"name":"logText","value":"Failed to run remotely on: \"Linux-64\", \"MozillaFirefox\", \"http://localhost:4444/wd/hub\"."}],"stepsCount":0,"attachmentsCount":0,"shouldDisplayMessage":false,"hasContent":true},{"name":"An Exception Occured with this Message: Could not start a new session. Possible causes are invalid address of the remote server or browser start-up failure..","time":{"start":1656790767715,"stop":1656790767716,"duration":1},"status":"passed","steps":[],"attachments":[{"uid":"8d025279028686cc","name":"Exception Stack Trace - org.openqa.selenium.SessionNotCreatedException","source":"8d025279028686cc.txt","type":"text/plain","size":13673}],"parameters":[{"name":"logText","value":"An Exception Occured with this Message: Could not start a new session. Possible causes are invalid address of the remote server or browser start-up failure.."},{"name":"attachments","value":"[[Exception Stack Trace, org.openqa.selenium.SessionNotCreatedException, org.openqa.selenium.SessionNotCreatedException:\nCould not start a new session. Possible causes are invalid address of the remote server or browser start-up failure.\norg.openqa.selenium.remote.RemoteWebDriver.execute(RemoteWebDriver.java:587)\norg.openqa.selenium.remote.RemoteWebDriver.startSession(RemoteWebDriver.java:264)\norg.openqa.selenium.remote.RemoteWebDriver.<init>(RemoteWebDriver.java:179)\norg.openqa.selenium.remote.RemoteWebDriver.<init>(RemoteWebDriver.java:161)\ncom.shaft.driver.DriverFactoryHelper.setValueToRemoteDriverInstance(DriverFactoryHelper.java:666)\ncom.shaft.driver.DriverFactoryHelper.createNewRemoteDriverInstance(DriverFactoryHelper.java:640)\ncom.shaft.driver.DriverFactoryHelper.getDriver(DriverFactoryHelper.java:823)\ncom.shaft.driver.DriverFactoryHelper.getDriver(DriverFactoryHelper.java:160)\ncom.shaft.driver.DriverFactory.getDriver(DriverFactory.java:44)\nGoogle_Test.setUp_FireFox(Google_Test.java:33)\njava.base/jdk.internal.reflect.NativeMethodAccessorImpl.invoke0(Native Method)\njava.base/jdk.internal.reflect.NativeMethodAccessorImpl.invoke(NativeMethodAccessorImpl.java:77)\njava.base/jdk.internal.reflect.DelegatingMethodAccessorImpl.invoke(DelegatingMethodAccessorImpl.java:43)\njava.base/java.lang.reflect.Method.invoke(Method.java:568)\norg.testng.internal.invokers.MethodInvocationHelper.invokeMethod(MethodInvocationHelper.java:139)\norg.testng.internal.invokers.MethodInvocationHelper.invokeMethodConsideringTimeout(MethodInvocationHelper.java:69)\norg.testng.internal.invokers.ConfigInvoker.invokeConfigurationMethod(ConfigInvoker.java:361)\norg.testng.internal.invokers.ConfigInvoker.invokeConfigurations(ConfigInvoker.java:296)\norg.testng.internal.invokers.TestInvoker.runConfigMethods(TestInvoker.java:816)\norg.testng.internal.invokers.TestInvoker.invokeMethod(TestInvoker.java:590)\norg.testng.internal.invokers.TestInvoker.invokeTestMethod(TestInvoker.java:221)\norg.testng.internal.invokers.MethodRunner.runInSequence(MethodRunner.java:50)\norg.testng.internal.invokers.TestInvoker$MethodInvocationAgent.invoke(TestInvoker.java:962)\norg.testng.internal.invokers.TestInvoker.invokeTestMethods(TestInvoker.java:194)\norg.testng.internal.invokers.TestMethodWorker.invokeTestMethods(TestMethodWorker.java:148)\norg.testng.internal.invokers.TestMethodWorker.run(TestMethodWorker.java:128)\njava.base/java.util.ArrayList.forEach(ArrayList.java:1511)\norg.testng.TestRunner.privateRun(TestRunner.java:806)\norg.testng.TestRunner.run(TestRunner.java:601)\norg.testng.SuiteRunner.runTest(SuiteRunner.java:433)\norg.testng.SuiteRunner.runSequentially(SuiteRunner.java:427)\norg.testng.SuiteRunner.privateRun(SuiteRunner.java:387)\norg.testng.SuiteRunner.run(SuiteRunner.java:330)\norg.testng.SuiteRunnerWorker.runSuite(SuiteRunnerWorker.java:52)\norg.testng.SuiteRunnerWorker.run(SuiteRunnerWorker.java:95)\norg.testng.TestNG.runSuitesSequentially(TestNG.java:1256)\norg.testng.TestNG.runSuitesLocally(TestNG.java:1176)\norg.testng.TestNG.runSuites(TestNG.java:1099)\norg.testng.TestNG.run(TestNG.java:1067)\norg.apache.maven.surefire.testng.TestNGExecutor.run(TestNGExecutor.java:151)\norg.apache.maven.surefire.testng.TestNGDirectoryTestSuite.executeSingleClass(TestNGDirectoryTestSuite.java:111)\norg.apache.maven.surefire.testng.TestNGDirectoryTestSuite.execute(TestNGDirectoryTestSuite.java:98)\norg.apache.maven.surefire.testng.TestNGProvider.invoke(TestNGProvider.java:155)\norg.apache.maven.surefire.booter.ForkedBooter.runSuitesInProcess(ForkedBooter.java:456)\norg.apache.maven.surefire.booter.ForkedBooter.execute(ForkedBooter.java:169)\norg.apache.maven.surefire.booter.ForkedBooter.run(ForkedBooter.java:595)\norg.apache.maven.surefire.booter.ForkedBooter.main(ForkedBooter.java:581)\n\nCaused by: org.openqa.selenium.TimeoutException:\njava.util.concurrent.TimeoutException\nBuild info: version: '4.3.0', revision: 'a4995e2c09*'\nSystem info: host: 'fv-az502-359', ip: '10.1.0.49', os.name: 'Linux', os.arch: 'amd64', os.version: '5.13.0-1031-azure', java.version: '17.0.3'\nDriver info: driver.version: RemoteWebDriver\norg.openqa.selenium.remote.http.netty.NettyHttpHandler.makeCall(NettyHttpHandler.java:65)\norg.openqa.selenium.remote.http.AddSeleniumUserAgent.lambda$apply$0(AddSeleniumUserAgent.java:42)\norg.openqa.selenium.remote.http.Filter.lambda$andFinally$1(Filter.java:56)\norg.openqa.selenium.remote.http.netty.NettyHttpHandler.execute(NettyHttpHandler.java:49)\norg.openqa.selenium.remote.http.AddSeleniumUserAgent.lambda$apply$0(AddSeleniumUserAgent.java:42)\norg.openqa.selenium.remote.http.Filter.lambda$andFinally$1(Filter.java:56)\norg.openqa.selenium.remote.http.netty.NettyClient.execute(NettyClient.java:98)\norg.openqa.selenium.remote.tracing.TracedHttpClient.execute(TracedHttpClient.java:55)\norg.openqa.selenium.remote.ProtocolHandshake.createSession(ProtocolHandshake.java:120)\norg.openqa.selenium.remote.ProtocolHandshake.createSession(ProtocolHandshake.java:102)\norg.openqa.selenium.remote.ProtocolHandshake.createSession(ProtocolHandshake.java:67)\norg.openqa.selenium.remote.HttpCommandExecutor.execute(HttpCommandExecutor.java:156)\norg.openqa.selenium.remote.TracedCommandExecutor.execute(TracedCommandExecutor.java:51)\norg.openqa.selenium.remote.RemoteWebDriver.execute(RemoteWebDriver.java:569)\norg.openqa.selenium.remote.RemoteWebDriver.startSession(RemoteWebDriver.java:264)\norg.openqa.selenium.remote.RemoteWebDriver.<init>(RemoteWebDriver.java:179)\norg.openqa.selenium.remote.RemoteWebDriver.<init>(RemoteWebDriver.java:161)\ncom.shaft.driver.DriverFactoryHelper.setValueToRemoteDriverInstance(DriverFactoryHelper.java:666)\ncom.shaft.driver.DriverFactoryHelper.createNewRemoteDriverInstance(DriverFactoryHelper.java:640)\ncom.shaft.driver.DriverFactoryHelper.getDriver(DriverFactoryHelper.java:823)\ncom.shaft.driver.DriverFactoryHelper.getDriver(DriverFactoryHelper.java:160)\ncom.shaft.driver.DriverFactory.getDriver(DriverFactory.java:44)\nGoogle_Test.setUp_FireFox(Google_Test.java:33)\njava.base/jdk.internal.reflect.NativeMethodAccessorImpl.invoke0(Native Method)\njava.base/jdk.internal.reflect.NativeMethodAccessorImpl.invoke(NativeMethodAccessorImpl.java:77)\njava.base/jdk.internal.reflect.DelegatingMethodAccessorImpl.invoke(DelegatingMethodAccessorImpl.java:43)\njava.base/java.lang.reflect.Method.invoke(Method.java:568)\norg.testng.internal.invokers.MethodInvocationHelper.invokeMethod(MethodInvocationHelper.java:139)\norg.testng.internal.invokers.MethodInvocationHelper.invokeMethodConsideringTimeout(MethodInvocationHelper.java:69)\norg.testng.internal.invokers.ConfigInvoker.invokeConfigurationMethod(ConfigInvoker.java:361)\norg.testng.internal.invokers.ConfigInvoker.invokeConfigurations(ConfigInvoker.java:296)\norg.testng.internal.invokers.TestInvoker.runConfigMethods(TestInvoker.java:816)\norg.testng.internal.invokers.TestInvoker.invokeMethod(TestInvoker.java:590)\norg.testng.internal.invokers.TestInvoker.invokeTestMethod(TestInvoker.java:221)\norg.testng.internal.invokers.MethodRunner.runInSequence(MethodRunner.java:50)\norg.testng.internal.invokers.TestInvoker$MethodInvocationAgent.invoke(TestInvoker.java:962)\norg.testng.internal.invokers.TestInvoker.invokeTestMethods(TestInvoker.java:194)\norg.testng.internal.invokers.TestMethodWorker.invokeTestMethods(TestMethodWorker.java:148)\norg.testng.internal.invokers.TestMethodWorker.run(TestMethodWorker.java:128)\njava.base/java.util.ArrayList.forEach(ArrayList.java:1511)\norg.testng.TestRunner.privateRun(TestRunner.java:806)\norg.testng.TestRunner.run(TestRunner.java:601)\norg.testng.SuiteRunner.runTest(SuiteRunner.java:433)\norg.testng.SuiteRunner.runSequentially(SuiteRunner.java:427)\norg.testng.SuiteRunner.privateRun(SuiteRunner.java:387)\norg.testng.SuiteRunner.run(SuiteRunner.java:330)\norg.testng.SuiteRunnerWorker.runSuite(SuiteRunnerWorker.java:52)\norg.testng.SuiteRunnerWorker.run(SuiteRunnerWorker.java:95)\norg.testng.TestNG.runSuitesSequentially(TestNG.java:1256)\norg.testng.TestNG.runSuitesLocally(TestNG.java:1176)\norg.testng.TestNG.runSuites(TestNG.java:1099)\norg.testng.TestNG.run(TestNG.java:1067)\norg.apache.maven.surefire.testng.TestNGExecutor.run(TestNGExecutor.java:151)\norg.apache.maven.surefire.testng.TestNGDirectoryTestSuite.executeSingleClass(TestNGDirectoryTestSuite.java:111)\norg.apache.maven.surefire.testng.TestNGDirectoryTestSuite.execute(TestNGDirectoryTestSuite.java:98)\norg.apache.maven.surefire.testng.TestNGProvider.invoke(TestNGProvider.java:155)\norg.apache.maven.surefire.booter.ForkedBooter.runSuitesInProcess(ForkedBooter.java:456)\norg.apache.maven.surefire.booter.ForkedBooter.execute(ForkedBooter.java:169)\norg.apache.maven.surefire.booter.ForkedBooter.run(ForkedBooter.java:595)\norg.apache.maven.surefire.booter.ForkedBooter.main(ForkedBooter.java:581)\n\nCaused by: java.util.concurrent.TimeoutException:\nnull\njava.base/java.util.concurrent.CompletableFuture.timedGet(CompletableFuture.java:1960)\njava.base/java.util.concurrent.CompletableFuture.get(CompletableFuture.java:2095)\norg.asynchttpclient.netty.NettyResponseFuture.get(NettyResponseFuture.java:206)\norg.openqa.selenium.remote.http.netty.NettyHttpHandler.makeCall(NettyHttpHandler.java:59)\norg.openqa.selenium.remote.http.AddSeleniumUserAgent.lambda$apply$0(AddSeleniumUserAgent.java:42)\norg.openqa.selenium.remote.http.Filter.lambda$andFinally$1(Filter.java:56)\norg.openqa.selenium.remote.http.netty.NettyHttpHandler.execute(NettyHttpHandler.java:49)\norg.openqa.selenium.remote.http.AddSeleniumUserAgent.lambda$apply$0(AddSeleniumUserAgent.java:42)\norg.openqa.selenium.remote.http.Filter.lambda$andFinally$1(Filter.java:56)\norg.openqa.selenium.remote.http.netty.NettyClient.execute(NettyClient.java:98)\norg.openqa.selenium.remote.tracing.TracedHttpClient.execute(TracedHttpClient.java:55)\norg.openqa.selenium.remote.ProtocolHandshake.createSession(ProtocolHandshake.java:120)\norg.openqa.selenium.remote.ProtocolHandshake.createSession(ProtocolHandshake.java:102)\norg.openqa.selenium.remote.ProtocolHandshake.createSession(ProtocolHandshake.java:67)\norg.openqa.selenium.remote.HttpCommandExecutor.execute(HttpCommandExecutor.java:156)\norg.openqa.selenium.remote.TracedCommandExecutor.execute(TracedCommandExecutor.java:51)\norg.openqa.selenium.remote.RemoteWebDriver.execute(RemoteWebDriver.java:569)\norg.openqa.selenium.remote.RemoteWebDriver.startSession(RemoteWebDriver.java:264)\norg.openqa.selenium.remote.RemoteWebDriver.<init>(RemoteWebDriver.java:179)\norg.openqa.selenium.remote.RemoteWebDriver.<init>(RemoteWebDriver.java:161)\ncom.shaft.driver.DriverFactoryHelper.setValueToRemoteDriverInstance(DriverFactoryHelper.java:666)\ncom.shaft.driver.DriverFactoryHelper.createNewRemoteDriverInstance(DriverFactoryHelper.java:640)\ncom.shaft.driver.DriverFactoryHelper.getDriver(DriverFactoryHelper.java:823)\ncom.shaft.driver.DriverFactoryHelper.getDriver(DriverFactoryHelper.java:160)\ncom.shaft.driver.DriverFactory.getDriver(DriverFactory.java:44)\nGoogle_Test.setUp_FireFox(Google_Test.java:33)\njava.base/jdk.internal.reflect.NativeMethodAccessorImpl.invoke0(Native Method)\njava.base/jdk.internal.reflect.NativeMethodAccessorImpl.invoke(NativeMethodAccessorImpl.java:77)\njava.base/jdk.internal.reflect.DelegatingMethodAccessorImpl.invoke(DelegatingMethodAccessorImpl.java:43)\njava.base/java.lang.reflect.Method.invoke(Method.java:568)\norg.testng.internal.invokers.MethodInvocationHelper.invokeMethod(MethodInvocationHelper.java:139)\norg.testng.internal.invokers.MethodInvocationHelper.invokeMethodConsideringTimeout(MethodInvocationHelper.java:69)\norg.testng.internal.invokers.ConfigInvoker.invokeConfigurationMethod(ConfigInvoker.java:361)\norg.testng.internal.invokers.ConfigInvoker.invokeConfigurations(ConfigInvoker.java:296)\norg.testng.internal.invokers.TestInvoker.runConfigMethods(TestInvoker.java:816)\norg.testng.internal.invokers.TestInvoker.invokeMethod(TestInvoker.java:590)\norg.testng.internal.invokers.TestInvoker.invokeTestMethod(TestInvoker.java:221)\norg.testng.internal.invokers.MethodRunner.runInSequence(MethodRunner.java:50)\norg.testng.internal.invokers.TestInvoker$MethodInvocationAgent.invoke(TestInvoker.java:962)\norg.testng.internal.invokers.TestInvoker.invokeTestMethods(TestInvoker.java:194)\norg.testng.internal.invokers.TestMethodWorker.invokeTestMethods(TestMethodWorker.java:148)\norg.testng.internal.invokers.TestMethodWorker.run(TestMethodWorker.java:128)\njava.base/java.util.ArrayList.forEach(ArrayList.java:1511)\norg.testng.TestRunner.privateRun(TestRunner.java:806)\norg.testng.TestRunner.run(TestRunner.java:601)\norg.testng.SuiteRunner.runTest(SuiteRunner.java:433)\norg.testng.SuiteRunner.runSequentially(SuiteRunner.java:427)\norg.testng.SuiteRunner.privateRun(SuiteRunner.java:387)\norg.testng.SuiteRunner.run(SuiteRunner.java:330)\norg.testng.SuiteRunnerWorker.runSuite(SuiteRunnerWorker.java:52)\norg.testng.SuiteRunnerWorker.run(SuiteRunnerWorker.java:95)\norg.testng.TestNG.runSuitesSequentially(TestNG.java:1256)\norg.testng.TestNG.runSuitesLocally(TestNG.java:1176)\norg.testng.TestNG.runSuites(TestNG.java:1099)\norg.testng.TestNG.run(TestNG.java:1067)\norg.apache.maven.surefire.testng.TestNGExecutor.run(TestNGExecutor.java:151)\norg.apache.maven.surefire.testng.TestNGDirectoryTestSuite.executeSingleClass(TestNGDirectoryTestSuite.java:111)\norg.apache.maven.surefire.testng.TestNGDirectoryTestSuite.execute(TestNGDirectoryTestSuite.java:98)\norg.apache.maven.surefire.testng.TestNGProvider.invoke(TestNGProvider.java:155)\norg.apache.maven.surefire.booter.ForkedBooter.runSuitesInProcess(ForkedBooter.java:456)\norg.apache.maven.surefire.booter.ForkedBooter.execute(ForkedBooter.java:169)\norg.apache.maven.surefire.booter.ForkedBooter.run(ForkedBooter.java:595)\norg.apache.maven.surefire.booter.ForkedBooter.main(ForkedBooter.java:581)\n]]"}],"stepsCount":0,"attachmentsCount":1,"shouldDisplayMessage":false,"hasContent":true}],"attachments":[],"parameters":[],"stepsCount":4,"attachmentsCount":2,"shouldDisplayMessage":true,"hasContent":true}],"testStage":{"description":"- Open Mozilla Firefox\n- Navigate to [https://www.google.com/]\n- Search for [TestNG]\n- Assert that the text of the fourth result is [TestNG Tutorial]\n- Close Mozilla Firefox\n","status":"skipped","statusMessage":"Driver Factory Action \"createNewRemoteDriverInstance\" failed. With the following test data \"Unhandled Error.\".","statusTrace":"java.lang.AssertionError: Driver Factory Action \"createNewRemoteDriverInstance\" failed. With the following test data \"Unhandled Error.\".\n\tat org.testng.Assert.fail(Assert.java:98)\n\tat com.shaft.driver.DriverFactoryHelper.failAction(DriverFactoryHelper.java:305)\n\tat com.shaft.driver.DriverFactoryHelper.createNewRemoteDriverInstance(DriverFactoryHelper.java:654)\n\tat com.shaft.driver.DriverFactoryHelper.getDriver(DriverFactoryHelper.java:823)\n\tat com.shaft.driver.DriverFactoryHelper.getDriver(DriverFactoryHelper.java:160)\n\tat com.shaft.driver.DriverFactory.getDriver(DriverFactory.java:44)\n\tat Google_Test.setUp_FireFox(Google_Test.java:33)\n\tat java.base/jdk.internal.reflect.NativeMethodAccessorImpl.invoke0(Native Method)\n\tat java.base/jdk.internal.reflect.NativeMethodAccessorImpl.invoke(NativeMethodAccessorImpl.java:77)\n\tat java.base/jdk.internal.reflect.DelegatingMethodAccessorImpl.invoke(DelegatingMethodAccessorImpl.java:43)\n\tat java.base/java.lang.reflect.Method.invoke(Method.java:568)\n\tat org.testng.internal.invokers.MethodInvocationHelper.invokeMethod(MethodInvocationHelper.java:139)\n\tat org.testng.internal.invokers.MethodInvocationHelper.invokeMethodConsideringTimeout(MethodInvocationHelper.java:69)\n\tat org.testng.internal.invokers.ConfigInvoker.invokeConfigurationMethod(ConfigInvoker.java:361)\n\tat org.testng.internal.invokers.ConfigInvoker.invokeConfigurations(ConfigInvoker.java:296)\n\tat org.testng.internal.invokers.TestInvoker.runConfigMethods(TestInvoker.java:816)\n\tat org.testng.internal.invokers.TestInvoker.invokeMethod(TestInvoker.java:590)\n\tat org.testng.internal.invokers.TestInvoker.invokeTestMethod(TestInvoker.java:221)\n\tat org.testng.internal.invokers.MethodRunner.runInSequence(MethodRunner.java:50)\n\tat org.testng.internal.invokers.TestInvoker$MethodInvocationAgent.invoke(TestInvoker.java:962)\n\tat org.testng.internal.invokers.TestInvoker.invokeTestMethods(TestInvoker.java:194)\n\tat org.testng.internal.invokers.TestMethodWorker.invokeTestMethods(TestMethodWorker.java:148)\n\tat org.testng.internal.invokers.TestMethodWorker.run(TestMethodWorker.java:128)\n\tat java.base/java.util.ArrayList.forEach(ArrayList.java:1511)\n\tat org.testng.TestRunner.privateRun(TestRunner.java:806)\n\tat org.testng.TestRunner.run(TestRunner.java:601)\n\tat org.testng.SuiteRunner.runTest(SuiteRunner.java:433)\n\tat org.testng.SuiteRunner.runSequentially(SuiteRunner.java:427)\n\tat org.testng.SuiteRunner.privateRun(SuiteRunner.java:387)\n\tat org.testng.SuiteRunner.run(SuiteRunner.java:330)\n\tat org.testng.SuiteRunnerWorker.runSuite(SuiteRunnerWorker.java:52)\n\tat org.testng.SuiteRunnerWorker.run(SuiteRunnerWorker.java:95)\n\tat org.testng.TestNG.runSuitesSequentially(TestNG.java:1256)\n\tat org.testng.TestNG.runSuitesLocally(TestNG.java:1176)\n\tat org.testng.TestNG.runSuites(TestNG.java:1099)\n\tat org.testng.TestNG.run(TestNG.java:1067)\n\tat org.apache.maven.surefire.testng.TestNGExecutor.run(TestNGExecutor.java:151)\n\tat org.apache.maven.surefire.testng.TestNGDirectoryTestSuite.executeSingleClass(TestNGDirectoryTestSuite.java:111)\n\tat org.apache.maven.surefire.testng.TestNGDirectoryTestSuite.execute(TestNGDirectoryTestSuite.java:98)\n\tat org.apache.maven.surefire.testng.TestNGProvider.invoke(TestNGProvider.java:155)\n\tat org.apache.maven.surefire.booter.ForkedBooter.runSuitesInProcess(ForkedBooter.java:456)\n\tat org.apache.maven.surefire.booter.ForkedBooter.execute(ForkedBooter.java:169)\n\tat org.apache.maven.surefire.booter.ForkedBooter.run(ForkedBooter.java:595)\n\tat org.apache.maven.surefire.booter.ForkedBooter.main(ForkedBooter.java:581)\nCaused by: org.openqa.selenium.SessionNotCreatedException: Could not start a new session. Possible causes are invalid address of the remote server or browser start-up failure.\n\tat org.openqa.selenium.remote.RemoteWebDriver.execute(RemoteWebDriver.java:587)\n\tat org.openqa.selenium.remote.RemoteWebDriver.startSession(RemoteWebDriver.java:264)\n\tat org.openqa.selenium.remote.RemoteWebDriver.<init>(RemoteWebDriver.java:179)\n\tat org.openqa.selenium.remote.RemoteWebDriver.<init>(RemoteWebDriver.java:161)\n\tat com.shaft.driver.DriverFactoryHelper.setValueToRemoteDriverInstance(DriverFactoryHelper.java:666)\n\tat com.shaft.driver.DriverFactoryHelper.createNewRemoteDriverInstance(DriverFactoryHelper.java:640)\n\t... 41 more\nCaused by: org.openqa.selenium.TimeoutException: java.util.concurrent.TimeoutException\nBuild info: version: '4.3.0', revision: 'a4995e2c09*'\nSystem info: host: 'fv-az502-359', ip: '10.1.0.49', os.name: 'Linux', os.arch: 'amd64', os.version: '5.13.0-1031-azure', java.version: '17.0.3'\nDriver info: driver.version: RemoteWebDriver\n\tat org.openqa.selenium.remote.http.netty.NettyHttpHandler.makeCall(NettyHttpHandler.java:65)\n\tat org.openqa.selenium.remote.http.AddSeleniumUserAgent.lambda$apply$0(AddSeleniumUserAgent.java:42)\n\tat org.openqa.selenium.remote.http.Filter.lambda$andFinally$1(Filter.java:56)\n\tat org.openqa.selenium.remote.http.netty.NettyHttpHandler.execute(NettyHttpHandler.java:49)\n\tat org.openqa.selenium.remote.http.AddSeleniumUserAgent.lambda$apply$0(AddSeleniumUserAgent.java:42)\n\tat org.openqa.selenium.remote.http.Filter.lambda$andFinally$1(Filter.java:56)\n\tat org.openqa.selenium.remote.http.netty.NettyClient.execute(NettyClient.java:98)\n\tat org.openqa.selenium.remote.tracing.TracedHttpClient.execute(TracedHttpClient.java:55)\n\tat org.openqa.selenium.remote.ProtocolHandshake.createSession(ProtocolHandshake.java:120)\n\tat org.openqa.selenium.remote.ProtocolHandshake.createSession(ProtocolHandshake.java:102)\n\tat org.openqa.selenium.remote.ProtocolHandshake.createSession(ProtocolHandshake.java:67)\n\tat org.openqa.selenium.remote.HttpCommandExecutor.execute(HttpCommandExecutor.java:156)\n\tat org.openqa.selenium.remote.TracedCommandExecutor.execute(TracedCommandExecutor.java:51)\n\tat org.openqa.selenium.remote.RemoteWebDriver.execute(RemoteWebDriver.java:569)\n\t... 46 more\nCaused by: java.util.concurrent.TimeoutException\n\tat java.base/java.util.concurrent.CompletableFuture.timedGet(CompletableFuture.java:1960)\n\tat java.base/java.util.concurrent.CompletableFuture.get(CompletableFuture.java:2095)\n\tat org.asynchttpclient.netty.NettyResponseFuture.get(NettyResponseFuture.java:206)\n\tat org.openqa.selenium.remote.http.netty.NettyHttpHandler.makeCall(NettyHttpHandler.java:59)\n\t... 59 more\n","steps":[],"attachments":[{"uid":"820b4e2ab6e4b082","name":"SHAFT Engine Logs - Current Method log: searchForFourthResult","source":"820b4e2ab6e4b082.txt","type":"text/plain","size":404}],"parameters":[],"stepsCount":0,"attachmentsCount":1,"shouldDisplayMessage":true,"hasContent":true},"afterStages":[{"name":"tearDown","time":{"start":1656790767727,"stop":1656790767727,"duration":0},"description":"","status":"broken","steps":[],"attachments":[],"parameters":[],"stepsCount":0,"attachmentsCount":0,"shouldDisplayMessage":false,"hasContent":false},{"name":"teardownActivities","time":{"start":1656790767742,"stop":1656790768245,"duration":503},"description":"","status":"passed","steps":[{"name":"Successfully Closed All Drivers.","time":{"start":1656790767743,"stop":1656790767743,"duration":0},"status":"passed","steps":[],"attachments":[],"parameters":[{"name":"logText","value":"Successfully Closed All Drivers."}],"stepsCount":0,"attachmentsCount":0,"shouldDisplayMessage":false,"hasContent":true},{"name":"Issue Summary: Total Issues = 1, New issues for Failed Tests = 1, Open issues for Passed Tests = 0, Open issues for Failed Tests = 0. Kindly check the attached Issue details.","time":{"start":1656790767747,"stop":1656790767748,"duration":1},"status":"passed","steps":[],"attachments":[{"uid":"fc62935352ecb33e","name":"SHAFT Engine Logs - Issues log CSV: 20220702-193927","source":"fc62935352ecb33e.csv","type":"text/csv","size":111}],"parameters":[{"name":"logText","value":"Issue Summary: Total Issues = 1, New issues for Failed Tests = 1, Open issues for Passed Tests = 0, Open issues for Failed Tests = 0. Kindly check the attached Issue details."},{"name":"attachments","value":"[[SHAFT Engine Logs, Issues log CSV: 20220702-193927, java.io.ByteArrayInputStream@c7485d2]]"}],"stepsCount":0,"attachmentsCount":1,"shouldDisplayMessage":false,"hasContent":true}],"attachments":[{"uid":"f4a952f9f62c41f6","name":"SHAFT Engine Logs - Execution log: 20220702-193927","source":"f4a952f9f62c41f6.txt","type":"text/plain","size":14898},{"uid":"13a31bbad4d1a1ac","name":"HTML - Extent Emailable Execution Report","source":"13a31bbad4d1a1ac.html","type":"text/html","size":933601}],"parameters":[],"stepsCount":2,"attachmentsCount":3,"shouldDisplayMessage":false,"hasContent":true}],"labels":[{"name":"package","value":"Google_Test"},{"name":"testClass","value":"Google_Test"},{"name":"testMethod","value":"searchForFourthResult"},{"name":"parentSuite","value":"Suite"},{"name":"suite","value":"Test"},{"name":"subSuite","value":"Google_Test"},{"name":"host","value":"fv-az502-359"},{"name":"thread","value":"3345@fv-az502-359.main(1)"},{"name":"framework","value":"testng"},{"name":"language","value":"java"},{"name":"severity","value":"critical"},{"name":"resultFormat","value":"allure2"}],"parameters":[],"links":[{"name":"Tc_004","url":"https:///Tc_004","type":"tms"},{"name":"https://www.google.com/ncr","url":"https://www.google.com/ncr","type":"custom"}],"hidden":false,"retry":false,"extra":{"severity":"critical","retries":[],"categories":[],"history":{"statistic":{"failed":0,"broken":0,"skipped":32,"passed":0,"unknown":0,"total":32},"items":[{"uid":"f85b747cec34eeae","reportUrl":"https://ismail-elshafeiy.github.io/TestAutomation_Tasks_using_SHAFT_ENGINE/allure/31//#testresult/f85b747cec34eeae","status":"skipped","statusDetails":"Driver Factory Action \"createNewRemoteDriverInstance\" failed. With the following test data \"Unhandled Error.\".","time":{"start":1656787107752,"stop":1656787107753,"duration":1}},{"uid":"184c378f4f3ecdb3","reportUrl":"https://ismail-elshafeiy.github.io/TestAutomation_Tasks_using_SHAFT_ENGINE/allure/30//#testresult/184c378f4f3ecdb3","status":"skipped","statusDetails":"Driver Factory Action \"createNewRemoteDriverInstance\" failed. With the following test data \"Unhandled Error.\".","time":{"start":1656782546463,"stop":1656782546465,"duration":2}},{"uid":"980c2ec04a452fde","reportUrl":"https://ismail-elshafeiy.github.io/TestAutomation_Tasks_using_SHAFT_ENGINE/allure/29//#testresult/980c2ec04a452fde","status":"skipped","statusDetails":"Driver Factory Action \"createNewRemoteDriverInstance\" failed. With the following test data \"Unhandled Error.\".","time":{"start":1656766407167,"stop":1656766407172,"duration":5}},{"uid":"37417256cc19cffb","reportUrl":"https://ismail-elshafeiy.github.io/TestAutomation_Tasks_using_SHAFT_ENGINE/allure/28//#testresult/37417256cc19cffb","status":"skipped","statusDetails":"Driver Factory Action \"createNewRemoteDriverInstance\" failed. With the following test data \"Unhandled Error.\".","time":{"start":1656743954288,"stop":1656743954297,"duration":9}},{"uid":"5cc5b5831a8f94e2","reportUrl":"https://ismail-elshafeiy.github.io/TestAutomation_Tasks_using_SHAFT_ENGINE/allure/27//#testresult/5cc5b5831a8f94e2","status":"skipped","statusDetails":"Driver Factory Action \"createNewRemoteDriverInstance\" failed. With the following test data \"Unhandled Error.\".","time":{"start":1656729557797,"stop":1656729557801,"duration":4}},{"uid":"cda2572fd81a97d1","reportUrl":"https://ismail-elshafeiy.github.io/TestAutomation_Tasks_using_SHAFT_ENGINE/allure/26//#testresult/cda2572fd81a97d1","status":"skipped","statusDetails":"Driver Factory Action \"createNewRemoteDriverInstance\" failed. With the following test data \"Unhandled Error.\".","time":{"start":1656700916410,"stop":1656700916415,"duration":5}},{"uid":"7963762fb0a543aa","reportUrl":"https://ismail-elshafeiy.github.io/TestAutomation_Tasks_using_SHAFT_ENGINE/allure/25//#testresult/7963762fb0a543aa","status":"skipped","statusDetails":"Driver Factory Action \"createNewRemoteDriverInstance\" failed. With the following test data \"Unhandled Error.\".","time":{"start":1656680691273,"stop":1656680691280,"duration":7}},{"uid":"f08a903d0c5cfdf5","reportUrl":"https://ismail-elshafeiy.github.io/TestAutomation_Tasks_using_SHAFT_ENGINE/allure/24//#testresult/f08a903d0c5cfdf5","status":"skipped","statusDetails":"Driver Factory Action \"createNewRemoteDriverInstance\" failed. With the following test data \"Unhandled Error.\".","time":{"start":1656657769167,"stop":1656657769171,"duration":4}},{"uid":"fc9580c22a579298","reportUrl":"https://ismail-elshafeiy.github.io/TestAutomation_Tasks_using_SHAFT_ENGINE/allure/23//#testresult/fc9580c22a579298","status":"skipped","statusDetails":"Driver Factory Action \"createNewRemoteDriverInstance\" failed. With the following test data \"Unhandled Error.\".","time":{"start":1656643991017,"stop":1656643991033,"duration":16}},{"uid":"55bc6d2e1166cc16","reportUrl":"https://ismail-elshafeiy.github.io/TestAutomation_Tasks_using_SHAFT_ENGINE/allure/22//#testresult/55bc6d2e1166cc16","status":"skipped","statusDetails":"Driver Factory Action \"createNewRemoteDriverInstance\" failed. With the following test data \"Unhandled Error.\".","time":{"start":1656614786532,"stop":1656614786537,"duration":5}},{"uid":"d20676e9ea3df12","reportUrl":"https://ismail-elshafeiy.github.io/TestAutomation_Tasks_using_SHAFT_ENGINE/allure/21//#testresult/d20676e9ea3df12","status":"skipped","statusDetails":"Driver Factory Action \"createNewRemoteDriverInstance\" failed. With the following test data \"Unhandled Error.\".","time":{"start":1656594255557,"stop":1656594255561,"duration":4}},{"uid":"ad1aa9245709459b","reportUrl":"https://ismail-elshafeiy.github.io/TestAutomation_Tasks_using_SHAFT_ENGINE/allure/20//#testresult/ad1aa9245709459b","status":"skipped","statusDetails":"Driver Factory Action \"createNewRemoteDriverInstance\" failed. With the following test data \"Unhandled Error.\".","time":{"start":1656571541854,"stop":1656571541859,"duration":5}},{"uid":"b0ff3d1b3087c39a","reportUrl":"https://ismail-elshafeiy.github.io/TestAutomation_Tasks_using_SHAFT_ENGINE/allure/19//#testresult/b0ff3d1b3087c39a","status":"skipped","statusDetails":"Driver Factory Action \"createNewRemoteDriverInstance\" failed. With the following test data \"Unhandled Error.\".","time":{"start":1656556759460,"stop":1656556759465,"duration":5}},{"uid":"bd36ed5abb5a44b1","reportUrl":"https://ismail-elshafeiy.github.io/TestAutomation_Tasks_using_SHAFT_ENGINE/allure/18//#testresult/bd36ed5abb5a44b1","status":"skipped","statusDetails":"Driver Factory Action \"createNewRemoteDriverInstance\" failed. With the following test data \"Unhandled Error.\".","time":{"start":1656528416376,"stop":1656528416380,"duration":4}},{"uid":"f74fd26487bacaf3","reportUrl":"https://ismail-elshafeiy.github.io/TestAutomation_Tasks_using_SHAFT_ENGINE/allure/17//#testresult/f74fd26487bacaf3","status":"skipped","statusDetails":"Driver Factory Action \"createNewRemoteDriverInstance\" failed. With the following test data \"Unhandled Error.\".","time":{"start":1656507914674,"stop":1656507914682,"duration":8}},{"uid":"d6bb1c04e83b1d3f","reportUrl":"https://ismail-elshafeiy.github.io/TestAutomation_Tasks_using_SHAFT_ENGINE/allure/16//#testresult/d6bb1c04e83b1d3f","status":"skipped","statusDetails":"Driver Factory Action \"createNewRemoteDriverInstance\" failed. With the following test data \"Unhandled Error.\".","time":{"start":1656484944346,"stop":1656484944350,"duration":4}},{"uid":"278c52b25a608084","reportUrl":"https://ismail-elshafeiy.github.io/TestAutomation_Tasks_using_SHAFT_ENGINE/allure/15//#testresult/278c52b25a608084","status":"skipped","statusDetails":"Driver Factory Action \"createNewRemoteDriverInstance\" failed. With the following test data \"Unhandled Error.\".","time":{"start":1656470607082,"stop":1656470607094,"duration":12}},{"uid":"1c9fbf2a4f988507","reportUrl":"https://ismail-elshafeiy.github.io/TestAutomation_Tasks_using_SHAFT_ENGINE/allure/14//#testresult/1c9fbf2a4f988507","status":"skipped","statusDetails":"Driver Factory Action \"createNewRemoteDriverInstance\" failed. With the following test data \"Unhandled Error.\".","time":{"start":1656442080255,"stop":1656442080263,"duration":8}},{"uid":"9529e45a671b21bb","reportUrl":"https://ismail-elshafeiy.github.io/TestAutomation_Tasks_using_SHAFT_ENGINE/allure/13//#testresult/9529e45a671b21bb","status":"skipped","statusDetails":"Driver Factory Action \"createNewRemoteDriverInstance\" failed. With the following test data \"Unhandled Error.\".","time":{"start":1656421515717,"stop":1656421515725,"duration":8}},{"uid":"f315fec6b2b633b4","reportUrl":"https://ismail-elshafeiy.github.io/TestAutomation_Tasks_using_SHAFT_ENGINE/allure/12//#testresult/f315fec6b2b633b4","status":"skipped","statusDetails":"Driver Factory Action \"createNewRemoteDriverInstance\" failed. With the following test data \"Unhandled Error.\".","time":{"start":1656398563960,"stop":1656398563965,"duration":5}}]},"tags":[]},"source":"c3b953334b3bd223.json","parameterValues":[]}