{"uid":"af1f34b2a7c40970","name":"checkGoogleLogoIsDisplayed","fullName":"Google_Test.checkGoogleLogoIsDisplayed","historyId":"46b6a9b94884151aa82d3d26359dec4c","time":{"start":1656211275662,"stop":1656211303947,"duration":28285},"status":"failed","statusMessage":"Identify unique element failed \"zero elements found matching this locator \"By.xpath: //img[@alt='Google']\".\".","statusTrace":"java.lang.AssertionError: Identify unique element failed \"zero elements found matching this locator \"By.xpath: //img[@alt='Google']\".\".\n\tat org.testng.Assert.fail(Assert.java:110)\n\tat com.shaft.gui.element.WebDriverElementActions.failAction(WebDriverElementActions.java:1488)\n\tat com.shaft.gui.element.WebDriverElementActions.failAction(WebDriverElementActions.java:1317)\n\tat com.shaft.gui.element.WebDriverElementActions.identifyUniqueElement(WebDriverElementActions.java:1559)\n\tat com.shaft.gui.element.WebDriverElementActions.identifyUniqueElementIgnoringVisibility(WebDriverElementActions.java:1337)\n\tat com.shaft.gui.element.WebDriverElementActions.isElementDisplayed(WebDriverElementActions.java:838)\n\tat com.shaft.gui.element.ElementActions.isElementDisplayed(ElementActions.java:419)\n\tat pages.Google_Page.isGoogleLogoDisplayed(Google_Page.java:80)\n\tat Google_Test.checkGoogleLogoIsDisplayed(Google_Test.java:79)\n\tat java.base/jdk.internal.reflect.NativeMethodAccessorImpl.invoke0(Native Method)\n\tat java.base/jdk.internal.reflect.NativeMethodAccessorImpl.invoke(NativeMethodAccessorImpl.java:77)\n\tat java.base/jdk.internal.reflect.DelegatingMethodAccessorImpl.invoke(DelegatingMethodAccessorImpl.java:43)\n\tat java.base/java.lang.reflect.Method.invoke(Method.java:568)\n\tat org.testng.internal.invokers.MethodInvocationHelper.invokeMethod(MethodInvocationHelper.java:139)\n\tat org.testng.internal.invokers.TestInvoker.invokeMethod(TestInvoker.java:677)\n\tat org.testng.internal.invokers.TestInvoker.invokeTestMethod(TestInvoker.java:221)\n\tat org.testng.internal.invokers.MethodRunner.runInSequence(MethodRunner.java:50)\n\tat org.testng.internal.invokers.TestInvoker$MethodInvocationAgent.invoke(TestInvoker.java:962)\n\tat org.testng.internal.invokers.TestInvoker.invokeTestMethods(TestInvoker.java:194)\n\tat org.testng.internal.invokers.TestMethodWorker.invokeTestMethods(TestMethodWorker.java:148)\n\tat org.testng.internal.invokers.TestMethodWorker.run(TestMethodWorker.java:128)\n\tat java.base/java.util.ArrayList.forEach(ArrayList.java:1511)\n\tat org.testng.TestRunner.privateRun(TestRunner.java:806)\n\tat org.testng.TestRunner.run(TestRunner.java:601)\n\tat org.testng.SuiteRunner.runTest(SuiteRunner.java:433)\n\tat org.testng.SuiteRunner.runSequentially(SuiteRunner.java:427)\n\tat org.testng.SuiteRunner.privateRun(SuiteRunner.java:387)\n\tat org.testng.SuiteRunner.run(SuiteRunner.java:330)\n\tat org.testng.SuiteRunnerWorker.runSuite(SuiteRunnerWorker.java:52)\n\tat org.testng.SuiteRunnerWorker.run(SuiteRunnerWorker.java:95)\n\tat org.testng.TestNG.runSuitesSequentially(TestNG.java:1256)\n\tat org.testng.TestNG.runSuitesLocally(TestNG.java:1176)\n\tat org.testng.TestNG.runSuites(TestNG.java:1099)\n\tat org.testng.TestNG.run(TestNG.java:1067)\n\tat org.apache.maven.surefire.testng.TestNGExecutor.run(TestNGExecutor.java:151)\n\tat org.apache.maven.surefire.testng.TestNGDirectoryTestSuite.executeSingleClass(TestNGDirectoryTestSuite.java:111)\n\tat org.apache.maven.surefire.testng.TestNGDirectoryTestSuite.execute(TestNGDirectoryTestSuite.java:98)\n\tat org.apache.maven.surefire.testng.TestNGProvider.invoke(TestNGProvider.java:155)\n\tat org.apache.maven.surefire.booter.ForkedBooter.runSuitesInProcess(ForkedBooter.java:456)\n\tat org.apache.maven.surefire.booter.ForkedBooter.execute(ForkedBooter.java:169)\n\tat org.apache.maven.surefire.booter.ForkedBooter.run(ForkedBooter.java:595)\n\tat org.apache.maven.surefire.booter.ForkedBooter.main(ForkedBooter.java:581)\n","flaky":false,"newFailed":false,"newBroken":false,"newPassed":false,"retriesCount":0,"retriesStatusChange":false,"beforeStages":[{"name":"setupActivities","time":{"start":1656211267367,"stop":1656211268137,"duration":770},"description":"","status":"passed","steps":[{"name":"Folder \"extent-reports\" was not found, it may have already been deleted.","time":{"start":1656211267509,"stop":1656211267512,"duration":3},"status":"passed","steps":[],"attachments":[],"parameters":[{"name":"logText","value":"Folder \"extent-reports\" was not found, it may have already been deleted."}],"stepsCount":0,"attachmentsCount":0,"shouldDisplayMessage":false,"hasContent":true}],"attachments":[{"uid":"892a9c2c9088af38","name":"SHAFT Links - Important","source":"892a9c2c9088af38.uri","type":"text/uri-list","size":334},{"uid":"bae439b9febebe33","name":"Properties - ExecutionPlatform","source":"bae439b9febebe33.properties","type":"text/plain","size":419},{"uid":"93d89322846a9671","name":"Properties - cucumber","source":"93d89322846a9671.properties","type":"text/plain","size":1316},{"uid":"1640e45b907dbc3e","name":"Properties - tinkey","source":"1640e45b907dbc3e.properties","type":"text/plain","size":1579},{"uid":"d0fc3ce13578be06","name":"Properties - Reporting","source":"d0fc3ce13578be06.properties","type":"text/plain","size":614},{"uid":"ffebc4fb37f7056a","name":"Properties - MobileCapabilities","source":"ffebc4fb37f7056a.properties","type":"text/plain","size":470},{"uid":"95c6c2928b6b5bfb","name":"Properties - healenium","source":"95c6c2928b6b5bfb.properties","type":"text/plain","size":115},{"uid":"3dbad391c23f325f","name":"Properties - VisualValidations","source":"3dbad391c23f325f.properties","type":"text/plain","size":711},{"uid":"1e0fef3025382bf8","name":"Properties - JiraXRay","source":"1e0fef3025382bf8.properties","type":"text/plain","size":793},{"uid":"7790787449822646","name":"Properties - browserStack","source":"7790787449822646.properties","type":"text/plain","size":1606},{"uid":"3fb0f1ba4ed94c43","name":"Properties - pattern","source":"3fb0f1ba4ed94c43.properties","type":"text/plain","size":566},{"uid":"d6031bd00a334124","name":"Properties - path","source":"d6031bd00a334124.properties","type":"text/plain","size":687},{"uid":"904c375a89d7fedf","name":"Properties - testNG","source":"904c375a89d7fedf.properties","type":"text/plain","size":492},{"uid":"3c121641d30e0881","name":"Properties - PlatformFlags","source":"3c121641d30e0881.properties","type":"text/plain","size":765},{"uid":"f10926aea22400f1","name":"Properties - Timeouts","source":"f10926aea22400f1.properties","type":"text/plain","size":722},{"uid":"818a8479fa2f3532","name":"Properties - project","source":"818a8479fa2f3532.properties","type":"text/plain","size":370},{"uid":"ab13eb995daf4830","name":"Properties - video","source":"ab13eb995daf4830.properties","type":"text/plain","size":763}],"parameters":[],"stepsCount":1,"attachmentsCount":17,"shouldDisplayMessage":false,"hasContent":true},{"name":"getTestData","time":{"start":1656211268336,"stop":1656211268341,"duration":5},"description":"","status":"passed","steps":[{"name":"Loaded Test Data: \"src/test/resources/testDataFiles/google_testData/google.json\".","time":{"start":1656211268339,"stop":1656211268341,"duration":2},"status":"passed","steps":[],"attachments":[{"uid":"9122bda09f75b7a9","name":"Test Data - JSON","source":"9122bda09f75b7a9.json","type":"text/json","size":147}],"parameters":[{"name":"logText","value":"Loaded Test Data: \"src/test/resources/testDataFiles/google_testData/google.json\"."},{"name":"attachments","value":"[[Test Data, JSON, java.io.FileInputStream@7b5021d1]]"}],"stepsCount":0,"attachmentsCount":1,"shouldDisplayMessage":false,"hasContent":true}],"attachments":[],"parameters":[],"stepsCount":1,"attachmentsCount":1,"shouldDisplayMessage":false,"hasContent":true},{"name":"setUp_BeforeMethods","time":{"start":1656211274567,"stop":1656211275647,"duration":1080},"description":"","status":"passed","steps":[{"name":"Attempting to run remotely on: \"Linux-64 | GoogleChrome | http://localhost:4444/wd/hub\", Headless Execution.","time":{"start":1656211274568,"stop":1656211274568,"duration":0},"status":"passed","steps":[],"attachments":[],"parameters":[{"name":"logText","value":"Attempting to run remotely on: \"Linux-64 | GoogleChrome | http://localhost:4444/wd/hub\", Headless Execution."}],"stepsCount":0,"attachmentsCount":0,"shouldDisplayMessage":false,"hasContent":true},{"name":"Successfully Opened \"GoogleChrome\".","time":{"start":1656211275514,"stop":1656211275515,"duration":1},"status":"passed","steps":[],"attachments":[],"parameters":[{"name":"logText","value":"Successfully Opened \"GoogleChrome\"."}],"stepsCount":0,"attachmentsCount":0,"shouldDisplayMessage":false,"hasContent":true}],"attachments":[],"parameters":[],"stepsCount":2,"attachmentsCount":0,"shouldDisplayMessage":false,"hasContent":true}],"testStage":{"status":"failed","statusMessage":"Identify unique element failed \"zero elements found matching this locator \"By.xpath: //img[@alt='Google']\".\".","statusTrace":"java.lang.AssertionError: Identify unique element failed \"zero elements found matching this locator \"By.xpath: //img[@alt='Google']\".\".\n\tat org.testng.Assert.fail(Assert.java:110)\n\tat com.shaft.gui.element.WebDriverElementActions.failAction(WebDriverElementActions.java:1488)\n\tat com.shaft.gui.element.WebDriverElementActions.failAction(WebDriverElementActions.java:1317)\n\tat com.shaft.gui.element.WebDriverElementActions.identifyUniqueElement(WebDriverElementActions.java:1559)\n\tat com.shaft.gui.element.WebDriverElementActions.identifyUniqueElementIgnoringVisibility(WebDriverElementActions.java:1337)\n\tat com.shaft.gui.element.WebDriverElementActions.isElementDisplayed(WebDriverElementActions.java:838)\n\tat com.shaft.gui.element.ElementActions.isElementDisplayed(ElementActions.java:419)\n\tat pages.Google_Page.isGoogleLogoDisplayed(Google_Page.java:80)\n\tat Google_Test.checkGoogleLogoIsDisplayed(Google_Test.java:79)\n\tat java.base/jdk.internal.reflect.NativeMethodAccessorImpl.invoke0(Native Method)\n\tat java.base/jdk.internal.reflect.NativeMethodAccessorImpl.invoke(NativeMethodAccessorImpl.java:77)\n\tat java.base/jdk.internal.reflect.DelegatingMethodAccessorImpl.invoke(DelegatingMethodAccessorImpl.java:43)\n\tat java.base/java.lang.reflect.Method.invoke(Method.java:568)\n\tat org.testng.internal.invokers.MethodInvocationHelper.invokeMethod(MethodInvocationHelper.java:139)\n\tat org.testng.internal.invokers.TestInvoker.invokeMethod(TestInvoker.java:677)\n\tat org.testng.internal.invokers.TestInvoker.invokeTestMethod(TestInvoker.java:221)\n\tat org.testng.internal.invokers.MethodRunner.runInSequence(MethodRunner.java:50)\n\tat org.testng.internal.invokers.TestInvoker$MethodInvocationAgent.invoke(TestInvoker.java:962)\n\tat org.testng.internal.invokers.TestInvoker.invokeTestMethods(TestInvoker.java:194)\n\tat org.testng.internal.invokers.TestMethodWorker.invokeTestMethods(TestMethodWorker.java:148)\n\tat org.testng.internal.invokers.TestMethodWorker.run(TestMethodWorker.java:128)\n\tat java.base/java.util.ArrayList.forEach(ArrayList.java:1511)\n\tat org.testng.TestRunner.privateRun(TestRunner.java:806)\n\tat org.testng.TestRunner.run(TestRunner.java:601)\n\tat org.testng.SuiteRunner.runTest(SuiteRunner.java:433)\n\tat org.testng.SuiteRunner.runSequentially(SuiteRunner.java:427)\n\tat org.testng.SuiteRunner.privateRun(SuiteRunner.java:387)\n\tat org.testng.SuiteRunner.run(SuiteRunner.java:330)\n\tat org.testng.SuiteRunnerWorker.runSuite(SuiteRunnerWorker.java:52)\n\tat org.testng.SuiteRunnerWorker.run(SuiteRunnerWorker.java:95)\n\tat org.testng.TestNG.runSuitesSequentially(TestNG.java:1256)\n\tat org.testng.TestNG.runSuitesLocally(TestNG.java:1176)\n\tat org.testng.TestNG.runSuites(TestNG.java:1099)\n\tat org.testng.TestNG.run(TestNG.java:1067)\n\tat org.apache.maven.surefire.testng.TestNGExecutor.run(TestNGExecutor.java:151)\n\tat org.apache.maven.surefire.testng.TestNGDirectoryTestSuite.executeSingleClass(TestNGDirectoryTestSuite.java:111)\n\tat org.apache.maven.surefire.testng.TestNGDirectoryTestSuite.execute(TestNGDirectoryTestSuite.java:98)\n\tat org.apache.maven.surefire.testng.TestNGProvider.invoke(TestNGProvider.java:155)\n\tat org.apache.maven.surefire.booter.ForkedBooter.runSuitesInProcess(ForkedBooter.java:456)\n\tat org.apache.maven.surefire.booter.ForkedBooter.execute(ForkedBooter.java:169)\n\tat org.apache.maven.surefire.booter.ForkedBooter.run(ForkedBooter.java:595)\n\tat org.apache.maven.surefire.booter.ForkedBooter.main(ForkedBooter.java:581)\n","steps":[{"name":"Navigate to Home Page","time":{"start":1656211275662,"stop":1656211277418,"duration":1756},"status":"passed","steps":[{"name":"Navigate to url \"https://www.google.com/\".","time":{"start":1656211277418,"stop":1656211277418,"duration":0},"status":"passed","steps":[],"attachments":[],"parameters":[{"name":"logText","value":"Navigate to url \"https://www.google.com/\"."},{"name":"attachments","value":"[[]]"}],"stepsCount":0,"attachmentsCount":0,"shouldDisplayMessage":false,"hasContent":true}],"attachments":[],"parameters":[],"stepsCount":1,"attachmentsCount":0,"shouldDisplayMessage":false,"hasContent":true},{"name":"Check logo is displayed?","time":{"start":1656211277719,"stop":1656211303939,"duration":26220},"status":"failed","statusMessage":"Identify unique element failed \"zero elements found matching this locator \"By.xpath: //img[@alt='Google']\".\".","statusTrace":"java.lang.AssertionError: Identify unique element failed \"zero elements found matching this locator \"By.xpath: //img[@alt='Google']\".\".\n\tat org.testng.Assert.fail(Assert.java:110)\n\tat com.shaft.gui.element.WebDriverElementActions.failAction(WebDriverElementActions.java:1488)\n\tat com.shaft.gui.element.WebDriverElementActions.failAction(WebDriverElementActions.java:1317)\n\tat com.shaft.gui.element.WebDriverElementActions.identifyUniqueElement(WebDriverElementActions.java:1559)\n\tat com.shaft.gui.element.WebDriverElementActions.identifyUniqueElementIgnoringVisibility(WebDriverElementActions.java:1337)\n\tat com.shaft.gui.element.WebDriverElementActions.isElementDisplayed(WebDriverElementActions.java:838)\n\tat com.shaft.gui.element.ElementActions.isElementDisplayed(ElementActions.java:419)\n\tat pages.Google_Page.isGoogleLogoDisplayed(Google_Page.java:80)\n\tat Google_Test.checkGoogleLogoIsDisplayed(Google_Test.java:79)\n\tat java.base/jdk.internal.reflect.NativeMethodAccessorImpl.invoke0(Native Method)\n\tat java.base/jdk.internal.reflect.NativeMethodAccessorImpl.invoke(NativeMethodAccessorImpl.java:77)\n\tat java.base/jdk.internal.reflect.DelegatingMethodAccessorImpl.invoke(DelegatingMethodAccessorImpl.java:43)\n\tat java.base/java.lang.reflect.Method.invoke(Method.java:568)\n\tat org.testng.internal.invokers.MethodInvocationHelper.invokeMethod(MethodInvocationHelper.java:139)\n\tat org.testng.internal.invokers.TestInvoker.invokeMethod(TestInvoker.java:677)\n\tat org.testng.internal.invokers.TestInvoker.invokeTestMethod(TestInvoker.java:221)\n\tat org.testng.internal.invokers.MethodRunner.runInSequence(MethodRunner.java:50)\n\tat org.testng.internal.invokers.TestInvoker$MethodInvocationAgent.invoke(TestInvoker.java:962)\n\tat org.testng.internal.invokers.TestInvoker.invokeTestMethods(TestInvoker.java:194)\n\tat org.testng.internal.invokers.TestMethodWorker.invokeTestMethods(TestMethodWorker.java:148)\n\tat org.testng.internal.invokers.TestMethodWorker.run(TestMethodWorker.java:128)\n\tat java.base/java.util.ArrayList.forEach(ArrayList.java:1511)\n\tat org.testng.TestRunner.privateRun(TestRunner.java:806)\n\tat org.testng.TestRunner.run(TestRunner.java:601)\n\tat org.testng.SuiteRunner.runTest(SuiteRunner.java:433)\n\tat org.testng.SuiteRunner.runSequentially(SuiteRunner.java:427)\n\tat org.testng.SuiteRunner.privateRun(SuiteRunner.java:387)\n\tat org.testng.SuiteRunner.run(SuiteRunner.java:330)\n\tat org.testng.SuiteRunnerWorker.runSuite(SuiteRunnerWorker.java:52)\n\tat org.testng.SuiteRunnerWorker.run(SuiteRunnerWorker.java:95)\n\tat org.testng.TestNG.runSuitesSequentially(TestNG.java:1256)\n\tat org.testng.TestNG.runSuitesLocally(TestNG.java:1176)\n\tat org.testng.TestNG.runSuites(TestNG.java:1099)\n\tat org.testng.TestNG.run(TestNG.java:1067)\n\tat org.apache.maven.surefire.testng.TestNGExecutor.run(TestNGExecutor.java:151)\n\tat org.apache.maven.surefire.testng.TestNGDirectoryTestSuite.executeSingleClass(TestNGDirectoryTestSuite.java:111)\n\tat org.apache.maven.surefire.testng.TestNGDirectoryTestSuite.execute(TestNGDirectoryTestSuite.java:98)\n\tat org.apache.maven.surefire.testng.TestNGProvider.invoke(TestNGProvider.java:155)\n\tat org.apache.maven.surefire.booter.ForkedBooter.runSuitesInProcess(ForkedBooter.java:456)\n\tat org.apache.maven.surefire.booter.ForkedBooter.execute(ForkedBooter.java:169)\n\tat org.apache.maven.surefire.booter.ForkedBooter.run(ForkedBooter.java:595)\n\tat org.apache.maven.surefire.booter.ForkedBooter.main(ForkedBooter.java:581)\n","steps":[{"name":"Identify unique element failed \"zero elements found matching this locator \"By.xpath: //img[@alt='Google']\".\".","time":{"start":1656211303912,"stop":1656211303935,"duration":23},"status":"passed","steps":[],"attachments":[{"uid":"9b3f484a9f01c1f5","name":"Screenshot - 1656211303490_checkGoogleLogoIsDisplayed_Identify unique element_failed","source":"9b3f484a9f01c1f5.png","type":"image/png","size":220025}],"parameters":[{"name":"logText","value":"Identify unique element failed \"zero elements found matching this locator \"By.xpath: //img[@alt='Google']\".\"."},{"name":"attachments","value":"[[Screenshot, 1656211303490_checkGoogleLogoIsDisplayed_Identify unique element_failed, java.io.ByteArrayInputStream@3a75d9a1]]"}],"stepsCount":0,"attachmentsCount":1,"shouldDisplayMessage":false,"hasContent":true}],"attachments":[],"parameters":[{"name":"logoName","value":"googleLogo"}],"stepsCount":1,"attachmentsCount":1,"shouldDisplayMessage":true,"hasContent":true}],"attachments":[{"uid":"76fe085e365b9fdf","name":"SHAFT Engine Logs - Current Method log: checkGoogleLogoIsDisplayed","source":"76fe085e365b9fdf.txt","type":"text/plain","size":10611}],"parameters":[],"stepsCount":4,"attachmentsCount":2,"shouldDisplayMessage":false,"hasContent":true},"afterStages":[{"name":"teardownActivities","time":{"start":1656211493568,"stop":1656211494863,"duration":1295},"description":"","status":"passed","steps":[{"name":"Successfully Closed All Drivers.","time":{"start":1656211494500,"stop":1656211494500,"duration":0},"status":"passed","steps":[],"attachments":[],"parameters":[{"name":"logText","value":"Successfully Closed All Drivers."}],"stepsCount":0,"attachmentsCount":0,"shouldDisplayMessage":false,"hasContent":true},{"name":"Issue Summary: Total Issues = 2, New issues for Failed Tests = 1, Open issues for Passed Tests = 1, Open issues for Failed Tests = 0. Kindly check the attached Issue details.","time":{"start":1656211494505,"stop":1656211494505,"duration":0},"status":"passed","steps":[],"attachments":[{"uid":"61f7d8058eff1cbf","name":"SHAFT Engine Logs - Issues log CSV: 20220626-024454","source":"61f7d8058eff1cbf.csv","type":"text/csv","size":225}],"parameters":[{"name":"logText","value":"Issue Summary: Total Issues = 2, New issues for Failed Tests = 1, Open issues for Passed Tests = 1, Open issues for Failed Tests = 0. Kindly check the attached Issue details."},{"name":"attachments","value":"[[SHAFT Engine Logs, Issues log CSV: 20220626-024454, java.io.ByteArrayInputStream@edf68f5]]"}],"stepsCount":0,"attachmentsCount":1,"shouldDisplayMessage":false,"hasContent":true}],"attachments":[{"uid":"972fb6a6648d2efd","name":"SHAFT Engine Logs - Execution log: 20220626-024454","source":"972fb6a6648d2efd.txt","type":"text/plain","size":24760},{"uid":"4cac563f607c1dbe","name":"HTML - Extent Emailable Execution Report","source":"4cac563f607c1dbe.html","type":"text/html","size":889659}],"parameters":[],"stepsCount":2,"attachmentsCount":3,"shouldDisplayMessage":false,"hasContent":true}],"labels":[{"name":"package","value":"Google_Test"},{"name":"testClass","value":"Google_Test"},{"name":"testMethod","value":"checkGoogleLogoIsDisplayed"},{"name":"parentSuite","value":"Suite"},{"name":"suite","value":"Test"},{"name":"subSuite","value":"Google_Test"},{"name":"host","value":"fv-az152-255"},{"name":"thread","value":"3542@fv-az152-255.main(1)"},{"name":"framework","value":"testng"},{"name":"language","value":"java"},{"name":"severity","value":"critical"},{"name":"resultFormat","value":"allure2"}],"parameters":[],"links":[{"name":"Tc_002","url":"https:///Tc_002","type":"tms"},{"name":"https://www.google.com/ncr","url":"https://www.google.com/ncr","type":"custom"}],"hidden":false,"retry":false,"extra":{"severity":"critical","retries":[],"categories":[{"name":"Product defects","matchedStatuses":[],"flaky":false}],"history":{"statistic":{"failed":3,"broken":0,"skipped":0,"passed":0,"unknown":0,"total":3},"items":[{"uid":"4f8d3f5eec99fff9","reportUrl":"https://ismail-elshafeiy.github.io/TestAutomation_Tasks_using_SHAFT_ENGINE/allure/2//#testresult/4f8d3f5eec99fff9","status":"failed","statusDetails":"Identify unique element failed \"zero elements found matching this locator \"By.xpath: //img[@alt='Google']\".\".","time":{"start":1656182170427,"stop":1656182198433,"duration":28006}},{"uid":"cd4aefdb2d9583d5","reportUrl":"https://ismail-elshafeiy.github.io/TestAutomation_Tasks_using_SHAFT_ENGINE/allure/1//#testresult/cd4aefdb2d9583d5","status":"failed","statusDetails":"Identify unique element failed \"zero elements found matching this locator \"By.xpath: //img[@alt='Google']\".\".","time":{"start":1656179515601,"stop":1656179543989,"duration":28388}}]},"tags":[]},"source":"af1f34b2a7c40970.json","parameterValues":[]}