{"uid":"278c52b25a608084","name":"searchForFourthResult","fullName":"Google_Test.searchForFourthResult","historyId":"430711a57f7f82a800764fc243f92fdc","time":{"start":1656470607082,"stop":1656470607094,"duration":12},"description":"Open Mozilla Firefox\nNavigate to [https://www.google.com/]\nSearch for [TestNG]\nAssert that the text of the fourth result is [TestNG Tutorial]\nClose Mozilla Firefox\n","descriptionHtml":"<p>Open Mozilla Firefox<br />\nNavigate to [https://www.google.com/]<br />\nSearch for [TestNG]<br />\nAssert that the text of the fourth result is [TestNG Tutorial]<br />\nClose Mozilla Firefox</p>\n","status":"skipped","statusMessage":"Driver Factory Action \"createNewRemoteDriverInstance\" failed. With the following test data \"Unhandled Error.\".","statusTrace":"java.lang.AssertionError: Driver Factory Action \"createNewRemoteDriverInstance\" failed. With the following test data \"Unhandled Error.\".\n\tat org.testng.Assert.fail(Assert.java:98)\n\tat com.shaft.driver.DriverFactoryHelper.failAction(DriverFactoryHelper.java:305)\n\tat com.shaft.driver.DriverFactoryHelper.createNewRemoteDriverInstance(DriverFactoryHelper.java:654)\n\tat com.shaft.driver.DriverFactoryHelper.getDriver(DriverFactoryHelper.java:823)\n\tat com.shaft.driver.DriverFactoryHelper.getDriver(DriverFactoryHelper.java:139)\n\tat com.shaft.driver.DriverFactory.getDriver(DriverFactory.java:30)\n\tat Google_Test.setUp_BeforeMethods(Google_Test.java:38)\n\tat java.base/jdk.internal.reflect.NativeMethodAccessorImpl.invoke0(Native Method)\n\tat java.base/jdk.internal.reflect.NativeMethodAccessorImpl.invoke(NativeMethodAccessorImpl.java:77)\n\tat java.base/jdk.internal.reflect.DelegatingMethodAccessorImpl.invoke(DelegatingMethodAccessorImpl.java:43)\n\tat java.base/java.lang.reflect.Method.invoke(Method.java:568)\n\tat org.testng.internal.invokers.MethodInvocationHelper.invokeMethod(MethodInvocationHelper.java:139)\n\tat org.testng.internal.invokers.MethodInvocationHelper.invokeMethodConsideringTimeout(MethodInvocationHelper.java:69)\n\tat org.testng.internal.invokers.ConfigInvoker.invokeConfigurationMethod(ConfigInvoker.java:361)\n\tat org.testng.internal.invokers.ConfigInvoker.invokeConfigurations(ConfigInvoker.java:296)\n\tat org.testng.internal.invokers.TestInvoker.runConfigMethods(TestInvoker.java:816)\n\tat org.testng.internal.invokers.TestInvoker.invokeMethod(TestInvoker.java:590)\n\tat org.testng.internal.invokers.TestInvoker.invokeTestMethod(TestInvoker.java:221)\n\tat org.testng.internal.invokers.MethodRunner.runInSequence(MethodRunner.java:50)\n\tat org.testng.internal.invokers.TestInvoker$MethodInvocationAgent.invoke(TestInvoker.java:962)\n\tat org.testng.internal.invokers.TestInvoker.invokeTestMethods(TestInvoker.java:194)\n\tat org.testng.internal.invokers.TestMethodWorker.invokeTestMethods(TestMethodWorker.java:148)\n\tat org.testng.internal.invokers.TestMethodWorker.run(TestMethodWorker.java:128)\n\tat java.base/java.util.ArrayList.forEach(ArrayList.java:1511)\n\tat org.testng.TestRunner.privateRun(TestRunner.java:806)\n\tat org.testng.TestRunner.run(TestRunner.java:601)\n\tat org.testng.SuiteRunner.runTest(SuiteRunner.java:433)\n\tat org.testng.SuiteRunner.runSequentially(SuiteRunner.java:427)\n\tat org.testng.SuiteRunner.privateRun(SuiteRunner.java:387)\n\tat org.testng.SuiteRunner.run(SuiteRunner.java:330)\n\tat org.testng.SuiteRunnerWorker.runSuite(SuiteRunnerWorker.java:52)\n\tat org.testng.SuiteRunnerWorker.run(SuiteRunnerWorker.java:95)\n\tat org.testng.TestNG.runSuitesSequentially(TestNG.java:1256)\n\tat org.testng.TestNG.runSuitesLocally(TestNG.java:1176)\n\tat org.testng.TestNG.runSuites(TestNG.java:1099)\n\tat org.testng.TestNG.run(TestNG.java:1067)\n\tat org.apache.maven.surefire.testng.TestNGExecutor.run(TestNGExecutor.java:151)\n\tat org.apache.maven.surefire.testng.TestNGDirectoryTestSuite.executeSingleClass(TestNGDirectoryTestSuite.java:111)\n\tat org.apache.maven.surefire.testng.TestNGDirectoryTestSuite.execute(TestNGDirectoryTestSuite.java:98)\n\tat org.apache.maven.surefire.testng.TestNGProvider.invoke(TestNGProvider.java:155)\n\tat org.apache.maven.surefire.booter.ForkedBooter.runSuitesInProcess(ForkedBooter.java:456)\n\tat org.apache.maven.surefire.booter.ForkedBooter.execute(ForkedBooter.java:169)\n\tat org.apache.maven.surefire.booter.ForkedBooter.run(ForkedBooter.java:595)\n\tat org.apache.maven.surefire.booter.ForkedBooter.main(ForkedBooter.java:581)\nCaused by: org.openqa.selenium.SessionNotCreatedException: Could not start a new session. Possible causes are invalid address of the remote server or browser start-up failure.\n\tat org.openqa.selenium.remote.RemoteWebDriver.execute(RemoteWebDriver.java:587)\n\tat org.openqa.selenium.remote.RemoteWebDriver.startSession(RemoteWebDriver.java:264)\n\tat org.openqa.selenium.remote.RemoteWebDriver.<init>(RemoteWebDriver.java:179)\n\tat org.openqa.selenium.remote.RemoteWebDriver.<init>(RemoteWebDriver.java:161)\n\tat com.shaft.driver.DriverFactoryHelper.setValueToRemoteDriverInstance(DriverFactoryHelper.java:674)\n\tat com.shaft.driver.DriverFactoryHelper.createNewRemoteDriverInstance(DriverFactoryHelper.java:640)\n\t... 41 more\nCaused by: org.openqa.selenium.TimeoutException: java.util.concurrent.TimeoutException\nBuild info: version: '4.3.0', revision: 'a4995e2c09*'\nSystem info: host: 'fv-az204-197', ip: '10.1.0.134', os.name: 'Linux', os.arch: 'amd64', os.version: '5.13.0-1031-azure', java.version: '17.0.3'\nDriver info: driver.version: RemoteWebDriver\n\tat org.openqa.selenium.remote.http.netty.NettyHttpHandler.makeCall(NettyHttpHandler.java:65)\n\tat org.openqa.selenium.remote.http.AddSeleniumUserAgent.lambda$apply$0(AddSeleniumUserAgent.java:42)\n\tat org.openqa.selenium.remote.http.Filter.lambda$andFinally$1(Filter.java:56)\n\tat org.openqa.selenium.remote.http.netty.NettyHttpHandler.execute(NettyHttpHandler.java:49)\n\tat org.openqa.selenium.remote.http.AddSeleniumUserAgent.lambda$apply$0(AddSeleniumUserAgent.java:42)\n\tat org.openqa.selenium.remote.http.Filter.lambda$andFinally$1(Filter.java:56)\n\tat org.openqa.selenium.remote.http.netty.NettyClient.execute(NettyClient.java:98)\n\tat org.openqa.selenium.remote.tracing.TracedHttpClient.execute(TracedHttpClient.java:55)\n\tat org.openqa.selenium.remote.ProtocolHandshake.createSession(ProtocolHandshake.java:120)\n\tat org.openqa.selenium.remote.ProtocolHandshake.createSession(ProtocolHandshake.java:102)\n\tat org.openqa.selenium.remote.ProtocolHandshake.createSession(ProtocolHandshake.java:67)\n\tat org.openqa.selenium.remote.HttpCommandExecutor.execute(HttpCommandExecutor.java:156)\n\tat org.openqa.selenium.remote.TracedCommandExecutor.execute(TracedCommandExecutor.java:51)\n\tat org.openqa.selenium.remote.RemoteWebDriver.execute(RemoteWebDriver.java:569)\n\t... 46 more\nCaused by: java.util.concurrent.TimeoutException\n\tat java.base/java.util.concurrent.CompletableFuture.timedGet(CompletableFuture.java:1960)\n\tat java.base/java.util.concurrent.CompletableFuture.get(CompletableFuture.java:2095)\n\tat org.asynchttpclient.netty.NettyResponseFuture.get(NettyResponseFuture.java:206)\n\tat org.openqa.selenium.remote.http.netty.NettyHttpHandler.makeCall(NettyHttpHandler.java:59)\n\t... 59 more\n","flaky":false,"newFailed":false,"newBroken":false,"newPassed":false,"retriesCount":0,"retriesStatusChange":false,"beforeStages":[{"name":"setupActivities","time":{"start":1656470400674,"stop":1656470401657,"duration":983},"description":"","status":"passed","steps":[{"name":"Folder \"extent-reports\" was not found, it may have already been deleted.","time":{"start":1656470400825,"stop":1656470400827,"duration":2},"status":"passed","steps":[],"attachments":[],"parameters":[{"name":"logText","value":"Folder \"extent-reports\" was not found, it may have already been deleted."}],"stepsCount":0,"attachmentsCount":0,"shouldDisplayMessage":false,"hasContent":true}],"attachments":[{"uid":"abd3e061ca1a3e26","name":"SHAFT Links - Important","source":"abd3e061ca1a3e26.uri","type":"text/uri-list","size":334},{"uid":"cf0fcaab75946514","name":"Properties - ExecutionPlatform","source":"cf0fcaab75946514.properties","type":"text/plain","size":419},{"uid":"62ab68d9882b5a22","name":"Properties - cucumber","source":"62ab68d9882b5a22.properties","type":"text/plain","size":1316},{"uid":"9726421e1bbabcd5","name":"Properties - tinkey","source":"9726421e1bbabcd5.properties","type":"text/plain","size":1579},{"uid":"b6c7c8ca12fb12f6","name":"Properties - Reporting","source":"b6c7c8ca12fb12f6.properties","type":"text/plain","size":614},{"uid":"560403895ab7defb","name":"Properties - MobileCapabilities","source":"560403895ab7defb.properties","type":"text/plain","size":470},{"uid":"226c2d45eea7438b","name":"Properties - healenium","source":"226c2d45eea7438b.properties","type":"text/plain","size":115},{"uid":"eeb352812a0b2f72","name":"Properties - VisualValidations","source":"eeb352812a0b2f72.properties","type":"text/plain","size":711},{"uid":"8cb2d1803b3d1f25","name":"Properties - JiraXRay","source":"8cb2d1803b3d1f25.properties","type":"text/plain","size":793},{"uid":"f0b530676b3be4c7","name":"Properties - browserStack","source":"f0b530676b3be4c7.properties","type":"text/plain","size":1606},{"uid":"e0b4688519cab077","name":"Properties - pattern","source":"e0b4688519cab077.properties","type":"text/plain","size":566},{"uid":"25c44d0d4b751b3f","name":"Properties - path","source":"25c44d0d4b751b3f.properties","type":"text/plain","size":687},{"uid":"3f856e25c2a29778","name":"Properties - testNG","source":"3f856e25c2a29778.properties","type":"text/plain","size":492},{"uid":"3c69686d9082c175","name":"Properties - PlatformFlags","source":"3c69686d9082c175.properties","type":"text/plain","size":765},{"uid":"768b22d09aac1d90","name":"Properties - Timeouts","source":"768b22d09aac1d90.properties","type":"text/plain","size":722},{"uid":"4cf6e6d4186b229e","name":"Properties - project","source":"4cf6e6d4186b229e.properties","type":"text/plain","size":370},{"uid":"bc949481b7d1bb4e","name":"Properties - video","source":"bc949481b7d1bb4e.properties","type":"text/plain","size":763}],"parameters":[],"stepsCount":1,"attachmentsCount":17,"shouldDisplayMessage":false,"hasContent":true},{"name":"getTestData","time":{"start":1656470401884,"stop":1656470401890,"duration":6},"description":"","status":"passed","steps":[{"name":"Loaded Test Data: \"src/test/resources/testDataFiles/google_testData/google.json\".","time":{"start":1656470401887,"stop":1656470401890,"duration":3},"status":"passed","steps":[],"attachments":[{"uid":"9d1ab0f2f9c5ae1b","name":"Test Data - JSON","source":"9d1ab0f2f9c5ae1b.json","type":"text/json","size":147}],"parameters":[{"name":"logText","value":"Loaded Test Data: \"src/test/resources/testDataFiles/google_testData/google.json\"."},{"name":"attachments","value":"[[Test Data, JSON, java.io.FileInputStream@37b01ce2]]"}],"stepsCount":0,"attachmentsCount":1,"shouldDisplayMessage":false,"hasContent":true}],"attachments":[],"parameters":[],"stepsCount":1,"attachmentsCount":1,"shouldDisplayMessage":false,"hasContent":true},{"name":"setUp_BeforeMethods","time":{"start":1656470426997,"stop":1656470607065,"duration":180068},"description":"","status":"failed","statusMessage":"Driver Factory Action \"createNewRemoteDriverInstance\" failed. With the following test data \"Unhandled Error.\".","statusTrace":"java.lang.AssertionError: Driver Factory Action \"createNewRemoteDriverInstance\" failed. With the following test data \"Unhandled Error.\".\n\tat org.testng.Assert.fail(Assert.java:98)\n\tat com.shaft.driver.DriverFactoryHelper.failAction(DriverFactoryHelper.java:305)\n\tat com.shaft.driver.DriverFactoryHelper.createNewRemoteDriverInstance(DriverFactoryHelper.java:654)\n\tat com.shaft.driver.DriverFactoryHelper.getDriver(DriverFactoryHelper.java:823)\n\tat com.shaft.driver.DriverFactoryHelper.getDriver(DriverFactoryHelper.java:139)\n\tat com.shaft.driver.DriverFactory.getDriver(DriverFactory.java:30)\n\tat Google_Test.setUp_BeforeMethods(Google_Test.java:38)\n\tat java.base/jdk.internal.reflect.NativeMethodAccessorImpl.invoke0(Native Method)\n\tat java.base/jdk.internal.reflect.NativeMethodAccessorImpl.invoke(NativeMethodAccessorImpl.java:77)\n\tat java.base/jdk.internal.reflect.DelegatingMethodAccessorImpl.invoke(DelegatingMethodAccessorImpl.java:43)\n\tat java.base/java.lang.reflect.Method.invoke(Method.java:568)\n\tat org.testng.internal.invokers.MethodInvocationHelper.invokeMethod(MethodInvocationHelper.java:139)\n\tat org.testng.internal.invokers.MethodInvocationHelper.invokeMethodConsideringTimeout(MethodInvocationHelper.java:69)\n\tat org.testng.internal.invokers.ConfigInvoker.invokeConfigurationMethod(ConfigInvoker.java:361)\n\tat org.testng.internal.invokers.ConfigInvoker.invokeConfigurations(ConfigInvoker.java:296)\n\tat org.testng.internal.invokers.TestInvoker.runConfigMethods(TestInvoker.java:816)\n\tat org.testng.internal.invokers.TestInvoker.invokeMethod(TestInvoker.java:590)\n\tat org.testng.internal.invokers.TestInvoker.invokeTestMethod(TestInvoker.java:221)\n\tat org.testng.internal.invokers.MethodRunner.runInSequence(MethodRunner.java:50)\n\tat org.testng.internal.invokers.TestInvoker$MethodInvocationAgent.invoke(TestInvoker.java:962)\n\tat org.testng.internal.invokers.TestInvoker.invokeTestMethods(TestInvoker.java:194)\n\tat org.testng.internal.invokers.TestMethodWorker.invokeTestMethods(TestMethodWorker.java:148)\n\tat org.testng.internal.invokers.TestMethodWorker.run(TestMethodWorker.java:128)\n\tat java.base/java.util.ArrayList.forEach(ArrayList.java:1511)\n\tat org.testng.TestRunner.privateRun(TestRunner.java:806)\n\tat org.testng.TestRunner.run(TestRunner.java:601)\n\tat org.testng.SuiteRunner.runTest(SuiteRunner.java:433)\n\tat org.testng.SuiteRunner.runSequentially(SuiteRunner.java:427)\n\tat org.testng.SuiteRunner.privateRun(SuiteRunner.java:387)\n\tat org.testng.SuiteRunner.run(SuiteRunner.java:330)\n\tat org.testng.SuiteRunnerWorker.runSuite(SuiteRunnerWorker.java:52)\n\tat org.testng.SuiteRunnerWorker.run(SuiteRunnerWorker.java:95)\n\tat org.testng.TestNG.runSuitesSequentially(TestNG.java:1256)\n\tat org.testng.TestNG.runSuitesLocally(TestNG.java:1176)\n\tat org.testng.TestNG.runSuites(TestNG.java:1099)\n\tat org.testng.TestNG.run(TestNG.java:1067)\n\tat org.apache.maven.surefire.testng.TestNGExecutor.run(TestNGExecutor.java:151)\n\tat org.apache.maven.surefire.testng.TestNGDirectoryTestSuite.executeSingleClass(TestNGDirectoryTestSuite.java:111)\n\tat org.apache.maven.surefire.testng.TestNGDirectoryTestSuite.execute(TestNGDirectoryTestSuite.java:98)\n\tat org.apache.maven.surefire.testng.TestNGProvider.invoke(TestNGProvider.java:155)\n\tat org.apache.maven.surefire.booter.ForkedBooter.runSuitesInProcess(ForkedBooter.java:456)\n\tat org.apache.maven.surefire.booter.ForkedBooter.execute(ForkedBooter.java:169)\n\tat org.apache.maven.surefire.booter.ForkedBooter.run(ForkedBooter.java:595)\n\tat org.apache.maven.surefire.booter.ForkedBooter.main(ForkedBooter.java:581)\nCaused by: org.openqa.selenium.SessionNotCreatedException: Could not start a new session. Possible causes are invalid address of the remote server or browser start-up failure.\n\tat org.openqa.selenium.remote.RemoteWebDriver.execute(RemoteWebDriver.java:587)\n\tat org.openqa.selenium.remote.RemoteWebDriver.startSession(RemoteWebDriver.java:264)\n\tat org.openqa.selenium.remote.RemoteWebDriver.<init>(RemoteWebDriver.java:179)\n\tat org.openqa.selenium.remote.RemoteWebDriver.<init>(RemoteWebDriver.java:161)\n\tat com.shaft.driver.DriverFactoryHelper.setValueToRemoteDriverInstance(DriverFactoryHelper.java:674)\n\tat com.shaft.driver.DriverFactoryHelper.createNewRemoteDriverInstance(DriverFactoryHelper.java:640)\n\t... 41 more\nCaused by: org.openqa.selenium.TimeoutException: java.util.concurrent.TimeoutException\nBuild info: version: '4.3.0', revision: 'a4995e2c09*'\nSystem info: host: 'fv-az204-197', ip: '10.1.0.134', os.name: 'Linux', os.arch: 'amd64', os.version: '5.13.0-1031-azure', java.version: '17.0.3'\nDriver info: driver.version: RemoteWebDriver\n\tat org.openqa.selenium.remote.http.netty.NettyHttpHandler.makeCall(NettyHttpHandler.java:65)\n\tat org.openqa.selenium.remote.http.AddSeleniumUserAgent.lambda$apply$0(AddSeleniumUserAgent.java:42)\n\tat org.openqa.selenium.remote.http.Filter.lambda$andFinally$1(Filter.java:56)\n\tat org.openqa.selenium.remote.http.netty.NettyHttpHandler.execute(NettyHttpHandler.java:49)\n\tat org.openqa.selenium.remote.http.AddSeleniumUserAgent.lambda$apply$0(AddSeleniumUserAgent.java:42)\n\tat org.openqa.selenium.remote.http.Filter.lambda$andFinally$1(Filter.java:56)\n\tat org.openqa.selenium.remote.http.netty.NettyClient.execute(NettyClient.java:98)\n\tat org.openqa.selenium.remote.tracing.TracedHttpClient.execute(TracedHttpClient.java:55)\n\tat org.openqa.selenium.remote.ProtocolHandshake.createSession(ProtocolHandshake.java:120)\n\tat org.openqa.selenium.remote.ProtocolHandshake.createSession(ProtocolHandshake.java:102)\n\tat org.openqa.selenium.remote.ProtocolHandshake.createSession(ProtocolHandshake.java:67)\n\tat org.openqa.selenium.remote.HttpCommandExecutor.execute(HttpCommandExecutor.java:156)\n\tat org.openqa.selenium.remote.TracedCommandExecutor.execute(TracedCommandExecutor.java:51)\n\tat org.openqa.selenium.remote.RemoteWebDriver.execute(RemoteWebDriver.java:569)\n\t... 46 more\nCaused by: java.util.concurrent.TimeoutException\n\tat java.base/java.util.concurrent.CompletableFuture.timedGet(CompletableFuture.java:1960)\n\tat java.base/java.util.concurrent.CompletableFuture.get(CompletableFuture.java:2095)\n\tat org.asynchttpclient.netty.NettyResponseFuture.get(NettyResponseFuture.java:206)\n\tat org.openqa.selenium.remote.http.netty.NettyHttpHandler.makeCall(NettyHttpHandler.java:59)\n\t... 59 more\n","steps":[{"name":"Attempting to run remotely on: \"Linux-64 | GoogleChrome | http://localhost:4444/wd/hub\", Headless Execution.","time":{"start":1656470426998,"stop":1656470426998,"duration":0},"status":"passed","steps":[],"attachments":[],"parameters":[{"name":"logText","value":"Attempting to run remotely on: \"Linux-64 | GoogleChrome | http://localhost:4444/wd/hub\", Headless Execution."}],"stepsCount":0,"attachmentsCount":0,"shouldDisplayMessage":false,"hasContent":true},{"name":"An Exception Occured with this Message: Could not start a new session. Possible causes are invalid address of the remote server or browser start-up failure..","time":{"start":1656470607048,"stop":1656470607049,"duration":1},"status":"passed","steps":[],"attachments":[{"uid":"fb4ea01b8e82dbfb","name":"Exception Stack Trace - org.openqa.selenium.SessionNotCreatedException","source":"fb4ea01b8e82dbfb.txt","type":"text/plain","size":13692}],"parameters":[{"name":"logText","value":"An Exception Occured with this Message: Could not start a new session. Possible causes are invalid address of the remote server or browser start-up failure.."},{"name":"attachments","value":"[[Exception Stack Trace, org.openqa.selenium.SessionNotCreatedException, org.openqa.selenium.SessionNotCreatedException:\nCould not start a new session. Possible causes are invalid address of the remote server or browser start-up failure.\norg.openqa.selenium.remote.RemoteWebDriver.execute(RemoteWebDriver.java:587)\norg.openqa.selenium.remote.RemoteWebDriver.startSession(RemoteWebDriver.java:264)\norg.openqa.selenium.remote.RemoteWebDriver.<init>(RemoteWebDriver.java:179)\norg.openqa.selenium.remote.RemoteWebDriver.<init>(RemoteWebDriver.java:161)\ncom.shaft.driver.DriverFactoryHelper.setValueToRemoteDriverInstance(DriverFactoryHelper.java:674)\ncom.shaft.driver.DriverFactoryHelper.createNewRemoteDriverInstance(DriverFactoryHelper.java:640)\ncom.shaft.driver.DriverFactoryHelper.getDriver(DriverFactoryHelper.java:823)\ncom.shaft.driver.DriverFactoryHelper.getDriver(DriverFactoryHelper.java:139)\ncom.shaft.driver.DriverFactory.getDriver(DriverFactory.java:30)\nGoogle_Test.setUp_BeforeMethods(Google_Test.java:38)\njava.base/jdk.internal.reflect.NativeMethodAccessorImpl.invoke0(Native Method)\njava.base/jdk.internal.reflect.NativeMethodAccessorImpl.invoke(NativeMethodAccessorImpl.java:77)\njava.base/jdk.internal.reflect.DelegatingMethodAccessorImpl.invoke(DelegatingMethodAccessorImpl.java:43)\njava.base/java.lang.reflect.Method.invoke(Method.java:568)\norg.testng.internal.invokers.MethodInvocationHelper.invokeMethod(MethodInvocationHelper.java:139)\norg.testng.internal.invokers.MethodInvocationHelper.invokeMethodConsideringTimeout(MethodInvocationHelper.java:69)\norg.testng.internal.invokers.ConfigInvoker.invokeConfigurationMethod(ConfigInvoker.java:361)\norg.testng.internal.invokers.ConfigInvoker.invokeConfigurations(ConfigInvoker.java:296)\norg.testng.internal.invokers.TestInvoker.runConfigMethods(TestInvoker.java:816)\norg.testng.internal.invokers.TestInvoker.invokeMethod(TestInvoker.java:590)\norg.testng.internal.invokers.TestInvoker.invokeTestMethod(TestInvoker.java:221)\norg.testng.internal.invokers.MethodRunner.runInSequence(MethodRunner.java:50)\norg.testng.internal.invokers.TestInvoker$MethodInvocationAgent.invoke(TestInvoker.java:962)\norg.testng.internal.invokers.TestInvoker.invokeTestMethods(TestInvoker.java:194)\norg.testng.internal.invokers.TestMethodWorker.invokeTestMethods(TestMethodWorker.java:148)\norg.testng.internal.invokers.TestMethodWorker.run(TestMethodWorker.java:128)\njava.base/java.util.ArrayList.forEach(ArrayList.java:1511)\norg.testng.TestRunner.privateRun(TestRunner.java:806)\norg.testng.TestRunner.run(TestRunner.java:601)\norg.testng.SuiteRunner.runTest(SuiteRunner.java:433)\norg.testng.SuiteRunner.runSequentially(SuiteRunner.java:427)\norg.testng.SuiteRunner.privateRun(SuiteRunner.java:387)\norg.testng.SuiteRunner.run(SuiteRunner.java:330)\norg.testng.SuiteRunnerWorker.runSuite(SuiteRunnerWorker.java:52)\norg.testng.SuiteRunnerWorker.run(SuiteRunnerWorker.java:95)\norg.testng.TestNG.runSuitesSequentially(TestNG.java:1256)\norg.testng.TestNG.runSuitesLocally(TestNG.java:1176)\norg.testng.TestNG.runSuites(TestNG.java:1099)\norg.testng.TestNG.run(TestNG.java:1067)\norg.apache.maven.surefire.testng.TestNGExecutor.run(TestNGExecutor.java:151)\norg.apache.maven.surefire.testng.TestNGDirectoryTestSuite.executeSingleClass(TestNGDirectoryTestSuite.java:111)\norg.apache.maven.surefire.testng.TestNGDirectoryTestSuite.execute(TestNGDirectoryTestSuite.java:98)\norg.apache.maven.surefire.testng.TestNGProvider.invoke(TestNGProvider.java:155)\norg.apache.maven.surefire.booter.ForkedBooter.runSuitesInProcess(ForkedBooter.java:456)\norg.apache.maven.surefire.booter.ForkedBooter.execute(ForkedBooter.java:169)\norg.apache.maven.surefire.booter.ForkedBooter.run(ForkedBooter.java:595)\norg.apache.maven.surefire.booter.ForkedBooter.main(ForkedBooter.java:581)\n\nCaused by: org.openqa.selenium.TimeoutException:\njava.util.concurrent.TimeoutException\nBuild info: version: '4.3.0', revision: 'a4995e2c09*'\nSystem info: host: 'fv-az204-197', ip: '10.1.0.134', os.name: 'Linux', os.arch: 'amd64', os.version: '5.13.0-1031-azure', java.version: '17.0.3'\nDriver info: driver.version: RemoteWebDriver\norg.openqa.selenium.remote.http.netty.NettyHttpHandler.makeCall(NettyHttpHandler.java:65)\norg.openqa.selenium.remote.http.AddSeleniumUserAgent.lambda$apply$0(AddSeleniumUserAgent.java:42)\norg.openqa.selenium.remote.http.Filter.lambda$andFinally$1(Filter.java:56)\norg.openqa.selenium.remote.http.netty.NettyHttpHandler.execute(NettyHttpHandler.java:49)\norg.openqa.selenium.remote.http.AddSeleniumUserAgent.lambda$apply$0(AddSeleniumUserAgent.java:42)\norg.openqa.selenium.remote.http.Filter.lambda$andFinally$1(Filter.java:56)\norg.openqa.selenium.remote.http.netty.NettyClient.execute(NettyClient.java:98)\norg.openqa.selenium.remote.tracing.TracedHttpClient.execute(TracedHttpClient.java:55)\norg.openqa.selenium.remote.ProtocolHandshake.createSession(ProtocolHandshake.java:120)\norg.openqa.selenium.remote.ProtocolHandshake.createSession(ProtocolHandshake.java:102)\norg.openqa.selenium.remote.ProtocolHandshake.createSession(ProtocolHandshake.java:67)\norg.openqa.selenium.remote.HttpCommandExecutor.execute(HttpCommandExecutor.java:156)\norg.openqa.selenium.remote.TracedCommandExecutor.execute(TracedCommandExecutor.java:51)\norg.openqa.selenium.remote.RemoteWebDriver.execute(RemoteWebDriver.java:569)\norg.openqa.selenium.remote.RemoteWebDriver.startSession(RemoteWebDriver.java:264)\norg.openqa.selenium.remote.RemoteWebDriver.<init>(RemoteWebDriver.java:179)\norg.openqa.selenium.remote.RemoteWebDriver.<init>(RemoteWebDriver.java:161)\ncom.shaft.driver.DriverFactoryHelper.setValueToRemoteDriverInstance(DriverFactoryHelper.java:674)\ncom.shaft.driver.DriverFactoryHelper.createNewRemoteDriverInstance(DriverFactoryHelper.java:640)\ncom.shaft.driver.DriverFactoryHelper.getDriver(DriverFactoryHelper.java:823)\ncom.shaft.driver.DriverFactoryHelper.getDriver(DriverFactoryHelper.java:139)\ncom.shaft.driver.DriverFactory.getDriver(DriverFactory.java:30)\nGoogle_Test.setUp_BeforeMethods(Google_Test.java:38)\njava.base/jdk.internal.reflect.NativeMethodAccessorImpl.invoke0(Native Method)\njava.base/jdk.internal.reflect.NativeMethodAccessorImpl.invoke(NativeMethodAccessorImpl.java:77)\njava.base/jdk.internal.reflect.DelegatingMethodAccessorImpl.invoke(DelegatingMethodAccessorImpl.java:43)\njava.base/java.lang.reflect.Method.invoke(Method.java:568)\norg.testng.internal.invokers.MethodInvocationHelper.invokeMethod(MethodInvocationHelper.java:139)\norg.testng.internal.invokers.MethodInvocationHelper.invokeMethodConsideringTimeout(MethodInvocationHelper.java:69)\norg.testng.internal.invokers.ConfigInvoker.invokeConfigurationMethod(ConfigInvoker.java:361)\norg.testng.internal.invokers.ConfigInvoker.invokeConfigurations(ConfigInvoker.java:296)\norg.testng.internal.invokers.TestInvoker.runConfigMethods(TestInvoker.java:816)\norg.testng.internal.invokers.TestInvoker.invokeMethod(TestInvoker.java:590)\norg.testng.internal.invokers.TestInvoker.invokeTestMethod(TestInvoker.java:221)\norg.testng.internal.invokers.MethodRunner.runInSequence(MethodRunner.java:50)\norg.testng.internal.invokers.TestInvoker$MethodInvocationAgent.invoke(TestInvoker.java:962)\norg.testng.internal.invokers.TestInvoker.invokeTestMethods(TestInvoker.java:194)\norg.testng.internal.invokers.TestMethodWorker.invokeTestMethods(TestMethodWorker.java:148)\norg.testng.internal.invokers.TestMethodWorker.run(TestMethodWorker.java:128)\njava.base/java.util.ArrayList.forEach(ArrayList.java:1511)\norg.testng.TestRunner.privateRun(TestRunner.java:806)\norg.testng.TestRunner.run(TestRunner.java:601)\norg.testng.SuiteRunner.runTest(SuiteRunner.java:433)\norg.testng.SuiteRunner.runSequentially(SuiteRunner.java:427)\norg.testng.SuiteRunner.privateRun(SuiteRunner.java:387)\norg.testng.SuiteRunner.run(SuiteRunner.java:330)\norg.testng.SuiteRunnerWorker.runSuite(SuiteRunnerWorker.java:52)\norg.testng.SuiteRunnerWorker.run(SuiteRunnerWorker.java:95)\norg.testng.TestNG.runSuitesSequentially(TestNG.java:1256)\norg.testng.TestNG.runSuitesLocally(TestNG.java:1176)\norg.testng.TestNG.runSuites(TestNG.java:1099)\norg.testng.TestNG.run(TestNG.java:1067)\norg.apache.maven.surefire.testng.TestNGExecutor.run(TestNGExecutor.java:151)\norg.apache.maven.surefire.testng.TestNGDirectoryTestSuite.executeSingleClass(TestNGDirectoryTestSuite.java:111)\norg.apache.maven.surefire.testng.TestNGDirectoryTestSuite.execute(TestNGDirectoryTestSuite.java:98)\norg.apache.maven.surefire.testng.TestNGProvider.invoke(TestNGProvider.java:155)\norg.apache.maven.surefire.booter.ForkedBooter.runSuitesInProcess(ForkedBooter.java:456)\norg.apache.maven.surefire.booter.ForkedBooter.execute(ForkedBooter.java:169)\norg.apache.maven.surefire.booter.ForkedBooter.run(ForkedBooter.java:595)\norg.apache.maven.surefire.booter.ForkedBooter.main(ForkedBooter.java:581)\n\nCaused by: java.util.concurrent.TimeoutException:\nnull\njava.base/java.util.concurrent.CompletableFuture.timedGet(CompletableFuture.java:1960)\njava.base/java.util.concurrent.CompletableFuture.get(CompletableFuture.java:2095)\norg.asynchttpclient.netty.NettyResponseFuture.get(NettyResponseFuture.java:206)\norg.openqa.selenium.remote.http.netty.NettyHttpHandler.makeCall(NettyHttpHandler.java:59)\norg.openqa.selenium.remote.http.AddSeleniumUserAgent.lambda$apply$0(AddSeleniumUserAgent.java:42)\norg.openqa.selenium.remote.http.Filter.lambda$andFinally$1(Filter.java:56)\norg.openqa.selenium.remote.http.netty.NettyHttpHandler.execute(NettyHttpHandler.java:49)\norg.openqa.selenium.remote.http.AddSeleniumUserAgent.lambda$apply$0(AddSeleniumUserAgent.java:42)\norg.openqa.selenium.remote.http.Filter.lambda$andFinally$1(Filter.java:56)\norg.openqa.selenium.remote.http.netty.NettyClient.execute(NettyClient.java:98)\norg.openqa.selenium.remote.tracing.TracedHttpClient.execute(TracedHttpClient.java:55)\norg.openqa.selenium.remote.ProtocolHandshake.createSession(ProtocolHandshake.java:120)\norg.openqa.selenium.remote.ProtocolHandshake.createSession(ProtocolHandshake.java:102)\norg.openqa.selenium.remote.ProtocolHandshake.createSession(ProtocolHandshake.java:67)\norg.openqa.selenium.remote.HttpCommandExecutor.execute(HttpCommandExecutor.java:156)\norg.openqa.selenium.remote.TracedCommandExecutor.execute(TracedCommandExecutor.java:51)\norg.openqa.selenium.remote.RemoteWebDriver.execute(RemoteWebDriver.java:569)\norg.openqa.selenium.remote.RemoteWebDriver.startSession(RemoteWebDriver.java:264)\norg.openqa.selenium.remote.RemoteWebDriver.<init>(RemoteWebDriver.java:179)\norg.openqa.selenium.remote.RemoteWebDriver.<init>(RemoteWebDriver.java:161)\ncom.shaft.driver.DriverFactoryHelper.setValueToRemoteDriverInstance(DriverFactoryHelper.java:674)\ncom.shaft.driver.DriverFactoryHelper.createNewRemoteDriverInstance(DriverFactoryHelper.java:640)\ncom.shaft.driver.DriverFactoryHelper.getDriver(DriverFactoryHelper.java:823)\ncom.shaft.driver.DriverFactoryHelper.getDriver(DriverFactoryHelper.java:139)\ncom.shaft.driver.DriverFactory.getDriver(DriverFactory.java:30)\nGoogle_Test.setUp_BeforeMethods(Google_Test.java:38)\njava.base/jdk.internal.reflect.NativeMethodAccessorImpl.invoke0(Native Method)\njava.base/jdk.internal.reflect.NativeMethodAccessorImpl.invoke(NativeMethodAccessorImpl.java:77)\njava.base/jdk.internal.reflect.DelegatingMethodAccessorImpl.invoke(DelegatingMethodAccessorImpl.java:43)\njava.base/java.lang.reflect.Method.invoke(Method.java:568)\norg.testng.internal.invokers.MethodInvocationHelper.invokeMethod(MethodInvocationHelper.java:139)\norg.testng.internal.invokers.MethodInvocationHelper.invokeMethodConsideringTimeout(MethodInvocationHelper.java:69)\norg.testng.internal.invokers.ConfigInvoker.invokeConfigurationMethod(ConfigInvoker.java:361)\norg.testng.internal.invokers.ConfigInvoker.invokeConfigurations(ConfigInvoker.java:296)\norg.testng.internal.invokers.TestInvoker.runConfigMethods(TestInvoker.java:816)\norg.testng.internal.invokers.TestInvoker.invokeMethod(TestInvoker.java:590)\norg.testng.internal.invokers.TestInvoker.invokeTestMethod(TestInvoker.java:221)\norg.testng.internal.invokers.MethodRunner.runInSequence(MethodRunner.java:50)\norg.testng.internal.invokers.TestInvoker$MethodInvocationAgent.invoke(TestInvoker.java:962)\norg.testng.internal.invokers.TestInvoker.invokeTestMethods(TestInvoker.java:194)\norg.testng.internal.invokers.TestMethodWorker.invokeTestMethods(TestMethodWorker.java:148)\norg.testng.internal.invokers.TestMethodWorker.run(TestMethodWorker.java:128)\njava.base/java.util.ArrayList.forEach(ArrayList.java:1511)\norg.testng.TestRunner.privateRun(TestRunner.java:806)\norg.testng.TestRunner.run(TestRunner.java:601)\norg.testng.SuiteRunner.runTest(SuiteRunner.java:433)\norg.testng.SuiteRunner.runSequentially(SuiteRunner.java:427)\norg.testng.SuiteRunner.privateRun(SuiteRunner.java:387)\norg.testng.SuiteRunner.run(SuiteRunner.java:330)\norg.testng.SuiteRunnerWorker.runSuite(SuiteRunnerWorker.java:52)\norg.testng.SuiteRunnerWorker.run(SuiteRunnerWorker.java:95)\norg.testng.TestNG.runSuitesSequentially(TestNG.java:1256)\norg.testng.TestNG.runSuitesLocally(TestNG.java:1176)\norg.testng.TestNG.runSuites(TestNG.java:1099)\norg.testng.TestNG.run(TestNG.java:1067)\norg.apache.maven.surefire.testng.TestNGExecutor.run(TestNGExecutor.java:151)\norg.apache.maven.surefire.testng.TestNGDirectoryTestSuite.executeSingleClass(TestNGDirectoryTestSuite.java:111)\norg.apache.maven.surefire.testng.TestNGDirectoryTestSuite.execute(TestNGDirectoryTestSuite.java:98)\norg.apache.maven.surefire.testng.TestNGProvider.invoke(TestNGProvider.java:155)\norg.apache.maven.surefire.booter.ForkedBooter.runSuitesInProcess(ForkedBooter.java:456)\norg.apache.maven.surefire.booter.ForkedBooter.execute(ForkedBooter.java:169)\norg.apache.maven.surefire.booter.ForkedBooter.run(ForkedBooter.java:595)\norg.apache.maven.surefire.booter.ForkedBooter.main(ForkedBooter.java:581)\n]]"}],"stepsCount":0,"attachmentsCount":1,"shouldDisplayMessage":false,"hasContent":true},{"name":"Failed to run remotely on: \"Linux-64\", \"GoogleChrome\", \"http://localhost:4444/wd/hub\".","time":{"start":1656470607054,"stop":1656470607055,"duration":1},"status":"passed","steps":[],"attachments":[],"parameters":[{"name":"logText","value":"Failed to run remotely on: \"Linux-64\", \"GoogleChrome\", \"http://localhost:4444/wd/hub\"."}],"stepsCount":0,"attachmentsCount":0,"shouldDisplayMessage":false,"hasContent":true},{"name":"An Exception Occured with this Message: Could not start a new session. Possible causes are invalid address of the remote server or browser start-up failure..","time":{"start":1656470607060,"stop":1656470607063,"duration":3},"status":"passed","steps":[],"attachments":[{"uid":"7b1d670c885139a3","name":"Exception Stack Trace - org.openqa.selenium.SessionNotCreatedException","source":"7b1d670c885139a3.txt","type":"text/plain","size":13692}],"parameters":[{"name":"logText","value":"An Exception Occured with this Message: Could not start a new session. Possible causes are invalid address of the remote server or browser start-up failure.."},{"name":"attachments","value":"[[Exception Stack Trace, org.openqa.selenium.SessionNotCreatedException, org.openqa.selenium.SessionNotCreatedException:\nCould not start a new session. Possible causes are invalid address of the remote server or browser start-up failure.\norg.openqa.selenium.remote.RemoteWebDriver.execute(RemoteWebDriver.java:587)\norg.openqa.selenium.remote.RemoteWebDriver.startSession(RemoteWebDriver.java:264)\norg.openqa.selenium.remote.RemoteWebDriver.<init>(RemoteWebDriver.java:179)\norg.openqa.selenium.remote.RemoteWebDriver.<init>(RemoteWebDriver.java:161)\ncom.shaft.driver.DriverFactoryHelper.setValueToRemoteDriverInstance(DriverFactoryHelper.java:674)\ncom.shaft.driver.DriverFactoryHelper.createNewRemoteDriverInstance(DriverFactoryHelper.java:640)\ncom.shaft.driver.DriverFactoryHelper.getDriver(DriverFactoryHelper.java:823)\ncom.shaft.driver.DriverFactoryHelper.getDriver(DriverFactoryHelper.java:139)\ncom.shaft.driver.DriverFactory.getDriver(DriverFactory.java:30)\nGoogle_Test.setUp_BeforeMethods(Google_Test.java:38)\njava.base/jdk.internal.reflect.NativeMethodAccessorImpl.invoke0(Native Method)\njava.base/jdk.internal.reflect.NativeMethodAccessorImpl.invoke(NativeMethodAccessorImpl.java:77)\njava.base/jdk.internal.reflect.DelegatingMethodAccessorImpl.invoke(DelegatingMethodAccessorImpl.java:43)\njava.base/java.lang.reflect.Method.invoke(Method.java:568)\norg.testng.internal.invokers.MethodInvocationHelper.invokeMethod(MethodInvocationHelper.java:139)\norg.testng.internal.invokers.MethodInvocationHelper.invokeMethodConsideringTimeout(MethodInvocationHelper.java:69)\norg.testng.internal.invokers.ConfigInvoker.invokeConfigurationMethod(ConfigInvoker.java:361)\norg.testng.internal.invokers.ConfigInvoker.invokeConfigurations(ConfigInvoker.java:296)\norg.testng.internal.invokers.TestInvoker.runConfigMethods(TestInvoker.java:816)\norg.testng.internal.invokers.TestInvoker.invokeMethod(TestInvoker.java:590)\norg.testng.internal.invokers.TestInvoker.invokeTestMethod(TestInvoker.java:221)\norg.testng.internal.invokers.MethodRunner.runInSequence(MethodRunner.java:50)\norg.testng.internal.invokers.TestInvoker$MethodInvocationAgent.invoke(TestInvoker.java:962)\norg.testng.internal.invokers.TestInvoker.invokeTestMethods(TestInvoker.java:194)\norg.testng.internal.invokers.TestMethodWorker.invokeTestMethods(TestMethodWorker.java:148)\norg.testng.internal.invokers.TestMethodWorker.run(TestMethodWorker.java:128)\njava.base/java.util.ArrayList.forEach(ArrayList.java:1511)\norg.testng.TestRunner.privateRun(TestRunner.java:806)\norg.testng.TestRunner.run(TestRunner.java:601)\norg.testng.SuiteRunner.runTest(SuiteRunner.java:433)\norg.testng.SuiteRunner.runSequentially(SuiteRunner.java:427)\norg.testng.SuiteRunner.privateRun(SuiteRunner.java:387)\norg.testng.SuiteRunner.run(SuiteRunner.java:330)\norg.testng.SuiteRunnerWorker.runSuite(SuiteRunnerWorker.java:52)\norg.testng.SuiteRunnerWorker.run(SuiteRunnerWorker.java:95)\norg.testng.TestNG.runSuitesSequentially(TestNG.java:1256)\norg.testng.TestNG.runSuitesLocally(TestNG.java:1176)\norg.testng.TestNG.runSuites(TestNG.java:1099)\norg.testng.TestNG.run(TestNG.java:1067)\norg.apache.maven.surefire.testng.TestNGExecutor.run(TestNGExecutor.java:151)\norg.apache.maven.surefire.testng.TestNGDirectoryTestSuite.executeSingleClass(TestNGDirectoryTestSuite.java:111)\norg.apache.maven.surefire.testng.TestNGDirectoryTestSuite.execute(TestNGDirectoryTestSuite.java:98)\norg.apache.maven.surefire.testng.TestNGProvider.invoke(TestNGProvider.java:155)\norg.apache.maven.surefire.booter.ForkedBooter.runSuitesInProcess(ForkedBooter.java:456)\norg.apache.maven.surefire.booter.ForkedBooter.execute(ForkedBooter.java:169)\norg.apache.maven.surefire.booter.ForkedBooter.run(ForkedBooter.java:595)\norg.apache.maven.surefire.booter.ForkedBooter.main(ForkedBooter.java:581)\n\nCaused by: org.openqa.selenium.TimeoutException:\njava.util.concurrent.TimeoutException\nBuild info: version: '4.3.0', revision: 'a4995e2c09*'\nSystem info: host: 'fv-az204-197', ip: '10.1.0.134', os.name: 'Linux', os.arch: 'amd64', os.version: '5.13.0-1031-azure', java.version: '17.0.3'\nDriver info: driver.version: RemoteWebDriver\norg.openqa.selenium.remote.http.netty.NettyHttpHandler.makeCall(NettyHttpHandler.java:65)\norg.openqa.selenium.remote.http.AddSeleniumUserAgent.lambda$apply$0(AddSeleniumUserAgent.java:42)\norg.openqa.selenium.remote.http.Filter.lambda$andFinally$1(Filter.java:56)\norg.openqa.selenium.remote.http.netty.NettyHttpHandler.execute(NettyHttpHandler.java:49)\norg.openqa.selenium.remote.http.AddSeleniumUserAgent.lambda$apply$0(AddSeleniumUserAgent.java:42)\norg.openqa.selenium.remote.http.Filter.lambda$andFinally$1(Filter.java:56)\norg.openqa.selenium.remote.http.netty.NettyClient.execute(NettyClient.java:98)\norg.openqa.selenium.remote.tracing.TracedHttpClient.execute(TracedHttpClient.java:55)\norg.openqa.selenium.remote.ProtocolHandshake.createSession(ProtocolHandshake.java:120)\norg.openqa.selenium.remote.ProtocolHandshake.createSession(ProtocolHandshake.java:102)\norg.openqa.selenium.remote.ProtocolHandshake.createSession(ProtocolHandshake.java:67)\norg.openqa.selenium.remote.HttpCommandExecutor.execute(HttpCommandExecutor.java:156)\norg.openqa.selenium.remote.TracedCommandExecutor.execute(TracedCommandExecutor.java:51)\norg.openqa.selenium.remote.RemoteWebDriver.execute(RemoteWebDriver.java:569)\norg.openqa.selenium.remote.RemoteWebDriver.startSession(RemoteWebDriver.java:264)\norg.openqa.selenium.remote.RemoteWebDriver.<init>(RemoteWebDriver.java:179)\norg.openqa.selenium.remote.RemoteWebDriver.<init>(RemoteWebDriver.java:161)\ncom.shaft.driver.DriverFactoryHelper.setValueToRemoteDriverInstance(DriverFactoryHelper.java:674)\ncom.shaft.driver.DriverFactoryHelper.createNewRemoteDriverInstance(DriverFactoryHelper.java:640)\ncom.shaft.driver.DriverFactoryHelper.getDriver(DriverFactoryHelper.java:823)\ncom.shaft.driver.DriverFactoryHelper.getDriver(DriverFactoryHelper.java:139)\ncom.shaft.driver.DriverFactory.getDriver(DriverFactory.java:30)\nGoogle_Test.setUp_BeforeMethods(Google_Test.java:38)\njava.base/jdk.internal.reflect.NativeMethodAccessorImpl.invoke0(Native Method)\njava.base/jdk.internal.reflect.NativeMethodAccessorImpl.invoke(NativeMethodAccessorImpl.java:77)\njava.base/jdk.internal.reflect.DelegatingMethodAccessorImpl.invoke(DelegatingMethodAccessorImpl.java:43)\njava.base/java.lang.reflect.Method.invoke(Method.java:568)\norg.testng.internal.invokers.MethodInvocationHelper.invokeMethod(MethodInvocationHelper.java:139)\norg.testng.internal.invokers.MethodInvocationHelper.invokeMethodConsideringTimeout(MethodInvocationHelper.java:69)\norg.testng.internal.invokers.ConfigInvoker.invokeConfigurationMethod(ConfigInvoker.java:361)\norg.testng.internal.invokers.ConfigInvoker.invokeConfigurations(ConfigInvoker.java:296)\norg.testng.internal.invokers.TestInvoker.runConfigMethods(TestInvoker.java:816)\norg.testng.internal.invokers.TestInvoker.invokeMethod(TestInvoker.java:590)\norg.testng.internal.invokers.TestInvoker.invokeTestMethod(TestInvoker.java:221)\norg.testng.internal.invokers.MethodRunner.runInSequence(MethodRunner.java:50)\norg.testng.internal.invokers.TestInvoker$MethodInvocationAgent.invoke(TestInvoker.java:962)\norg.testng.internal.invokers.TestInvoker.invokeTestMethods(TestInvoker.java:194)\norg.testng.internal.invokers.TestMethodWorker.invokeTestMethods(TestMethodWorker.java:148)\norg.testng.internal.invokers.TestMethodWorker.run(TestMethodWorker.java:128)\njava.base/java.util.ArrayList.forEach(ArrayList.java:1511)\norg.testng.TestRunner.privateRun(TestRunner.java:806)\norg.testng.TestRunner.run(TestRunner.java:601)\norg.testng.SuiteRunner.runTest(SuiteRunner.java:433)\norg.testng.SuiteRunner.runSequentially(SuiteRunner.java:427)\norg.testng.SuiteRunner.privateRun(SuiteRunner.java:387)\norg.testng.SuiteRunner.run(SuiteRunner.java:330)\norg.testng.SuiteRunnerWorker.runSuite(SuiteRunnerWorker.java:52)\norg.testng.SuiteRunnerWorker.run(SuiteRunnerWorker.java:95)\norg.testng.TestNG.runSuitesSequentially(TestNG.java:1256)\norg.testng.TestNG.runSuitesLocally(TestNG.java:1176)\norg.testng.TestNG.runSuites(TestNG.java:1099)\norg.testng.TestNG.run(TestNG.java:1067)\norg.apache.maven.surefire.testng.TestNGExecutor.run(TestNGExecutor.java:151)\norg.apache.maven.surefire.testng.TestNGDirectoryTestSuite.executeSingleClass(TestNGDirectoryTestSuite.java:111)\norg.apache.maven.surefire.testng.TestNGDirectoryTestSuite.execute(TestNGDirectoryTestSuite.java:98)\norg.apache.maven.surefire.testng.TestNGProvider.invoke(TestNGProvider.java:155)\norg.apache.maven.surefire.booter.ForkedBooter.runSuitesInProcess(ForkedBooter.java:456)\norg.apache.maven.surefire.booter.ForkedBooter.execute(ForkedBooter.java:169)\norg.apache.maven.surefire.booter.ForkedBooter.run(ForkedBooter.java:595)\norg.apache.maven.surefire.booter.ForkedBooter.main(ForkedBooter.java:581)\n\nCaused by: java.util.concurrent.TimeoutException:\nnull\njava.base/java.util.concurrent.CompletableFuture.timedGet(CompletableFuture.java:1960)\njava.base/java.util.concurrent.CompletableFuture.get(CompletableFuture.java:2095)\norg.asynchttpclient.netty.NettyResponseFuture.get(NettyResponseFuture.java:206)\norg.openqa.selenium.remote.http.netty.NettyHttpHandler.makeCall(NettyHttpHandler.java:59)\norg.openqa.selenium.remote.http.AddSeleniumUserAgent.lambda$apply$0(AddSeleniumUserAgent.java:42)\norg.openqa.selenium.remote.http.Filter.lambda$andFinally$1(Filter.java:56)\norg.openqa.selenium.remote.http.netty.NettyHttpHandler.execute(NettyHttpHandler.java:49)\norg.openqa.selenium.remote.http.AddSeleniumUserAgent.lambda$apply$0(AddSeleniumUserAgent.java:42)\norg.openqa.selenium.remote.http.Filter.lambda$andFinally$1(Filter.java:56)\norg.openqa.selenium.remote.http.netty.NettyClient.execute(NettyClient.java:98)\norg.openqa.selenium.remote.tracing.TracedHttpClient.execute(TracedHttpClient.java:55)\norg.openqa.selenium.remote.ProtocolHandshake.createSession(ProtocolHandshake.java:120)\norg.openqa.selenium.remote.ProtocolHandshake.createSession(ProtocolHandshake.java:102)\norg.openqa.selenium.remote.ProtocolHandshake.createSession(ProtocolHandshake.java:67)\norg.openqa.selenium.remote.HttpCommandExecutor.execute(HttpCommandExecutor.java:156)\norg.openqa.selenium.remote.TracedCommandExecutor.execute(TracedCommandExecutor.java:51)\norg.openqa.selenium.remote.RemoteWebDriver.execute(RemoteWebDriver.java:569)\norg.openqa.selenium.remote.RemoteWebDriver.startSession(RemoteWebDriver.java:264)\norg.openqa.selenium.remote.RemoteWebDriver.<init>(RemoteWebDriver.java:179)\norg.openqa.selenium.remote.RemoteWebDriver.<init>(RemoteWebDriver.java:161)\ncom.shaft.driver.DriverFactoryHelper.setValueToRemoteDriverInstance(DriverFactoryHelper.java:674)\ncom.shaft.driver.DriverFactoryHelper.createNewRemoteDriverInstance(DriverFactoryHelper.java:640)\ncom.shaft.driver.DriverFactoryHelper.getDriver(DriverFactoryHelper.java:823)\ncom.shaft.driver.DriverFactoryHelper.getDriver(DriverFactoryHelper.java:139)\ncom.shaft.driver.DriverFactory.getDriver(DriverFactory.java:30)\nGoogle_Test.setUp_BeforeMethods(Google_Test.java:38)\njava.base/jdk.internal.reflect.NativeMethodAccessorImpl.invoke0(Native Method)\njava.base/jdk.internal.reflect.NativeMethodAccessorImpl.invoke(NativeMethodAccessorImpl.java:77)\njava.base/jdk.internal.reflect.DelegatingMethodAccessorImpl.invoke(DelegatingMethodAccessorImpl.java:43)\njava.base/java.lang.reflect.Method.invoke(Method.java:568)\norg.testng.internal.invokers.MethodInvocationHelper.invokeMethod(MethodInvocationHelper.java:139)\norg.testng.internal.invokers.MethodInvocationHelper.invokeMethodConsideringTimeout(MethodInvocationHelper.java:69)\norg.testng.internal.invokers.ConfigInvoker.invokeConfigurationMethod(ConfigInvoker.java:361)\norg.testng.internal.invokers.ConfigInvoker.invokeConfigurations(ConfigInvoker.java:296)\norg.testng.internal.invokers.TestInvoker.runConfigMethods(TestInvoker.java:816)\norg.testng.internal.invokers.TestInvoker.invokeMethod(TestInvoker.java:590)\norg.testng.internal.invokers.TestInvoker.invokeTestMethod(TestInvoker.java:221)\norg.testng.internal.invokers.MethodRunner.runInSequence(MethodRunner.java:50)\norg.testng.internal.invokers.TestInvoker$MethodInvocationAgent.invoke(TestInvoker.java:962)\norg.testng.internal.invokers.TestInvoker.invokeTestMethods(TestInvoker.java:194)\norg.testng.internal.invokers.TestMethodWorker.invokeTestMethods(TestMethodWorker.java:148)\norg.testng.internal.invokers.TestMethodWorker.run(TestMethodWorker.java:128)\njava.base/java.util.ArrayList.forEach(ArrayList.java:1511)\norg.testng.TestRunner.privateRun(TestRunner.java:806)\norg.testng.TestRunner.run(TestRunner.java:601)\norg.testng.SuiteRunner.runTest(SuiteRunner.java:433)\norg.testng.SuiteRunner.runSequentially(SuiteRunner.java:427)\norg.testng.SuiteRunner.privateRun(SuiteRunner.java:387)\norg.testng.SuiteRunner.run(SuiteRunner.java:330)\norg.testng.SuiteRunnerWorker.runSuite(SuiteRunnerWorker.java:52)\norg.testng.SuiteRunnerWorker.run(SuiteRunnerWorker.java:95)\norg.testng.TestNG.runSuitesSequentially(TestNG.java:1256)\norg.testng.TestNG.runSuitesLocally(TestNG.java:1176)\norg.testng.TestNG.runSuites(TestNG.java:1099)\norg.testng.TestNG.run(TestNG.java:1067)\norg.apache.maven.surefire.testng.TestNGExecutor.run(TestNGExecutor.java:151)\norg.apache.maven.surefire.testng.TestNGDirectoryTestSuite.executeSingleClass(TestNGDirectoryTestSuite.java:111)\norg.apache.maven.surefire.testng.TestNGDirectoryTestSuite.execute(TestNGDirectoryTestSuite.java:98)\norg.apache.maven.surefire.testng.TestNGProvider.invoke(TestNGProvider.java:155)\norg.apache.maven.surefire.booter.ForkedBooter.runSuitesInProcess(ForkedBooter.java:456)\norg.apache.maven.surefire.booter.ForkedBooter.execute(ForkedBooter.java:169)\norg.apache.maven.surefire.booter.ForkedBooter.run(ForkedBooter.java:595)\norg.apache.maven.surefire.booter.ForkedBooter.main(ForkedBooter.java:581)\n]]"}],"stepsCount":0,"attachmentsCount":1,"shouldDisplayMessage":false,"hasContent":true}],"attachments":[],"parameters":[],"stepsCount":4,"attachmentsCount":2,"shouldDisplayMessage":true,"hasContent":true},{"name":"setUp_BeforeMethods_Groups","time":{"start":1656470607078,"stop":1656470607078,"duration":0},"description":"","status":"broken","steps":[],"attachments":[],"parameters":[],"stepsCount":0,"attachmentsCount":0,"shouldDisplayMessage":false,"hasContent":false}],"testStage":{"description":"Open Mozilla Firefox\nNavigate to [https://www.google.com/]\nSearch for [TestNG]\nAssert that the text of the fourth result is [TestNG Tutorial]\nClose Mozilla Firefox\n","status":"skipped","statusMessage":"Driver Factory Action \"createNewRemoteDriverInstance\" failed. With the following test data \"Unhandled Error.\".","statusTrace":"java.lang.AssertionError: Driver Factory Action \"createNewRemoteDriverInstance\" failed. With the following test data \"Unhandled Error.\".\n\tat org.testng.Assert.fail(Assert.java:98)\n\tat com.shaft.driver.DriverFactoryHelper.failAction(DriverFactoryHelper.java:305)\n\tat com.shaft.driver.DriverFactoryHelper.createNewRemoteDriverInstance(DriverFactoryHelper.java:654)\n\tat com.shaft.driver.DriverFactoryHelper.getDriver(DriverFactoryHelper.java:823)\n\tat com.shaft.driver.DriverFactoryHelper.getDriver(DriverFactoryHelper.java:139)\n\tat com.shaft.driver.DriverFactory.getDriver(DriverFactory.java:30)\n\tat Google_Test.setUp_BeforeMethods(Google_Test.java:38)\n\tat java.base/jdk.internal.reflect.NativeMethodAccessorImpl.invoke0(Native Method)\n\tat java.base/jdk.internal.reflect.NativeMethodAccessorImpl.invoke(NativeMethodAccessorImpl.java:77)\n\tat java.base/jdk.internal.reflect.DelegatingMethodAccessorImpl.invoke(DelegatingMethodAccessorImpl.java:43)\n\tat java.base/java.lang.reflect.Method.invoke(Method.java:568)\n\tat org.testng.internal.invokers.MethodInvocationHelper.invokeMethod(MethodInvocationHelper.java:139)\n\tat org.testng.internal.invokers.MethodInvocationHelper.invokeMethodConsideringTimeout(MethodInvocationHelper.java:69)\n\tat org.testng.internal.invokers.ConfigInvoker.invokeConfigurationMethod(ConfigInvoker.java:361)\n\tat org.testng.internal.invokers.ConfigInvoker.invokeConfigurations(ConfigInvoker.java:296)\n\tat org.testng.internal.invokers.TestInvoker.runConfigMethods(TestInvoker.java:816)\n\tat org.testng.internal.invokers.TestInvoker.invokeMethod(TestInvoker.java:590)\n\tat org.testng.internal.invokers.TestInvoker.invokeTestMethod(TestInvoker.java:221)\n\tat org.testng.internal.invokers.MethodRunner.runInSequence(MethodRunner.java:50)\n\tat org.testng.internal.invokers.TestInvoker$MethodInvocationAgent.invoke(TestInvoker.java:962)\n\tat org.testng.internal.invokers.TestInvoker.invokeTestMethods(TestInvoker.java:194)\n\tat org.testng.internal.invokers.TestMethodWorker.invokeTestMethods(TestMethodWorker.java:148)\n\tat org.testng.internal.invokers.TestMethodWorker.run(TestMethodWorker.java:128)\n\tat java.base/java.util.ArrayList.forEach(ArrayList.java:1511)\n\tat org.testng.TestRunner.privateRun(TestRunner.java:806)\n\tat org.testng.TestRunner.run(TestRunner.java:601)\n\tat org.testng.SuiteRunner.runTest(SuiteRunner.java:433)\n\tat org.testng.SuiteRunner.runSequentially(SuiteRunner.java:427)\n\tat org.testng.SuiteRunner.privateRun(SuiteRunner.java:387)\n\tat org.testng.SuiteRunner.run(SuiteRunner.java:330)\n\tat org.testng.SuiteRunnerWorker.runSuite(SuiteRunnerWorker.java:52)\n\tat org.testng.SuiteRunnerWorker.run(SuiteRunnerWorker.java:95)\n\tat org.testng.TestNG.runSuitesSequentially(TestNG.java:1256)\n\tat org.testng.TestNG.runSuitesLocally(TestNG.java:1176)\n\tat org.testng.TestNG.runSuites(TestNG.java:1099)\n\tat org.testng.TestNG.run(TestNG.java:1067)\n\tat org.apache.maven.surefire.testng.TestNGExecutor.run(TestNGExecutor.java:151)\n\tat org.apache.maven.surefire.testng.TestNGDirectoryTestSuite.executeSingleClass(TestNGDirectoryTestSuite.java:111)\n\tat org.apache.maven.surefire.testng.TestNGDirectoryTestSuite.execute(TestNGDirectoryTestSuite.java:98)\n\tat org.apache.maven.surefire.testng.TestNGProvider.invoke(TestNGProvider.java:155)\n\tat org.apache.maven.surefire.booter.ForkedBooter.runSuitesInProcess(ForkedBooter.java:456)\n\tat org.apache.maven.surefire.booter.ForkedBooter.execute(ForkedBooter.java:169)\n\tat org.apache.maven.surefire.booter.ForkedBooter.run(ForkedBooter.java:595)\n\tat org.apache.maven.surefire.booter.ForkedBooter.main(ForkedBooter.java:581)\nCaused by: org.openqa.selenium.SessionNotCreatedException: Could not start a new session. Possible causes are invalid address of the remote server or browser start-up failure.\n\tat org.openqa.selenium.remote.RemoteWebDriver.execute(RemoteWebDriver.java:587)\n\tat org.openqa.selenium.remote.RemoteWebDriver.startSession(RemoteWebDriver.java:264)\n\tat org.openqa.selenium.remote.RemoteWebDriver.<init>(RemoteWebDriver.java:179)\n\tat org.openqa.selenium.remote.RemoteWebDriver.<init>(RemoteWebDriver.java:161)\n\tat com.shaft.driver.DriverFactoryHelper.setValueToRemoteDriverInstance(DriverFactoryHelper.java:674)\n\tat com.shaft.driver.DriverFactoryHelper.createNewRemoteDriverInstance(DriverFactoryHelper.java:640)\n\t... 41 more\nCaused by: org.openqa.selenium.TimeoutException: java.util.concurrent.TimeoutException\nBuild info: version: '4.3.0', revision: 'a4995e2c09*'\nSystem info: host: 'fv-az204-197', ip: '10.1.0.134', os.name: 'Linux', os.arch: 'amd64', os.version: '5.13.0-1031-azure', java.version: '17.0.3'\nDriver info: driver.version: RemoteWebDriver\n\tat org.openqa.selenium.remote.http.netty.NettyHttpHandler.makeCall(NettyHttpHandler.java:65)\n\tat org.openqa.selenium.remote.http.AddSeleniumUserAgent.lambda$apply$0(AddSeleniumUserAgent.java:42)\n\tat org.openqa.selenium.remote.http.Filter.lambda$andFinally$1(Filter.java:56)\n\tat org.openqa.selenium.remote.http.netty.NettyHttpHandler.execute(NettyHttpHandler.java:49)\n\tat org.openqa.selenium.remote.http.AddSeleniumUserAgent.lambda$apply$0(AddSeleniumUserAgent.java:42)\n\tat org.openqa.selenium.remote.http.Filter.lambda$andFinally$1(Filter.java:56)\n\tat org.openqa.selenium.remote.http.netty.NettyClient.execute(NettyClient.java:98)\n\tat org.openqa.selenium.remote.tracing.TracedHttpClient.execute(TracedHttpClient.java:55)\n\tat org.openqa.selenium.remote.ProtocolHandshake.createSession(ProtocolHandshake.java:120)\n\tat org.openqa.selenium.remote.ProtocolHandshake.createSession(ProtocolHandshake.java:102)\n\tat org.openqa.selenium.remote.ProtocolHandshake.createSession(ProtocolHandshake.java:67)\n\tat org.openqa.selenium.remote.HttpCommandExecutor.execute(HttpCommandExecutor.java:156)\n\tat org.openqa.selenium.remote.TracedCommandExecutor.execute(TracedCommandExecutor.java:51)\n\tat org.openqa.selenium.remote.RemoteWebDriver.execute(RemoteWebDriver.java:569)\n\t... 46 more\nCaused by: java.util.concurrent.TimeoutException\n\tat java.base/java.util.concurrent.CompletableFuture.timedGet(CompletableFuture.java:1960)\n\tat java.base/java.util.concurrent.CompletableFuture.get(CompletableFuture.java:2095)\n\tat org.asynchttpclient.netty.NettyResponseFuture.get(NettyResponseFuture.java:206)\n\tat org.openqa.selenium.remote.http.netty.NettyHttpHandler.makeCall(NettyHttpHandler.java:59)\n\t... 59 more\n","steps":[],"attachments":[{"uid":"f05c9341605c4478","name":"SHAFT Engine Logs - Current Method log: searchForFourthResult","source":"f05c9341605c4478.txt","type":"text/plain","size":404}],"parameters":[],"stepsCount":0,"attachmentsCount":1,"shouldDisplayMessage":true,"hasContent":true},"afterStages":[{"name":"teardownActivities","time":{"start":1656470607135,"stop":1656470609019,"duration":1884},"description":"","status":"passed","steps":[{"name":"Successfully Closed All Drivers.","time":{"start":1656470608363,"stop":1656470608363,"duration":0},"status":"passed","steps":[],"attachments":[],"parameters":[{"name":"logText","value":"Successfully Closed All Drivers."}],"stepsCount":0,"attachmentsCount":0,"shouldDisplayMessage":false,"hasContent":true},{"name":"Issue Summary: Total Issues = 1, New issues for Failed Tests = 0, Open issues for Passed Tests = 1, Open issues for Failed Tests = 0. Kindly check the attached Issue details.","time":{"start":1656470608368,"stop":1656470608370,"duration":2},"status":"passed","steps":[],"attachments":[{"uid":"2516dcfd699a98ea","name":"SHAFT Engine Logs - Issues log CSV: 20220629-024328","source":"2516dcfd699a98ea.csv","type":"text/csv","size":110}],"parameters":[{"name":"logText","value":"Issue Summary: Total Issues = 1, New issues for Failed Tests = 0, Open issues for Passed Tests = 1, Open issues for Failed Tests = 0. Kindly check the attached Issue details."},{"name":"attachments","value":"[[SHAFT Engine Logs, Issues log CSV: 20220629-024328, java.io.ByteArrayInputStream@4bbc9862]]"}],"stepsCount":0,"attachmentsCount":1,"shouldDisplayMessage":false,"hasContent":true}],"attachments":[{"uid":"3dd87f566582a766","name":"SHAFT Engine Logs - Execution log: 20220629-024328","source":"3dd87f566582a766.txt","type":"text/plain","size":14863},{"uid":"ed728c8e43f46d53","name":"HTML - Extent Emailable Execution Report","source":"ed728c8e43f46d53.html","type":"text/html","size":547684}],"parameters":[],"stepsCount":2,"attachmentsCount":3,"shouldDisplayMessage":false,"hasContent":true}],"labels":[{"name":"package","value":"Google_Test"},{"name":"testClass","value":"Google_Test"},{"name":"testMethod","value":"searchForFourthResult"},{"name":"parentSuite","value":"Suite"},{"name":"suite","value":"Test"},{"name":"subSuite","value":"Google_Test"},{"name":"host","value":"fv-az204-197"},{"name":"thread","value":"3472@fv-az204-197.main(1)"},{"name":"framework","value":"testng"},{"name":"language","value":"java"},{"name":"severity","value":"critical"},{"name":"resultFormat","value":"allure2"}],"parameters":[],"links":[{"name":"Bug_004","url":"","type":"issue"},{"name":"Tc_004","url":"https:///Tc_004","type":"tms"},{"name":"https://www.google.com/ncr","url":"https://www.google.com/ncr","type":"custom"}],"hidden":false,"retry":false,"extra":{"severity":"critical","retries":[],"categories":[],"history":{"statistic":{"failed":0,"broken":0,"skipped":15,"passed":0,"unknown":0,"total":15},"items":[{"uid":"1c9fbf2a4f988507","reportUrl":"https://ismail-elshafeiy.github.io/TestAutomation_Tasks_using_SHAFT_ENGINE/allure/14//#testresult/1c9fbf2a4f988507","status":"skipped","statusDetails":"Driver Factory Action \"createNewRemoteDriverInstance\" failed. With the following test data \"Unhandled Error.\".","time":{"start":1656442080255,"stop":1656442080263,"duration":8}},{"uid":"9529e45a671b21bb","reportUrl":"https://ismail-elshafeiy.github.io/TestAutomation_Tasks_using_SHAFT_ENGINE/allure/13//#testresult/9529e45a671b21bb","status":"skipped","statusDetails":"Driver Factory Action \"createNewRemoteDriverInstance\" failed. With the following test data \"Unhandled Error.\".","time":{"start":1656421515717,"stop":1656421515725,"duration":8}},{"uid":"f315fec6b2b633b4","reportUrl":"https://ismail-elshafeiy.github.io/TestAutomation_Tasks_using_SHAFT_ENGINE/allure/12//#testresult/f315fec6b2b633b4","status":"skipped","statusDetails":"Driver Factory Action \"createNewRemoteDriverInstance\" failed. With the following test data \"Unhandled Error.\".","time":{"start":1656398563960,"stop":1656398563965,"duration":5}},{"uid":"f4869d0eac94db1f","reportUrl":"https://ismail-elshafeiy.github.io/TestAutomation_Tasks_using_SHAFT_ENGINE/allure/11//#testresult/f4869d0eac94db1f","status":"skipped","statusDetails":"Driver Factory Action \"createNewRemoteDriverInstance\" failed. With the following test data \"Unhandled Error.\".","time":{"start":1656384307444,"stop":1656384307449,"duration":5}},{"uid":"6cf1d1dc97b4415f","reportUrl":"https://ismail-elshafeiy.github.io/TestAutomation_Tasks_using_SHAFT_ENGINE/allure/10//#testresult/6cf1d1dc97b4415f","status":"skipped","statusDetails":"Driver Factory Action \"createNewRemoteDriverInstance\" failed. With the following test data \"Unhandled Error.\".","time":{"start":1656355630726,"stop":1656355630729,"duration":3}},{"uid":"76d850927b22b514","reportUrl":"https://ismail-elshafeiy.github.io/TestAutomation_Tasks_using_SHAFT_ENGINE/allure/9//#testresult/76d850927b22b514","status":"skipped","statusDetails":"Driver Factory Action \"createNewRemoteDriverInstance\" failed. With the following test data \"Unhandled Error.\".","time":{"start":1656335274818,"stop":1656335274823,"duration":5}},{"uid":"394630f8d3cce9ad","reportUrl":"https://ismail-elshafeiy.github.io/TestAutomation_Tasks_using_SHAFT_ENGINE/allure/8//#testresult/394630f8d3cce9ad","status":"skipped","statusDetails":"Driver Factory Action \"createNewRemoteDriverInstance\" failed. With the following test data \"Unhandled Error.\".","time":{"start":1656312412776,"stop":1656312412780,"duration":4}},{"uid":"ad39922a9651e97","reportUrl":"https://ismail-elshafeiy.github.io/TestAutomation_Tasks_using_SHAFT_ENGINE/allure/7//#testresult/ad39922a9651e97","status":"skipped","statusDetails":"Driver Factory Action \"createNewRemoteDriverInstance\" failed. With the following test data \"Unhandled Error.\".","time":{"start":1656297444734,"stop":1656297444745,"duration":11}},{"uid":"7c6738e9f600601","reportUrl":"https://ismail-elshafeiy.github.io/TestAutomation_Tasks_using_SHAFT_ENGINE/allure/6//#testresult/7c6738e9f600601","status":"skipped","statusDetails":"Driver Factory Action \"createNewRemoteDriverInstance\" failed. With the following test data \"Unhandled Error.\".","time":{"start":1656268730150,"stop":1656268730162,"duration":12}},{"uid":"df99197a4027f79d","reportUrl":"https://ismail-elshafeiy.github.io/TestAutomation_Tasks_using_SHAFT_ENGINE/allure/5//#testresult/df99197a4027f79d","status":"skipped","statusDetails":"Driver Factory Action \"createNewRemoteDriverInstance\" failed. With the following test data \"Unhandled Error.\".","time":{"start":1656248007453,"stop":1656248007462,"duration":9}},{"uid":"904817dcddb74b3d","reportUrl":"https://ismail-elshafeiy.github.io/TestAutomation_Tasks_using_SHAFT_ENGINE/allure/4//#testresult/904817dcddb74b3d","status":"skipped","statusDetails":"Driver Factory Action \"createNewRemoteDriverInstance\" failed. With the following test data \"Unhandled Error.\".","time":{"start":1656225578130,"stop":1656225578140,"duration":10}},{"uid":"93c6967e4558c1b","reportUrl":"https://ismail-elshafeiy.github.io/TestAutomation_Tasks_using_SHAFT_ENGINE/allure/3//#testresult/93c6967e4558c1b","status":"skipped","statusDetails":"Driver Factory Action \"createNewRemoteDriverInstance\" failed. With the following test data \"Unhandled Error.\".","time":{"start":1656211493532,"stop":1656211493533,"duration":1}},{"uid":"2c32cd30dd4010e6","reportUrl":"https://ismail-elshafeiy.github.io/TestAutomation_Tasks_using_SHAFT_ENGINE/allure/2//#testresult/2c32cd30dd4010e6","status":"skipped","statusDetails":"Driver Factory Action \"createNewRemoteDriverInstance\" failed. With the following test data \"Unhandled Error.\".","time":{"start":1656182388616,"stop":1656182388618,"duration":2}},{"uid":"97df272e5089586","reportUrl":"https://ismail-elshafeiy.github.io/TestAutomation_Tasks_using_SHAFT_ENGINE/allure/1//#testresult/97df272e5089586","status":"skipped","statusDetails":"Driver Factory Action \"createNewRemoteDriverInstance\" failed. With the following test data \"Unhandled Error.\".","time":{"start":1656179735513,"stop":1656179735515,"duration":2}}]},"tags":[]},"source":"278c52b25a608084.json","parameterValues":[]}