{"uid":"2ae4da2dc12483e0","name":"searchForFourthResult","fullName":"Google_Test.searchForFourthResult","historyId":"430711a57f7f82a800764fc243f92fdc","time":{"start":1656873448809,"stop":1656873448810,"duration":1},"description":"- Open Mozilla Firefox\n- Navigate to [https://www.google.com/]\n- Search for [TestNG]\n- Assert that the text of the fourth result is [TestNG Tutorial]\n- Close Mozilla Firefox\n","descriptionHtml":"<ul>\n<li>Open Mozilla Firefox</li>\n<li>Navigate to [https://www.google.com/]</li>\n<li>Search for [TestNG]</li>\n<li>Assert that the text of the fourth result is [TestNG Tutorial]</li>\n<li>Close Mozilla Firefox</li>\n</ul>\n","status":"skipped","statusMessage":"Driver Factory Action \"createNewRemoteDriverInstance\" failed. With the following test data \"Unhandled Error.\".","statusTrace":"java.lang.AssertionError: Driver Factory Action \"createNewRemoteDriverInstance\" failed. With the following test data \"Unhandled Error.\".\n\tat org.testng.Assert.fail(Assert.java:98)\n\tat com.shaft.driver.DriverFactoryHelper.failAction(DriverFactoryHelper.java:305)\n\tat com.shaft.driver.DriverFactoryHelper.createNewRemoteDriverInstance(DriverFactoryHelper.java:654)\n\tat com.shaft.driver.DriverFactoryHelper.getDriver(DriverFactoryHelper.java:823)\n\tat com.shaft.driver.DriverFactoryHelper.getDriver(DriverFactoryHelper.java:160)\n\tat com.shaft.driver.DriverFactory.getDriver(DriverFactory.java:44)\n\tat Google_Test.setUp_FireFox(Google_Test.java:33)\n\tat java.base/jdk.internal.reflect.NativeMethodAccessorImpl.invoke0(Native Method)\n\tat java.base/jdk.internal.reflect.NativeMethodAccessorImpl.invoke(NativeMethodAccessorImpl.java:77)\n\tat java.base/jdk.internal.reflect.DelegatingMethodAccessorImpl.invoke(DelegatingMethodAccessorImpl.java:43)\n\tat java.base/java.lang.reflect.Method.invoke(Method.java:568)\n\tat org.testng.internal.invokers.MethodInvocationHelper.invokeMethod(MethodInvocationHelper.java:139)\n\tat org.testng.internal.invokers.MethodInvocationHelper.invokeMethodConsideringTimeout(MethodInvocationHelper.java:69)\n\tat org.testng.internal.invokers.ConfigInvoker.invokeConfigurationMethod(ConfigInvoker.java:361)\n\tat org.testng.internal.invokers.ConfigInvoker.invokeConfigurations(ConfigInvoker.java:296)\n\tat org.testng.internal.invokers.TestInvoker.runConfigMethods(TestInvoker.java:816)\n\tat org.testng.internal.invokers.TestInvoker.invokeMethod(TestInvoker.java:590)\n\tat org.testng.internal.invokers.TestInvoker.invokeTestMethod(TestInvoker.java:221)\n\tat org.testng.internal.invokers.MethodRunner.runInSequence(MethodRunner.java:50)\n\tat org.testng.internal.invokers.TestInvoker$MethodInvocationAgent.invoke(TestInvoker.java:962)\n\tat org.testng.internal.invokers.TestInvoker.invokeTestMethods(TestInvoker.java:194)\n\tat org.testng.internal.invokers.TestMethodWorker.invokeTestMethods(TestMethodWorker.java:148)\n\tat org.testng.internal.invokers.TestMethodWorker.run(TestMethodWorker.java:128)\n\tat java.base/java.util.ArrayList.forEach(ArrayList.java:1511)\n\tat org.testng.TestRunner.privateRun(TestRunner.java:806)\n\tat org.testng.TestRunner.run(TestRunner.java:601)\n\tat org.testng.SuiteRunner.runTest(SuiteRunner.java:433)\n\tat org.testng.SuiteRunner.runSequentially(SuiteRunner.java:427)\n\tat org.testng.SuiteRunner.privateRun(SuiteRunner.java:387)\n\tat org.testng.SuiteRunner.run(SuiteRunner.java:330)\n\tat org.testng.SuiteRunnerWorker.runSuite(SuiteRunnerWorker.java:52)\n\tat org.testng.SuiteRunnerWorker.run(SuiteRunnerWorker.java:95)\n\tat org.testng.TestNG.runSuitesSequentially(TestNG.java:1256)\n\tat org.testng.TestNG.runSuitesLocally(TestNG.java:1176)\n\tat org.testng.TestNG.runSuites(TestNG.java:1099)\n\tat org.testng.TestNG.run(TestNG.java:1067)\n\tat org.apache.maven.surefire.testng.TestNGExecutor.run(TestNGExecutor.java:151)\n\tat org.apache.maven.surefire.testng.TestNGDirectoryTestSuite.executeSingleClass(TestNGDirectoryTestSuite.java:111)\n\tat org.apache.maven.surefire.testng.TestNGDirectoryTestSuite.execute(TestNGDirectoryTestSuite.java:98)\n\tat org.apache.maven.surefire.testng.TestNGProvider.invoke(TestNGProvider.java:155)\n\tat org.apache.maven.surefire.booter.ForkedBooter.runSuitesInProcess(ForkedBooter.java:456)\n\tat org.apache.maven.surefire.booter.ForkedBooter.execute(ForkedBooter.java:169)\n\tat org.apache.maven.surefire.booter.ForkedBooter.run(ForkedBooter.java:595)\n\tat org.apache.maven.surefire.booter.ForkedBooter.main(ForkedBooter.java:581)\nCaused by: org.openqa.selenium.SessionNotCreatedException: Could not start a new session. Possible causes are invalid address of the remote server or browser start-up failure.\n\tat org.openqa.selenium.remote.RemoteWebDriver.execute(RemoteWebDriver.java:587)\n\tat org.openqa.selenium.remote.RemoteWebDriver.startSession(RemoteWebDriver.java:264)\n\tat org.openqa.selenium.remote.RemoteWebDriver.<init>(RemoteWebDriver.java:179)\n\tat org.openqa.selenium.remote.RemoteWebDriver.<init>(RemoteWebDriver.java:161)\n\tat com.shaft.driver.DriverFactoryHelper.setValueToRemoteDriverInstance(DriverFactoryHelper.java:666)\n\tat com.shaft.driver.DriverFactoryHelper.createNewRemoteDriverInstance(DriverFactoryHelper.java:640)\n\t... 41 more\nCaused by: org.openqa.selenium.TimeoutException: java.util.concurrent.TimeoutException\nBuild info: version: '4.3.0', revision: 'a4995e2c09*'\nSystem info: host: 'fv-az198-845', ip: '10.1.0.50', os.name: 'Linux', os.arch: 'amd64', os.version: '5.13.0-1031-azure', java.version: '17.0.3'\nDriver info: driver.version: RemoteWebDriver\n\tat org.openqa.selenium.remote.http.netty.NettyHttpHandler.makeCall(NettyHttpHandler.java:65)\n\tat org.openqa.selenium.remote.http.AddSeleniumUserAgent.lambda$apply$0(AddSeleniumUserAgent.java:42)\n\tat org.openqa.selenium.remote.http.Filter.lambda$andFinally$1(Filter.java:56)\n\tat org.openqa.selenium.remote.http.netty.NettyHttpHandler.execute(NettyHttpHandler.java:49)\n\tat org.openqa.selenium.remote.http.AddSeleniumUserAgent.lambda$apply$0(AddSeleniumUserAgent.java:42)\n\tat org.openqa.selenium.remote.http.Filter.lambda$andFinally$1(Filter.java:56)\n\tat org.openqa.selenium.remote.http.netty.NettyClient.execute(NettyClient.java:98)\n\tat org.openqa.selenium.remote.tracing.TracedHttpClient.execute(TracedHttpClient.java:55)\n\tat org.openqa.selenium.remote.ProtocolHandshake.createSession(ProtocolHandshake.java:120)\n\tat org.openqa.selenium.remote.ProtocolHandshake.createSession(ProtocolHandshake.java:102)\n\tat org.openqa.selenium.remote.ProtocolHandshake.createSession(ProtocolHandshake.java:67)\n\tat org.openqa.selenium.remote.HttpCommandExecutor.execute(HttpCommandExecutor.java:156)\n\tat org.openqa.selenium.remote.TracedCommandExecutor.execute(TracedCommandExecutor.java:51)\n\tat org.openqa.selenium.remote.RemoteWebDriver.execute(RemoteWebDriver.java:569)\n\t... 46 more\nCaused by: java.util.concurrent.TimeoutException\n\tat java.base/java.util.concurrent.CompletableFuture.timedGet(CompletableFuture.java:1960)\n\tat java.base/java.util.concurrent.CompletableFuture.get(CompletableFuture.java:2095)\n\tat org.asynchttpclient.netty.NettyResponseFuture.get(NettyResponseFuture.java:206)\n\tat org.openqa.selenium.remote.http.netty.NettyHttpHandler.makeCall(NettyHttpHandler.java:59)\n\t... 59 more\n","flaky":false,"newFailed":false,"newBroken":false,"newPassed":false,"retriesCount":0,"retriesStatusChange":false,"beforeStages":[{"name":"setupActivities","time":{"start":1656873251291,"stop":1656873252200,"duration":909},"description":"","status":"passed","steps":[{"name":"Folder \"extent-reports\" was not found, it may have already been deleted.","time":{"start":1656873251485,"stop":1656873251488,"duration":3},"status":"passed","steps":[],"attachments":[],"parameters":[{"name":"logText","value":"Folder \"extent-reports\" was not found, it may have already been deleted."}],"stepsCount":0,"attachmentsCount":0,"shouldDisplayMessage":false,"hasContent":true}],"attachments":[{"uid":"8ee0613b9c17d215","name":"SHAFT Links - Important","source":"8ee0613b9c17d215.uri","type":"text/uri-list","size":334},{"uid":"b276c36f642c8430","name":"Properties - ExecutionPlatform","source":"b276c36f642c8430.properties","type":"text/plain","size":419},{"uid":"520e127c61f08663","name":"Properties - cucumber","source":"520e127c61f08663.properties","type":"text/plain","size":1316},{"uid":"fa9671084306cefd","name":"Properties - tinkey","source":"fa9671084306cefd.properties","type":"text/plain","size":1579},{"uid":"320c71463c7d43dc","name":"Properties - Reporting","source":"320c71463c7d43dc.properties","type":"text/plain","size":614},{"uid":"25066df7879eb0e2","name":"Properties - MobileCapabilities","source":"25066df7879eb0e2.properties","type":"text/plain","size":470},{"uid":"e1f8dff9ccdede5","name":"Properties - healenium","source":"e1f8dff9ccdede5.properties","type":"text/plain","size":115},{"uid":"f2c9123617d5dbd2","name":"Properties - VisualValidations","source":"f2c9123617d5dbd2.properties","type":"text/plain","size":711},{"uid":"324bb7459d73c3b3","name":"Properties - JiraXRay","source":"324bb7459d73c3b3.properties","type":"text/plain","size":793},{"uid":"a9310fe860ac0733","name":"Properties - browserStack","source":"a9310fe860ac0733.properties","type":"text/plain","size":1606},{"uid":"b051b380233b8885","name":"Properties - pattern","source":"b051b380233b8885.properties","type":"text/plain","size":566},{"uid":"489c6fdd3ec476bc","name":"Properties - path","source":"489c6fdd3ec476bc.properties","type":"text/plain","size":687},{"uid":"b0afc7fb4e53a8b2","name":"Properties - testNG","source":"b0afc7fb4e53a8b2.properties","type":"text/plain","size":492},{"uid":"a2f6a2ccb037dba7","name":"Properties - PlatformFlags","source":"a2f6a2ccb037dba7.properties","type":"text/plain","size":765},{"uid":"304101d6ced1f17a","name":"Properties - Timeouts","source":"304101d6ced1f17a.properties","type":"text/plain","size":722},{"uid":"89b3476f896e385e","name":"Properties - project","source":"89b3476f896e385e.properties","type":"text/plain","size":299},{"uid":"e0a7e70355a31d09","name":"Properties - video","source":"e0a7e70355a31d09.properties","type":"text/plain","size":763}],"parameters":[],"stepsCount":1,"attachmentsCount":17,"shouldDisplayMessage":false,"hasContent":true},{"name":"serTestData","time":{"start":1656873252236,"stop":1656873252247,"duration":11},"description":"","status":"passed","steps":[{"name":"Loaded Test Data: \"src/test/resources/testDataFiles/google_testData/google.json\".","time":{"start":1656873252246,"stop":1656873252247,"duration":1},"status":"passed","steps":[],"attachments":[{"uid":"934290b196026f0b","name":"Test Data - JSON","source":"934290b196026f0b.json","type":"text/json","size":543}],"parameters":[{"name":"logText","value":"Loaded Test Data: \"src/test/resources/testDataFiles/google_testData/google.json\"."},{"name":"attachments","value":"[[Test Data, JSON, java.io.FileInputStream@23bd0c81]]"}],"stepsCount":0,"attachmentsCount":1,"shouldDisplayMessage":false,"hasContent":true}],"attachments":[],"parameters":[],"stepsCount":1,"attachmentsCount":1,"shouldDisplayMessage":false,"hasContent":true},{"name":"setUp_FireFox","time":{"start":1656873268757,"stop":1656873448800,"duration":180043},"description":"","status":"failed","statusMessage":"Driver Factory Action \"createNewRemoteDriverInstance\" failed. With the following test data \"Unhandled Error.\".","statusTrace":"java.lang.AssertionError: Driver Factory Action \"createNewRemoteDriverInstance\" failed. With the following test data \"Unhandled Error.\".\n\tat org.testng.Assert.fail(Assert.java:98)\n\tat com.shaft.driver.DriverFactoryHelper.failAction(DriverFactoryHelper.java:305)\n\tat com.shaft.driver.DriverFactoryHelper.createNewRemoteDriverInstance(DriverFactoryHelper.java:654)\n\tat com.shaft.driver.DriverFactoryHelper.getDriver(DriverFactoryHelper.java:823)\n\tat com.shaft.driver.DriverFactoryHelper.getDriver(DriverFactoryHelper.java:160)\n\tat com.shaft.driver.DriverFactory.getDriver(DriverFactory.java:44)\n\tat Google_Test.setUp_FireFox(Google_Test.java:33)\n\tat java.base/jdk.internal.reflect.NativeMethodAccessorImpl.invoke0(Native Method)\n\tat java.base/jdk.internal.reflect.NativeMethodAccessorImpl.invoke(NativeMethodAccessorImpl.java:77)\n\tat java.base/jdk.internal.reflect.DelegatingMethodAccessorImpl.invoke(DelegatingMethodAccessorImpl.java:43)\n\tat java.base/java.lang.reflect.Method.invoke(Method.java:568)\n\tat org.testng.internal.invokers.MethodInvocationHelper.invokeMethod(MethodInvocationHelper.java:139)\n\tat org.testng.internal.invokers.MethodInvocationHelper.invokeMethodConsideringTimeout(MethodInvocationHelper.java:69)\n\tat org.testng.internal.invokers.ConfigInvoker.invokeConfigurationMethod(ConfigInvoker.java:361)\n\tat org.testng.internal.invokers.ConfigInvoker.invokeConfigurations(ConfigInvoker.java:296)\n\tat org.testng.internal.invokers.TestInvoker.runConfigMethods(TestInvoker.java:816)\n\tat org.testng.internal.invokers.TestInvoker.invokeMethod(TestInvoker.java:590)\n\tat org.testng.internal.invokers.TestInvoker.invokeTestMethod(TestInvoker.java:221)\n\tat org.testng.internal.invokers.MethodRunner.runInSequence(MethodRunner.java:50)\n\tat org.testng.internal.invokers.TestInvoker$MethodInvocationAgent.invoke(TestInvoker.java:962)\n\tat org.testng.internal.invokers.TestInvoker.invokeTestMethods(TestInvoker.java:194)\n\tat org.testng.internal.invokers.TestMethodWorker.invokeTestMethods(TestMethodWorker.java:148)\n\tat org.testng.internal.invokers.TestMethodWorker.run(TestMethodWorker.java:128)\n\tat java.base/java.util.ArrayList.forEach(ArrayList.java:1511)\n\tat org.testng.TestRunner.privateRun(TestRunner.java:806)\n\tat org.testng.TestRunner.run(TestRunner.java:601)\n\tat org.testng.SuiteRunner.runTest(SuiteRunner.java:433)\n\tat org.testng.SuiteRunner.runSequentially(SuiteRunner.java:427)\n\tat org.testng.SuiteRunner.privateRun(SuiteRunner.java:387)\n\tat org.testng.SuiteRunner.run(SuiteRunner.java:330)\n\tat org.testng.SuiteRunnerWorker.runSuite(SuiteRunnerWorker.java:52)\n\tat org.testng.SuiteRunnerWorker.run(SuiteRunnerWorker.java:95)\n\tat org.testng.TestNG.runSuitesSequentially(TestNG.java:1256)\n\tat org.testng.TestNG.runSuitesLocally(TestNG.java:1176)\n\tat org.testng.TestNG.runSuites(TestNG.java:1099)\n\tat org.testng.TestNG.run(TestNG.java:1067)\n\tat org.apache.maven.surefire.testng.TestNGExecutor.run(TestNGExecutor.java:151)\n\tat org.apache.maven.surefire.testng.TestNGDirectoryTestSuite.executeSingleClass(TestNGDirectoryTestSuite.java:111)\n\tat org.apache.maven.surefire.testng.TestNGDirectoryTestSuite.execute(TestNGDirectoryTestSuite.java:98)\n\tat org.apache.maven.surefire.testng.TestNGProvider.invoke(TestNGProvider.java:155)\n\tat org.apache.maven.surefire.booter.ForkedBooter.runSuitesInProcess(ForkedBooter.java:456)\n\tat org.apache.maven.surefire.booter.ForkedBooter.execute(ForkedBooter.java:169)\n\tat org.apache.maven.surefire.booter.ForkedBooter.run(ForkedBooter.java:595)\n\tat org.apache.maven.surefire.booter.ForkedBooter.main(ForkedBooter.java:581)\nCaused by: org.openqa.selenium.SessionNotCreatedException: Could not start a new session. Possible causes are invalid address of the remote server or browser start-up failure.\n\tat org.openqa.selenium.remote.RemoteWebDriver.execute(RemoteWebDriver.java:587)\n\tat org.openqa.selenium.remote.RemoteWebDriver.startSession(RemoteWebDriver.java:264)\n\tat org.openqa.selenium.remote.RemoteWebDriver.<init>(RemoteWebDriver.java:179)\n\tat org.openqa.selenium.remote.RemoteWebDriver.<init>(RemoteWebDriver.java:161)\n\tat com.shaft.driver.DriverFactoryHelper.setValueToRemoteDriverInstance(DriverFactoryHelper.java:666)\n\tat com.shaft.driver.DriverFactoryHelper.createNewRemoteDriverInstance(DriverFactoryHelper.java:640)\n\t... 41 more\nCaused by: org.openqa.selenium.TimeoutException: java.util.concurrent.TimeoutException\nBuild info: version: '4.3.0', revision: 'a4995e2c09*'\nSystem info: host: 'fv-az198-845', ip: '10.1.0.50', os.name: 'Linux', os.arch: 'amd64', os.version: '5.13.0-1031-azure', java.version: '17.0.3'\nDriver info: driver.version: RemoteWebDriver\n\tat org.openqa.selenium.remote.http.netty.NettyHttpHandler.makeCall(NettyHttpHandler.java:65)\n\tat org.openqa.selenium.remote.http.AddSeleniumUserAgent.lambda$apply$0(AddSeleniumUserAgent.java:42)\n\tat org.openqa.selenium.remote.http.Filter.lambda$andFinally$1(Filter.java:56)\n\tat org.openqa.selenium.remote.http.netty.NettyHttpHandler.execute(NettyHttpHandler.java:49)\n\tat org.openqa.selenium.remote.http.AddSeleniumUserAgent.lambda$apply$0(AddSeleniumUserAgent.java:42)\n\tat org.openqa.selenium.remote.http.Filter.lambda$andFinally$1(Filter.java:56)\n\tat org.openqa.selenium.remote.http.netty.NettyClient.execute(NettyClient.java:98)\n\tat org.openqa.selenium.remote.tracing.TracedHttpClient.execute(TracedHttpClient.java:55)\n\tat org.openqa.selenium.remote.ProtocolHandshake.createSession(ProtocolHandshake.java:120)\n\tat org.openqa.selenium.remote.ProtocolHandshake.createSession(ProtocolHandshake.java:102)\n\tat org.openqa.selenium.remote.ProtocolHandshake.createSession(ProtocolHandshake.java:67)\n\tat org.openqa.selenium.remote.HttpCommandExecutor.execute(HttpCommandExecutor.java:156)\n\tat org.openqa.selenium.remote.TracedCommandExecutor.execute(TracedCommandExecutor.java:51)\n\tat org.openqa.selenium.remote.RemoteWebDriver.execute(RemoteWebDriver.java:569)\n\t... 46 more\nCaused by: java.util.concurrent.TimeoutException\n\tat java.base/java.util.concurrent.CompletableFuture.timedGet(CompletableFuture.java:1960)\n\tat java.base/java.util.concurrent.CompletableFuture.get(CompletableFuture.java:2095)\n\tat org.asynchttpclient.netty.NettyResponseFuture.get(NettyResponseFuture.java:206)\n\tat org.openqa.selenium.remote.http.netty.NettyHttpHandler.makeCall(NettyHttpHandler.java:59)\n\t... 59 more\n","steps":[{"name":"Attempting to run remotely on: \"Linux-64 | MozillaFirefox | http://localhost:4444/wd/hub\", Headless Execution.","time":{"start":1656873268777,"stop":1656873268777,"duration":0},"status":"passed","steps":[],"attachments":[],"parameters":[{"name":"logText","value":"Attempting to run remotely on: \"Linux-64 | MozillaFirefox | http://localhost:4444/wd/hub\", Headless Execution."}],"stepsCount":0,"attachmentsCount":0,"shouldDisplayMessage":false,"hasContent":true},{"name":"An Exception Occured with this Message: Could not start a new session. Possible causes are invalid address of the remote server or browser start-up failure..","time":{"start":1656873448797,"stop":1656873448798,"duration":1},"status":"passed","steps":[],"attachments":[{"uid":"798599e5f99b9158","name":"Exception Stack Trace - org.openqa.selenium.SessionNotCreatedException","source":"798599e5f99b9158.txt","type":"text/plain","size":13673}],"parameters":[{"name":"logText","value":"An Exception Occured with this Message: Could not start a new session. Possible causes are invalid address of the remote server or browser start-up failure.."},{"name":"attachments","value":"[[Exception Stack Trace, org.openqa.selenium.SessionNotCreatedException, org.openqa.selenium.SessionNotCreatedException:\nCould not start a new session. Possible causes are invalid address of the remote server or browser start-up failure.\norg.openqa.selenium.remote.RemoteWebDriver.execute(RemoteWebDriver.java:587)\norg.openqa.selenium.remote.RemoteWebDriver.startSession(RemoteWebDriver.java:264)\norg.openqa.selenium.remote.RemoteWebDriver.<init>(RemoteWebDriver.java:179)\norg.openqa.selenium.remote.RemoteWebDriver.<init>(RemoteWebDriver.java:161)\ncom.shaft.driver.DriverFactoryHelper.setValueToRemoteDriverInstance(DriverFactoryHelper.java:666)\ncom.shaft.driver.DriverFactoryHelper.createNewRemoteDriverInstance(DriverFactoryHelper.java:640)\ncom.shaft.driver.DriverFactoryHelper.getDriver(DriverFactoryHelper.java:823)\ncom.shaft.driver.DriverFactoryHelper.getDriver(DriverFactoryHelper.java:160)\ncom.shaft.driver.DriverFactory.getDriver(DriverFactory.java:44)\nGoogle_Test.setUp_FireFox(Google_Test.java:33)\njava.base/jdk.internal.reflect.NativeMethodAccessorImpl.invoke0(Native Method)\njava.base/jdk.internal.reflect.NativeMethodAccessorImpl.invoke(NativeMethodAccessorImpl.java:77)\njava.base/jdk.internal.reflect.DelegatingMethodAccessorImpl.invoke(DelegatingMethodAccessorImpl.java:43)\njava.base/java.lang.reflect.Method.invoke(Method.java:568)\norg.testng.internal.invokers.MethodInvocationHelper.invokeMethod(MethodInvocationHelper.java:139)\norg.testng.internal.invokers.MethodInvocationHelper.invokeMethodConsideringTimeout(MethodInvocationHelper.java:69)\norg.testng.internal.invokers.ConfigInvoker.invokeConfigurationMethod(ConfigInvoker.java:361)\norg.testng.internal.invokers.ConfigInvoker.invokeConfigurations(ConfigInvoker.java:296)\norg.testng.internal.invokers.TestInvoker.runConfigMethods(TestInvoker.java:816)\norg.testng.internal.invokers.TestInvoker.invokeMethod(TestInvoker.java:590)\norg.testng.internal.invokers.TestInvoker.invokeTestMethod(TestInvoker.java:221)\norg.testng.internal.invokers.MethodRunner.runInSequence(MethodRunner.java:50)\norg.testng.internal.invokers.TestInvoker$MethodInvocationAgent.invoke(TestInvoker.java:962)\norg.testng.internal.invokers.TestInvoker.invokeTestMethods(TestInvoker.java:194)\norg.testng.internal.invokers.TestMethodWorker.invokeTestMethods(TestMethodWorker.java:148)\norg.testng.internal.invokers.TestMethodWorker.run(TestMethodWorker.java:128)\njava.base/java.util.ArrayList.forEach(ArrayList.java:1511)\norg.testng.TestRunner.privateRun(TestRunner.java:806)\norg.testng.TestRunner.run(TestRunner.java:601)\norg.testng.SuiteRunner.runTest(SuiteRunner.java:433)\norg.testng.SuiteRunner.runSequentially(SuiteRunner.java:427)\norg.testng.SuiteRunner.privateRun(SuiteRunner.java:387)\norg.testng.SuiteRunner.run(SuiteRunner.java:330)\norg.testng.SuiteRunnerWorker.runSuite(SuiteRunnerWorker.java:52)\norg.testng.SuiteRunnerWorker.run(SuiteRunnerWorker.java:95)\norg.testng.TestNG.runSuitesSequentially(TestNG.java:1256)\norg.testng.TestNG.runSuitesLocally(TestNG.java:1176)\norg.testng.TestNG.runSuites(TestNG.java:1099)\norg.testng.TestNG.run(TestNG.java:1067)\norg.apache.maven.surefire.testng.TestNGExecutor.run(TestNGExecutor.java:151)\norg.apache.maven.surefire.testng.TestNGDirectoryTestSuite.executeSingleClass(TestNGDirectoryTestSuite.java:111)\norg.apache.maven.surefire.testng.TestNGDirectoryTestSuite.execute(TestNGDirectoryTestSuite.java:98)\norg.apache.maven.surefire.testng.TestNGProvider.invoke(TestNGProvider.java:155)\norg.apache.maven.surefire.booter.ForkedBooter.runSuitesInProcess(ForkedBooter.java:456)\norg.apache.maven.surefire.booter.ForkedBooter.execute(ForkedBooter.java:169)\norg.apache.maven.surefire.booter.ForkedBooter.run(ForkedBooter.java:595)\norg.apache.maven.surefire.booter.ForkedBooter.main(ForkedBooter.java:581)\n\nCaused by: org.openqa.selenium.TimeoutException:\njava.util.concurrent.TimeoutException\nBuild info: version: '4.3.0', revision: 'a4995e2c09*'\nSystem info: host: 'fv-az198-845', ip: '10.1.0.50', os.name: 'Linux', os.arch: 'amd64', os.version: '5.13.0-1031-azure', java.version: '17.0.3'\nDriver info: driver.version: RemoteWebDriver\norg.openqa.selenium.remote.http.netty.NettyHttpHandler.makeCall(NettyHttpHandler.java:65)\norg.openqa.selenium.remote.http.AddSeleniumUserAgent.lambda$apply$0(AddSeleniumUserAgent.java:42)\norg.openqa.selenium.remote.http.Filter.lambda$andFinally$1(Filter.java:56)\norg.openqa.selenium.remote.http.netty.NettyHttpHandler.execute(NettyHttpHandler.java:49)\norg.openqa.selenium.remote.http.AddSeleniumUserAgent.lambda$apply$0(AddSeleniumUserAgent.java:42)\norg.openqa.selenium.remote.http.Filter.lambda$andFinally$1(Filter.java:56)\norg.openqa.selenium.remote.http.netty.NettyClient.execute(NettyClient.java:98)\norg.openqa.selenium.remote.tracing.TracedHttpClient.execute(TracedHttpClient.java:55)\norg.openqa.selenium.remote.ProtocolHandshake.createSession(ProtocolHandshake.java:120)\norg.openqa.selenium.remote.ProtocolHandshake.createSession(ProtocolHandshake.java:102)\norg.openqa.selenium.remote.ProtocolHandshake.createSession(ProtocolHandshake.java:67)\norg.openqa.selenium.remote.HttpCommandExecutor.execute(HttpCommandExecutor.java:156)\norg.openqa.selenium.remote.TracedCommandExecutor.execute(TracedCommandExecutor.java:51)\norg.openqa.selenium.remote.RemoteWebDriver.execute(RemoteWebDriver.java:569)\norg.openqa.selenium.remote.RemoteWebDriver.startSession(RemoteWebDriver.java:264)\norg.openqa.selenium.remote.RemoteWebDriver.<init>(RemoteWebDriver.java:179)\norg.openqa.selenium.remote.RemoteWebDriver.<init>(RemoteWebDriver.java:161)\ncom.shaft.driver.DriverFactoryHelper.setValueToRemoteDriverInstance(DriverFactoryHelper.java:666)\ncom.shaft.driver.DriverFactoryHelper.createNewRemoteDriverInstance(DriverFactoryHelper.java:640)\ncom.shaft.driver.DriverFactoryHelper.getDriver(DriverFactoryHelper.java:823)\ncom.shaft.driver.DriverFactoryHelper.getDriver(DriverFactoryHelper.java:160)\ncom.shaft.driver.DriverFactory.getDriver(DriverFactory.java:44)\nGoogle_Test.setUp_FireFox(Google_Test.java:33)\njava.base/jdk.internal.reflect.NativeMethodAccessorImpl.invoke0(Native Method)\njava.base/jdk.internal.reflect.NativeMethodAccessorImpl.invoke(NativeMethodAccessorImpl.java:77)\njava.base/jdk.internal.reflect.DelegatingMethodAccessorImpl.invoke(DelegatingMethodAccessorImpl.java:43)\njava.base/java.lang.reflect.Method.invoke(Method.java:568)\norg.testng.internal.invokers.MethodInvocationHelper.invokeMethod(MethodInvocationHelper.java:139)\norg.testng.internal.invokers.MethodInvocationHelper.invokeMethodConsideringTimeout(MethodInvocationHelper.java:69)\norg.testng.internal.invokers.ConfigInvoker.invokeConfigurationMethod(ConfigInvoker.java:361)\norg.testng.internal.invokers.ConfigInvoker.invokeConfigurations(ConfigInvoker.java:296)\norg.testng.internal.invokers.TestInvoker.runConfigMethods(TestInvoker.java:816)\norg.testng.internal.invokers.TestInvoker.invokeMethod(TestInvoker.java:590)\norg.testng.internal.invokers.TestInvoker.invokeTestMethod(TestInvoker.java:221)\norg.testng.internal.invokers.MethodRunner.runInSequence(MethodRunner.java:50)\norg.testng.internal.invokers.TestInvoker$MethodInvocationAgent.invoke(TestInvoker.java:962)\norg.testng.internal.invokers.TestInvoker.invokeTestMethods(TestInvoker.java:194)\norg.testng.internal.invokers.TestMethodWorker.invokeTestMethods(TestMethodWorker.java:148)\norg.testng.internal.invokers.TestMethodWorker.run(TestMethodWorker.java:128)\njava.base/java.util.ArrayList.forEach(ArrayList.java:1511)\norg.testng.TestRunner.privateRun(TestRunner.java:806)\norg.testng.TestRunner.run(TestRunner.java:601)\norg.testng.SuiteRunner.runTest(SuiteRunner.java:433)\norg.testng.SuiteRunner.runSequentially(SuiteRunner.java:427)\norg.testng.SuiteRunner.privateRun(SuiteRunner.java:387)\norg.testng.SuiteRunner.run(SuiteRunner.java:330)\norg.testng.SuiteRunnerWorker.runSuite(SuiteRunnerWorker.java:52)\norg.testng.SuiteRunnerWorker.run(SuiteRunnerWorker.java:95)\norg.testng.TestNG.runSuitesSequentially(TestNG.java:1256)\norg.testng.TestNG.runSuitesLocally(TestNG.java:1176)\norg.testng.TestNG.runSuites(TestNG.java:1099)\norg.testng.TestNG.run(TestNG.java:1067)\norg.apache.maven.surefire.testng.TestNGExecutor.run(TestNGExecutor.java:151)\norg.apache.maven.surefire.testng.TestNGDirectoryTestSuite.executeSingleClass(TestNGDirectoryTestSuite.java:111)\norg.apache.maven.surefire.testng.TestNGDirectoryTestSuite.execute(TestNGDirectoryTestSuite.java:98)\norg.apache.maven.surefire.testng.TestNGProvider.invoke(TestNGProvider.java:155)\norg.apache.maven.surefire.booter.ForkedBooter.runSuitesInProcess(ForkedBooter.java:456)\norg.apache.maven.surefire.booter.ForkedBooter.execute(ForkedBooter.java:169)\norg.apache.maven.surefire.booter.ForkedBooter.run(ForkedBooter.java:595)\norg.apache.maven.surefire.booter.ForkedBooter.main(ForkedBooter.java:581)\n\nCaused by: java.util.concurrent.TimeoutException:\nnull\njava.base/java.util.concurrent.CompletableFuture.timedGet(CompletableFuture.java:1960)\njava.base/java.util.concurrent.CompletableFuture.get(CompletableFuture.java:2095)\norg.asynchttpclient.netty.NettyResponseFuture.get(NettyResponseFuture.java:206)\norg.openqa.selenium.remote.http.netty.NettyHttpHandler.makeCall(NettyHttpHandler.java:59)\norg.openqa.selenium.remote.http.AddSeleniumUserAgent.lambda$apply$0(AddSeleniumUserAgent.java:42)\norg.openqa.selenium.remote.http.Filter.lambda$andFinally$1(Filter.java:56)\norg.openqa.selenium.remote.http.netty.NettyHttpHandler.execute(NettyHttpHandler.java:49)\norg.openqa.selenium.remote.http.AddSeleniumUserAgent.lambda$apply$0(AddSeleniumUserAgent.java:42)\norg.openqa.selenium.remote.http.Filter.lambda$andFinally$1(Filter.java:56)\norg.openqa.selenium.remote.http.netty.NettyClient.execute(NettyClient.java:98)\norg.openqa.selenium.remote.tracing.TracedHttpClient.execute(TracedHttpClient.java:55)\norg.openqa.selenium.remote.ProtocolHandshake.createSession(ProtocolHandshake.java:120)\norg.openqa.selenium.remote.ProtocolHandshake.createSession(ProtocolHandshake.java:102)\norg.openqa.selenium.remote.ProtocolHandshake.createSession(ProtocolHandshake.java:67)\norg.openqa.selenium.remote.HttpCommandExecutor.execute(HttpCommandExecutor.java:156)\norg.openqa.selenium.remote.TracedCommandExecutor.execute(TracedCommandExecutor.java:51)\norg.openqa.selenium.remote.RemoteWebDriver.execute(RemoteWebDriver.java:569)\norg.openqa.selenium.remote.RemoteWebDriver.startSession(RemoteWebDriver.java:264)\norg.openqa.selenium.remote.RemoteWebDriver.<init>(RemoteWebDriver.java:179)\norg.openqa.selenium.remote.RemoteWebDriver.<init>(RemoteWebDriver.java:161)\ncom.shaft.driver.DriverFactoryHelper.setValueToRemoteDriverInstance(DriverFactoryHelper.java:666)\ncom.shaft.driver.DriverFactoryHelper.createNewRemoteDriverInstance(DriverFactoryHelper.java:640)\ncom.shaft.driver.DriverFactoryHelper.getDriver(DriverFactoryHelper.java:823)\ncom.shaft.driver.DriverFactoryHelper.getDriver(DriverFactoryHelper.java:160)\ncom.shaft.driver.DriverFactory.getDriver(DriverFactory.java:44)\nGoogle_Test.setUp_FireFox(Google_Test.java:33)\njava.base/jdk.internal.reflect.NativeMethodAccessorImpl.invoke0(Native Method)\njava.base/jdk.internal.reflect.NativeMethodAccessorImpl.invoke(NativeMethodAccessorImpl.java:77)\njava.base/jdk.internal.reflect.DelegatingMethodAccessorImpl.invoke(DelegatingMethodAccessorImpl.java:43)\njava.base/java.lang.reflect.Method.invoke(Method.java:568)\norg.testng.internal.invokers.MethodInvocationHelper.invokeMethod(MethodInvocationHelper.java:139)\norg.testng.internal.invokers.MethodInvocationHelper.invokeMethodConsideringTimeout(MethodInvocationHelper.java:69)\norg.testng.internal.invokers.ConfigInvoker.invokeConfigurationMethod(ConfigInvoker.java:361)\norg.testng.internal.invokers.ConfigInvoker.invokeConfigurations(ConfigInvoker.java:296)\norg.testng.internal.invokers.TestInvoker.runConfigMethods(TestInvoker.java:816)\norg.testng.internal.invokers.TestInvoker.invokeMethod(TestInvoker.java:590)\norg.testng.internal.invokers.TestInvoker.invokeTestMethod(TestInvoker.java:221)\norg.testng.internal.invokers.MethodRunner.runInSequence(MethodRunner.java:50)\norg.testng.internal.invokers.TestInvoker$MethodInvocationAgent.invoke(TestInvoker.java:962)\norg.testng.internal.invokers.TestInvoker.invokeTestMethods(TestInvoker.java:194)\norg.testng.internal.invokers.TestMethodWorker.invokeTestMethods(TestMethodWorker.java:148)\norg.testng.internal.invokers.TestMethodWorker.run(TestMethodWorker.java:128)\njava.base/java.util.ArrayList.forEach(ArrayList.java:1511)\norg.testng.TestRunner.privateRun(TestRunner.java:806)\norg.testng.TestRunner.run(TestRunner.java:601)\norg.testng.SuiteRunner.runTest(SuiteRunner.java:433)\norg.testng.SuiteRunner.runSequentially(SuiteRunner.java:427)\norg.testng.SuiteRunner.privateRun(SuiteRunner.java:387)\norg.testng.SuiteRunner.run(SuiteRunner.java:330)\norg.testng.SuiteRunnerWorker.runSuite(SuiteRunnerWorker.java:52)\norg.testng.SuiteRunnerWorker.run(SuiteRunnerWorker.java:95)\norg.testng.TestNG.runSuitesSequentially(TestNG.java:1256)\norg.testng.TestNG.runSuitesLocally(TestNG.java:1176)\norg.testng.TestNG.runSuites(TestNG.java:1099)\norg.testng.TestNG.run(TestNG.java:1067)\norg.apache.maven.surefire.testng.TestNGExecutor.run(TestNGExecutor.java:151)\norg.apache.maven.surefire.testng.TestNGDirectoryTestSuite.executeSingleClass(TestNGDirectoryTestSuite.java:111)\norg.apache.maven.surefire.testng.TestNGDirectoryTestSuite.execute(TestNGDirectoryTestSuite.java:98)\norg.apache.maven.surefire.testng.TestNGProvider.invoke(TestNGProvider.java:155)\norg.apache.maven.surefire.booter.ForkedBooter.runSuitesInProcess(ForkedBooter.java:456)\norg.apache.maven.surefire.booter.ForkedBooter.execute(ForkedBooter.java:169)\norg.apache.maven.surefire.booter.ForkedBooter.run(ForkedBooter.java:595)\norg.apache.maven.surefire.booter.ForkedBooter.main(ForkedBooter.java:581)\n]]"}],"stepsCount":0,"attachmentsCount":1,"shouldDisplayMessage":false,"hasContent":true},{"name":"Failed to run remotely on: \"Linux-64\", \"MozillaFirefox\", \"http://localhost:4444/wd/hub\".","time":{"start":1656873448798,"stop":1656873448798,"duration":0},"status":"passed","steps":[],"attachments":[],"parameters":[{"name":"logText","value":"Failed to run remotely on: \"Linux-64\", \"MozillaFirefox\", \"http://localhost:4444/wd/hub\"."}],"stepsCount":0,"attachmentsCount":0,"shouldDisplayMessage":false,"hasContent":true},{"name":"An Exception Occured with this Message: Could not start a new session. Possible causes are invalid address of the remote server or browser start-up failure..","time":{"start":1656873448799,"stop":1656873448799,"duration":0},"status":"passed","steps":[],"attachments":[{"uid":"f4b6f61538436baa","name":"Exception Stack Trace - org.openqa.selenium.SessionNotCreatedException","source":"f4b6f61538436baa.txt","type":"text/plain","size":13673}],"parameters":[{"name":"logText","value":"An Exception Occured with this Message: Could not start a new session. Possible causes are invalid address of the remote server or browser start-up failure.."},{"name":"attachments","value":"[[Exception Stack Trace, org.openqa.selenium.SessionNotCreatedException, org.openqa.selenium.SessionNotCreatedException:\nCould not start a new session. Possible causes are invalid address of the remote server or browser start-up failure.\norg.openqa.selenium.remote.RemoteWebDriver.execute(RemoteWebDriver.java:587)\norg.openqa.selenium.remote.RemoteWebDriver.startSession(RemoteWebDriver.java:264)\norg.openqa.selenium.remote.RemoteWebDriver.<init>(RemoteWebDriver.java:179)\norg.openqa.selenium.remote.RemoteWebDriver.<init>(RemoteWebDriver.java:161)\ncom.shaft.driver.DriverFactoryHelper.setValueToRemoteDriverInstance(DriverFactoryHelper.java:666)\ncom.shaft.driver.DriverFactoryHelper.createNewRemoteDriverInstance(DriverFactoryHelper.java:640)\ncom.shaft.driver.DriverFactoryHelper.getDriver(DriverFactoryHelper.java:823)\ncom.shaft.driver.DriverFactoryHelper.getDriver(DriverFactoryHelper.java:160)\ncom.shaft.driver.DriverFactory.getDriver(DriverFactory.java:44)\nGoogle_Test.setUp_FireFox(Google_Test.java:33)\njava.base/jdk.internal.reflect.NativeMethodAccessorImpl.invoke0(Native Method)\njava.base/jdk.internal.reflect.NativeMethodAccessorImpl.invoke(NativeMethodAccessorImpl.java:77)\njava.base/jdk.internal.reflect.DelegatingMethodAccessorImpl.invoke(DelegatingMethodAccessorImpl.java:43)\njava.base/java.lang.reflect.Method.invoke(Method.java:568)\norg.testng.internal.invokers.MethodInvocationHelper.invokeMethod(MethodInvocationHelper.java:139)\norg.testng.internal.invokers.MethodInvocationHelper.invokeMethodConsideringTimeout(MethodInvocationHelper.java:69)\norg.testng.internal.invokers.ConfigInvoker.invokeConfigurationMethod(ConfigInvoker.java:361)\norg.testng.internal.invokers.ConfigInvoker.invokeConfigurations(ConfigInvoker.java:296)\norg.testng.internal.invokers.TestInvoker.runConfigMethods(TestInvoker.java:816)\norg.testng.internal.invokers.TestInvoker.invokeMethod(TestInvoker.java:590)\norg.testng.internal.invokers.TestInvoker.invokeTestMethod(TestInvoker.java:221)\norg.testng.internal.invokers.MethodRunner.runInSequence(MethodRunner.java:50)\norg.testng.internal.invokers.TestInvoker$MethodInvocationAgent.invoke(TestInvoker.java:962)\norg.testng.internal.invokers.TestInvoker.invokeTestMethods(TestInvoker.java:194)\norg.testng.internal.invokers.TestMethodWorker.invokeTestMethods(TestMethodWorker.java:148)\norg.testng.internal.invokers.TestMethodWorker.run(TestMethodWorker.java:128)\njava.base/java.util.ArrayList.forEach(ArrayList.java:1511)\norg.testng.TestRunner.privateRun(TestRunner.java:806)\norg.testng.TestRunner.run(TestRunner.java:601)\norg.testng.SuiteRunner.runTest(SuiteRunner.java:433)\norg.testng.SuiteRunner.runSequentially(SuiteRunner.java:427)\norg.testng.SuiteRunner.privateRun(SuiteRunner.java:387)\norg.testng.SuiteRunner.run(SuiteRunner.java:330)\norg.testng.SuiteRunnerWorker.runSuite(SuiteRunnerWorker.java:52)\norg.testng.SuiteRunnerWorker.run(SuiteRunnerWorker.java:95)\norg.testng.TestNG.runSuitesSequentially(TestNG.java:1256)\norg.testng.TestNG.runSuitesLocally(TestNG.java:1176)\norg.testng.TestNG.runSuites(TestNG.java:1099)\norg.testng.TestNG.run(TestNG.java:1067)\norg.apache.maven.surefire.testng.TestNGExecutor.run(TestNGExecutor.java:151)\norg.apache.maven.surefire.testng.TestNGDirectoryTestSuite.executeSingleClass(TestNGDirectoryTestSuite.java:111)\norg.apache.maven.surefire.testng.TestNGDirectoryTestSuite.execute(TestNGDirectoryTestSuite.java:98)\norg.apache.maven.surefire.testng.TestNGProvider.invoke(TestNGProvider.java:155)\norg.apache.maven.surefire.booter.ForkedBooter.runSuitesInProcess(ForkedBooter.java:456)\norg.apache.maven.surefire.booter.ForkedBooter.execute(ForkedBooter.java:169)\norg.apache.maven.surefire.booter.ForkedBooter.run(ForkedBooter.java:595)\norg.apache.maven.surefire.booter.ForkedBooter.main(ForkedBooter.java:581)\n\nCaused by: org.openqa.selenium.TimeoutException:\njava.util.concurrent.TimeoutException\nBuild info: version: '4.3.0', revision: 'a4995e2c09*'\nSystem info: host: 'fv-az198-845', ip: '10.1.0.50', os.name: 'Linux', os.arch: 'amd64', os.version: '5.13.0-1031-azure', java.version: '17.0.3'\nDriver info: driver.version: RemoteWebDriver\norg.openqa.selenium.remote.http.netty.NettyHttpHandler.makeCall(NettyHttpHandler.java:65)\norg.openqa.selenium.remote.http.AddSeleniumUserAgent.lambda$apply$0(AddSeleniumUserAgent.java:42)\norg.openqa.selenium.remote.http.Filter.lambda$andFinally$1(Filter.java:56)\norg.openqa.selenium.remote.http.netty.NettyHttpHandler.execute(NettyHttpHandler.java:49)\norg.openqa.selenium.remote.http.AddSeleniumUserAgent.lambda$apply$0(AddSeleniumUserAgent.java:42)\norg.openqa.selenium.remote.http.Filter.lambda$andFinally$1(Filter.java:56)\norg.openqa.selenium.remote.http.netty.NettyClient.execute(NettyClient.java:98)\norg.openqa.selenium.remote.tracing.TracedHttpClient.execute(TracedHttpClient.java:55)\norg.openqa.selenium.remote.ProtocolHandshake.createSession(ProtocolHandshake.java:120)\norg.openqa.selenium.remote.ProtocolHandshake.createSession(ProtocolHandshake.java:102)\norg.openqa.selenium.remote.ProtocolHandshake.createSession(ProtocolHandshake.java:67)\norg.openqa.selenium.remote.HttpCommandExecutor.execute(HttpCommandExecutor.java:156)\norg.openqa.selenium.remote.TracedCommandExecutor.execute(TracedCommandExecutor.java:51)\norg.openqa.selenium.remote.RemoteWebDriver.execute(RemoteWebDriver.java:569)\norg.openqa.selenium.remote.RemoteWebDriver.startSession(RemoteWebDriver.java:264)\norg.openqa.selenium.remote.RemoteWebDriver.<init>(RemoteWebDriver.java:179)\norg.openqa.selenium.remote.RemoteWebDriver.<init>(RemoteWebDriver.java:161)\ncom.shaft.driver.DriverFactoryHelper.setValueToRemoteDriverInstance(DriverFactoryHelper.java:666)\ncom.shaft.driver.DriverFactoryHelper.createNewRemoteDriverInstance(DriverFactoryHelper.java:640)\ncom.shaft.driver.DriverFactoryHelper.getDriver(DriverFactoryHelper.java:823)\ncom.shaft.driver.DriverFactoryHelper.getDriver(DriverFactoryHelper.java:160)\ncom.shaft.driver.DriverFactory.getDriver(DriverFactory.java:44)\nGoogle_Test.setUp_FireFox(Google_Test.java:33)\njava.base/jdk.internal.reflect.NativeMethodAccessorImpl.invoke0(Native Method)\njava.base/jdk.internal.reflect.NativeMethodAccessorImpl.invoke(NativeMethodAccessorImpl.java:77)\njava.base/jdk.internal.reflect.DelegatingMethodAccessorImpl.invoke(DelegatingMethodAccessorImpl.java:43)\njava.base/java.lang.reflect.Method.invoke(Method.java:568)\norg.testng.internal.invokers.MethodInvocationHelper.invokeMethod(MethodInvocationHelper.java:139)\norg.testng.internal.invokers.MethodInvocationHelper.invokeMethodConsideringTimeout(MethodInvocationHelper.java:69)\norg.testng.internal.invokers.ConfigInvoker.invokeConfigurationMethod(ConfigInvoker.java:361)\norg.testng.internal.invokers.ConfigInvoker.invokeConfigurations(ConfigInvoker.java:296)\norg.testng.internal.invokers.TestInvoker.runConfigMethods(TestInvoker.java:816)\norg.testng.internal.invokers.TestInvoker.invokeMethod(TestInvoker.java:590)\norg.testng.internal.invokers.TestInvoker.invokeTestMethod(TestInvoker.java:221)\norg.testng.internal.invokers.MethodRunner.runInSequence(MethodRunner.java:50)\norg.testng.internal.invokers.TestInvoker$MethodInvocationAgent.invoke(TestInvoker.java:962)\norg.testng.internal.invokers.TestInvoker.invokeTestMethods(TestInvoker.java:194)\norg.testng.internal.invokers.TestMethodWorker.invokeTestMethods(TestMethodWorker.java:148)\norg.testng.internal.invokers.TestMethodWorker.run(TestMethodWorker.java:128)\njava.base/java.util.ArrayList.forEach(ArrayList.java:1511)\norg.testng.TestRunner.privateRun(TestRunner.java:806)\norg.testng.TestRunner.run(TestRunner.java:601)\norg.testng.SuiteRunner.runTest(SuiteRunner.java:433)\norg.testng.SuiteRunner.runSequentially(SuiteRunner.java:427)\norg.testng.SuiteRunner.privateRun(SuiteRunner.java:387)\norg.testng.SuiteRunner.run(SuiteRunner.java:330)\norg.testng.SuiteRunnerWorker.runSuite(SuiteRunnerWorker.java:52)\norg.testng.SuiteRunnerWorker.run(SuiteRunnerWorker.java:95)\norg.testng.TestNG.runSuitesSequentially(TestNG.java:1256)\norg.testng.TestNG.runSuitesLocally(TestNG.java:1176)\norg.testng.TestNG.runSuites(TestNG.java:1099)\norg.testng.TestNG.run(TestNG.java:1067)\norg.apache.maven.surefire.testng.TestNGExecutor.run(TestNGExecutor.java:151)\norg.apache.maven.surefire.testng.TestNGDirectoryTestSuite.executeSingleClass(TestNGDirectoryTestSuite.java:111)\norg.apache.maven.surefire.testng.TestNGDirectoryTestSuite.execute(TestNGDirectoryTestSuite.java:98)\norg.apache.maven.surefire.testng.TestNGProvider.invoke(TestNGProvider.java:155)\norg.apache.maven.surefire.booter.ForkedBooter.runSuitesInProcess(ForkedBooter.java:456)\norg.apache.maven.surefire.booter.ForkedBooter.execute(ForkedBooter.java:169)\norg.apache.maven.surefire.booter.ForkedBooter.run(ForkedBooter.java:595)\norg.apache.maven.surefire.booter.ForkedBooter.main(ForkedBooter.java:581)\n\nCaused by: java.util.concurrent.TimeoutException:\nnull\njava.base/java.util.concurrent.CompletableFuture.timedGet(CompletableFuture.java:1960)\njava.base/java.util.concurrent.CompletableFuture.get(CompletableFuture.java:2095)\norg.asynchttpclient.netty.NettyResponseFuture.get(NettyResponseFuture.java:206)\norg.openqa.selenium.remote.http.netty.NettyHttpHandler.makeCall(NettyHttpHandler.java:59)\norg.openqa.selenium.remote.http.AddSeleniumUserAgent.lambda$apply$0(AddSeleniumUserAgent.java:42)\norg.openqa.selenium.remote.http.Filter.lambda$andFinally$1(Filter.java:56)\norg.openqa.selenium.remote.http.netty.NettyHttpHandler.execute(NettyHttpHandler.java:49)\norg.openqa.selenium.remote.http.AddSeleniumUserAgent.lambda$apply$0(AddSeleniumUserAgent.java:42)\norg.openqa.selenium.remote.http.Filter.lambda$andFinally$1(Filter.java:56)\norg.openqa.selenium.remote.http.netty.NettyClient.execute(NettyClient.java:98)\norg.openqa.selenium.remote.tracing.TracedHttpClient.execute(TracedHttpClient.java:55)\norg.openqa.selenium.remote.ProtocolHandshake.createSession(ProtocolHandshake.java:120)\norg.openqa.selenium.remote.ProtocolHandshake.createSession(ProtocolHandshake.java:102)\norg.openqa.selenium.remote.ProtocolHandshake.createSession(ProtocolHandshake.java:67)\norg.openqa.selenium.remote.HttpCommandExecutor.execute(HttpCommandExecutor.java:156)\norg.openqa.selenium.remote.TracedCommandExecutor.execute(TracedCommandExecutor.java:51)\norg.openqa.selenium.remote.RemoteWebDriver.execute(RemoteWebDriver.java:569)\norg.openqa.selenium.remote.RemoteWebDriver.startSession(RemoteWebDriver.java:264)\norg.openqa.selenium.remote.RemoteWebDriver.<init>(RemoteWebDriver.java:179)\norg.openqa.selenium.remote.RemoteWebDriver.<init>(RemoteWebDriver.java:161)\ncom.shaft.driver.DriverFactoryHelper.setValueToRemoteDriverInstance(DriverFactoryHelper.java:666)\ncom.shaft.driver.DriverFactoryHelper.createNewRemoteDriverInstance(DriverFactoryHelper.java:640)\ncom.shaft.driver.DriverFactoryHelper.getDriver(DriverFactoryHelper.java:823)\ncom.shaft.driver.DriverFactoryHelper.getDriver(DriverFactoryHelper.java:160)\ncom.shaft.driver.DriverFactory.getDriver(DriverFactory.java:44)\nGoogle_Test.setUp_FireFox(Google_Test.java:33)\njava.base/jdk.internal.reflect.NativeMethodAccessorImpl.invoke0(Native Method)\njava.base/jdk.internal.reflect.NativeMethodAccessorImpl.invoke(NativeMethodAccessorImpl.java:77)\njava.base/jdk.internal.reflect.DelegatingMethodAccessorImpl.invoke(DelegatingMethodAccessorImpl.java:43)\njava.base/java.lang.reflect.Method.invoke(Method.java:568)\norg.testng.internal.invokers.MethodInvocationHelper.invokeMethod(MethodInvocationHelper.java:139)\norg.testng.internal.invokers.MethodInvocationHelper.invokeMethodConsideringTimeout(MethodInvocationHelper.java:69)\norg.testng.internal.invokers.ConfigInvoker.invokeConfigurationMethod(ConfigInvoker.java:361)\norg.testng.internal.invokers.ConfigInvoker.invokeConfigurations(ConfigInvoker.java:296)\norg.testng.internal.invokers.TestInvoker.runConfigMethods(TestInvoker.java:816)\norg.testng.internal.invokers.TestInvoker.invokeMethod(TestInvoker.java:590)\norg.testng.internal.invokers.TestInvoker.invokeTestMethod(TestInvoker.java:221)\norg.testng.internal.invokers.MethodRunner.runInSequence(MethodRunner.java:50)\norg.testng.internal.invokers.TestInvoker$MethodInvocationAgent.invoke(TestInvoker.java:962)\norg.testng.internal.invokers.TestInvoker.invokeTestMethods(TestInvoker.java:194)\norg.testng.internal.invokers.TestMethodWorker.invokeTestMethods(TestMethodWorker.java:148)\norg.testng.internal.invokers.TestMethodWorker.run(TestMethodWorker.java:128)\njava.base/java.util.ArrayList.forEach(ArrayList.java:1511)\norg.testng.TestRunner.privateRun(TestRunner.java:806)\norg.testng.TestRunner.run(TestRunner.java:601)\norg.testng.SuiteRunner.runTest(SuiteRunner.java:433)\norg.testng.SuiteRunner.runSequentially(SuiteRunner.java:427)\norg.testng.SuiteRunner.privateRun(SuiteRunner.java:387)\norg.testng.SuiteRunner.run(SuiteRunner.java:330)\norg.testng.SuiteRunnerWorker.runSuite(SuiteRunnerWorker.java:52)\norg.testng.SuiteRunnerWorker.run(SuiteRunnerWorker.java:95)\norg.testng.TestNG.runSuitesSequentially(TestNG.java:1256)\norg.testng.TestNG.runSuitesLocally(TestNG.java:1176)\norg.testng.TestNG.runSuites(TestNG.java:1099)\norg.testng.TestNG.run(TestNG.java:1067)\norg.apache.maven.surefire.testng.TestNGExecutor.run(TestNGExecutor.java:151)\norg.apache.maven.surefire.testng.TestNGDirectoryTestSuite.executeSingleClass(TestNGDirectoryTestSuite.java:111)\norg.apache.maven.surefire.testng.TestNGDirectoryTestSuite.execute(TestNGDirectoryTestSuite.java:98)\norg.apache.maven.surefire.testng.TestNGProvider.invoke(TestNGProvider.java:155)\norg.apache.maven.surefire.booter.ForkedBooter.runSuitesInProcess(ForkedBooter.java:456)\norg.apache.maven.surefire.booter.ForkedBooter.execute(ForkedBooter.java:169)\norg.apache.maven.surefire.booter.ForkedBooter.run(ForkedBooter.java:595)\norg.apache.maven.surefire.booter.ForkedBooter.main(ForkedBooter.java:581)\n]]"}],"stepsCount":0,"attachmentsCount":1,"shouldDisplayMessage":false,"hasContent":true}],"attachments":[],"parameters":[],"stepsCount":4,"attachmentsCount":2,"shouldDisplayMessage":true,"hasContent":true}],"testStage":{"description":"- Open Mozilla Firefox\n- Navigate to [https://www.google.com/]\n- Search for [TestNG]\n- Assert that the text of the fourth result is [TestNG Tutorial]\n- Close Mozilla Firefox\n","status":"skipped","statusMessage":"Driver Factory Action \"createNewRemoteDriverInstance\" failed. With the following test data \"Unhandled Error.\".","statusTrace":"java.lang.AssertionError: Driver Factory Action \"createNewRemoteDriverInstance\" failed. With the following test data \"Unhandled Error.\".\n\tat org.testng.Assert.fail(Assert.java:98)\n\tat com.shaft.driver.DriverFactoryHelper.failAction(DriverFactoryHelper.java:305)\n\tat com.shaft.driver.DriverFactoryHelper.createNewRemoteDriverInstance(DriverFactoryHelper.java:654)\n\tat com.shaft.driver.DriverFactoryHelper.getDriver(DriverFactoryHelper.java:823)\n\tat com.shaft.driver.DriverFactoryHelper.getDriver(DriverFactoryHelper.java:160)\n\tat com.shaft.driver.DriverFactory.getDriver(DriverFactory.java:44)\n\tat Google_Test.setUp_FireFox(Google_Test.java:33)\n\tat java.base/jdk.internal.reflect.NativeMethodAccessorImpl.invoke0(Native Method)\n\tat java.base/jdk.internal.reflect.NativeMethodAccessorImpl.invoke(NativeMethodAccessorImpl.java:77)\n\tat java.base/jdk.internal.reflect.DelegatingMethodAccessorImpl.invoke(DelegatingMethodAccessorImpl.java:43)\n\tat java.base/java.lang.reflect.Method.invoke(Method.java:568)\n\tat org.testng.internal.invokers.MethodInvocationHelper.invokeMethod(MethodInvocationHelper.java:139)\n\tat org.testng.internal.invokers.MethodInvocationHelper.invokeMethodConsideringTimeout(MethodInvocationHelper.java:69)\n\tat org.testng.internal.invokers.ConfigInvoker.invokeConfigurationMethod(ConfigInvoker.java:361)\n\tat org.testng.internal.invokers.ConfigInvoker.invokeConfigurations(ConfigInvoker.java:296)\n\tat org.testng.internal.invokers.TestInvoker.runConfigMethods(TestInvoker.java:816)\n\tat org.testng.internal.invokers.TestInvoker.invokeMethod(TestInvoker.java:590)\n\tat org.testng.internal.invokers.TestInvoker.invokeTestMethod(TestInvoker.java:221)\n\tat org.testng.internal.invokers.MethodRunner.runInSequence(MethodRunner.java:50)\n\tat org.testng.internal.invokers.TestInvoker$MethodInvocationAgent.invoke(TestInvoker.java:962)\n\tat org.testng.internal.invokers.TestInvoker.invokeTestMethods(TestInvoker.java:194)\n\tat org.testng.internal.invokers.TestMethodWorker.invokeTestMethods(TestMethodWorker.java:148)\n\tat org.testng.internal.invokers.TestMethodWorker.run(TestMethodWorker.java:128)\n\tat java.base/java.util.ArrayList.forEach(ArrayList.java:1511)\n\tat org.testng.TestRunner.privateRun(TestRunner.java:806)\n\tat org.testng.TestRunner.run(TestRunner.java:601)\n\tat org.testng.SuiteRunner.runTest(SuiteRunner.java:433)\n\tat org.testng.SuiteRunner.runSequentially(SuiteRunner.java:427)\n\tat org.testng.SuiteRunner.privateRun(SuiteRunner.java:387)\n\tat org.testng.SuiteRunner.run(SuiteRunner.java:330)\n\tat org.testng.SuiteRunnerWorker.runSuite(SuiteRunnerWorker.java:52)\n\tat org.testng.SuiteRunnerWorker.run(SuiteRunnerWorker.java:95)\n\tat org.testng.TestNG.runSuitesSequentially(TestNG.java:1256)\n\tat org.testng.TestNG.runSuitesLocally(TestNG.java:1176)\n\tat org.testng.TestNG.runSuites(TestNG.java:1099)\n\tat org.testng.TestNG.run(TestNG.java:1067)\n\tat org.apache.maven.surefire.testng.TestNGExecutor.run(TestNGExecutor.java:151)\n\tat org.apache.maven.surefire.testng.TestNGDirectoryTestSuite.executeSingleClass(TestNGDirectoryTestSuite.java:111)\n\tat org.apache.maven.surefire.testng.TestNGDirectoryTestSuite.execute(TestNGDirectoryTestSuite.java:98)\n\tat org.apache.maven.surefire.testng.TestNGProvider.invoke(TestNGProvider.java:155)\n\tat org.apache.maven.surefire.booter.ForkedBooter.runSuitesInProcess(ForkedBooter.java:456)\n\tat org.apache.maven.surefire.booter.ForkedBooter.execute(ForkedBooter.java:169)\n\tat org.apache.maven.surefire.booter.ForkedBooter.run(ForkedBooter.java:595)\n\tat org.apache.maven.surefire.booter.ForkedBooter.main(ForkedBooter.java:581)\nCaused by: org.openqa.selenium.SessionNotCreatedException: Could not start a new session. Possible causes are invalid address of the remote server or browser start-up failure.\n\tat org.openqa.selenium.remote.RemoteWebDriver.execute(RemoteWebDriver.java:587)\n\tat org.openqa.selenium.remote.RemoteWebDriver.startSession(RemoteWebDriver.java:264)\n\tat org.openqa.selenium.remote.RemoteWebDriver.<init>(RemoteWebDriver.java:179)\n\tat org.openqa.selenium.remote.RemoteWebDriver.<init>(RemoteWebDriver.java:161)\n\tat com.shaft.driver.DriverFactoryHelper.setValueToRemoteDriverInstance(DriverFactoryHelper.java:666)\n\tat com.shaft.driver.DriverFactoryHelper.createNewRemoteDriverInstance(DriverFactoryHelper.java:640)\n\t... 41 more\nCaused by: org.openqa.selenium.TimeoutException: java.util.concurrent.TimeoutException\nBuild info: version: '4.3.0', revision: 'a4995e2c09*'\nSystem info: host: 'fv-az198-845', ip: '10.1.0.50', os.name: 'Linux', os.arch: 'amd64', os.version: '5.13.0-1031-azure', java.version: '17.0.3'\nDriver info: driver.version: RemoteWebDriver\n\tat org.openqa.selenium.remote.http.netty.NettyHttpHandler.makeCall(NettyHttpHandler.java:65)\n\tat org.openqa.selenium.remote.http.AddSeleniumUserAgent.lambda$apply$0(AddSeleniumUserAgent.java:42)\n\tat org.openqa.selenium.remote.http.Filter.lambda$andFinally$1(Filter.java:56)\n\tat org.openqa.selenium.remote.http.netty.NettyHttpHandler.execute(NettyHttpHandler.java:49)\n\tat org.openqa.selenium.remote.http.AddSeleniumUserAgent.lambda$apply$0(AddSeleniumUserAgent.java:42)\n\tat org.openqa.selenium.remote.http.Filter.lambda$andFinally$1(Filter.java:56)\n\tat org.openqa.selenium.remote.http.netty.NettyClient.execute(NettyClient.java:98)\n\tat org.openqa.selenium.remote.tracing.TracedHttpClient.execute(TracedHttpClient.java:55)\n\tat org.openqa.selenium.remote.ProtocolHandshake.createSession(ProtocolHandshake.java:120)\n\tat org.openqa.selenium.remote.ProtocolHandshake.createSession(ProtocolHandshake.java:102)\n\tat org.openqa.selenium.remote.ProtocolHandshake.createSession(ProtocolHandshake.java:67)\n\tat org.openqa.selenium.remote.HttpCommandExecutor.execute(HttpCommandExecutor.java:156)\n\tat org.openqa.selenium.remote.TracedCommandExecutor.execute(TracedCommandExecutor.java:51)\n\tat org.openqa.selenium.remote.RemoteWebDriver.execute(RemoteWebDriver.java:569)\n\t... 46 more\nCaused by: java.util.concurrent.TimeoutException\n\tat java.base/java.util.concurrent.CompletableFuture.timedGet(CompletableFuture.java:1960)\n\tat java.base/java.util.concurrent.CompletableFuture.get(CompletableFuture.java:2095)\n\tat org.asynchttpclient.netty.NettyResponseFuture.get(NettyResponseFuture.java:206)\n\tat org.openqa.selenium.remote.http.netty.NettyHttpHandler.makeCall(NettyHttpHandler.java:59)\n\t... 59 more\n","steps":[],"attachments":[{"uid":"908417e6365eb259","name":"SHAFT Engine Logs - Current Method log: searchForFourthResult","source":"908417e6365eb259.txt","type":"text/plain","size":404}],"parameters":[],"stepsCount":0,"attachmentsCount":1,"shouldDisplayMessage":true,"hasContent":true},"afterStages":[{"name":"tearDown","time":{"start":1656873448812,"stop":1656873448812,"duration":0},"description":"","status":"broken","steps":[],"attachments":[],"parameters":[],"stepsCount":0,"attachmentsCount":0,"shouldDisplayMessage":false,"hasContent":false},{"name":"teardownActivities","time":{"start":1656873448826,"stop":1656873449207,"duration":381},"description":"","status":"passed","steps":[{"name":"Successfully Closed All Drivers.","time":{"start":1656873448826,"stop":1656873448826,"duration":0},"status":"passed","steps":[],"attachments":[],"parameters":[{"name":"logText","value":"Successfully Closed All Drivers."}],"stepsCount":0,"attachmentsCount":0,"shouldDisplayMessage":false,"hasContent":true},{"name":"Issue Summary: Total Issues = 1, New issues for Failed Tests = 1, Open issues for Passed Tests = 0, Open issues for Failed Tests = 0. Kindly check the attached Issue details.","time":{"start":1656873448829,"stop":1656873448830,"duration":1},"status":"passed","steps":[],"attachments":[{"uid":"4eebc8865b9239f0","name":"SHAFT Engine Logs - Issues log CSV: 20220703-183728","source":"4eebc8865b9239f0.csv","type":"text/csv","size":111}],"parameters":[{"name":"logText","value":"Issue Summary: Total Issues = 1, New issues for Failed Tests = 1, Open issues for Passed Tests = 0, Open issues for Failed Tests = 0. Kindly check the attached Issue details."},{"name":"attachments","value":"[[SHAFT Engine Logs, Issues log CSV: 20220703-183728, java.io.ByteArrayInputStream@1540b926]]"}],"stepsCount":0,"attachmentsCount":1,"shouldDisplayMessage":false,"hasContent":true}],"attachments":[{"uid":"38e021b7e6321576","name":"SHAFT Engine Logs - Execution log: 20220703-183728","source":"38e021b7e6321576.txt","type":"text/plain","size":14898},{"uid":"8b220646057fe3b6","name":"HTML - Extent Emailable Execution Report","source":"8b220646057fe3b6.html","type":"text/html","size":832798}],"parameters":[],"stepsCount":2,"attachmentsCount":3,"shouldDisplayMessage":false,"hasContent":true}],"labels":[{"name":"package","value":"Google_Test"},{"name":"testClass","value":"Google_Test"},{"name":"testMethod","value":"searchForFourthResult"},{"name":"parentSuite","value":"Suite"},{"name":"suite","value":"Test"},{"name":"subSuite","value":"Google_Test"},{"name":"host","value":"fv-az198-845"},{"name":"thread","value":"3343@fv-az198-845.main(1)"},{"name":"framework","value":"testng"},{"name":"language","value":"java"},{"name":"severity","value":"critical"},{"name":"resultFormat","value":"allure2"}],"parameters":[],"links":[{"name":"Tc_004","url":"https:///Tc_004","type":"tms"},{"name":"https://www.google.com/ncr","url":"https://www.google.com/ncr","type":"custom"}],"hidden":false,"retry":false,"extra":{"severity":"critical","retries":[],"categories":[],"history":{"statistic":{"failed":0,"broken":0,"skipped":36,"passed":0,"unknown":0,"total":36},"items":[{"uid":"ff1ca534c4c240f9","reportUrl":"https://ismail-elshafeiy.github.io/TestAutomation_Tasks_using_SHAFT_ENGINE/allure/35//#testresult/ff1ca534c4c240f9","status":"skipped","statusDetails":"Driver Factory Action \"createNewRemoteDriverInstance\" failed. With the following test data \"Unhandled Error.\".","time":{"start":1656852790108,"stop":1656852790110,"duration":2}},{"uid":"6784cb4712365f30","reportUrl":"https://ismail-elshafeiy.github.io/TestAutomation_Tasks_using_SHAFT_ENGINE/allure/34//#testresult/6784cb4712365f30","status":"skipped","statusDetails":"Driver Factory Action \"createNewRemoteDriverInstance\" failed. With the following test data \"Unhandled Error.\".","time":{"start":1656830389489,"stop":1656830389490,"duration":1}},{"uid":"2a07c8f6cf2f4fdc","reportUrl":"https://ismail-elshafeiy.github.io/TestAutomation_Tasks_using_SHAFT_ENGINE/allure/33//#testresult/2a07c8f6cf2f4fdc","status":"skipped","statusDetails":"Driver Factory Action \"createNewRemoteDriverInstance\" failed. With the following test data \"Unhandled Error.\".","time":{"start":1656816096290,"stop":1656816096292,"duration":2}},{"uid":"c3b953334b3bd223","reportUrl":"https://ismail-elshafeiy.github.io/TestAutomation_Tasks_using_SHAFT_ENGINE/allure/32//#testresult/c3b953334b3bd223","status":"skipped","statusDetails":"Driver Factory Action \"createNewRemoteDriverInstance\" failed. With the following test data \"Unhandled Error.\".","time":{"start":1656790767724,"stop":1656790767726,"duration":2}},{"uid":"f85b747cec34eeae","reportUrl":"https://ismail-elshafeiy.github.io/TestAutomation_Tasks_using_SHAFT_ENGINE/allure/31//#testresult/f85b747cec34eeae","status":"skipped","statusDetails":"Driver Factory Action \"createNewRemoteDriverInstance\" failed. With the following test data \"Unhandled Error.\".","time":{"start":1656787107752,"stop":1656787107753,"duration":1}},{"uid":"184c378f4f3ecdb3","reportUrl":"https://ismail-elshafeiy.github.io/TestAutomation_Tasks_using_SHAFT_ENGINE/allure/30//#testresult/184c378f4f3ecdb3","status":"skipped","statusDetails":"Driver Factory Action \"createNewRemoteDriverInstance\" failed. With the following test data \"Unhandled Error.\".","time":{"start":1656782546463,"stop":1656782546465,"duration":2}},{"uid":"980c2ec04a452fde","reportUrl":"https://ismail-elshafeiy.github.io/TestAutomation_Tasks_using_SHAFT_ENGINE/allure/29//#testresult/980c2ec04a452fde","status":"skipped","statusDetails":"Driver Factory Action \"createNewRemoteDriverInstance\" failed. With the following test data \"Unhandled Error.\".","time":{"start":1656766407167,"stop":1656766407172,"duration":5}},{"uid":"37417256cc19cffb","reportUrl":"https://ismail-elshafeiy.github.io/TestAutomation_Tasks_using_SHAFT_ENGINE/allure/28//#testresult/37417256cc19cffb","status":"skipped","statusDetails":"Driver Factory Action \"createNewRemoteDriverInstance\" failed. With the following test data \"Unhandled Error.\".","time":{"start":1656743954288,"stop":1656743954297,"duration":9}},{"uid":"5cc5b5831a8f94e2","reportUrl":"https://ismail-elshafeiy.github.io/TestAutomation_Tasks_using_SHAFT_ENGINE/allure/27//#testresult/5cc5b5831a8f94e2","status":"skipped","statusDetails":"Driver Factory Action \"createNewRemoteDriverInstance\" failed. With the following test data \"Unhandled Error.\".","time":{"start":1656729557797,"stop":1656729557801,"duration":4}},{"uid":"cda2572fd81a97d1","reportUrl":"https://ismail-elshafeiy.github.io/TestAutomation_Tasks_using_SHAFT_ENGINE/allure/26//#testresult/cda2572fd81a97d1","status":"skipped","statusDetails":"Driver Factory Action \"createNewRemoteDriverInstance\" failed. With the following test data \"Unhandled Error.\".","time":{"start":1656700916410,"stop":1656700916415,"duration":5}},{"uid":"7963762fb0a543aa","reportUrl":"https://ismail-elshafeiy.github.io/TestAutomation_Tasks_using_SHAFT_ENGINE/allure/25//#testresult/7963762fb0a543aa","status":"skipped","statusDetails":"Driver Factory Action \"createNewRemoteDriverInstance\" failed. With the following test data \"Unhandled Error.\".","time":{"start":1656680691273,"stop":1656680691280,"duration":7}},{"uid":"f08a903d0c5cfdf5","reportUrl":"https://ismail-elshafeiy.github.io/TestAutomation_Tasks_using_SHAFT_ENGINE/allure/24//#testresult/f08a903d0c5cfdf5","status":"skipped","statusDetails":"Driver Factory Action \"createNewRemoteDriverInstance\" failed. With the following test data \"Unhandled Error.\".","time":{"start":1656657769167,"stop":1656657769171,"duration":4}},{"uid":"fc9580c22a579298","reportUrl":"https://ismail-elshafeiy.github.io/TestAutomation_Tasks_using_SHAFT_ENGINE/allure/23//#testresult/fc9580c22a579298","status":"skipped","statusDetails":"Driver Factory Action \"createNewRemoteDriverInstance\" failed. With the following test data \"Unhandled Error.\".","time":{"start":1656643991017,"stop":1656643991033,"duration":16}},{"uid":"55bc6d2e1166cc16","reportUrl":"https://ismail-elshafeiy.github.io/TestAutomation_Tasks_using_SHAFT_ENGINE/allure/22//#testresult/55bc6d2e1166cc16","status":"skipped","statusDetails":"Driver Factory Action \"createNewRemoteDriverInstance\" failed. With the following test data \"Unhandled Error.\".","time":{"start":1656614786532,"stop":1656614786537,"duration":5}},{"uid":"d20676e9ea3df12","reportUrl":"https://ismail-elshafeiy.github.io/TestAutomation_Tasks_using_SHAFT_ENGINE/allure/21//#testresult/d20676e9ea3df12","status":"skipped","statusDetails":"Driver Factory Action \"createNewRemoteDriverInstance\" failed. With the following test data \"Unhandled Error.\".","time":{"start":1656594255557,"stop":1656594255561,"duration":4}},{"uid":"ad1aa9245709459b","reportUrl":"https://ismail-elshafeiy.github.io/TestAutomation_Tasks_using_SHAFT_ENGINE/allure/20//#testresult/ad1aa9245709459b","status":"skipped","statusDetails":"Driver Factory Action \"createNewRemoteDriverInstance\" failed. With the following test data \"Unhandled Error.\".","time":{"start":1656571541854,"stop":1656571541859,"duration":5}},{"uid":"b0ff3d1b3087c39a","reportUrl":"https://ismail-elshafeiy.github.io/TestAutomation_Tasks_using_SHAFT_ENGINE/allure/19//#testresult/b0ff3d1b3087c39a","status":"skipped","statusDetails":"Driver Factory Action \"createNewRemoteDriverInstance\" failed. With the following test data \"Unhandled Error.\".","time":{"start":1656556759460,"stop":1656556759465,"duration":5}},{"uid":"bd36ed5abb5a44b1","reportUrl":"https://ismail-elshafeiy.github.io/TestAutomation_Tasks_using_SHAFT_ENGINE/allure/18//#testresult/bd36ed5abb5a44b1","status":"skipped","statusDetails":"Driver Factory Action \"createNewRemoteDriverInstance\" failed. With the following test data \"Unhandled Error.\".","time":{"start":1656528416376,"stop":1656528416380,"duration":4}},{"uid":"f74fd26487bacaf3","reportUrl":"https://ismail-elshafeiy.github.io/TestAutomation_Tasks_using_SHAFT_ENGINE/allure/17//#testresult/f74fd26487bacaf3","status":"skipped","statusDetails":"Driver Factory Action \"createNewRemoteDriverInstance\" failed. With the following test data \"Unhandled Error.\".","time":{"start":1656507914674,"stop":1656507914682,"duration":8}},{"uid":"d6bb1c04e83b1d3f","reportUrl":"https://ismail-elshafeiy.github.io/TestAutomation_Tasks_using_SHAFT_ENGINE/allure/16//#testresult/d6bb1c04e83b1d3f","status":"skipped","statusDetails":"Driver Factory Action \"createNewRemoteDriverInstance\" failed. With the following test data \"Unhandled Error.\".","time":{"start":1656484944346,"stop":1656484944350,"duration":4}}]},"tags":[]},"source":"2ae4da2dc12483e0.json","parameterValues":[]}